
Showing logs for build [32mdevopscamp2019-lunchup-backend-97kd8-1[0m stage [32mfrom-build-pack[0m and container [32mstep-credential-initializer-wf6p4[0m
{"level":"warn","ts":1572957195.8184183,"logger":"fallback-logger","caller":"logging/config.go:69","msg":"Fetch GitHub commit ID from kodata failed: \"ref: refs/heads/master\" is not a valid GitHub commit ID"}
{"level":"info","ts":1572957195.819122,"logger":"fallback-logger","caller":"creds-init/main.go:40","msg":"Credentials initialized."}

Showing logs for build [32mdevopscamp2019-lunchup-backend-97kd8-1[0m stage [32mfrom-build-pack[0m and container [32mstep-working-dir-initializer-5h842[0m
{"level":"warn","ts":1572957196.9504988,"logger":"fallback-logger","caller":"logging/config.go:69","msg":"Fetch GitHub commit ID from kodata failed: open /var/run/ko/HEAD: no such file or directory"}
{"level":"info","ts":1572957196.9521074,"logger":"fallback-logger","caller":"bash/main.go:65","msg":"Successfully executed command \"mkdir -p /workspace/source\""}

Showing logs for build [32mdevopscamp2019-lunchup-backend-97kd8-1[0m stage [32mfrom-build-pack[0m and container [32mstep-place-tools[0m

Showing logs for build [32mdevopscamp2019-lunchup-backend-97kd8-1[0m stage [32mfrom-build-pack[0m and container [32mstep-git-source-devopscamp2019-lunchup-backend-d5svd[0m
{"level":"warn","ts":1572957202.7844963,"logger":"fallback-logger","caller":"logging/config.go:69","msg":"Fetch GitHub commit ID from kodata failed: \"ref: refs/heads/master\" is not a valid GitHub commit ID"}
{"level":"info","ts":1572957204.2991283,"logger":"fallback-logger","caller":"git/git.go:102","msg":"Successfully cloned https://github.com/DevOpsCamp2019/LunchUp-Backend.git @ master in path /workspace/source"}

Showing logs for build [32mdevopscamp2019-lunchup-backend-97kd8-1[0m stage [32mfrom-build-pack[0m and container [32mstep-git-merge[0m
Using SHAs from PULL_REFS=master:644517874190c10bbf35732cfc671efe74447b35,2:7f24541484a5880e8e11c7182ac035d7e42bd1fd
DEBUG: ran git fetch --unshallow origin 7f24541484a5880e8e11c7182ac035d7e42bd1fd: 644517874190c10bbf35732cfc671efe74447b35: in 
DEBUG: ran git checkout master in 
DEBUG: ran git reset --hard 644517874190c10bbf35732cfc671efe74447b35 in 
DEBUG: ran clean --force -d . in 
DEBUG: ran git merge 7f24541484a5880e8e11c7182ac035d7e42bd1fd in 
Merged SHA 2500210cb5991d1ce558b0d6556b7cdbe9cd4daa with commit message 'Merge commit '7f24541484a5880e8e11c7182ac035d7e42bd1fd'' into base branch master
Merged SHA 7f24541484a5880e8e11c7182ac035d7e42bd1fd with commit message 'add postrgres to requirements.yml' into base branch master

Showing logs for build [32mdevopscamp2019-lunchup-backend-97kd8-1[0m stage [32mfrom-build-pack[0m and container [32mstep-build-container-build[0m
[36mINFO[0m[0000] Downloading base image mcr.microsoft.com/dotnet/core/aspnet:3.0-buster-slim 
ERROR: logging before flag.Parse: E1105 12:33:31.312832      11 metadata.go:142] while reading 'google-dockercfg' metadata: http status code: 404 while fetching url http://metadata.google.internal./computeMetadata/v1/instance/attributes/google-dockercfg
ERROR: logging before flag.Parse: E1105 12:33:31.318154      11 metadata.go:159] while reading 'google-dockercfg-url' metadata: http status code: 404 while fetching url http://metadata.google.internal./computeMetadata/v1/instance/attributes/google-dockercfg-url
2019/11/05 12:33:31 No matching credentials were found, falling back on anonymous
[36mINFO[0m[0001] Error while retrieving image from cache: getting file info: stat /workspace/sha256:803b70d9de2c57a168af4cc7d44e77a9c0591b49ce2af73d50c344aa22048eda: no such file or directory 
[36mINFO[0m[0001] Downloading base image mcr.microsoft.com/dotnet/core/aspnet:3.0-buster-slim 
2019/11/05 12:33:32 No matching credentials were found, falling back on anonymous
[36mINFO[0m[0003] cmd: EXPOSE                                  
[36mINFO[0m[0003] Adding exposed port: 80/tcp                  
[36mINFO[0m[0003] cmd: EXPOSE                                  
[36mINFO[0m[0003] Adding exposed port: 443/tcp                 
[36mINFO[0m[0003] Skipping unpacking as no commands require it. 
[36mINFO[0m[0003] Taking snapshot of full filesystem...        
[36mINFO[0m[0003] WORKDIR /app                                 
[36mINFO[0m[0003] cmd: workdir                                 
[36mINFO[0m[0003] Changed working directory to /app            
[36mINFO[0m[0003] Creating directory /app                      
[36mINFO[0m[0003] Taking snapshot of files...                  
[36mINFO[0m[0003] EXPOSE 80                                    
[36mINFO[0m[0003] cmd: EXPOSE                                  
[36mINFO[0m[0003] Adding exposed port: 80/tcp                  
[36mINFO[0m[0003] No files changed in this command, skipping snapshotting. 
[36mINFO[0m[0003] EXPOSE 443                                   
[36mINFO[0m[0003] cmd: EXPOSE                                  
[36mINFO[0m[0003] Adding exposed port: 443/tcp                 
[36mINFO[0m[0003] No files changed in this command, skipping snapshotting. 
[36mINFO[0m[0003] Storing source image from stage 0 at path /kaniko/stages/0 
[36mINFO[0m[0026] Deleting filesystem...                       
[36mINFO[0m[0026] Downloading base image mcr.microsoft.com/dotnet/core/sdk:3.0-buster 
2019/11/05 12:33:57 No matching credentials were found, falling back on anonymous
[36mINFO[0m[0027] Error while retrieving image from cache: getting file info: stat /workspace/sha256:65c0187e27b42bc45ea5ef98226c7ef37d1b706e10031ddce377bf6da3dcd9aa: no such file or directory 
[36mINFO[0m[0027] Downloading base image mcr.microsoft.com/dotnet/core/sdk:3.0-buster 
2019/11/05 12:33:58 No matching credentials were found, falling back on anonymous
[36mINFO[0m[0027] Using files from context: [/workspace/source/src/LunchUp.Backend] 
[36mINFO[0m[0027] Checking for cached layer gcr.io/deliverymachine/cache:45d8515f78363d1e29f047f936b8fe8c5372d015faa45585fcc7087b3a44b1dd... 
[36mINFO[0m[0028] Using caching version of cmd: RUN dotnet restore "LunchUp.Backend/LunchUp.Backend.sln" 
[36mINFO[0m[0028] Using files from context: [/workspace/source] 
[36mINFO[0m[0028] Checking for cached layer gcr.io/deliverymachine/cache:15b50f6358df27e8e499d334d01560a7f8218246741155527862cf95a7a1fce5... 
[36mINFO[0m[0029] No cached layer found for cmd RUN dotnet build "LunchUp.WebHost/LunchUp.WebHost.csproj" -c Release -o /app/build 
[36mINFO[0m[0029] Unpacking rootfs as cmd RUN dotnet build "LunchUp.WebHost/LunchUp.WebHost.csproj" -c Release -o /app/build requires it. 
[36mINFO[0m[0060] Taking snapshot of full filesystem...        
[36mINFO[0m[0069] WORKDIR /src                                 
[36mINFO[0m[0069] cmd: workdir                                 
[36mINFO[0m[0069] Changed working directory to /src            
[36mINFO[0m[0069] Creating directory /src                      
[36mINFO[0m[0069] Taking snapshot of files...                  
[36mINFO[0m[0069] Using files from context: [/workspace/source/src/LunchUp.Backend] 
[36mINFO[0m[0069] COPY ["src/LunchUp.Backend/", "LunchUp.Backend/"] 
[36mINFO[0m[0069] Taking snapshot of files...                  
[36mINFO[0m[0069] RUN dotnet restore "LunchUp.Backend/LunchUp.Backend.sln" 
[36mINFO[0m[0069] Found cached layer, extracting to filesystem 
[36mINFO[0m[0079] Taking snapshot of files...                  
error building image: error building stage: Unable to add file /tmp/clr-debug-pipe-63-285027-out to layered map: Error creating hash for /tmp/clr-debug-pipe-63-285027-out: lstat /tmp/clr-debug-pipe-63-285027-out: no such file or directory
[31m
Pipeline failed on stage 'from-build-pack' : container 'step-build-container-build'. The execution of the pipeline has stopped.[0m
