
Showing logs for build [32mdevopscamp2019-lunchup-backend-8ht4h-12[0m stage [32mfrom-build-pack[0m and container [32mstep-credential-initializer-c9b2n[0m
{"level":"warn","ts":1572973263.7122762,"logger":"fallback-logger","caller":"logging/config.go:69","msg":"Fetch GitHub commit ID from kodata failed: \"ref: refs/heads/master\" is not a valid GitHub commit ID"}
{"level":"info","ts":1572973263.7131755,"logger":"fallback-logger","caller":"creds-init/main.go:40","msg":"Credentials initialized."}

Showing logs for build [32mdevopscamp2019-lunchup-backend-8ht4h-12[0m stage [32mfrom-build-pack[0m and container [32mstep-working-dir-initializer-7rsjn[0m
{"level":"warn","ts":1572973265.1970837,"logger":"fallback-logger","caller":"logging/config.go:69","msg":"Fetch GitHub commit ID from kodata failed: open /var/run/ko/HEAD: no such file or directory"}
{"level":"info","ts":1572973265.198611,"logger":"fallback-logger","caller":"bash/main.go:65","msg":"Successfully executed command \"mkdir -p /workspace/source\""}

Showing logs for build [32mdevopscamp2019-lunchup-backend-8ht4h-12[0m stage [32mfrom-build-pack[0m and container [32mstep-place-tools[0m

Showing logs for build [32mdevopscamp2019-lunchup-backend-8ht4h-12[0m stage [32mfrom-build-pack[0m and container [32mstep-git-source-devopscamp2019-lunchup-backend-txwj5[0m
{"level":"warn","ts":1572973271.2622213,"logger":"fallback-logger","caller":"logging/config.go:69","msg":"Fetch GitHub commit ID from kodata failed: \"ref: refs/heads/master\" is not a valid GitHub commit ID"}
{"level":"info","ts":1572973272.7794678,"logger":"fallback-logger","caller":"git/git.go:102","msg":"Successfully cloned https://github.com/DevOpsCamp2019/LunchUp-Backend.git @ master in path /workspace/source"}

Showing logs for build [32mdevopscamp2019-lunchup-backend-8ht4h-12[0m stage [32mfrom-build-pack[0m and container [32mstep-git-merge[0m
Using SHAs from PULL_REFS=master:ebb9c7c9d1ff019ee673fa15a534a77532977b8d,2:3f4dea1cacaa4260166b0321d8667c1c878db989
DEBUG: ran git fetch --unshallow origin 3f4dea1cacaa4260166b0321d8667c1c878db989: ebb9c7c9d1ff019ee673fa15a534a77532977b8d: in 
DEBUG: ran git checkout master in 
DEBUG: ran git reset --hard ebb9c7c9d1ff019ee673fa15a534a77532977b8d in 
DEBUG: ran clean --force -d . in 
DEBUG: ran git merge 3f4dea1cacaa4260166b0321d8667c1c878db989 in 
Merged SHA 8849ecb9ef5511cb1ced2df211455e5dcb6b4ce9 with commit message 'Merge commit '3f4dea1cacaa4260166b0321d8667c1c878db989'' into base branch master
Merged SHA 3f4dea1cacaa4260166b0321d8667c1c878db989 with commit message 'add dummy notes to readme' into base branch master
Merged SHA cbaa5bbffe2014cba094d3873289783dbd1047eb with commit message 'replace env separator : with __' into base branch master
Merged SHA 061fe59d054a8275496166d39ff95e399697ddd2 with commit message 'put port in quotes' into base branch master
Merged SHA 8297e7c3f7a8b77a0b3bba60239585ef7c5ae48a with commit message 'Merge remote-tracking branch 'origin/master' into feature/postgres_charts' into base branch master
Merged SHA a88e52ef756dbecd610df6cec16c15d9bf9b01a9 with commit message 'add env variables to deployment.yaml' into base branch master
Merged SHA 5bd1bc578b64bc8425e4607ba4c96759881a3725 with commit message 'change userid to bitnami id' into base branch master
Merged SHA bd95a7d2a7b585aeeb82b391b012ca3f5de61fa3 with commit message 'add postgres security context' into base branch master
Merged SHA 72c8eb739f97c548c4f2af3824f1dff73b929cec with commit message 'add postgres username and password' into base branch master
Merged SHA c579c78ad163cd0eb6978470e94abf332db14479 with commit message 'Add version to preview chart.yaml' into base branch master
Merged SHA c5c65d63bb4d8fdd1bc0ba412bed42d4bfd565b1 with commit message 'add potential workaround for mysterious file not found issue' into base branch master
Merged SHA 0b77589002f82cc6dbf9e015c0b19d4f6aee2a2f with commit message 'add alias and move postgres above preview dependency' into base branch master
Merged SHA 7f24541484a5880e8e11c7182ac035d7e42bd1fd with commit message 'add postrgres to requirements.yml' into base branch master

Showing logs for build [32mdevopscamp2019-lunchup-backend-8ht4h-12[0m stage [32mfrom-build-pack[0m and container [32mstep-build-container-build[0m
[36mINFO[0m[0000] Downloading base image mcr.microsoft.com/dotnet/core/aspnet:3.0-buster-slim 
ERROR: logging before flag.Parse: E1105 17:01:16.736821      11 metadata.go:142] while reading 'google-dockercfg' metadata: http status code: 404 while fetching url http://metadata.google.internal./computeMetadata/v1/instance/attributes/google-dockercfg
ERROR: logging before flag.Parse: E1105 17:01:16.741798      11 metadata.go:159] while reading 'google-dockercfg-url' metadata: http status code: 404 while fetching url http://metadata.google.internal./computeMetadata/v1/instance/attributes/google-dockercfg-url
2019/11/05 17:01:16 No matching credentials were found, falling back on anonymous
[36mINFO[0m[0000] Error while retrieving image from cache: getting file info: stat /workspace/sha256:803b70d9de2c57a168af4cc7d44e77a9c0591b49ce2af73d50c344aa22048eda: no such file or directory 
[36mINFO[0m[0000] Downloading base image mcr.microsoft.com/dotnet/core/aspnet:3.0-buster-slim 
2019/11/05 17:01:17 No matching credentials were found, falling back on anonymous
[36mINFO[0m[0002] cmd: EXPOSE                                  
[36mINFO[0m[0002] Adding exposed port: 80/tcp                  
[36mINFO[0m[0002] cmd: EXPOSE                                  
[36mINFO[0m[0002] Adding exposed port: 443/tcp                 
[36mINFO[0m[0002] Skipping unpacking as no commands require it. 
[36mINFO[0m[0002] Taking snapshot of full filesystem...        
[36mINFO[0m[0002] ENV COMPlus_EnableDiagnostics=0              
[36mINFO[0m[0002] No files changed in this command, skipping snapshotting. 
[36mINFO[0m[0002] WORKDIR /app                                 
[36mINFO[0m[0002] cmd: workdir                                 
[36mINFO[0m[0002] Changed working directory to /app            
[36mINFO[0m[0002] Creating directory /app                      
[36mINFO[0m[0002] Taking snapshot of files...                  
[36mINFO[0m[0002] EXPOSE 80                                    
[36mINFO[0m[0002] cmd: EXPOSE                                  
[36mINFO[0m[0002] Adding exposed port: 80/tcp                  
[36mINFO[0m[0002] No files changed in this command, skipping snapshotting. 
[36mINFO[0m[0002] EXPOSE 443                                   
[36mINFO[0m[0002] cmd: EXPOSE                                  
[36mINFO[0m[0002] Adding exposed port: 443/tcp                 
[36mINFO[0m[0002] No files changed in this command, skipping snapshotting. 
[36mINFO[0m[0002] Storing source image from stage 0 at path /kaniko/stages/0 
[36mINFO[0m[0026] Deleting filesystem...                       
[36mINFO[0m[0026] Downloading base image mcr.microsoft.com/dotnet/core/sdk:3.0-buster 
2019/11/05 17:01:42 No matching credentials were found, falling back on anonymous
[36mINFO[0m[0026] Error while retrieving image from cache: getting file info: stat /workspace/sha256:65c0187e27b42bc45ea5ef98226c7ef37d1b706e10031ddce377bf6da3dcd9aa: no such file or directory 
[36mINFO[0m[0026] Downloading base image mcr.microsoft.com/dotnet/core/sdk:3.0-buster 
2019/11/05 17:01:43 No matching credentials were found, falling back on anonymous
[36mINFO[0m[0027] Using files from context: [/workspace/source/src/LunchUp.Backend] 
[36mINFO[0m[0027] Checking for cached layer gcr.io/deliverymachine/cache:e31f67de9fae5adf1d7b0358954c4a2964bdd47189ad093a6add3acad6a37f52... 
[36mINFO[0m[0028] No cached layer found for cmd RUN dotnet restore "LunchUp.Backend/LunchUp.Backend.sln" 
[36mINFO[0m[0028] Unpacking rootfs as cmd RUN dotnet restore "LunchUp.Backend/LunchUp.Backend.sln" requires it. 
[36mINFO[0m[0068] Taking snapshot of full filesystem...        
[36mINFO[0m[0076] ENV COMPlus_EnableDiagnostics=0              
[36mINFO[0m[0076] No files changed in this command, skipping snapshotting. 
[36mINFO[0m[0076] WORKDIR /src                                 
[36mINFO[0m[0076] cmd: workdir                                 
[36mINFO[0m[0076] Changed working directory to /src            
[36mINFO[0m[0076] Creating directory /src                      
[36mINFO[0m[0076] Taking snapshot of files...                  
[36mINFO[0m[0076] Using files from context: [/workspace/source/src/LunchUp.Backend] 
[36mINFO[0m[0076] COPY ["src/LunchUp.Backend/", "LunchUp.Backend/"] 
[36mINFO[0m[0076] Taking snapshot of files...                  
[36mINFO[0m[0076] RUN dotnet restore "LunchUp.Backend/LunchUp.Backend.sln" 
[36mINFO[0m[0076] cmd: /bin/sh                                 
[36mINFO[0m[0076] args: [-c dotnet restore "LunchUp.Backend/LunchUp.Backend.sln"] 
  Restore completed in 5.36 sec for /src/LunchUp.Backend/LunchUp.Core/LunchUp.Core.csproj.
  Restore completed in 5.36 sec for /src/LunchUp.Backend/LunchUp.Model/LunchUp.Model.csproj.
  Restore completed in 7.93 sec for /src/LunchUp.Backend/LunchUp.WebHost/LunchUp.WebHost.csproj.
[36mINFO[0m[0092] Taking snapshot of full filesystem...        
[36mINFO[0m[0097] ignoring socket dotnet-diagnostic-59-451475-socket, not adding to tar 
[36mINFO[0m[0108] Using files from context: [/workspace/source] 
[36mINFO[0m[0108] Pushing layer gcr.io/deliverymachine/cache:e31f67de9fae5adf1d7b0358954c4a2964bdd47189ad093a6add3acad6a37f52 to cache now 
[36mINFO[0m[0108] COPY . .                                     
[36mINFO[0m[0108] Taking snapshot of files...                  
[36mINFO[0m[0108] WORKDIR "/src/LunchUp.Backend"               
[36mINFO[0m[0108] cmd: workdir                                 
[36mINFO[0m[0108] Changed working directory to /src/LunchUp.Backend 
[36mINFO[0m[0108] No files changed in this command, skipping snapshotting. 
[36mINFO[0m[0108] RUN dotnet build "LunchUp.WebHost/LunchUp.WebHost.csproj" -c Release -o /app/build 
[36mINFO[0m[0108] cmd: /bin/sh                                 
[36mINFO[0m[0108] args: [-c dotnet build "LunchUp.WebHost/LunchUp.WebHost.csproj" -c Release -o /app/build] 
Microsoft (R) Build Engine version 16.3.0+0f4c62fea for .NET Core
Copyright (C) Microsoft Corporation. All rights reserved.

  Restore completed in 61.03 ms for /src/LunchUp.Backend/LunchUp.Model/LunchUp.Model.csproj.
  Restore completed in 55.98 ms for /src/LunchUp.Backend/LunchUp.Core/LunchUp.Core.csproj.
  Restore completed in 4.45 ms for /src/LunchUp.Backend/LunchUp.WebHost/LunchUp.WebHost.csproj.
2019/11/05 17:03:09 pushed blob: sha256:672e9aee6b6745107f301785be4fec1d4a5a043ab272ab9dba6d6f68dd8162ba
  LunchUp.Model -> /app/build/LunchUp.Model.dll
  LunchUp.Core -> /app/build/LunchUp.Core.dll
DatabaseSettings.cs(4,18): warning CS1591: Missing XML comment for publicly visible type or member 'DatabaseSettings' [/src/LunchUp.Backend/LunchUp.WebHost/LunchUp.WebHost.csproj]
DatabaseSettings.cs(6,23): warning CS1591: Missing XML comment for publicly visible type or member 'DatabaseSettings.Database' [/src/LunchUp.Backend/LunchUp.WebHost/LunchUp.WebHost.csproj]
DatabaseSettings.cs(7,23): warning CS1591: Missing XML comment for publicly visible type or member 'DatabaseSettings.Host' [/src/LunchUp.Backend/LunchUp.WebHost/LunchUp.WebHost.csproj]
DatabaseSettings.cs(8,20): warning CS1591: Missing XML comment for publicly visible type or member 'DatabaseSettings.Port' [/src/LunchUp.Backend/LunchUp.WebHost/LunchUp.WebHost.csproj]
DatabaseSettings.cs(9,23): warning CS1591: Missing XML comment for publicly visible type or member 'DatabaseSettings.Username' [/src/LunchUp.Backend/LunchUp.WebHost/LunchUp.WebHost.csproj]
DatabaseSettings.cs(10,23): warning CS1591: Missing XML comment for publicly visible type or member 'DatabaseSettings.Password' [/src/LunchUp.Backend/LunchUp.WebHost/LunchUp.WebHost.csproj]
  LunchUp.WebHost -> /app/build/LunchUp.WebHost.dll

Build succeeded.

DatabaseSettings.cs(4,18): warning CS1591: Missing XML comment for publicly visible type or member 'DatabaseSettings' [/src/LunchUp.Backend/LunchUp.WebHost/LunchUp.WebHost.csproj]
DatabaseSettings.cs(6,23): warning CS1591: Missing XML comment for publicly visible type or member 'DatabaseSettings.Database' [/src/LunchUp.Backend/LunchUp.WebHost/LunchUp.WebHost.csproj]
DatabaseSettings.cs(7,23): warning CS1591: Missing XML comment for publicly visible type or member 'DatabaseSettings.Host' [/src/LunchUp.Backend/LunchUp.WebHost/LunchUp.WebHost.csproj]
DatabaseSettings.cs(8,20): warning CS1591: Missing XML comment for publicly visible type or member 'DatabaseSettings.Port' [/src/LunchUp.Backend/LunchUp.WebHost/LunchUp.WebHost.csproj]
DatabaseSettings.cs(9,23): warning CS1591: Missing XML comment for publicly visible type or member 'DatabaseSettings.Username' [/src/LunchUp.Backend/LunchUp.WebHost/LunchUp.WebHost.csproj]
DatabaseSettings.cs(10,23): warning CS1591: Missing XML comment for publicly visible type or member 'DatabaseSettings.Password' [/src/LunchUp.Backend/LunchUp.WebHost/LunchUp.WebHost.csproj]
    6 Warning(s)
    0 Error(s)

Time Elapsed 00:00:10.81
[36mINFO[0m[0120] Taking snapshot of full filesystem...        
[36mINFO[0m[0129] ignoring socket dotnet-diagnostic-127-454713-socket, not adding to tar 
[36mINFO[0m[0129] ignoring socket g+DM1dBf3hsd22AO8JuBabg4ChjyflqwMaiOYpIurSs, not adding to tar 
[36mINFO[0m[0129] ignoring socket dotnet-diagnostic-158-455066-socket, not adding to tar 
[36mINFO[0m[0130] Pushing layer gcr.io/deliverymachine/cache:4c97e43672b171324943412bf809e3bc662bc78e8acba40aca3f4162a85a13ac to cache now 
2019/11/05 17:03:29 pushed blob: sha256:aa61367ed3238871824b7b5fafa1c1b0b3de02c65ab5dbe9d6429ca6758c3845
2019/11/05 17:03:30 gcr.io/deliverymachine/cache:e31f67de9fae5adf1d7b0358954c4a2964bdd47189ad093a6add3acad6a37f52: digest: sha256:7cca618980e6bdc3cc294662acf4b12ee70d2b170847e6c3f51f52ff8b6c6197 size: 430
2019/11/05 17:03:31 pushed blob: sha256:86ee81b1c23d083d5932a976cea4a6ceb4e51792f1dd21ecdc70b77101c963ea
2019/11/05 17:03:33 pushed blob: sha256:1a54ddfd89cee016e8043a74711ef06452261057d34bdc73b7918306f54bd797
2019/11/05 17:03:34 gcr.io/deliverymachine/cache:4c97e43672b171324943412bf809e3bc662bc78e8acba40aca3f4162a85a13ac: digest: sha256:8df0ed096224483b1fc72c0aa501a8b8f7b04bdea0582df70cda4c123e477971 size: 429
[36mINFO[0m[0138] Storing source image from stage 1 at path /kaniko/stages/1 
[36mINFO[0m[0215] Deleting filesystem...                       
[36mINFO[0m[0217] Base image from previous stage 1 found, using saved tar at path /kaniko/stages/1 
[36mINFO[0m[0220] Checking for cached layer gcr.io/deliverymachine/cache:6579e200cb25beb85d1c354c1d350faf446da4ffbb61116069e989dba3e38a18... 
[36mINFO[0m[0220] No cached layer found for cmd RUN dotnet publish "LunchUp.WebHost/LunchUp.WebHost.csproj" -c Release -o /app/publish 
[36mINFO[0m[0220] Unpacking rootfs as cmd RUN dotnet publish "LunchUp.WebHost/LunchUp.WebHost.csproj" -c Release -o /app/publish requires it. 
[36mINFO[0m[0237] Taking snapshot of full filesystem...        
[36mINFO[0m[0251] RUN dotnet publish "LunchUp.WebHost/LunchUp.WebHost.csproj" -c Release -o /app/publish 
[36mINFO[0m[0251] cmd: /bin/sh                                 
[36mINFO[0m[0251] args: [-c dotnet publish "LunchUp.WebHost/LunchUp.WebHost.csproj" -c Release -o /app/publish] 
Microsoft (R) Build Engine version 16.3.0+0f4c62fea for .NET Core
Copyright (C) Microsoft Corporation. All rights reserved.

  Restore completed in 27.64 ms for /src/LunchUp.Backend/LunchUp.Core/LunchUp.Core.csproj.
  Restore completed in 28.29 ms for /src/LunchUp.Backend/LunchUp.Model/LunchUp.Model.csproj.
  Restore completed in 2.52 ms for /src/LunchUp.Backend/LunchUp.WebHost/LunchUp.WebHost.csproj.
  LunchUp.Model -> /src/LunchUp.Backend/LunchUp.Model/bin/Release/netcoreapp3.0/LunchUp.Model.dll
  LunchUp.Core -> /src/LunchUp.Backend/LunchUp.Core/bin/Release/netcoreapp3.0/LunchUp.Core.dll
  LunchUp.WebHost -> /src/LunchUp.Backend/LunchUp.WebHost/bin/Release/netcoreapp3.0/LunchUp.WebHost.dll
  LunchUp.WebHost -> /app/publish/
[36mINFO[0m[0255] Taking snapshot of full filesystem...        
[36mINFO[0m[0260] ignoring socket dotnet-diagnostic-232-468943-socket, not adding to tar 
[36mINFO[0m[0263] Pushing layer gcr.io/deliverymachine/cache:6579e200cb25beb85d1c354c1d350faf446da4ffbb61116069e989dba3e38a18 to cache now 
2019/11/05 17:05:43 pushed blob: sha256:7c940f91e235fd665c639c1a8251a001e287a7bff4501755bf8ba7e64f8c5325
2019/11/05 17:05:47 pushed blob: sha256:cc2743aca04331b11d943a0ac691c64173b0ae1fa8f7d205aad214252fcd6f96
2019/11/05 17:05:49 gcr.io/deliverymachine/cache:6579e200cb25beb85d1c354c1d350faf446da4ffbb61116069e989dba3e38a18: digest: sha256:9b3977f8a4d87b7cc7aaf225a0e102fc204e9dca9031967b4b3aa47da41b3cf9 size: 429
[36mINFO[0m[0272] Storing source image from stage 2 at path /kaniko/stages/2 
[36mINFO[0m[0295] Deleting filesystem...                       
[36mINFO[0m[0299] Base image from previous stage 0 found, using saved tar at path /kaniko/stages/0 
[36mINFO[0m[0301] Skipping unpacking as no commands require it. 
[36mINFO[0m[0301] Taking snapshot of full filesystem...        
[36mINFO[0m[0308] WORKDIR /app                                 
[36mINFO[0m[0308] cmd: workdir                                 
[36mINFO[0m[0308] Changed working directory to /app            
[36mINFO[0m[0308] Creating directory /app                      
[36mINFO[0m[0308] Taking snapshot of files...                  
[36mINFO[0m[0308] COPY --from=publish /app/publish .           
[36mINFO[0m[0308] Taking snapshot of files...                  
[36mINFO[0m[0309] ENTRYPOINT ["dotnet", "LunchUp.WebHost.dll"] 
[36mINFO[0m[0309] No files changed in this command, skipping snapshotting. 
2019/11/05 17:06:26 existing blob: sha256:7a6b64767b0b4ec3bb235712bc93f6cada4812dbfec432d98ca9c485f9ce2ea8
2019/11/05 17:06:26 existing blob: sha256:68f6aee67b9130df079abf2476334ad9474e116c69efedd19e272bbff3643971
2019/11/05 17:06:26 existing blob: sha256:8d691f585fa8cec0eba196be460cfaffd69939782d6162986c3e0c5225d54f02
2019/11/05 17:06:26 existing blob: sha256:9526604e089d8d4aa947f34e52a14ac8793232dd181022932f3c15291c5cd3af
2019/11/05 17:06:26 existing blob: sha256:a9e6ceefc5a08dc7b1b04a1105c47e00e9340349177009bc8926571ee8a39204
2019/11/05 17:06:30 pushed blob: sha256:a09effa7b3a9ed3ba8331cd12f3dec80355b8c2d8e9c047cb0ebb9bee08f60de
2019/11/05 17:06:30 pushed blob: sha256:2dd0f0b4f38c511c06809e216d39a1fb7cff158eca8e35407f8dcd72d2e47ff7
2019/11/05 17:06:30 pushed blob: sha256:698c22ce33a19f5d064dabfc3bc8423836db8272a416940fcaa4dc69f7a1df41
2019/11/05 17:06:32 pushed blob: sha256:3bbcabdcd8b3c843a6c5af6b9c4b7dbc06bcfa98800889f1acaed802ac03dbb1
2019/11/05 17:06:33 gcr.io/deliverymachine/lunchup-backend:0.0.0-SNAPSHOT-PR-2-12: digest: sha256:dd432fbd8857d6634a32a8a29be20936cedc2bae80083cae27814cee76cb3bf0 size: 1572

Showing logs for build [32mdevopscamp2019-lunchup-backend-8ht4h-12[0m stage [32mfrom-build-pack[0m and container [32mstep-postbuild-post-build[0m
no CVE provider running in the current ** namespace so skip adding image to be analysed

Showing logs for build [32mdevopscamp2019-lunchup-backend-8ht4h-12[0m stage [32mfrom-build-pack[0m and container [32mstep-promote-make-preview[0m
sed -i -e "s/version:.*/version: 0.0.0-SNAPSHOT-PR-2-12/" Chart.yaml
sed -i -e "s/version:.*/version: 0.0.0-SNAPSHOT-PR-2-12/" ../*/Chart.yaml
sed -i -e "s|repository:.*|repository: gcr.io\/devopscamp2019\/lunchup-backend|" values.yaml
sed -i -e "s/tag:.*/tag: 0.0.0-SNAPSHOT-PR-2-12/" values.yaml
sed -i -e "s/tag:.*/tag: 0.0.0-SNAPSHOT-PR-2-12/" values.yaml
pwd
/workspace/source/charts/preview
ls
Chart.yaml
Makefile
requirements.yaml
templates
values.yaml
ls ..
lunchup-backend
preview
echo "  version: 0.0.0-SNAPSHOT-PR-2-12" >> requirements.yaml
** step helm build
WARNING: No $CHART_REPOSITORY defined so using the default value of: http://jenkins-x-chartmuseum:8080
Adding missing Helm repo: storage.googleapis.com https://storage.googleapis.com/chartmuseum.jenkins-x.io
Successfully added Helm repository storage.googleapis.com.
Adding missing Helm repo: jenkins-x-chartmuseum http://jenkins-x-chartmuseum:8080
Successfully added Helm repository jenkins-x-chartmuseum.
WARNING: No $CHART_REPOSITORY defined so using the default value of: http://jenkins-x-chartmuseum:8080
Adding missing Helm repo: chartmuseum.jenkins-x.io http://chartmuseum.jenkins-x.io
Successfully added Helm repository chartmuseum.jenkins-x.io.

Showing logs for build [32mdevopscamp2019-lunchup-backend-8ht4h-12[0m stage [32mfrom-build-pack[0m and container [32mstep-promote-jx-preview[0m
Creating a preview
Commit author email is empty for: 7f24541484a5880e8e11c7182ac035d7e42bd1fd
Looking for commits in: /workspace/source/
Commit author email is empty for: 0b77589002f82cc6dbf9e015c0b19d4f6aee2a2f
Looking for commits in: /workspace/source/
Commit author email is empty for: c5c65d63bb4d8fdd1bc0ba412bed42d4bfd565b1
Looking for commits in: /workspace/source/
Commit author email is empty for: c579c78ad163cd0eb6978470e94abf332db14479
Looking for commits in: /workspace/source/
Commit author email is empty for: 72c8eb739f97c548c4f2af3824f1dff73b929cec
Looking for commits in: /workspace/source/
Commit author email is empty for: bd95a7d2a7b585aeeb82b391b012ca3f5de61fa3
Looking for commits in: /workspace/source/
Commit author email is empty for: 5bd1bc578b64bc8425e4607ba4c96759881a3725
Looking for commits in: /workspace/source/
Commit author email is empty for: a88e52ef756dbecd610df6cec16c15d9bf9b01a9
Looking for commits in: /workspace/source/
Commit author email is empty for: 8297e7c3f7a8b77a0b3bba60239585ef7c5ae48a
Looking for commits in: /workspace/source/
Commit author email is empty for: 061fe59d054a8275496166d39ff95e399697ddd2
Looking for commits in: /workspace/source/
WARNING: No author for commit: cbaa5bbffe2014cba094d3873289783dbd1047eb
WARNING: No author for commit: 3f4dea1cacaa4260166b0321d8667c1c878db989
Found commit author match for: valkyrjaa with email address: tuana1998@hotmail.de
expose:
  Annotations:
    helm.sh/hook: post-install,post-upgrade
    helm.sh/hook-delete-policy: hook-succeeded
  config:
    domain: 34.65.166.10.nip.io
    exposer: Ingress
    http: "true"
preview:
  image:
    repository: gcr.io/deliverymachine/LunchUp-Backend
    tag: 0.0.0-SNAPSHOT-PR-2-12
Cloning the Jenkins X versions repo https://github.com/jenkins-x/jenkins-x-versions.git with ref refs/heads/master to /builder/home/.**/jenkins-x-versions


WARNING: Could not find the service URL in namespace **-devopscamp2019-lunchup-backend-pr-2 for names LunchUp-Backend, preview, **-devopscamp2019-lunchup-backend-pr-2-preview, preview-LunchUp-Backend: the server could not find the requested resource (get services.serving.knative.dev preview-LunchUp-Backend)
Updating PipelineActivities devopscamp2019-lunchup-backend-pr-2-12 which has status Running
WARNING: Failed to find the service LunchUp-Backend : failed to find service LunchUp-Backend in namespace **-devopscamp2019-lunchup-backend-pr-2: services "LunchUp-Backend" not found
