
Showing logs for build [32mdevopscamp2019-lunchup-backend-7zk9p-20[0m stage [32mfrom-build-pack[0m and container [32mstep-credential-initializer-vprjd[0m
{"level":"warn","ts":1573036069.5598528,"logger":"fallback-logger","caller":"logging/config.go:69","msg":"Fetch GitHub commit ID from kodata failed: \"ref: refs/heads/master\" is not a valid GitHub commit ID"}
{"level":"info","ts":1573036069.5634937,"logger":"fallback-logger","caller":"creds-init/main.go:40","msg":"Credentials initialized."}

Showing logs for build [32mdevopscamp2019-lunchup-backend-7zk9p-20[0m stage [32mfrom-build-pack[0m and container [32mstep-working-dir-initializer-8hwt7[0m
{"level":"warn","ts":1573036070.4446623,"logger":"fallback-logger","caller":"logging/config.go:69","msg":"Fetch GitHub commit ID from kodata failed: open /var/run/ko/HEAD: no such file or directory"}
{"level":"info","ts":1573036070.4480383,"logger":"fallback-logger","caller":"bash/main.go:65","msg":"Successfully executed command \"mkdir -p /workspace/source\""}

Showing logs for build [32mdevopscamp2019-lunchup-backend-7zk9p-20[0m stage [32mfrom-build-pack[0m and container [32mstep-place-tools[0m

Showing logs for build [32mdevopscamp2019-lunchup-backend-7zk9p-20[0m stage [32mfrom-build-pack[0m and container [32mstep-git-source-devopscamp2019-lunchup-backend-gz46k[0m
{"level":"warn","ts":1573036077.5793066,"logger":"fallback-logger","caller":"logging/config.go:69","msg":"Fetch GitHub commit ID from kodata failed: \"ref: refs/heads/master\" is not a valid GitHub commit ID"}
{"level":"info","ts":1573036079.0946927,"logger":"fallback-logger","caller":"git/git.go:102","msg":"Successfully cloned https://github.com/DevOpsCamp2019/LunchUp-Backend.git @ master in path /workspace/source"}

Showing logs for build [32mdevopscamp2019-lunchup-backend-7zk9p-20[0m stage [32mfrom-build-pack[0m and container [32mstep-git-merge[0m
Using SHAs from PULL_REFS=master:ebb9c7c9d1ff019ee673fa15a534a77532977b8d,2:1e9d3720b14eb1e6ccf3ea690f69bae8c24f813c
DEBUG: ran git fetch --unshallow origin 1e9d3720b14eb1e6ccf3ea690f69bae8c24f813c: ebb9c7c9d1ff019ee673fa15a534a77532977b8d: in 
DEBUG: ran git checkout master in 
DEBUG: ran git reset --hard ebb9c7c9d1ff019ee673fa15a534a77532977b8d in 
DEBUG: ran clean --force -d . in 
DEBUG: ran git merge 1e9d3720b14eb1e6ccf3ea690f69bae8c24f813c in 
Merged SHA 966586bdcf326040fdac5ecba5e86cf6861ed3dd with commit message 'Merge commit '1e9d3720b14eb1e6ccf3ea690f69bae8c24f813c'' into base branch master
Merged SHA 1e9d3720b14eb1e6ccf3ea690f69bae8c24f813c with commit message 'fix db name' into base branch master
Merged SHA 543f93489a688a24f41cee459172bbdd7b1474ea with commit message 'back to static values' into base branch master
Merged SHA 909bb77d60ac1f09d9a7cc185b41ab969f54b132 with commit message 'set asp net environments' into base branch master
Merged SHA d5f425e5843eacdb35304d309f1a9adf1a304a5e with commit message 'use password from secret' into base branch master
Merged SHA 6961969a623ca93147de5dbe8c53b6158ada1ca5 with commit message 'harmonize env variables' into base branch master
Merged SHA 6a38d229369e1356f57a2a3085a4bf840c056537 with commit message 'set user and pw' into base branch master
Merged SHA 647292a2e3f563c330706feaff7ba16f22bdc067 with commit message 'fix db service name' into base branch master
Merged SHA 2ac134d28a9c080b716d13fae5d1640a15d5dc93 with commit message 'fix more repo names' into base branch master
Merged SHA 6d8a3b407010d4d6350eb7acda9da530b58120c4 with commit message 'fix wrong image repo' into base branch master
Merged SHA 3f4dea1cacaa4260166b0321d8667c1c878db989 with commit message 'add dummy notes to readme' into base branch master
Merged SHA cbaa5bbffe2014cba094d3873289783dbd1047eb with commit message 'replace env separator : with __' into base branch master
Merged SHA 061fe59d054a8275496166d39ff95e399697ddd2 with commit message 'put port in quotes' into base branch master
Merged SHA 8297e7c3f7a8b77a0b3bba60239585ef7c5ae48a with commit message 'Merge remote-tracking branch 'origin/master' into feature/postgres_charts' into base branch master
Merged SHA a88e52ef756dbecd610df6cec16c15d9bf9b01a9 with commit message 'add env variables to deployment.yaml' into base branch master
Merged SHA 5bd1bc578b64bc8425e4607ba4c96759881a3725 with commit message 'change userid to bitnami id' into base branch master
Merged SHA bd95a7d2a7b585aeeb82b391b012ca3f5de61fa3 with commit message 'add postgres security context' into base branch master
Merged SHA 72c8eb739f97c548c4f2af3824f1dff73b929cec with commit message 'add postgres username and password' into base branch master
Merged SHA c579c78ad163cd0eb6978470e94abf332db14479 with commit message 'Add version to preview chart.yaml' into base branch master
Merged SHA c5c65d63bb4d8fdd1bc0ba412bed42d4bfd565b1 with commit message 'add potential workaround for mysterious file not found issue' into base branch master
Merged SHA 0b77589002f82cc6dbf9e015c0b19d4f6aee2a2f with commit message 'add alias and move postgres above preview dependency' into base branch master
Merged SHA 7f24541484a5880e8e11c7182ac035d7e42bd1fd with commit message 'add postrgres to requirements.yml' into base branch master

Showing logs for build [32mdevopscamp2019-lunchup-backend-7zk9p-20[0m stage [32mfrom-build-pack[0m and container [32mstep-build-container-build[0m
[36mINFO[0m[0000] Downloading base image mcr.microsoft.com/dotnet/core/aspnet:3.0-buster-slim 
ERROR: logging before flag.Parse: E1106 10:28:02.444748       9 metadata.go:142] while reading 'google-dockercfg' metadata: http status code: 404 while fetching url http://metadata.google.internal./computeMetadata/v1/instance/attributes/google-dockercfg
ERROR: logging before flag.Parse: E1106 10:28:02.449257       9 metadata.go:159] while reading 'google-dockercfg-url' metadata: http status code: 404 while fetching url http://metadata.google.internal./computeMetadata/v1/instance/attributes/google-dockercfg-url
2019/11/06 10:28:02 No matching credentials were found, falling back on anonymous
[36mINFO[0m[0001] Error while retrieving image from cache: getting file info: stat /workspace/sha256:803b70d9de2c57a168af4cc7d44e77a9c0591b49ce2af73d50c344aa22048eda: no such file or directory 
[36mINFO[0m[0001] Downloading base image mcr.microsoft.com/dotnet/core/aspnet:3.0-buster-slim 
2019/11/06 10:28:03 No matching credentials were found, falling back on anonymous
[36mINFO[0m[0002] cmd: EXPOSE                                  
[36mINFO[0m[0002] Adding exposed port: 80/tcp                  
[36mINFO[0m[0002] cmd: EXPOSE                                  
[36mINFO[0m[0002] Adding exposed port: 443/tcp                 
[36mINFO[0m[0002] Skipping unpacking as no commands require it. 
[36mINFO[0m[0002] Taking snapshot of full filesystem...        
[36mINFO[0m[0003] ENV COMPlus_EnableDiagnostics=0              
[36mINFO[0m[0003] No files changed in this command, skipping snapshotting. 
[36mINFO[0m[0003] WORKDIR /app                                 
[36mINFO[0m[0003] cmd: workdir                                 
[36mINFO[0m[0003] Changed working directory to /app            
[36mINFO[0m[0003] Creating directory /app                      
[36mINFO[0m[0003] Taking snapshot of files...                  
[36mINFO[0m[0003] EXPOSE 80                                    
[36mINFO[0m[0003] cmd: EXPOSE                                  
[36mINFO[0m[0003] Adding exposed port: 80/tcp                  
[36mINFO[0m[0003] No files changed in this command, skipping snapshotting. 
[36mINFO[0m[0003] EXPOSE 443                                   
[36mINFO[0m[0003] cmd: EXPOSE                                  
[36mINFO[0m[0003] Adding exposed port: 443/tcp                 
[36mINFO[0m[0003] No files changed in this command, skipping snapshotting. 
[36mINFO[0m[0003] Storing source image from stage 0 at path /kaniko/stages/0 
[36mINFO[0m[0020] Deleting filesystem...                       
[36mINFO[0m[0020] Downloading base image mcr.microsoft.com/dotnet/core/sdk:3.0-buster 
2019/11/06 10:28:23 No matching credentials were found, falling back on anonymous
[36mINFO[0m[0021] Error while retrieving image from cache: getting file info: stat /workspace/sha256:65c0187e27b42bc45ea5ef98226c7ef37d1b706e10031ddce377bf6da3dcd9aa: no such file or directory 
[36mINFO[0m[0021] Downloading base image mcr.microsoft.com/dotnet/core/sdk:3.0-buster 
2019/11/06 10:28:23 No matching credentials were found, falling back on anonymous
[36mINFO[0m[0022] Using files from context: [/workspace/source/src/LunchUp.Backend] 
[36mINFO[0m[0022] Checking for cached layer gcr.io/deliverymachine/cache:e31f67de9fae5adf1d7b0358954c4a2964bdd47189ad093a6add3acad6a37f52... 
[36mINFO[0m[0022] Using caching version of cmd: RUN dotnet restore "LunchUp.Backend/LunchUp.Backend.sln" 
[36mINFO[0m[0022] Using files from context: [/workspace/source] 
[36mINFO[0m[0022] Checking for cached layer gcr.io/deliverymachine/cache:bdd562eefdaf525fcde3c0ec7aecab6d3be2f43473ce8c92351dde09f9c9ab42... 
[36mINFO[0m[0023] No cached layer found for cmd RUN dotnet build "LunchUp.WebHost/LunchUp.WebHost.csproj" -c Release -o /app/build 
[36mINFO[0m[0023] Unpacking rootfs as cmd RUN dotnet build "LunchUp.WebHost/LunchUp.WebHost.csproj" -c Release -o /app/build requires it. 
[36mINFO[0m[0051] Taking snapshot of full filesystem...        
[36mINFO[0m[0057] ENV COMPlus_EnableDiagnostics=0              
[36mINFO[0m[0057] No files changed in this command, skipping snapshotting. 
[36mINFO[0m[0057] WORKDIR /src                                 
[36mINFO[0m[0057] cmd: workdir                                 
[36mINFO[0m[0057] Changed working directory to /src            
[36mINFO[0m[0057] Creating directory /src                      
[36mINFO[0m[0057] Taking snapshot of files...                  
[36mINFO[0m[0057] Using files from context: [/workspace/source/src/LunchUp.Backend] 
[36mINFO[0m[0057] COPY ["src/LunchUp.Backend/", "LunchUp.Backend/"] 
[36mINFO[0m[0057] Taking snapshot of files...                  
[36mINFO[0m[0057] RUN dotnet restore "LunchUp.Backend/LunchUp.Backend.sln" 
[36mINFO[0m[0057] Found cached layer, extracting to filesystem 
[36mINFO[0m[0070] Taking snapshot of files...                  
[36mINFO[0m[0082] Using files from context: [/workspace/source] 
[36mINFO[0m[0082] COPY . .                                     
[36mINFO[0m[0082] Taking snapshot of files...                  
[36mINFO[0m[0082] WORKDIR "/src/LunchUp.Backend"               
[36mINFO[0m[0082] cmd: workdir                                 
[36mINFO[0m[0082] Changed working directory to /src/LunchUp.Backend 
[36mINFO[0m[0082] No files changed in this command, skipping snapshotting. 
[36mINFO[0m[0082] RUN dotnet build "LunchUp.WebHost/LunchUp.WebHost.csproj" -c Release -o /app/build 
[36mINFO[0m[0082] cmd: /bin/sh                                 
[36mINFO[0m[0082] args: [-c dotnet build "LunchUp.WebHost/LunchUp.WebHost.csproj" -c Release -o /app/build] 
Microsoft (R) Build Engine version 16.3.0+0f4c62fea for .NET Core
Copyright (C) Microsoft Corporation. All rights reserved.

  Restore completed in 48.5 ms for /src/LunchUp.Backend/LunchUp.Core/LunchUp.Core.csproj.
  Restore completed in 45.47 ms for /src/LunchUp.Backend/LunchUp.Model/LunchUp.Model.csproj.
  Restore completed in 4.09 ms for /src/LunchUp.Backend/LunchUp.WebHost/LunchUp.WebHost.csproj.
  LunchUp.Model -> /app/build/LunchUp.Model.dll
  LunchUp.Core -> /app/build/LunchUp.Core.dll
DatabaseSettings.cs(4,18): warning CS1591: Missing XML comment for publicly visible type or member 'DatabaseSettings' [/src/LunchUp.Backend/LunchUp.WebHost/LunchUp.WebHost.csproj]
DatabaseSettings.cs(6,23): warning CS1591: Missing XML comment for publicly visible type or member 'DatabaseSettings.Database' [/src/LunchUp.Backend/LunchUp.WebHost/LunchUp.WebHost.csproj]
DatabaseSettings.cs(7,23): warning CS1591: Missing XML comment for publicly visible type or member 'DatabaseSettings.Host' [/src/LunchUp.Backend/LunchUp.WebHost/LunchUp.WebHost.csproj]
DatabaseSettings.cs(8,20): warning CS1591: Missing XML comment for publicly visible type or member 'DatabaseSettings.Port' [/src/LunchUp.Backend/LunchUp.WebHost/LunchUp.WebHost.csproj]
DatabaseSettings.cs(9,23): warning CS1591: Missing XML comment for publicly visible type or member 'DatabaseSettings.Username' [/src/LunchUp.Backend/LunchUp.WebHost/LunchUp.WebHost.csproj]
DatabaseSettings.cs(10,23): warning CS1591: Missing XML comment for publicly visible type or member 'DatabaseSettings.Password' [/src/LunchUp.Backend/LunchUp.WebHost/LunchUp.WebHost.csproj]
  LunchUp.WebHost -> /app/build/LunchUp.WebHost.dll

Build succeeded.

DatabaseSettings.cs(4,18): warning CS1591: Missing XML comment for publicly visible type or member 'DatabaseSettings' [/src/LunchUp.Backend/LunchUp.WebHost/LunchUp.WebHost.csproj]
DatabaseSettings.cs(6,23): warning CS1591: Missing XML comment for publicly visible type or member 'DatabaseSettings.Database' [/src/LunchUp.Backend/LunchUp.WebHost/LunchUp.WebHost.csproj]
DatabaseSettings.cs(7,23): warning CS1591: Missing XML comment for publicly visible type or member 'DatabaseSettings.Host' [/src/LunchUp.Backend/LunchUp.WebHost/LunchUp.WebHost.csproj]
DatabaseSettings.cs(8,20): warning CS1591: Missing XML comment for publicly visible type or member 'DatabaseSettings.Port' [/src/LunchUp.Backend/LunchUp.WebHost/LunchUp.WebHost.csproj]
DatabaseSettings.cs(9,23): warning CS1591: Missing XML comment for publicly visible type or member 'DatabaseSettings.Username' [/src/LunchUp.Backend/LunchUp.WebHost/LunchUp.WebHost.csproj]
DatabaseSettings.cs(10,23): warning CS1591: Missing XML comment for publicly visible type or member 'DatabaseSettings.Password' [/src/LunchUp.Backend/LunchUp.WebHost/LunchUp.WebHost.csproj]
    6 Warning(s)
    0 Error(s)

Time Elapsed 00:00:10.48
[36mINFO[0m[0094] Taking snapshot of full filesystem...        
[36mINFO[0m[0170] ignoring socket g+DM1dBf3hsd22AO8JuBabg4ChjyflqwMaiOYpIurSs, not adding to tar 
[36mINFO[0m[0170] ignoring socket dotnet-diagnostic-67-174650-socket, not adding to tar 
[36mINFO[0m[0170] ignoring socket dotnet-diagnostic-96-174930-socket, not adding to tar 
[36mINFO[0m[0172] Pushing layer gcr.io/deliverymachine/cache:bdd562eefdaf525fcde3c0ec7aecab6d3be2f43473ce8c92351dde09f9c9ab42 to cache now 
2019/11/06 10:30:59 pushed blob: sha256:5e5a282eb7756b15d0f83da438319193b7e237c76a65fc359c9b8f4fa615ca72
2019/11/06 10:31:02 pushed blob: sha256:c6f069a38974d7bffef7b514a80e8bdf7954e4a98765b3e730f4dcd89a3b0c8d
2019/11/06 10:31:03 gcr.io/deliverymachine/cache:bdd562eefdaf525fcde3c0ec7aecab6d3be2f43473ce8c92351dde09f9c9ab42: digest: sha256:533adb02f554d67816190d4e9670e8a76bc36a3e721e8e9bbbebef36067cdb1b size: 429
[36mINFO[0m[0181] Storing source image from stage 1 at path /kaniko/stages/1 
[36mINFO[0m[0272] Deleting filesystem...                       
[36mINFO[0m[0273] Base image from previous stage 1 found, using saved tar at path /kaniko/stages/1 
[36mINFO[0m[0278] Checking for cached layer gcr.io/deliverymachine/cache:907627420c893fc1cd93994f4a55fc45b3cc3942f357183ccad84505026e7ca0... 
[36mINFO[0m[0279] No cached layer found for cmd RUN dotnet publish "LunchUp.WebHost/LunchUp.WebHost.csproj" -c Release -o /app/publish 
[36mINFO[0m[0279] Unpacking rootfs as cmd RUN dotnet publish "LunchUp.WebHost/LunchUp.WebHost.csproj" -c Release -o /app/publish requires it. 
[36mINFO[0m[0297] Taking snapshot of full filesystem...        
[36mINFO[0m[0308] RUN dotnet publish "LunchUp.WebHost/LunchUp.WebHost.csproj" -c Release -o /app/publish 
[36mINFO[0m[0308] cmd: /bin/sh                                 
[36mINFO[0m[0308] args: [-c dotnet publish "LunchUp.WebHost/LunchUp.WebHost.csproj" -c Release -o /app/publish] 
Microsoft (R) Build Engine version 16.3.0+0f4c62fea for .NET Core
Copyright (C) Microsoft Corporation. All rights reserved.

  Restore completed in 34.19 ms for /src/LunchUp.Backend/LunchUp.Model/LunchUp.Model.csproj.
  Restore completed in 34.23 ms for /src/LunchUp.Backend/LunchUp.Core/LunchUp.Core.csproj.
  Restore completed in 2.8 ms for /src/LunchUp.Backend/LunchUp.WebHost/LunchUp.WebHost.csproj.
  LunchUp.Model -> /src/LunchUp.Backend/LunchUp.Model/bin/Release/netcoreapp3.0/LunchUp.Model.dll
  LunchUp.Core -> /src/LunchUp.Backend/LunchUp.Core/bin/Release/netcoreapp3.0/LunchUp.Core.dll
  LunchUp.WebHost -> /src/LunchUp.Backend/LunchUp.WebHost/bin/Release/netcoreapp3.0/LunchUp.WebHost.dll
  LunchUp.WebHost -> /app/publish/
[36mINFO[0m[0312] Taking snapshot of full filesystem...        
[36mINFO[0m[0317] ignoring socket dotnet-diagnostic-167-197155-socket, not adding to tar 
[36mINFO[0m[0320] Pushing layer gcr.io/deliverymachine/cache:907627420c893fc1cd93994f4a55fc45b3cc3942f357183ccad84505026e7ca0 to cache now 
2019/11/06 10:33:26 pushed blob: sha256:13bee23a46244fe1171510498cacf353680f4c4b938907686a867d92e1d86aba
2019/11/06 10:33:30 pushed blob: sha256:6f7a4ab44d7564e514932ff1a816adecbfcfd1cb9f360812fdfbec21567b7f45
2019/11/06 10:33:31 gcr.io/deliverymachine/cache:907627420c893fc1cd93994f4a55fc45b3cc3942f357183ccad84505026e7ca0: digest: sha256:1d89eae83f1b74fb752fa6db253eb03aa1cb77551259635d3808f1388b23e908 size: 429
[36mINFO[0m[0328] Storing source image from stage 2 at path /kaniko/stages/2 
[36mINFO[0m[0349] Deleting filesystem...                       
[36mINFO[0m[0350] Base image from previous stage 0 found, using saved tar at path /kaniko/stages/0 
[36mINFO[0m[0351] Skipping unpacking as no commands require it. 
[36mINFO[0m[0351] Taking snapshot of full filesystem...        
[36mINFO[0m[0358] WORKDIR /app                                 
[36mINFO[0m[0358] cmd: workdir                                 
[36mINFO[0m[0358] Changed working directory to /app            
[36mINFO[0m[0358] Creating directory /app                      
[36mINFO[0m[0358] Taking snapshot of files...                  
[36mINFO[0m[0358] COPY --from=publish /app/publish .           
[36mINFO[0m[0358] Taking snapshot of files...                  
[36mINFO[0m[0359] ENTRYPOINT ["dotnet", "LunchUp.WebHost.dll"] 
[36mINFO[0m[0359] No files changed in this command, skipping snapshotting. 
2019/11/06 10:34:02 existing blob: sha256:8d691f585fa8cec0eba196be460cfaffd69939782d6162986c3e0c5225d54f02
2019/11/06 10:34:02 existing blob: sha256:9526604e089d8d4aa947f34e52a14ac8793232dd181022932f3c15291c5cd3af
2019/11/06 10:34:02 existing blob: sha256:7a6b64767b0b4ec3bb235712bc93f6cada4812dbfec432d98ca9c485f9ce2ea8
2019/11/06 10:34:02 existing blob: sha256:68f6aee67b9130df079abf2476334ad9474e116c69efedd19e272bbff3643971
2019/11/06 10:34:02 existing blob: sha256:a9e6ceefc5a08dc7b1b04a1105c47e00e9340349177009bc8926571ee8a39204
2019/11/06 10:34:05 pushed blob: sha256:dc7e115e04c8db235004a713c55234b176c5934c253dc777723fd6fc41c81591
2019/11/06 10:34:05 pushed blob: sha256:56fc1e97bdb39c2b57ee170d81e1fbcb05eedaf620a0b07b86f3c2e6acc890a7
2019/11/06 10:34:06 pushed blob: sha256:3cda133b03dbc0e187ae0ae231a36404e81cfee2753a79eae859e9acaf561edc
2019/11/06 10:34:09 pushed blob: sha256:be210fc4804b8bfb074ebacd65c1027dad7ff93ca937375ee324ed648f3a6d1a
2019/11/06 10:34:10 gcr.io/deliverymachine/lunchup-backend:0.0.0-SNAPSHOT-PR-2-20: digest: sha256:d8f13f046e0cd3a2ac76952df3156c81df5b9c5bf4f8529d8bd1ef988692f1df size: 1572

Showing logs for build [32mdevopscamp2019-lunchup-backend-7zk9p-20[0m stage [32mfrom-build-pack[0m and container [32mstep-postbuild-post-build[0m
no CVE provider running in the current ** namespace so skip adding image to be analysed

Showing logs for build [32mdevopscamp2019-lunchup-backend-7zk9p-20[0m stage [32mfrom-build-pack[0m and container [32mstep-promote-make-preview[0m
sed -i -e "s/version:.*/version: 0.0.0-SNAPSHOT-PR-2-20/" Chart.yaml
sed -i -e "s/version:.*/version: 0.0.0-SNAPSHOT-PR-2-20/" ../*/Chart.yaml
sed -i -e "s|repository:.*|repository: gcr.io\/deliverymachine\/lunchup-backend|" values.yaml
sed -i -e "s/tag:.*/tag: 0.0.0-SNAPSHOT-PR-2-20/" values.yaml
sed -i -e "s/tag:.*/tag: 0.0.0-SNAPSHOT-PR-2-20/" values.yaml
pwd
/workspace/source/charts/preview
ls
Chart.yaml
Makefile
requirements.yaml
templates
values.yaml
ls ..
lunchup-backend
preview
echo "  version: 0.0.0-SNAPSHOT-PR-2-20" >> requirements.yaml
** step helm build
WARNING: No $CHART_REPOSITORY defined so using the default value of: http://jenkins-x-chartmuseum:8080
Adding missing Helm repo: storage.googleapis.com https://storage.googleapis.com/chartmuseum.jenkins-x.io
Successfully added Helm repository storage.googleapis.com.
Adding missing Helm repo: jenkins-x-chartmuseum http://jenkins-x-chartmuseum:8080
Successfully added Helm repository jenkins-x-chartmuseum.
WARNING: No $CHART_REPOSITORY defined so using the default value of: http://jenkins-x-chartmuseum:8080
Adding missing Helm repo: chartmuseum.jenkins-x.io http://chartmuseum.jenkins-x.io
Successfully added Helm repository chartmuseum.jenkins-x.io.

Showing logs for build [32mdevopscamp2019-lunchup-backend-7zk9p-20[0m stage [32mfrom-build-pack[0m and container [32mstep-promote-jx-preview[0m
Creating a preview
Commit author email is empty for: 7f24541484a5880e8e11c7182ac035d7e42bd1fd
Looking for commits in: /workspace/source/
Commit author email is empty for: 0b77589002f82cc6dbf9e015c0b19d4f6aee2a2f
Looking for commits in: /workspace/source/
Commit author email is empty for: c5c65d63bb4d8fdd1bc0ba412bed42d4bfd565b1
Looking for commits in: /workspace/source/
Commit author email is empty for: c579c78ad163cd0eb6978470e94abf332db14479
Looking for commits in: /workspace/source/
Commit author email is empty for: 72c8eb739f97c548c4f2af3824f1dff73b929cec
Looking for commits in: /workspace/source/
Commit author email is empty for: bd95a7d2a7b585aeeb82b391b012ca3f5de61fa3
Looking for commits in: /workspace/source/
Commit author email is empty for: 5bd1bc578b64bc8425e4607ba4c96759881a3725
Looking for commits in: /workspace/source/
Commit author email is empty for: a88e52ef756dbecd610df6cec16c15d9bf9b01a9
Looking for commits in: /workspace/source/
Commit author email is empty for: 8297e7c3f7a8b77a0b3bba60239585ef7c5ae48a
Looking for commits in: /workspace/source/
Commit author email is empty for: 061fe59d054a8275496166d39ff95e399697ddd2
Looking for commits in: /workspace/source/
WARNING: No author for commit: cbaa5bbffe2014cba094d3873289783dbd1047eb
WARNING: No author for commit: 3f4dea1cacaa4260166b0321d8667c1c878db989
WARNING: No author for commit: 6d8a3b407010d4d6350eb7acda9da530b58120c4
WARNING: No author for commit: 2ac134d28a9c080b716d13fae5d1640a15d5dc93
WARNING: No author for commit: 647292a2e3f563c330706feaff7ba16f22bdc067
WARNING: No author for commit: 6a38d229369e1356f57a2a3085a4bf840c056537
WARNING: No author for commit: 6961969a623ca93147de5dbe8c53b6158ada1ca5
WARNING: No author for commit: d5f425e5843eacdb35304d309f1a9adf1a304a5e
WARNING: No author for commit: 909bb77d60ac1f09d9a7cc185b41ab969f54b132
WARNING: No author for commit: 543f93489a688a24f41cee459172bbdd7b1474ea
WARNING: No author for commit: 1e9d3720b14eb1e6ccf3ea690f69bae8c24f813c
Found commit author match for: valkyrjaa with email address: tuana1998@hotmail.de
expose:
  Annotations:
    helm.sh/hook: post-install,post-upgrade
    helm.sh/hook-delete-policy: hook-succeeded
  config:
    domain: 34.65.166.10.nip.io
    exposer: Ingress
    http: "true"
preview:
  image:
    repository: gcr.io/deliverymachine/LunchUp-Backend
    tag: 0.0.0-SNAPSHOT-PR-2-20
Cloning the Jenkins X versions repo https://github.com/jenkins-x/jenkins-x-versions.git with ref refs/heads/master to /builder/home/.**/jenkins-x-versions


WARNING: Could not find the service URL in namespace **-devopscamp2019-lunchup-backend-pr-2 for names LunchUp-Backend, preview, **-devopscamp2019-lunchup-backend-pr-2-preview, preview-LunchUp-Backend: the server could not find the requested resource (get services.serving.knative.dev preview-LunchUp-Backend)
Updating PipelineActivities devopscamp2019-lunchup-backend-pr-2-20 which has status Running
WARNING: Failed to find the service LunchUp-Backend : failed to find service LunchUp-Backend in namespace **-devopscamp2019-lunchup-backend-pr-2: services "LunchUp-Backend" not found
