
Showing logs for build [32mdevopscamp2019-lunchup-backend-rsp2s-21[0m stage [32mfrom-build-pack[0m and container [32mstep-credential-initializer-g9p5m[0m
{"level":"warn","ts":1573038105.6848307,"logger":"fallback-logger","caller":"logging/config.go:69","msg":"Fetch GitHub commit ID from kodata failed: \"ref: refs/heads/master\" is not a valid GitHub commit ID"}
{"level":"info","ts":1573038105.685279,"logger":"fallback-logger","caller":"creds-init/main.go:40","msg":"Credentials initialized."}

Showing logs for build [32mdevopscamp2019-lunchup-backend-rsp2s-21[0m stage [32mfrom-build-pack[0m and container [32mstep-working-dir-initializer-hxg77[0m
{"level":"warn","ts":1573038106.6324887,"logger":"fallback-logger","caller":"logging/config.go:69","msg":"Fetch GitHub commit ID from kodata failed: open /var/run/ko/HEAD: no such file or directory"}
{"level":"info","ts":1573038106.6340563,"logger":"fallback-logger","caller":"bash/main.go:65","msg":"Successfully executed command \"mkdir -p /workspace/source\""}

Showing logs for build [32mdevopscamp2019-lunchup-backend-rsp2s-21[0m stage [32mfrom-build-pack[0m and container [32mstep-place-tools[0m

Showing logs for build [32mdevopscamp2019-lunchup-backend-rsp2s-21[0m stage [32mfrom-build-pack[0m and container [32mstep-git-source-devopscamp2019-lunchup-backend-8pws4[0m
{"level":"warn","ts":1573038112.5420716,"logger":"fallback-logger","caller":"logging/config.go:69","msg":"Fetch GitHub commit ID from kodata failed: \"ref: refs/heads/master\" is not a valid GitHub commit ID"}
{"level":"info","ts":1573038114.0203304,"logger":"fallback-logger","caller":"git/git.go:102","msg":"Successfully cloned https://github.com/DevOpsCamp2019/LunchUp-Backend.git @ master in path /workspace/source"}

Showing logs for build [32mdevopscamp2019-lunchup-backend-rsp2s-21[0m stage [32mfrom-build-pack[0m and container [32mstep-git-merge[0m
Using SHAs from PULL_REFS=master:ebb9c7c9d1ff019ee673fa15a534a77532977b8d,2:ebe18029185bc3e29bb39698b9cca95f9ee6529b
DEBUG: ran git fetch --unshallow origin ebe18029185bc3e29bb39698b9cca95f9ee6529b: ebb9c7c9d1ff019ee673fa15a534a77532977b8d: in 
DEBUG: ran git checkout master in 
DEBUG: ran git reset --hard ebb9c7c9d1ff019ee673fa15a534a77532977b8d in 
DEBUG: ran clean --force -d . in 
DEBUG: ran git merge ebe18029185bc3e29bb39698b9cca95f9ee6529b in 
Merged SHA 683530cb934efbe453fa2b0d262e2653ae7f3743 with commit message 'Merge commit 'ebe18029185bc3e29bb39698b9cca95f9ee6529b'' into base branch master
Merged SHA ebe18029185bc3e29bb39698b9cca95f9ee6529b with commit message 'add postgres env variables to deployment.yaml' into base branch master
Merged SHA 1e9d3720b14eb1e6ccf3ea690f69bae8c24f813c with commit message 'fix db name' into base branch master
Merged SHA 543f93489a688a24f41cee459172bbdd7b1474ea with commit message 'back to static values' into base branch master
Merged SHA 909bb77d60ac1f09d9a7cc185b41ab969f54b132 with commit message 'set asp net environments' into base branch master
Merged SHA d5f425e5843eacdb35304d309f1a9adf1a304a5e with commit message 'use password from secret' into base branch master
Merged SHA 6961969a623ca93147de5dbe8c53b6158ada1ca5 with commit message 'harmonize env variables' into base branch master
Merged SHA 6a38d229369e1356f57a2a3085a4bf840c056537 with commit message 'set user and pw' into base branch master
Merged SHA 647292a2e3f563c330706feaff7ba16f22bdc067 with commit message 'fix db service name' into base branch master
Merged SHA 2ac134d28a9c080b716d13fae5d1640a15d5dc93 with commit message 'fix more repo names' into base branch master
Merged SHA 6d8a3b407010d4d6350eb7acda9da530b58120c4 with commit message 'fix wrong image repo' into base branch master
Merged SHA 3f4dea1cacaa4260166b0321d8667c1c878db989 with commit message 'add dummy notes to readme' into base branch master
Merged SHA cbaa5bbffe2014cba094d3873289783dbd1047eb with commit message 'replace env separator : with __' into base branch master
Merged SHA 061fe59d054a8275496166d39ff95e399697ddd2 with commit message 'put port in quotes' into base branch master
Merged SHA 8297e7c3f7a8b77a0b3bba60239585ef7c5ae48a with commit message 'Merge remote-tracking branch 'origin/master' into feature/postgres_charts' into base branch master
Merged SHA a88e52ef756dbecd610df6cec16c15d9bf9b01a9 with commit message 'add env variables to deployment.yaml' into base branch master
Merged SHA 5bd1bc578b64bc8425e4607ba4c96759881a3725 with commit message 'change userid to bitnami id' into base branch master
Merged SHA bd95a7d2a7b585aeeb82b391b012ca3f5de61fa3 with commit message 'add postgres security context' into base branch master
Merged SHA 72c8eb739f97c548c4f2af3824f1dff73b929cec with commit message 'add postgres username and password' into base branch master
Merged SHA c579c78ad163cd0eb6978470e94abf332db14479 with commit message 'Add version to preview chart.yaml' into base branch master
Merged SHA c5c65d63bb4d8fdd1bc0ba412bed42d4bfd565b1 with commit message 'add potential workaround for mysterious file not found issue' into base branch master
Merged SHA 0b77589002f82cc6dbf9e015c0b19d4f6aee2a2f with commit message 'add alias and move postgres above preview dependency' into base branch master
Merged SHA 7f24541484a5880e8e11c7182ac035d7e42bd1fd with commit message 'add postrgres to requirements.yml' into base branch master

Showing logs for build [32mdevopscamp2019-lunchup-backend-rsp2s-21[0m stage [32mfrom-build-pack[0m and container [32mstep-build-container-build[0m
[36mINFO[0m[0000] Downloading base image mcr.microsoft.com/dotnet/core/aspnet:3.0-buster-slim 
ERROR: logging before flag.Parse: E1106 11:01:57.375770       9 metadata.go:142] while reading 'google-dockercfg' metadata: http status code: 404 while fetching url http://metadata.google.internal./computeMetadata/v1/instance/attributes/google-dockercfg
ERROR: logging before flag.Parse: E1106 11:01:57.379432       9 metadata.go:159] while reading 'google-dockercfg-url' metadata: http status code: 404 while fetching url http://metadata.google.internal./computeMetadata/v1/instance/attributes/google-dockercfg-url
2019/11/06 11:01:57 No matching credentials were found, falling back on anonymous
[36mINFO[0m[0001] Error while retrieving image from cache: getting file info: stat /workspace/sha256:803b70d9de2c57a168af4cc7d44e77a9c0591b49ce2af73d50c344aa22048eda: no such file or directory 
[36mINFO[0m[0001] Downloading base image mcr.microsoft.com/dotnet/core/aspnet:3.0-buster-slim 
2019/11/06 11:01:58 No matching credentials were found, falling back on anonymous
[36mINFO[0m[0002] cmd: EXPOSE                                  
[36mINFO[0m[0002] Adding exposed port: 80/tcp                  
[36mINFO[0m[0002] cmd: EXPOSE                                  
[36mINFO[0m[0002] Adding exposed port: 443/tcp                 
[36mINFO[0m[0002] Skipping unpacking as no commands require it. 
[36mINFO[0m[0002] Taking snapshot of full filesystem...        
[36mINFO[0m[0002] ENV COMPlus_EnableDiagnostics=0              
[36mINFO[0m[0002] No files changed in this command, skipping snapshotting. 
[36mINFO[0m[0002] WORKDIR /app                                 
[36mINFO[0m[0002] cmd: workdir                                 
[36mINFO[0m[0002] Changed working directory to /app            
[36mINFO[0m[0002] Creating directory /app                      
[36mINFO[0m[0002] Taking snapshot of files...                  
[36mINFO[0m[0002] EXPOSE 80                                    
[36mINFO[0m[0002] cmd: EXPOSE                                  
[36mINFO[0m[0002] Adding exposed port: 80/tcp                  
[36mINFO[0m[0002] No files changed in this command, skipping snapshotting. 
[36mINFO[0m[0002] EXPOSE 443                                   
[36mINFO[0m[0002] cmd: EXPOSE                                  
[36mINFO[0m[0002] Adding exposed port: 443/tcp                 
[36mINFO[0m[0002] No files changed in this command, skipping snapshotting. 
[36mINFO[0m[0002] Storing source image from stage 0 at path /kaniko/stages/0 
[36mINFO[0m[0016] Deleting filesystem...                       
[36mINFO[0m[0016] Downloading base image mcr.microsoft.com/dotnet/core/sdk:3.0-buster 
2019/11/06 11:02:14 No matching credentials were found, falling back on anonymous
[36mINFO[0m[0017] Error while retrieving image from cache: getting file info: stat /workspace/sha256:65c0187e27b42bc45ea5ef98226c7ef37d1b706e10031ddce377bf6da3dcd9aa: no such file or directory 
[36mINFO[0m[0017] Downloading base image mcr.microsoft.com/dotnet/core/sdk:3.0-buster 
2019/11/06 11:02:14 No matching credentials were found, falling back on anonymous
[36mINFO[0m[0018] Using files from context: [/workspace/source/src/LunchUp.Backend] 
[36mINFO[0m[0018] Checking for cached layer gcr.io/deliverymachine/cache:e31f67de9fae5adf1d7b0358954c4a2964bdd47189ad093a6add3acad6a37f52... 
[36mINFO[0m[0019] Using caching version of cmd: RUN dotnet restore "LunchUp.Backend/LunchUp.Backend.sln" 
[36mINFO[0m[0019] Using files from context: [/workspace/source] 
[36mINFO[0m[0019] Checking for cached layer gcr.io/deliverymachine/cache:fdc6be9ebe4086593329b60f528e44e8d4686ab2f7f17f855d684aa267bb0f75... 
[36mINFO[0m[0019] No cached layer found for cmd RUN dotnet build "LunchUp.WebHost/LunchUp.WebHost.csproj" -c Release -o /app/build 
[36mINFO[0m[0019] Unpacking rootfs as cmd RUN dotnet build "LunchUp.WebHost/LunchUp.WebHost.csproj" -c Release -o /app/build requires it. 
[36mINFO[0m[0046] Taking snapshot of full filesystem...        
[36mINFO[0m[0052] ENV COMPlus_EnableDiagnostics=0              
[36mINFO[0m[0052] No files changed in this command, skipping snapshotting. 
[36mINFO[0m[0052] WORKDIR /src                                 
[36mINFO[0m[0052] cmd: workdir                                 
[36mINFO[0m[0052] Changed working directory to /src            
[36mINFO[0m[0052] Creating directory /src                      
[36mINFO[0m[0052] Taking snapshot of files...                  
[36mINFO[0m[0052] Using files from context: [/workspace/source/src/LunchUp.Backend] 
[36mINFO[0m[0052] COPY ["src/LunchUp.Backend/", "LunchUp.Backend/"] 
[36mINFO[0m[0052] Taking snapshot of files...                  
[36mINFO[0m[0052] RUN dotnet restore "LunchUp.Backend/LunchUp.Backend.sln" 
[36mINFO[0m[0052] Found cached layer, extracting to filesystem 
[36mINFO[0m[0060] Taking snapshot of files...                  
[36mINFO[0m[0070] Using files from context: [/workspace/source] 
[36mINFO[0m[0070] COPY . .                                     
[36mINFO[0m[0070] Taking snapshot of files...                  
[36mINFO[0m[0070] WORKDIR "/src/LunchUp.Backend"               
[36mINFO[0m[0070] cmd: workdir                                 
[36mINFO[0m[0070] Changed working directory to /src/LunchUp.Backend 
[36mINFO[0m[0070] No files changed in this command, skipping snapshotting. 
[36mINFO[0m[0070] RUN dotnet build "LunchUp.WebHost/LunchUp.WebHost.csproj" -c Release -o /app/build 
[36mINFO[0m[0070] cmd: /bin/sh                                 
[36mINFO[0m[0070] args: [-c dotnet build "LunchUp.WebHost/LunchUp.WebHost.csproj" -c Release -o /app/build] 
Microsoft (R) Build Engine version 16.3.0+0f4c62fea for .NET Core
Copyright (C) Microsoft Corporation. All rights reserved.

  Restore completed in 30.64 ms for /src/LunchUp.Backend/LunchUp.Core/LunchUp.Core.csproj.
  Restore completed in 29.91 ms for /src/LunchUp.Backend/LunchUp.Model/LunchUp.Model.csproj.
  Restore completed in 2.71 ms for /src/LunchUp.Backend/LunchUp.WebHost/LunchUp.WebHost.csproj.
  LunchUp.Model -> /app/build/LunchUp.Model.dll
  LunchUp.Core -> /app/build/LunchUp.Core.dll
DatabaseSettings.cs(4,18): warning CS1591: Missing XML comment for publicly visible type or member 'DatabaseSettings' [/src/LunchUp.Backend/LunchUp.WebHost/LunchUp.WebHost.csproj]
DatabaseSettings.cs(6,23): warning CS1591: Missing XML comment for publicly visible type or member 'DatabaseSettings.Database' [/src/LunchUp.Backend/LunchUp.WebHost/LunchUp.WebHost.csproj]
DatabaseSettings.cs(7,23): warning CS1591: Missing XML comment for publicly visible type or member 'DatabaseSettings.Host' [/src/LunchUp.Backend/LunchUp.WebHost/LunchUp.WebHost.csproj]
DatabaseSettings.cs(8,20): warning CS1591: Missing XML comment for publicly visible type or member 'DatabaseSettings.Port' [/src/LunchUp.Backend/LunchUp.WebHost/LunchUp.WebHost.csproj]
DatabaseSettings.cs(9,23): warning CS1591: Missing XML comment for publicly visible type or member 'DatabaseSettings.Username' [/src/LunchUp.Backend/LunchUp.WebHost/LunchUp.WebHost.csproj]
DatabaseSettings.cs(10,23): warning CS1591: Missing XML comment for publicly visible type or member 'DatabaseSettings.Password' [/src/LunchUp.Backend/LunchUp.WebHost/LunchUp.WebHost.csproj]
  LunchUp.WebHost -> /app/build/LunchUp.WebHost.dll

Build succeeded.

DatabaseSettings.cs(4,18): warning CS1591: Missing XML comment for publicly visible type or member 'DatabaseSettings' [/src/LunchUp.Backend/LunchUp.WebHost/LunchUp.WebHost.csproj]
DatabaseSettings.cs(6,23): warning CS1591: Missing XML comment for publicly visible type or member 'DatabaseSettings.Database' [/src/LunchUp.Backend/LunchUp.WebHost/LunchUp.WebHost.csproj]
DatabaseSettings.cs(7,23): warning CS1591: Missing XML comment for publicly visible type or member 'DatabaseSettings.Host' [/src/LunchUp.Backend/LunchUp.WebHost/LunchUp.WebHost.csproj]
DatabaseSettings.cs(8,20): warning CS1591: Missing XML comment for publicly visible type or member 'DatabaseSettings.Port' [/src/LunchUp.Backend/LunchUp.WebHost/LunchUp.WebHost.csproj]
DatabaseSettings.cs(9,23): warning CS1591: Missing XML comment for publicly visible type or member 'DatabaseSettings.Username' [/src/LunchUp.Backend/LunchUp.WebHost/LunchUp.WebHost.csproj]
DatabaseSettings.cs(10,23): warning CS1591: Missing XML comment for publicly visible type or member 'DatabaseSettings.Password' [/src/LunchUp.Backend/LunchUp.WebHost/LunchUp.WebHost.csproj]
    6 Warning(s)
    0 Error(s)

Time Elapsed 00:00:07.82
[36mINFO[0m[0079] Taking snapshot of full filesystem...        
[36mINFO[0m[0083] ignoring socket g+DM1dBf3hsd22AO8JuBabg4ChjyflqwMaiOYpIurSs, not adding to tar 
[36mINFO[0m[0083] ignoring socket dotnet-diagnostic-93-8745331-socket, not adding to tar 
[36mINFO[0m[0083] ignoring socket dotnet-diagnostic-64-8745110-socket, not adding to tar 
[36mINFO[0m[0085] Pushing layer gcr.io/deliverymachine/cache:fdc6be9ebe4086593329b60f528e44e8d4686ab2f7f17f855d684aa267bb0f75 to cache now 
2019/11/06 11:03:27 pushed blob: sha256:76702bb98016c9d4ad32bdc2a43c2c6a4182ae4f395e2b7634f1125ed19922a9
2019/11/06 11:03:29 pushed blob: sha256:9c4c12f413e1bbf4bffa74a45b9d75bfe27d7ccf331cb32a4ae3a50c7d47a58c
2019/11/06 11:03:30 gcr.io/deliverymachine/cache:fdc6be9ebe4086593329b60f528e44e8d4686ab2f7f17f855d684aa267bb0f75: digest: sha256:4fec422e14366f5c6ac428a5550a70b57ae6ff6bfe6d2ec211574b2e2730ec80 size: 429
[36mINFO[0m[0093] Storing source image from stage 1 at path /kaniko/stages/1 
[36mINFO[0m[0153] Deleting filesystem...                       
[36mINFO[0m[0155] Base image from previous stage 1 found, using saved tar at path /kaniko/stages/1 
[36mINFO[0m[0157] Checking for cached layer gcr.io/deliverymachine/cache:3362b39bfc0a81e41b2a44e3a1a1e2b77213e0c7f02a2ad7b9081420fb8b6288... 
[36mINFO[0m[0158] No cached layer found for cmd RUN dotnet publish "LunchUp.WebHost/LunchUp.WebHost.csproj" -c Release -o /app/publish 
[36mINFO[0m[0158] Unpacking rootfs as cmd RUN dotnet publish "LunchUp.WebHost/LunchUp.WebHost.csproj" -c Release -o /app/publish requires it. 
[36mINFO[0m[0176] Taking snapshot of full filesystem...        
[36mINFO[0m[0188] RUN dotnet publish "LunchUp.WebHost/LunchUp.WebHost.csproj" -c Release -o /app/publish 
[36mINFO[0m[0188] cmd: /bin/sh                                 
[36mINFO[0m[0188] args: [-c dotnet publish "LunchUp.WebHost/LunchUp.WebHost.csproj" -c Release -o /app/publish] 
Microsoft (R) Build Engine version 16.3.0+0f4c62fea for .NET Core
Copyright (C) Microsoft Corporation. All rights reserved.

  Restore completed in 31.53 ms for /src/LunchUp.Backend/LunchUp.Model/LunchUp.Model.csproj.
  Restore completed in 28.45 ms for /src/LunchUp.Backend/LunchUp.Core/LunchUp.Core.csproj.
  Restore completed in 2.7 ms for /src/LunchUp.Backend/LunchUp.WebHost/LunchUp.WebHost.csproj.
  LunchUp.Model -> /src/LunchUp.Backend/LunchUp.Model/bin/Release/netcoreapp3.0/LunchUp.Model.dll
  LunchUp.Core -> /src/LunchUp.Backend/LunchUp.Core/bin/Release/netcoreapp3.0/LunchUp.Core.dll
  LunchUp.WebHost -> /src/LunchUp.Backend/LunchUp.WebHost/bin/Release/netcoreapp3.0/LunchUp.WebHost.dll
  LunchUp.WebHost -> /app/publish/
[36mINFO[0m[0192] Taking snapshot of full filesystem...        
[36mINFO[0m[0197] ignoring socket dotnet-diagnostic-170-8756855-socket, not adding to tar 
[36mINFO[0m[0199] Pushing layer gcr.io/deliverymachine/cache:3362b39bfc0a81e41b2a44e3a1a1e2b77213e0c7f02a2ad7b9081420fb8b6288 to cache now 
2019/11/06 11:05:20 pushed blob: sha256:d5a7f7e7aecdafed511cf422c4faa73324b514b2546a4fc7a7560132cfcda1d5
2019/11/06 11:05:24 pushed blob: sha256:77cf296abfc8e2c98ae3633a2da87bccfc0d5e2955f52c75ce0f14d42191cc0f
2019/11/06 11:05:26 gcr.io/deliverymachine/cache:3362b39bfc0a81e41b2a44e3a1a1e2b77213e0c7f02a2ad7b9081420fb8b6288: digest: sha256:351d430aaa6fc3fa85acd46c4daf8e49e5aa33bb2fbe6ece3058f2838e00221b size: 429
[36mINFO[0m[0208] Storing source image from stage 2 at path /kaniko/stages/2 
[36mINFO[0m[0235] Deleting filesystem...                       
[36mINFO[0m[0237] Base image from previous stage 0 found, using saved tar at path /kaniko/stages/0 
[36mINFO[0m[0238] Skipping unpacking as no commands require it. 
[36mINFO[0m[0238] Taking snapshot of full filesystem...        
[36mINFO[0m[0243] WORKDIR /app                                 
[36mINFO[0m[0243] cmd: workdir                                 
[36mINFO[0m[0243] Changed working directory to /app            
[36mINFO[0m[0243] Creating directory /app                      
[36mINFO[0m[0243] Taking snapshot of files...                  
[36mINFO[0m[0243] COPY --from=publish /app/publish .           
[36mINFO[0m[0243] Taking snapshot of files...                  
[36mINFO[0m[0244] ENTRYPOINT ["dotnet", "LunchUp.WebHost.dll"] 
[36mINFO[0m[0244] No files changed in this command, skipping snapshotting. 
2019/11/06 11:06:02 existing blob: sha256:7a6b64767b0b4ec3bb235712bc93f6cada4812dbfec432d98ca9c485f9ce2ea8
2019/11/06 11:06:02 existing blob: sha256:68f6aee67b9130df079abf2476334ad9474e116c69efedd19e272bbff3643971
2019/11/06 11:06:02 existing blob: sha256:9526604e089d8d4aa947f34e52a14ac8793232dd181022932f3c15291c5cd3af
2019/11/06 11:06:02 existing blob: sha256:8d691f585fa8cec0eba196be460cfaffd69939782d6162986c3e0c5225d54f02
2019/11/06 11:06:02 existing blob: sha256:a9e6ceefc5a08dc7b1b04a1105c47e00e9340349177009bc8926571ee8a39204
2019/11/06 11:06:05 pushed blob: sha256:451deeef24236677b0ed4622fa1a56cc59d026ffe3e6911dddcb3a35e7d1bbc6
2019/11/06 11:06:06 pushed blob: sha256:5e04bad9da2b7d48a41901d8a9170d6b9083fd6c5dc4838c4adae29fe53d01e6
2019/11/06 11:06:06 pushed blob: sha256:5ae9bb2ed295d430d4a94951961d326a99f7b21d830a6e293eaf33d165ea5081
2019/11/06 11:06:09 pushed blob: sha256:d125560c784dfc7f63868211b23e3c270a48a606290b929c6a29103d66bf1e71
2019/11/06 11:06:10 gcr.io/deliverymachine/lunchup-backend:0.0.0-SNAPSHOT-PR-2-21: digest: sha256:e2e0220028fd337b412c9affb8101c612f945882430f5fd48c22d0cf334eb996 size: 1572

Showing logs for build [32mdevopscamp2019-lunchup-backend-rsp2s-21[0m stage [32mfrom-build-pack[0m and container [32mstep-postbuild-post-build[0m
no CVE provider running in the current ** namespace so skip adding image to be analysed

Showing logs for build [32mdevopscamp2019-lunchup-backend-rsp2s-21[0m stage [32mfrom-build-pack[0m and container [32mstep-promote-make-preview[0m
sed -i -e "s/version:.*/version: 0.0.0-SNAPSHOT-PR-2-21/" Chart.yaml
sed -i -e "s/version:.*/version: 0.0.0-SNAPSHOT-PR-2-21/" ../*/Chart.yaml
sed -i -e "s|repository:.*|repository: gcr.io\/deliverymachine\/lunchup-backend|" values.yaml
sed -i -e "s/tag:.*/tag: 0.0.0-SNAPSHOT-PR-2-21/" values.yaml
sed -i -e "s/tag:.*/tag: 0.0.0-SNAPSHOT-PR-2-21/" values.yaml
pwd
/workspace/source/charts/preview
ls
Chart.yaml
Makefile
requirements.yaml
templates
values.yaml
ls ..
lunchup-backend
preview
echo "  version: 0.0.0-SNAPSHOT-PR-2-21" >> requirements.yaml
** step helm build
WARNING: No $CHART_REPOSITORY defined so using the default value of: http://jenkins-x-chartmuseum:8080
Adding missing Helm repo: storage.googleapis.com https://storage.googleapis.com/chartmuseum.jenkins-x.io
Successfully added Helm repository storage.googleapis.com.
Adding missing Helm repo: jenkins-x-chartmuseum http://jenkins-x-chartmuseum:8080
Successfully added Helm repository jenkins-x-chartmuseum.
WARNING: No $CHART_REPOSITORY defined so using the default value of: http://jenkins-x-chartmuseum:8080
Adding missing Helm repo: chartmuseum.jenkins-x.io http://chartmuseum.jenkins-x.io
Successfully added Helm repository chartmuseum.jenkins-x.io.

Showing logs for build [32mdevopscamp2019-lunchup-backend-rsp2s-21[0m stage [32mfrom-build-pack[0m and container [32mstep-promote-jx-preview[0m
Creating a preview
Commit author email is empty for: 7f24541484a5880e8e11c7182ac035d7e42bd1fd
Looking for commits in: /workspace/source/
Commit author email is empty for: 0b77589002f82cc6dbf9e015c0b19d4f6aee2a2f
Looking for commits in: /workspace/source/
Commit author email is empty for: c5c65d63bb4d8fdd1bc0ba412bed42d4bfd565b1
Looking for commits in: /workspace/source/
Commit author email is empty for: c579c78ad163cd0eb6978470e94abf332db14479
Looking for commits in: /workspace/source/
Commit author email is empty for: 72c8eb739f97c548c4f2af3824f1dff73b929cec
Looking for commits in: /workspace/source/
Commit author email is empty for: bd95a7d2a7b585aeeb82b391b012ca3f5de61fa3
Looking for commits in: /workspace/source/
Commit author email is empty for: 5bd1bc578b64bc8425e4607ba4c96759881a3725
Looking for commits in: /workspace/source/
Commit author email is empty for: a88e52ef756dbecd610df6cec16c15d9bf9b01a9
Looking for commits in: /workspace/source/
Commit author email is empty for: 8297e7c3f7a8b77a0b3bba60239585ef7c5ae48a
Looking for commits in: /workspace/source/
Commit author email is empty for: 061fe59d054a8275496166d39ff95e399697ddd2
Looking for commits in: /workspace/source/
WARNING: No author for commit: cbaa5bbffe2014cba094d3873289783dbd1047eb
WARNING: No author for commit: 3f4dea1cacaa4260166b0321d8667c1c878db989
WARNING: No author for commit: 6d8a3b407010d4d6350eb7acda9da530b58120c4
WARNING: No author for commit: 2ac134d28a9c080b716d13fae5d1640a15d5dc93
WARNING: No author for commit: 647292a2e3f563c330706feaff7ba16f22bdc067
WARNING: No author for commit: 6a38d229369e1356f57a2a3085a4bf840c056537
WARNING: No author for commit: 6961969a623ca93147de5dbe8c53b6158ada1ca5
WARNING: No author for commit: d5f425e5843eacdb35304d309f1a9adf1a304a5e
WARNING: No author for commit: 909bb77d60ac1f09d9a7cc185b41ab969f54b132
WARNING: No author for commit: 543f93489a688a24f41cee459172bbdd7b1474ea
WARNING: No author for commit: 1e9d3720b14eb1e6ccf3ea690f69bae8c24f813c
WARNING: No author for commit: eca9c2b657278617410fa160669a02f778f8934e
Commit author email is empty for: ebe18029185bc3e29bb39698b9cca95f9ee6529b
Looking for commits in: /workspace/source/
WARNING: No author for commit: 7a369023205c357e5e9296b48ffa6002891bac11
WARNING: No author for commit: fbb8fa16a7d2cb027a591bed92cf2823847af642
Found commit author match for: valkyrjaa with email address: tuana1998@hotmail.de
expose:
  Annotations:
    helm.sh/hook: post-install,post-upgrade
    helm.sh/hook-delete-policy: hook-succeeded
  config:
    domain: 34.65.166.10.nip.io
    exposer: Ingress
    http: "true"
preview:
  image:
    repository: gcr.io/deliverymachine/LunchUp-Backend
    tag: 0.0.0-SNAPSHOT-PR-2-21
Cloning the Jenkins X versions repo https://github.com/jenkins-x/jenkins-x-versions.git with ref refs/heads/master to /builder/home/.**/jenkins-x-versions


WARNING: Could not find the service URL in namespace **-devopscamp2019-lunchup-backend-pr-2 for names LunchUp-Backend, preview, **-devopscamp2019-lunchup-backend-pr-2-preview, preview-LunchUp-Backend: the server could not find the requested resource (get services.serving.knative.dev preview-LunchUp-Backend)
Updating PipelineActivities devopscamp2019-lunchup-backend-pr-2-21 which has status Running
WARNING: Failed to find the service LunchUp-Backend : failed to find service LunchUp-Backend in namespace **-devopscamp2019-lunchup-backend-pr-2: services "LunchUp-Backend" not found
