
Showing logs for build [32mdevopscamp2019-lunchup-backend-fxdlt-26[0m stage [32mfrom-build-pack[0m and container [32mstep-credential-initializer-4nzl2[0m
{"level":"warn","ts":1573044049.655098,"logger":"fallback-logger","caller":"logging/config.go:69","msg":"Fetch GitHub commit ID from kodata failed: \"ref: refs/heads/master\" is not a valid GitHub commit ID"}
{"level":"info","ts":1573044049.6556432,"logger":"fallback-logger","caller":"creds-init/main.go:40","msg":"Credentials initialized."}

Showing logs for build [32mdevopscamp2019-lunchup-backend-fxdlt-26[0m stage [32mfrom-build-pack[0m and container [32mstep-working-dir-initializer-ldv6g[0m
{"level":"warn","ts":1573044051.0499003,"logger":"fallback-logger","caller":"logging/config.go:69","msg":"Fetch GitHub commit ID from kodata failed: open /var/run/ko/HEAD: no such file or directory"}
{"level":"info","ts":1573044051.051357,"logger":"fallback-logger","caller":"bash/main.go:65","msg":"Successfully executed command \"mkdir -p /workspace/source\""}

Showing logs for build [32mdevopscamp2019-lunchup-backend-fxdlt-26[0m stage [32mfrom-build-pack[0m and container [32mstep-place-tools[0m

Showing logs for build [32mdevopscamp2019-lunchup-backend-fxdlt-26[0m stage [32mfrom-build-pack[0m and container [32mstep-git-source-devopscamp2019-lunchup-backend-mf66d[0m
{"level":"warn","ts":1573044057.0841959,"logger":"fallback-logger","caller":"logging/config.go:69","msg":"Fetch GitHub commit ID from kodata failed: \"ref: refs/heads/master\" is not a valid GitHub commit ID"}
{"level":"info","ts":1573044058.5890973,"logger":"fallback-logger","caller":"git/git.go:102","msg":"Successfully cloned https://github.com/DevOpsCamp2019/LunchUp-Backend.git @ master in path /workspace/source"}

Showing logs for build [32mdevopscamp2019-lunchup-backend-fxdlt-26[0m stage [32mfrom-build-pack[0m and container [32mstep-git-merge[0m
Using SHAs from PULL_REFS=master:ebb9c7c9d1ff019ee673fa15a534a77532977b8d,2:ff9405fad8f60d08930f0ec4c74d7c2caae4ade3
DEBUG: ran git fetch --unshallow origin ff9405fad8f60d08930f0ec4c74d7c2caae4ade3: ebb9c7c9d1ff019ee673fa15a534a77532977b8d: in 
DEBUG: ran git checkout master in 
DEBUG: ran git reset --hard ebb9c7c9d1ff019ee673fa15a534a77532977b8d in 
DEBUG: ran clean --force -d . in 
DEBUG: ran git merge ff9405fad8f60d08930f0ec4c74d7c2caae4ade3 in 
Merged SHA d0fe1a9ee751e3b511211edf1993aca575f96717 with commit message 'Merge commit 'ff9405fad8f60d08930f0ec4c74d7c2caae4ade3'' into base branch master
Merged SHA ff9405fad8f60d08930f0ec4c74d7c2caae4ade3 with commit message 'add more readme stuff' into base branch master
Merged SHA ffee119baedf4ffa164314d16dba0740a1676fe2 with commit message 'use alias for values on subchart (deployment.yaml)' into base branch master
Merged SHA b870f342efd2dc7b8a3eb6abe5967abaa9b6113b with commit message 'Merge remote-tracking branch 'origin/feature/postgres_charts' into feature/postgres_charts' into base branch master
Merged SHA c70c4069420fd8c178800d5ef549e18d88d84242 with commit message 'Merge branch 'feature/postgres_charts' of https://github.com/DevOpsCamp2019/LunchUp-Backend into feature/postgres_charts' into base branch master
Merged SHA fd1c1900f34b8b3f0ad48fe4aca438428d6c90d5 with commit message 'use alias for values on subchart' into base branch master
Merged SHA 702317e90de7b6197ed115eff2237846d55b84aa with commit message 'Revert "add postgres env variables to deployment.yaml"' into base branch master
Merged SHA fbb8fa16a7d2cb027a591bed92cf2823847af642 with commit message 'use prefix for postgres values' into base branch master
Merged SHA 7a369023205c357e5e9296b48ffa6002891bac11 with commit message 'Merge remote-tracking branch 'origin/feature/postgres_charts' into feature/postgres_charts' into base branch master
Merged SHA ebe18029185bc3e29bb39698b9cca95f9ee6529b with commit message 'add postgres env variables to deployment.yaml' into base branch master
Merged SHA eca9c2b657278617410fa160669a02f778f8934e with commit message 'disable persistence for preview' into base branch master
Merged SHA 1e9d3720b14eb1e6ccf3ea690f69bae8c24f813c with commit message 'fix db name' into base branch master
Merged SHA 543f93489a688a24f41cee459172bbdd7b1474ea with commit message 'back to static values' into base branch master
Merged SHA 909bb77d60ac1f09d9a7cc185b41ab969f54b132 with commit message 'set asp net environments' into base branch master
Merged SHA d5f425e5843eacdb35304d309f1a9adf1a304a5e with commit message 'use password from secret' into base branch master
Merged SHA 6961969a623ca93147de5dbe8c53b6158ada1ca5 with commit message 'harmonize env variables' into base branch master
Merged SHA 6a38d229369e1356f57a2a3085a4bf840c056537 with commit message 'set user and pw' into base branch master
Merged SHA 647292a2e3f563c330706feaff7ba16f22bdc067 with commit message 'fix db service name' into base branch master
Merged SHA 2ac134d28a9c080b716d13fae5d1640a15d5dc93 with commit message 'fix more repo names' into base branch master
Merged SHA 6d8a3b407010d4d6350eb7acda9da530b58120c4 with commit message 'fix wrong image repo' into base branch master
Merged SHA 3f4dea1cacaa4260166b0321d8667c1c878db989 with commit message 'add dummy notes to readme' into base branch master
Merged SHA cbaa5bbffe2014cba094d3873289783dbd1047eb with commit message 'replace env separator : with __' into base branch master
Merged SHA 061fe59d054a8275496166d39ff95e399697ddd2 with commit message 'put port in quotes' into base branch master
Merged SHA 8297e7c3f7a8b77a0b3bba60239585ef7c5ae48a with commit message 'Merge remote-tracking branch 'origin/master' into feature/postgres_charts' into base branch master
Merged SHA a88e52ef756dbecd610df6cec16c15d9bf9b01a9 with commit message 'add env variables to deployment.yaml' into base branch master
Merged SHA 5bd1bc578b64bc8425e4607ba4c96759881a3725 with commit message 'change userid to bitnami id' into base branch master
Merged SHA bd95a7d2a7b585aeeb82b391b012ca3f5de61fa3 with commit message 'add postgres security context' into base branch master
Merged SHA 72c8eb739f97c548c4f2af3824f1dff73b929cec with commit message 'add postgres username and password' into base branch master
Merged SHA c579c78ad163cd0eb6978470e94abf332db14479 with commit message 'Add version to preview chart.yaml' into base branch master
Merged SHA c5c65d63bb4d8fdd1bc0ba412bed42d4bfd565b1 with commit message 'add potential workaround for mysterious file not found issue' into base branch master
Merged SHA 0b77589002f82cc6dbf9e015c0b19d4f6aee2a2f with commit message 'add alias and move postgres above preview dependency' into base branch master
Merged SHA 7f24541484a5880e8e11c7182ac035d7e42bd1fd with commit message 'add postrgres to requirements.yml' into base branch master

Showing logs for build [32mdevopscamp2019-lunchup-backend-fxdlt-26[0m stage [32mfrom-build-pack[0m and container [32mstep-build-container-build[0m
[36mINFO[0m[0000] Downloading base image mcr.microsoft.com/dotnet/core/aspnet:3.0-buster-slim 
ERROR: logging before flag.Parse: E1106 12:41:02.730959      10 metadata.go:142] while reading 'google-dockercfg' metadata: http status code: 404 while fetching url http://metadata.google.internal./computeMetadata/v1/instance/attributes/google-dockercfg
ERROR: logging before flag.Parse: E1106 12:41:02.734127      10 metadata.go:159] while reading 'google-dockercfg-url' metadata: http status code: 404 while fetching url http://metadata.google.internal./computeMetadata/v1/instance/attributes/google-dockercfg-url
2019/11/06 12:41:02 No matching credentials were found, falling back on anonymous
[36mINFO[0m[0001] Error while retrieving image from cache: getting file info: stat /workspace/sha256:803b70d9de2c57a168af4cc7d44e77a9c0591b49ce2af73d50c344aa22048eda: no such file or directory 
[36mINFO[0m[0001] Downloading base image mcr.microsoft.com/dotnet/core/aspnet:3.0-buster-slim 
2019/11/06 12:41:03 No matching credentials were found, falling back on anonymous
[36mINFO[0m[0002] cmd: EXPOSE                                  
[36mINFO[0m[0002] Adding exposed port: 80/tcp                  
[36mINFO[0m[0002] cmd: EXPOSE                                  
[36mINFO[0m[0002] Adding exposed port: 443/tcp                 
[36mINFO[0m[0002] Skipping unpacking as no commands require it. 
[36mINFO[0m[0002] Taking snapshot of full filesystem...        
[36mINFO[0m[0002] ENV COMPlus_EnableDiagnostics=0              
[36mINFO[0m[0002] No files changed in this command, skipping snapshotting. 
[36mINFO[0m[0002] WORKDIR /app                                 
[36mINFO[0m[0002] cmd: workdir                                 
[36mINFO[0m[0002] Changed working directory to /app            
[36mINFO[0m[0002] Creating directory /app                      
[36mINFO[0m[0002] Taking snapshot of files...                  
[36mINFO[0m[0002] EXPOSE 80                                    
[36mINFO[0m[0002] cmd: EXPOSE                                  
[36mINFO[0m[0002] Adding exposed port: 80/tcp                  
[36mINFO[0m[0002] No files changed in this command, skipping snapshotting. 
[36mINFO[0m[0002] EXPOSE 443                                   
[36mINFO[0m[0002] cmd: EXPOSE                                  
[36mINFO[0m[0002] Adding exposed port: 443/tcp                 
[36mINFO[0m[0002] No files changed in this command, skipping snapshotting. 
[36mINFO[0m[0002] Storing source image from stage 0 at path /kaniko/stages/0 
[36mINFO[0m[0019] Deleting filesystem...                       
[36mINFO[0m[0019] Downloading base image mcr.microsoft.com/dotnet/core/sdk:3.0-buster 
2019/11/06 12:41:22 No matching credentials were found, falling back on anonymous
[36mINFO[0m[0020] Error while retrieving image from cache: getting file info: stat /workspace/sha256:65c0187e27b42bc45ea5ef98226c7ef37d1b706e10031ddce377bf6da3dcd9aa: no such file or directory 
[36mINFO[0m[0020] Downloading base image mcr.microsoft.com/dotnet/core/sdk:3.0-buster 
2019/11/06 12:41:23 No matching credentials were found, falling back on anonymous
[36mINFO[0m[0021] Using files from context: [/workspace/source/src/LunchUp.Backend] 
[36mINFO[0m[0021] Checking for cached layer gcr.io/deliverymachine/cache:e31f67de9fae5adf1d7b0358954c4a2964bdd47189ad093a6add3acad6a37f52... 
[36mINFO[0m[0021] Using caching version of cmd: RUN dotnet restore "LunchUp.Backend/LunchUp.Backend.sln" 
[36mINFO[0m[0021] Using files from context: [/workspace/source] 
[36mINFO[0m[0021] Checking for cached layer gcr.io/deliverymachine/cache:cf8f414d9acfb5abac91a6ea934dae5af53beed0d61984e8536923065048ee62... 
[36mINFO[0m[0022] No cached layer found for cmd RUN dotnet build "LunchUp.WebHost/LunchUp.WebHost.csproj" -c Release -o /app/build 
[36mINFO[0m[0022] Unpacking rootfs as cmd RUN dotnet build "LunchUp.WebHost/LunchUp.WebHost.csproj" -c Release -o /app/build requires it. 
[36mINFO[0m[0057] Taking snapshot of full filesystem...        
[36mINFO[0m[0065] ENV COMPlus_EnableDiagnostics=0              
[36mINFO[0m[0065] No files changed in this command, skipping snapshotting. 
[36mINFO[0m[0065] WORKDIR /src                                 
[36mINFO[0m[0065] cmd: workdir                                 
[36mINFO[0m[0065] Changed working directory to /src            
[36mINFO[0m[0065] Creating directory /src                      
[36mINFO[0m[0065] Taking snapshot of files...                  
[36mINFO[0m[0065] Using files from context: [/workspace/source/src/LunchUp.Backend] 
[36mINFO[0m[0065] COPY ["src/LunchUp.Backend/", "LunchUp.Backend/"] 
[36mINFO[0m[0065] Taking snapshot of files...                  
[36mINFO[0m[0065] RUN dotnet restore "LunchUp.Backend/LunchUp.Backend.sln" 
[36mINFO[0m[0065] Found cached layer, extracting to filesystem 
[36mINFO[0m[0075] Taking snapshot of files...                  
[36mINFO[0m[0085] Using files from context: [/workspace/source] 
[36mINFO[0m[0085] COPY . .                                     
[36mINFO[0m[0085] Taking snapshot of files...                  
[36mINFO[0m[0086] WORKDIR "/src/LunchUp.Backend"               
[36mINFO[0m[0086] cmd: workdir                                 
[36mINFO[0m[0086] Changed working directory to /src/LunchUp.Backend 
[36mINFO[0m[0086] No files changed in this command, skipping snapshotting. 
[36mINFO[0m[0086] RUN dotnet build "LunchUp.WebHost/LunchUp.WebHost.csproj" -c Release -o /app/build 
[36mINFO[0m[0086] cmd: /bin/sh                                 
[36mINFO[0m[0086] args: [-c dotnet build "LunchUp.WebHost/LunchUp.WebHost.csproj" -c Release -o /app/build] 
Microsoft (R) Build Engine version 16.3.0+0f4c62fea for .NET Core
Copyright (C) Microsoft Corporation. All rights reserved.

  Restore completed in 35.69 ms for /src/LunchUp.Backend/LunchUp.Model/LunchUp.Model.csproj.
  Restore completed in 36.03 ms for /src/LunchUp.Backend/LunchUp.Core/LunchUp.Core.csproj.
  Restore completed in 3.13 ms for /src/LunchUp.Backend/LunchUp.WebHost/LunchUp.WebHost.csproj.
  LunchUp.Model -> /app/build/LunchUp.Model.dll
  LunchUp.Core -> /app/build/LunchUp.Core.dll
DatabaseSettings.cs(4,18): warning CS1591: Missing XML comment for publicly visible type or member 'DatabaseSettings' [/src/LunchUp.Backend/LunchUp.WebHost/LunchUp.WebHost.csproj]
DatabaseSettings.cs(6,23): warning CS1591: Missing XML comment for publicly visible type or member 'DatabaseSettings.Database' [/src/LunchUp.Backend/LunchUp.WebHost/LunchUp.WebHost.csproj]
DatabaseSettings.cs(7,23): warning CS1591: Missing XML comment for publicly visible type or member 'DatabaseSettings.Host' [/src/LunchUp.Backend/LunchUp.WebHost/LunchUp.WebHost.csproj]
DatabaseSettings.cs(8,20): warning CS1591: Missing XML comment for publicly visible type or member 'DatabaseSettings.Port' [/src/LunchUp.Backend/LunchUp.WebHost/LunchUp.WebHost.csproj]
DatabaseSettings.cs(9,23): warning CS1591: Missing XML comment for publicly visible type or member 'DatabaseSettings.Username' [/src/LunchUp.Backend/LunchUp.WebHost/LunchUp.WebHost.csproj]
DatabaseSettings.cs(10,23): warning CS1591: Missing XML comment for publicly visible type or member 'DatabaseSettings.Password' [/src/LunchUp.Backend/LunchUp.WebHost/LunchUp.WebHost.csproj]
  LunchUp.WebHost -> /app/build/LunchUp.WebHost.dll

Build succeeded.

DatabaseSettings.cs(4,18): warning CS1591: Missing XML comment for publicly visible type or member 'DatabaseSettings' [/src/LunchUp.Backend/LunchUp.WebHost/LunchUp.WebHost.csproj]
DatabaseSettings.cs(6,23): warning CS1591: Missing XML comment for publicly visible type or member 'DatabaseSettings.Database' [/src/LunchUp.Backend/LunchUp.WebHost/LunchUp.WebHost.csproj]
DatabaseSettings.cs(7,23): warning CS1591: Missing XML comment for publicly visible type or member 'DatabaseSettings.Host' [/src/LunchUp.Backend/LunchUp.WebHost/LunchUp.WebHost.csproj]
DatabaseSettings.cs(8,20): warning CS1591: Missing XML comment for publicly visible type or member 'DatabaseSettings.Port' [/src/LunchUp.Backend/LunchUp.WebHost/LunchUp.WebHost.csproj]
DatabaseSettings.cs(9,23): warning CS1591: Missing XML comment for publicly visible type or member 'DatabaseSettings.Username' [/src/LunchUp.Backend/LunchUp.WebHost/LunchUp.WebHost.csproj]
DatabaseSettings.cs(10,23): warning CS1591: Missing XML comment for publicly visible type or member 'DatabaseSettings.Password' [/src/LunchUp.Backend/LunchUp.WebHost/LunchUp.WebHost.csproj]
    6 Warning(s)
    0 Error(s)

Time Elapsed 00:00:10.21
[36mINFO[0m[0097] Taking snapshot of full filesystem...        
[36mINFO[0m[0103] ignoring socket g+DM1dBf3hsd22AO8JuBabg4ChjyflqwMaiOYpIurSs, not adding to tar 
[36mINFO[0m[0103] ignoring socket dotnet-diagnostic-94-9341397-socket, not adding to tar 
[36mINFO[0m[0103] ignoring socket CoreFxPipe_MSBuild66, not adding to tar 
[36mINFO[0m[0103] ignoring socket dotnet-diagnostic-66-9341185-socket, not adding to tar 
[36mINFO[0m[0104] Pushing layer gcr.io/deliverymachine/cache:cf8f414d9acfb5abac91a6ea934dae5af53beed0d61984e8536923065048ee62 to cache now 
2019/11/06 12:42:51 pushed blob: sha256:1fca1b2620ad8ada6187ac12f77966fe2d77350ad3d99f42447419aba35d69b3
2019/11/06 12:42:54 pushed blob: sha256:32109b2f31397ba1ee71116bf7626ed7873d59bd50d7c6f0e29c06de755e0177
2019/11/06 12:42:56 gcr.io/deliverymachine/cache:cf8f414d9acfb5abac91a6ea934dae5af53beed0d61984e8536923065048ee62: digest: sha256:49499aeac0be556307c27b957d78ad12cdad11aadba21daff9ef4a33e3b56d5f size: 429
[36mINFO[0m[0113] Storing source image from stage 1 at path /kaniko/stages/1 
[36mINFO[0m[0198] Deleting filesystem...                       
[36mINFO[0m[0200] Base image from previous stage 1 found, using saved tar at path /kaniko/stages/1 
[36mINFO[0m[0202] Checking for cached layer gcr.io/deliverymachine/cache:4ad2acd1f9eb8f8f91e46dd828956aa2a413936f72b09fa7ad79b89577f4c251... 
[36mINFO[0m[0203] No cached layer found for cmd RUN dotnet publish "LunchUp.WebHost/LunchUp.WebHost.csproj" -c Release -o /app/publish 
[36mINFO[0m[0203] Unpacking rootfs as cmd RUN dotnet publish "LunchUp.WebHost/LunchUp.WebHost.csproj" -c Release -o /app/publish requires it. 
[36mINFO[0m[0221] Taking snapshot of full filesystem...        
[36mINFO[0m[0236] RUN dotnet publish "LunchUp.WebHost/LunchUp.WebHost.csproj" -c Release -o /app/publish 
[36mINFO[0m[0236] cmd: /bin/sh                                 
[36mINFO[0m[0236] args: [-c dotnet publish "LunchUp.WebHost/LunchUp.WebHost.csproj" -c Release -o /app/publish] 
Microsoft (R) Build Engine version 16.3.0+0f4c62fea for .NET Core
Copyright (C) Microsoft Corporation. All rights reserved.

  Restore completed in 35.48 ms for /src/LunchUp.Backend/LunchUp.Model/LunchUp.Model.csproj.
  Restore completed in 35.48 ms for /src/LunchUp.Backend/LunchUp.Core/LunchUp.Core.csproj.
  Restore completed in 2.82 ms for /src/LunchUp.Backend/LunchUp.WebHost/LunchUp.WebHost.csproj.
  LunchUp.Model -> /src/LunchUp.Backend/LunchUp.Model/bin/Release/netcoreapp3.0/LunchUp.Model.dll
  LunchUp.Core -> /src/LunchUp.Backend/LunchUp.Core/bin/Release/netcoreapp3.0/LunchUp.Core.dll
  LunchUp.WebHost -> /src/LunchUp.Backend/LunchUp.WebHost/bin/Release/netcoreapp3.0/LunchUp.WebHost.dll
  LunchUp.WebHost -> /app/publish/
[36mINFO[0m[0240] Taking snapshot of full filesystem...        
[36mINFO[0m[0245] ignoring socket dotnet-diagnostic-164-9356182-socket, not adding to tar 
[36mINFO[0m[0248] Pushing layer gcr.io/deliverymachine/cache:4ad2acd1f9eb8f8f91e46dd828956aa2a413936f72b09fa7ad79b89577f4c251 to cache now 
2019/11/06 12:45:15 pushed blob: sha256:5a45873e054ffe5180222b25b710c7b3effa82dc8e264798d9ba334f9ce32672
2019/11/06 12:45:18 pushed blob: sha256:b0a8cacb28d3d1ed6e3810aa3a194d81df51b04e9977df1f871bd818f7cc8570
2019/11/06 12:45:19 gcr.io/deliverymachine/cache:4ad2acd1f9eb8f8f91e46dd828956aa2a413936f72b09fa7ad79b89577f4c251: digest: sha256:72bad4ce19f30b81ff52570d8b09b0bf1b3726682108adadf56f38723a25f109 size: 429
[36mINFO[0m[0257] Storing source image from stage 2 at path /kaniko/stages/2 
[36mINFO[0m[0286] Deleting filesystem...                       
[36mINFO[0m[0288] Base image from previous stage 0 found, using saved tar at path /kaniko/stages/0 
[36mINFO[0m[0290] Skipping unpacking as no commands require it. 
[36mINFO[0m[0290] Taking snapshot of full filesystem...        
[36mINFO[0m[0295] WORKDIR /app                                 
[36mINFO[0m[0295] cmd: workdir                                 
[36mINFO[0m[0295] Changed working directory to /app            
[36mINFO[0m[0295] Creating directory /app                      
[36mINFO[0m[0295] Taking snapshot of files...                  
[36mINFO[0m[0295] COPY --from=publish /app/publish .           
[36mINFO[0m[0295] Taking snapshot of files...                  
[36mINFO[0m[0296] ENTRYPOINT ["dotnet", "LunchUp.WebHost.dll"] 
[36mINFO[0m[0296] No files changed in this command, skipping snapshotting. 
2019/11/06 12:46:00 existing blob: sha256:9526604e089d8d4aa947f34e52a14ac8793232dd181022932f3c15291c5cd3af
2019/11/06 12:46:00 existing blob: sha256:7a6b64767b0b4ec3bb235712bc93f6cada4812dbfec432d98ca9c485f9ce2ea8
2019/11/06 12:46:00 existing blob: sha256:8d691f585fa8cec0eba196be460cfaffd69939782d6162986c3e0c5225d54f02
2019/11/06 12:46:00 existing blob: sha256:a9e6ceefc5a08dc7b1b04a1105c47e00e9340349177009bc8926571ee8a39204
2019/11/06 12:46:00 existing blob: sha256:68f6aee67b9130df079abf2476334ad9474e116c69efedd19e272bbff3643971
2019/11/06 12:46:03 pushed blob: sha256:6fb4c30034163289e866ea8fa6e2b84b7138f5ac876738f236c966050c92a07a
2019/11/06 12:46:03 pushed blob: sha256:8621b8e75fdf65e2ee0481c868ca52c5da9c08a1627f05b813bc5fbb8b18ee8a
2019/11/06 12:46:04 pushed blob: sha256:dfe0bf168d21ba775bb0ca8527e119cbe03fcba8bf1b78143c9fb77736186ab8
2019/11/06 12:46:06 pushed blob: sha256:d6cb737de88fe7ede3b11f78eeb1d270e71307f174ccdc1d57e193d03d6f028b
2019/11/06 12:46:07 gcr.io/deliverymachine/lunchup-backend:0.0.0-SNAPSHOT-PR-2-26: digest: sha256:930ae5a711886553304e1aa8311b4222f6443e0e0de4a853a6d79152adea74b8 size: 1572

Showing logs for build [32mdevopscamp2019-lunchup-backend-fxdlt-26[0m stage [32mfrom-build-pack[0m and container [32mstep-postbuild-post-build[0m
no CVE provider running in the current ** namespace so skip adding image to be analysed

Showing logs for build [32mdevopscamp2019-lunchup-backend-fxdlt-26[0m stage [32mfrom-build-pack[0m and container [32mstep-promote-make-preview[0m
sed -i -e "s/version:.*/version: 0.0.0-SNAPSHOT-PR-2-26/" Chart.yaml
sed -i -e "s/version:.*/version: 0.0.0-SNAPSHOT-PR-2-26/" ../*/Chart.yaml
sed -i -e "s|repository:.*|repository: gcr.io\/deliverymachine\/lunchup-backend|" values.yaml
sed -i -e "s/tag:.*/tag: 0.0.0-SNAPSHOT-PR-2-26/" values.yaml
sed -i -e "s/tag:.*/tag: 0.0.0-SNAPSHOT-PR-2-26/" values.yaml
pwd
/workspace/source/charts/preview
ls
Chart.yaml
Makefile
requirements.yaml
templates
values.yaml
ls ..
lunchup-backend
preview
echo "  version: 0.0.0-SNAPSHOT-PR-2-26" >> requirements.yaml
** step helm build
WARNING: No $CHART_REPOSITORY defined so using the default value of: http://jenkins-x-chartmuseum:8080
Adding missing Helm repo: storage.googleapis.com https://storage.googleapis.com/chartmuseum.jenkins-x.io
Successfully added Helm repository storage.googleapis.com.
Adding missing Helm repo: jenkins-x-chartmuseum http://jenkins-x-chartmuseum:8080
Successfully added Helm repository jenkins-x-chartmuseum.
WARNING: No $CHART_REPOSITORY defined so using the default value of: http://jenkins-x-chartmuseum:8080
Adding missing Helm repo: chartmuseum.jenkins-x.io http://chartmuseum.jenkins-x.io
Successfully added Helm repository chartmuseum.jenkins-x.io.

Showing logs for build [32mdevopscamp2019-lunchup-backend-fxdlt-26[0m stage [32mfrom-build-pack[0m and container [32mstep-promote-jx-preview[0m
Creating a preview
Commit author email is empty for: 7f24541484a5880e8e11c7182ac035d7e42bd1fd
Looking for commits in: /workspace/source/
Commit author email is empty for: 0b77589002f82cc6dbf9e015c0b19d4f6aee2a2f
Looking for commits in: /workspace/source/
Commit author email is empty for: c5c65d63bb4d8fdd1bc0ba412bed42d4bfd565b1
Looking for commits in: /workspace/source/
Commit author email is empty for: c579c78ad163cd0eb6978470e94abf332db14479
Looking for commits in: /workspace/source/
Commit author email is empty for: 72c8eb739f97c548c4f2af3824f1dff73b929cec
Looking for commits in: /workspace/source/
Commit author email is empty for: bd95a7d2a7b585aeeb82b391b012ca3f5de61fa3
Looking for commits in: /workspace/source/
Commit author email is empty for: 5bd1bc578b64bc8425e4607ba4c96759881a3725
Looking for commits in: /workspace/source/
Commit author email is empty for: a88e52ef756dbecd610df6cec16c15d9bf9b01a9
Looking for commits in: /workspace/source/
Commit author email is empty for: 8297e7c3f7a8b77a0b3bba60239585ef7c5ae48a
Looking for commits in: /workspace/source/
Commit author email is empty for: 061fe59d054a8275496166d39ff95e399697ddd2
Looking for commits in: /workspace/source/
WARNING: No author for commit: cbaa5bbffe2014cba094d3873289783dbd1047eb
WARNING: No author for commit: 3f4dea1cacaa4260166b0321d8667c1c878db989
WARNING: No author for commit: 6d8a3b407010d4d6350eb7acda9da530b58120c4
WARNING: No author for commit: 2ac134d28a9c080b716d13fae5d1640a15d5dc93
WARNING: No author for commit: 647292a2e3f563c330706feaff7ba16f22bdc067
WARNING: No author for commit: 6a38d229369e1356f57a2a3085a4bf840c056537
WARNING: No author for commit: 6961969a623ca93147de5dbe8c53b6158ada1ca5
WARNING: No author for commit: d5f425e5843eacdb35304d309f1a9adf1a304a5e
WARNING: No author for commit: 909bb77d60ac1f09d9a7cc185b41ab969f54b132
WARNING: No author for commit: 543f93489a688a24f41cee459172bbdd7b1474ea
WARNING: No author for commit: 1e9d3720b14eb1e6ccf3ea690f69bae8c24f813c
WARNING: No author for commit: eca9c2b657278617410fa160669a02f778f8934e
Commit author email is empty for: ebe18029185bc3e29bb39698b9cca95f9ee6529b
Looking for commits in: /workspace/source/
WARNING: No author for commit: 7a369023205c357e5e9296b48ffa6002891bac11
WARNING: No author for commit: fbb8fa16a7d2cb027a591bed92cf2823847af642
Commit author email is empty for: 702317e90de7b6197ed115eff2237846d55b84aa
Looking for commits in: /workspace/source/
WARNING: No author for commit: fd1c1900f34b8b3f0ad48fe4aca438428d6c90d5
Commit author email is empty for: c70c4069420fd8c178800d5ef549e18d88d84242
Looking for commits in: /workspace/source/
Commit author email is empty for: b870f342efd2dc7b8a3eb6abe5967abaa9b6113b
Looking for commits in: /workspace/source/
WARNING: No author for commit: ffee119baedf4ffa164314d16dba0740a1676fe2
Found commit author match for: valkyrjaa with email address: tuana1998@hotmail.de
expose:
  Annotations:
    helm.sh/hook: post-install,post-upgrade
    helm.sh/hook-delete-policy: hook-succeeded
  config:
    domain: 34.65.166.10.nip.io
    exposer: Ingress
    http: "true"
preview:
  image:
    repository: gcr.io/deliverymachine/LunchUp-Backend
    tag: 0.0.0-SNAPSHOT-PR-2-26
Cloning the Jenkins X versions repo https://github.com/jenkins-x/jenkins-x-versions.git with ref refs/heads/master to /builder/home/.**/jenkins-x-versions


WARNING: Could not find the service URL in namespace **-devopscamp2019-lunchup-backend-pr-2 for names LunchUp-Backend, preview, **-devopscamp2019-lunchup-backend-pr-2-preview, preview-LunchUp-Backend: the server could not find the requested resource (get services.serving.knative.dev preview-LunchUp-Backend)
Updating PipelineActivities devopscamp2019-lunchup-backend-pr-2-26 which has status Running
WARNING: Failed to find the service LunchUp-Backend : failed to find service LunchUp-Backend in namespace **-devopscamp2019-lunchup-backend-pr-2: services "LunchUp-Backend" not found
