
Showing logs for build [32mdevopscamp2019-lunchup-backend-kfr4p-4[0m stage [32mfrom-build-pack[0m and container [32mstep-credential-initializer-ftkjs[0m
{"level":"warn","ts":1572960295.2713718,"logger":"fallback-logger","caller":"logging/config.go:69","msg":"Fetch GitHub commit ID from kodata failed: \"ref: refs/heads/master\" is not a valid GitHub commit ID"}
{"level":"info","ts":1572960295.2720623,"logger":"fallback-logger","caller":"creds-init/main.go:40","msg":"Credentials initialized."}

Showing logs for build [32mdevopscamp2019-lunchup-backend-kfr4p-4[0m stage [32mfrom-build-pack[0m and container [32mstep-working-dir-initializer-66dg8[0m
{"level":"warn","ts":1572960296.5974784,"logger":"fallback-logger","caller":"logging/config.go:69","msg":"Fetch GitHub commit ID from kodata failed: open /var/run/ko/HEAD: no such file or directory"}
{"level":"info","ts":1572960296.598782,"logger":"fallback-logger","caller":"bash/main.go:65","msg":"Successfully executed command \"mkdir -p /workspace/source\""}

Showing logs for build [32mdevopscamp2019-lunchup-backend-kfr4p-4[0m stage [32mfrom-build-pack[0m and container [32mstep-place-tools[0m

Showing logs for build [32mdevopscamp2019-lunchup-backend-kfr4p-4[0m stage [32mfrom-build-pack[0m and container [32mstep-git-source-devopscamp2019-lunchup-backend-lnkfc[0m
{"level":"warn","ts":1572960302.7257228,"logger":"fallback-logger","caller":"logging/config.go:69","msg":"Fetch GitHub commit ID from kodata failed: \"ref: refs/heads/master\" is not a valid GitHub commit ID"}
{"level":"info","ts":1572960303.7362683,"logger":"fallback-logger","caller":"git/git.go:102","msg":"Successfully cloned https://github.com/DevOpsCamp2019/LunchUp-Backend.git @ master in path /workspace/source"}

Showing logs for build [32mdevopscamp2019-lunchup-backend-kfr4p-4[0m stage [32mfrom-build-pack[0m and container [32mstep-git-merge[0m
Using SHAs from PULL_REFS=master:644517874190c10bbf35732cfc671efe74447b35,2:c579c78ad163cd0eb6978470e94abf332db14479
DEBUG: ran git fetch --unshallow origin c579c78ad163cd0eb6978470e94abf332db14479: 644517874190c10bbf35732cfc671efe74447b35: in 
DEBUG: ran git checkout master in 
DEBUG: ran git reset --hard 644517874190c10bbf35732cfc671efe74447b35 in 
DEBUG: ran clean --force -d . in 
DEBUG: ran git merge c579c78ad163cd0eb6978470e94abf332db14479 in 
Merged SHA b4aa728e15cd6bc0eb056bf1c288f33874b31a21 with commit message 'Merge commit 'c579c78ad163cd0eb6978470e94abf332db14479'' into base branch master
Merged SHA c579c78ad163cd0eb6978470e94abf332db14479 with commit message 'Add version to preview chart.yaml' into base branch master
Merged SHA c5c65d63bb4d8fdd1bc0ba412bed42d4bfd565b1 with commit message 'add potential workaround for mysterious file not found issue' into base branch master
Merged SHA 0b77589002f82cc6dbf9e015c0b19d4f6aee2a2f with commit message 'add alias and move postgres above preview dependency' into base branch master
Merged SHA 7f24541484a5880e8e11c7182ac035d7e42bd1fd with commit message 'add postrgres to requirements.yml' into base branch master

Showing logs for build [32mdevopscamp2019-lunchup-backend-kfr4p-4[0m stage [32mfrom-build-pack[0m and container [32mstep-build-container-build[0m
[36mINFO[0m[0000] Downloading base image mcr.microsoft.com/dotnet/core/aspnet:3.0-buster-slim 
ERROR: logging before flag.Parse: E1105 13:25:06.262433      10 metadata.go:142] while reading 'google-dockercfg' metadata: http status code: 404 while fetching url http://metadata.google.internal./computeMetadata/v1/instance/attributes/google-dockercfg
ERROR: logging before flag.Parse: E1105 13:25:06.268783      10 metadata.go:159] while reading 'google-dockercfg-url' metadata: http status code: 404 while fetching url http://metadata.google.internal./computeMetadata/v1/instance/attributes/google-dockercfg-url
2019/11/05 13:25:06 No matching credentials were found, falling back on anonymous
[36mINFO[0m[0001] Error while retrieving image from cache: getting file info: stat /workspace/sha256:803b70d9de2c57a168af4cc7d44e77a9c0591b49ce2af73d50c344aa22048eda: no such file or directory 
[36mINFO[0m[0001] Downloading base image mcr.microsoft.com/dotnet/core/aspnet:3.0-buster-slim 
2019/11/05 13:25:07 No matching credentials were found, falling back on anonymous
[36mINFO[0m[0002] cmd: EXPOSE                                  
[36mINFO[0m[0002] Adding exposed port: 80/tcp                  
[36mINFO[0m[0002] cmd: EXPOSE                                  
[36mINFO[0m[0002] Adding exposed port: 443/tcp                 
[36mINFO[0m[0002] Skipping unpacking as no commands require it. 
[36mINFO[0m[0002] Taking snapshot of full filesystem...        
[36mINFO[0m[0002] ENV COMPlus_EnableDiagnostics=0              
[36mINFO[0m[0002] No files changed in this command, skipping snapshotting. 
[36mINFO[0m[0002] WORKDIR /app                                 
[36mINFO[0m[0002] cmd: workdir                                 
[36mINFO[0m[0002] Changed working directory to /app            
[36mINFO[0m[0002] Creating directory /app                      
[36mINFO[0m[0002] Taking snapshot of files...                  
[36mINFO[0m[0002] EXPOSE 80                                    
[36mINFO[0m[0002] cmd: EXPOSE                                  
[36mINFO[0m[0002] Adding exposed port: 80/tcp                  
[36mINFO[0m[0002] No files changed in this command, skipping snapshotting. 
[36mINFO[0m[0002] EXPOSE 443                                   
[36mINFO[0m[0002] cmd: EXPOSE                                  
[36mINFO[0m[0002] Adding exposed port: 443/tcp                 
[36mINFO[0m[0002] No files changed in this command, skipping snapshotting. 
[36mINFO[0m[0002] Storing source image from stage 0 at path /kaniko/stages/0 
[36mINFO[0m[0026] Deleting filesystem...                       
[36mINFO[0m[0026] Downloading base image mcr.microsoft.com/dotnet/core/sdk:3.0-buster 
2019/11/05 13:25:32 No matching credentials were found, falling back on anonymous
[36mINFO[0m[0026] Error while retrieving image from cache: getting file info: stat /workspace/sha256:65c0187e27b42bc45ea5ef98226c7ef37d1b706e10031ddce377bf6da3dcd9aa: no such file or directory 
[36mINFO[0m[0026] Downloading base image mcr.microsoft.com/dotnet/core/sdk:3.0-buster 
2019/11/05 13:25:32 No matching credentials were found, falling back on anonymous
[36mINFO[0m[0027] Using files from context: [/workspace/source/src/LunchUp.Backend] 
[36mINFO[0m[0027] Checking for cached layer gcr.io/deliverymachine/cache:f3e80bf3393e6d74225e062d153d5d29709a20f0e68e29cd50059f46cf38fae0... 
[36mINFO[0m[0028] Using caching version of cmd: RUN dotnet restore "LunchUp.Backend/LunchUp.Backend.sln" 
[36mINFO[0m[0028] Using files from context: [/workspace/source] 
[36mINFO[0m[0029] Checking for cached layer gcr.io/deliverymachine/cache:37869812f1ab7c68e54d1f85b98daba1c21fe3fcccb1015e2ad6a2f422cd8ff5... 
[36mINFO[0m[0029] No cached layer found for cmd RUN dotnet build "LunchUp.WebHost/LunchUp.WebHost.csproj" -c Release -o /app/build 
[36mINFO[0m[0029] Unpacking rootfs as cmd RUN dotnet build "LunchUp.WebHost/LunchUp.WebHost.csproj" -c Release -o /app/build requires it. 
[36mINFO[0m[0063] Taking snapshot of full filesystem...        
[36mINFO[0m[0071] ENV COMPlus_EnableDiagnostics=0              
[36mINFO[0m[0071] No files changed in this command, skipping snapshotting. 
[36mINFO[0m[0071] WORKDIR /src                                 
[36mINFO[0m[0071] cmd: workdir                                 
[36mINFO[0m[0071] Changed working directory to /src            
[36mINFO[0m[0071] Creating directory /src                      
[36mINFO[0m[0071] Taking snapshot of files...                  
[36mINFO[0m[0071] Using files from context: [/workspace/source/src/LunchUp.Backend] 
[36mINFO[0m[0071] COPY ["src/LunchUp.Backend/", "LunchUp.Backend/"] 
[36mINFO[0m[0071] Taking snapshot of files...                  
[36mINFO[0m[0071] RUN dotnet restore "LunchUp.Backend/LunchUp.Backend.sln" 
[36mINFO[0m[0071] Found cached layer, extracting to filesystem 
[36mINFO[0m[0081] Taking snapshot of files...                  
[36mINFO[0m[0091] Using files from context: [/workspace/source] 
[36mINFO[0m[0091] COPY . .                                     
[36mINFO[0m[0091] Taking snapshot of files...                  
[36mINFO[0m[0091] WORKDIR "/src/LunchUp.Backend"               
[36mINFO[0m[0091] cmd: workdir                                 
[36mINFO[0m[0091] Changed working directory to /src/LunchUp.Backend 
[36mINFO[0m[0091] No files changed in this command, skipping snapshotting. 
[36mINFO[0m[0091] RUN dotnet build "LunchUp.WebHost/LunchUp.WebHost.csproj" -c Release -o /app/build 
[36mINFO[0m[0091] cmd: /bin/sh                                 
[36mINFO[0m[0091] args: [-c dotnet build "LunchUp.WebHost/LunchUp.WebHost.csproj" -c Release -o /app/build] 
Microsoft (R) Build Engine version 16.3.0+0f4c62fea for .NET Core
Copyright (C) Microsoft Corporation. All rights reserved.

  Restore completed in 32.69 ms for /src/LunchUp.Backend/LunchUp.Model/LunchUp.Model.csproj.
  Restore completed in 33.54 ms for /src/LunchUp.Backend/LunchUp.Core/LunchUp.Core.csproj.
  Restore completed in 3.05 ms for /src/LunchUp.Backend/LunchUp.WebHost/LunchUp.WebHost.csproj.
  LunchUp.Model -> /app/build/LunchUp.Model.dll
  LunchUp.Core -> /app/build/LunchUp.Core.dll
  LunchUp.WebHost -> /app/build/LunchUp.WebHost.dll

Build succeeded.
    0 Warning(s)
    0 Error(s)

Time Elapsed 00:00:09.08
[36mINFO[0m[0101] Taking snapshot of full filesystem...        
[36mINFO[0m[0105] ignoring socket dotnet-diagnostic-65-966074-socket, not adding to tar 
[36mINFO[0m[0105] ignoring socket g+DM1dBf3hsd22AO8JuBabg4ChjyflqwMaiOYpIurSs, not adding to tar 
[36mINFO[0m[0105] ignoring socket dotnet-diagnostic-92-966456-socket, not adding to tar 
[36mINFO[0m[0107] Pushing layer gcr.io/deliverymachine/cache:37869812f1ab7c68e54d1f85b98daba1c21fe3fcccb1015e2ad6a2f422cd8ff5 to cache now 
2019/11/05 13:26:57 pushed blob: sha256:7e5d92b7ce8686fe4bc8e316440b967976970041ad64d5cd75628026d67c45c0
2019/11/05 13:27:00 pushed blob: sha256:03cdfd3d65165da2e9d83a0b164b8962b76828d4fa1a0b759e775aa234c8505d
2019/11/05 13:27:02 gcr.io/deliverymachine/cache:37869812f1ab7c68e54d1f85b98daba1c21fe3fcccb1015e2ad6a2f422cd8ff5: digest: sha256:0d81935e094cd994697b374e51d7addeff52ef01da114b2fe1c723510e384fd6 size: 429
[36mINFO[0m[0115] Storing source image from stage 1 at path /kaniko/stages/1 
[36mINFO[0m[0192] Deleting filesystem...                       
[36mINFO[0m[0194] Base image from previous stage 1 found, using saved tar at path /kaniko/stages/1 
[36mINFO[0m[0196] Checking for cached layer gcr.io/deliverymachine/cache:9d008d72623b507967e1a7a4f93030d714c59f34e2948230bbf2297c9871a051... 
[36mINFO[0m[0197] No cached layer found for cmd RUN dotnet publish "LunchUp.WebHost/LunchUp.WebHost.csproj" -c Release -o /app/publish 
[36mINFO[0m[0197] Unpacking rootfs as cmd RUN dotnet publish "LunchUp.WebHost/LunchUp.WebHost.csproj" -c Release -o /app/publish requires it. 
[36mINFO[0m[0215] Taking snapshot of full filesystem...        
[36mINFO[0m[0229] RUN dotnet publish "LunchUp.WebHost/LunchUp.WebHost.csproj" -c Release -o /app/publish 
[36mINFO[0m[0229] cmd: /bin/sh                                 
[36mINFO[0m[0229] args: [-c dotnet publish "LunchUp.WebHost/LunchUp.WebHost.csproj" -c Release -o /app/publish] 
Microsoft (R) Build Engine version 16.3.0+0f4c62fea for .NET Core
Copyright (C) Microsoft Corporation. All rights reserved.

  Restore completed in 36.47 ms for /src/LunchUp.Backend/LunchUp.Core/LunchUp.Core.csproj.
  Restore completed in 36.47 ms for /src/LunchUp.Backend/LunchUp.Model/LunchUp.Model.csproj.
  Restore completed in 3.34 ms for /src/LunchUp.Backend/LunchUp.WebHost/LunchUp.WebHost.csproj.
  LunchUp.Model -> /src/LunchUp.Backend/LunchUp.Model/bin/Release/netcoreapp3.0/LunchUp.Model.dll
  LunchUp.Core -> /src/LunchUp.Backend/LunchUp.Core/bin/Release/netcoreapp3.0/LunchUp.Core.dll
  LunchUp.WebHost -> /src/LunchUp.Backend/LunchUp.WebHost/bin/Release/netcoreapp3.0/LunchUp.WebHost.dll
  LunchUp.WebHost -> /app/publish/
[36mINFO[0m[0233] Taking snapshot of full filesystem...        
[36mINFO[0m[0238] ignoring socket dotnet-diagnostic-159-979848-socket, not adding to tar 
[36mINFO[0m[0241] Pushing layer gcr.io/deliverymachine/cache:9d008d72623b507967e1a7a4f93030d714c59f34e2948230bbf2297c9871a051 to cache now 
2019/11/05 13:29:12 pushed blob: sha256:297d44e6ca1711104e5420568c55f8e5beef84312d6f3d86d3c28dc506cb8a9b
2019/11/05 13:29:16 pushed blob: sha256:333d7d9b6da2c9703108f7c7a4c0e1499a83517dc34c14ad2111fd0ddf220ff7
2019/11/05 13:29:17 gcr.io/deliverymachine/cache:9d008d72623b507967e1a7a4f93030d714c59f34e2948230bbf2297c9871a051: digest: sha256:06b27cc42eb596ff7ce9d093f285f8f0cf00650005b6a55179f9125db6a1946a size: 429
[36mINFO[0m[0251] Storing source image from stage 2 at path /kaniko/stages/2 
[36mINFO[0m[0278] Deleting filesystem...                       
[36mINFO[0m[0286] Base image from previous stage 0 found, using saved tar at path /kaniko/stages/0 
[36mINFO[0m[0287] Skipping unpacking as no commands require it. 
[36mINFO[0m[0287] Taking snapshot of full filesystem...        
[36mINFO[0m[0288] WORKDIR /app                                 
[36mINFO[0m[0288] cmd: workdir                                 
[36mINFO[0m[0288] Changed working directory to /app            
[36mINFO[0m[0288] Creating directory /app                      
[36mINFO[0m[0288] Taking snapshot of files...                  
[36mINFO[0m[0288] COPY --from=publish /app/publish .           
[36mINFO[0m[0288] Taking snapshot of files...                  
[36mINFO[0m[0289] ENTRYPOINT ["dotnet", "LunchUp.WebHost.dll"] 
[36mINFO[0m[0289] No files changed in this command, skipping snapshotting. 
2019/11/05 13:29:56 existing blob: sha256:68f6aee67b9130df079abf2476334ad9474e116c69efedd19e272bbff3643971
2019/11/05 13:29:56 existing blob: sha256:a9e6ceefc5a08dc7b1b04a1105c47e00e9340349177009bc8926571ee8a39204
2019/11/05 13:29:56 existing blob: sha256:7a6b64767b0b4ec3bb235712bc93f6cada4812dbfec432d98ca9c485f9ce2ea8
2019/11/05 13:29:56 existing blob: sha256:8d691f585fa8cec0eba196be460cfaffd69939782d6162986c3e0c5225d54f02
2019/11/05 13:29:56 existing blob: sha256:9526604e089d8d4aa947f34e52a14ac8793232dd181022932f3c15291c5cd3af
2019/11/05 13:29:59 pushed blob: sha256:916e05df816069b3813a67962f7fbb506da2b15463ce6158f7dd277ee7133e62
2019/11/05 13:29:59 pushed blob: sha256:6526d389733d78da6975368269e9e0cb84a87ae3567cb97523b0d4ca13364bcc
2019/11/05 13:30:00 pushed blob: sha256:d5505d942c8f079fc123087170a63fdc3a3792e77be272decb83c2238b87122e
2019/11/05 13:30:02 pushed blob: sha256:15099ccc14ab577b2a768dac0944c406826740f8e66dcca90a80691e83edabae
2019/11/05 13:30:04 gcr.io/deliverymachine/lunchup-backend:0.0.0-SNAPSHOT-PR-2-4: digest: sha256:d2a447e773fb679329e57332fd84d7bea5507259696a530fec917a5704fb1c97 size: 1572

Showing logs for build [32mdevopscamp2019-lunchup-backend-kfr4p-4[0m stage [32mfrom-build-pack[0m and container [32mstep-postbuild-post-build[0m
no CVE provider running in the current ** namespace so skip adding image to be analysed

Showing logs for build [32mdevopscamp2019-lunchup-backend-kfr4p-4[0m stage [32mfrom-build-pack[0m and container [32mstep-promote-make-preview[0m
sed -i -e "s/version:.*/version: 0.0.0-SNAPSHOT-PR-2-4/" Chart.yaml
sed -i -e "s/version:.*/version: 0.0.0-SNAPSHOT-PR-2-4/" ../*/Chart.yaml
sed -i -e "s|repository:.*|repository: gcr.io\/devopscamp2019\/lunchup-backend|" values.yaml
sed -i -e "s/tag:.*/tag: 0.0.0-SNAPSHOT-PR-2-4/" values.yaml
sed -i -e "s/tag:.*/tag: 0.0.0-SNAPSHOT-PR-2-4/" values.yaml
pwd
/workspace/source/charts/preview
ls
Chart.yaml
Makefile
requirements.yaml
templates
values.yaml
ls ..
lunchup-backend
preview
echo "  version: 0.0.0-SNAPSHOT-PR-2-4" >> requirements.yaml
** step helm build
WARNING: No $CHART_REPOSITORY defined so using the default value of: http://jenkins-x-chartmuseum:8080
Adding missing Helm repo: storage.googleapis.com https://storage.googleapis.com/chartmuseum.jenkins-x.io
Successfully added Helm repository storage.googleapis.com.
Adding missing Helm repo: jenkins-x-chartmuseum http://jenkins-x-chartmuseum:8080
Successfully added Helm repository jenkins-x-chartmuseum.
WARNING: No $CHART_REPOSITORY defined so using the default value of: http://jenkins-x-chartmuseum:8080
Adding missing Helm repo: chartmuseum.jenkins-x.io http://chartmuseum.jenkins-x.io
Successfully added Helm repository chartmuseum.jenkins-x.io.

Showing logs for build [32mdevopscamp2019-lunchup-backend-kfr4p-4[0m stage [32mfrom-build-pack[0m and container [32mstep-promote-jx-preview[0m
Creating a preview
Commit author email is empty for: 7f24541484a5880e8e11c7182ac035d7e42bd1fd
Looking for commits in: /workspace/source/
Commit author email is empty for: 0b77589002f82cc6dbf9e015c0b19d4f6aee2a2f
Looking for commits in: /workspace/source/
Commit author email is empty for: c5c65d63bb4d8fdd1bc0ba412bed42d4bfd565b1
Looking for commits in: /workspace/source/
Commit author email is empty for: c579c78ad163cd0eb6978470e94abf332db14479
Looking for commits in: /workspace/source/
Found commit author match for: valkyrjaa with email address: tuana1998@hotmail.de
Created environment devopscamp2019-lunchup-backend-pr-2
Namespace **-devopscamp2019-lunchup-backend-pr-2 created 
expose:
  Annotations:
    helm.sh/hook: post-install,post-upgrade
    helm.sh/hook-delete-policy: hook-succeeded
  config:
    domain: 34.65.166.10.nip.io
    exposer: Ingress
    http: "true"
preview:
  image:
    repository: gcr.io/deliverymachine/LunchUp-Backend
    tag: 0.0.0-SNAPSHOT-PR-2-4
Cloning the Jenkins X versions repo https://github.com/jenkins-x/jenkins-x-versions.git with ref refs/heads/master to /builder/home/.**/jenkins-x-versions


WARNING: Could not find the service URL in namespace **-devopscamp2019-lunchup-backend-pr-2 for names LunchUp-Backend, preview, **-devopscamp2019-lunchup-backend-pr-2-preview, preview-LunchUp-Backend: the server could not find the requested resource (get services.serving.knative.dev preview-LunchUp-Backend)
Updating PipelineActivities devopscamp2019-lunchup-backend-pr-2-4 which has status Running
WARNING: Failed to find the service LunchUp-Backend : failed to find service LunchUp-Backend in namespace **-devopscamp2019-lunchup-backend-pr-2: services "LunchUp-Backend" not found
