
Showing logs for build [32mdevopscamp2019-lunchup-backend-b5lf4-5[0m stage [32mfrom-build-pack[0m and container [32mstep-credential-initializer-g4fgt[0m
{"level":"warn","ts":1572962569.8923373,"logger":"fallback-logger","caller":"logging/config.go:69","msg":"Fetch GitHub commit ID from kodata failed: \"ref: refs/heads/master\" is not a valid GitHub commit ID"}
{"level":"info","ts":1572962569.8929725,"logger":"fallback-logger","caller":"creds-init/main.go:40","msg":"Credentials initialized."}

Showing logs for build [32mdevopscamp2019-lunchup-backend-b5lf4-5[0m stage [32mfrom-build-pack[0m and container [32mstep-working-dir-initializer-s7f7q[0m
{"level":"warn","ts":1572962570.436353,"logger":"fallback-logger","caller":"logging/config.go:69","msg":"Fetch GitHub commit ID from kodata failed: open /var/run/ko/HEAD: no such file or directory"}
{"level":"info","ts":1572962570.4396362,"logger":"fallback-logger","caller":"bash/main.go:65","msg":"Successfully executed command \"mkdir -p /workspace/source\""}

Showing logs for build [32mdevopscamp2019-lunchup-backend-b5lf4-5[0m stage [32mfrom-build-pack[0m and container [32mstep-place-tools[0m

Showing logs for build [32mdevopscamp2019-lunchup-backend-b5lf4-5[0m stage [32mfrom-build-pack[0m and container [32mstep-git-source-devopscamp2019-lunchup-backend-6ckxp[0m
{"level":"warn","ts":1572962576.6175554,"logger":"fallback-logger","caller":"logging/config.go:69","msg":"Fetch GitHub commit ID from kodata failed: \"ref: refs/heads/master\" is not a valid GitHub commit ID"}
{"level":"info","ts":1572962577.636342,"logger":"fallback-logger","caller":"git/git.go:102","msg":"Successfully cloned https://github.com/DevOpsCamp2019/LunchUp-Backend.git @ master in path /workspace/source"}

Showing logs for build [32mdevopscamp2019-lunchup-backend-b5lf4-5[0m stage [32mfrom-build-pack[0m and container [32mstep-git-merge[0m
Using SHAs from PULL_REFS=master:804824f2f006a6c0af826533c915af5b00d53c5b,2:72c8eb739f97c548c4f2af3824f1dff73b929cec
DEBUG: ran git fetch --unshallow origin 72c8eb739f97c548c4f2af3824f1dff73b929cec: 804824f2f006a6c0af826533c915af5b00d53c5b: in 
DEBUG: ran git checkout master in 
DEBUG: ran git reset --hard 804824f2f006a6c0af826533c915af5b00d53c5b in 
DEBUG: ran clean --force -d . in 
DEBUG: ran git merge 72c8eb739f97c548c4f2af3824f1dff73b929cec in 
Merged SHA ed498001591ed366010f1a160327b74cb9dc2990 with commit message 'Merge commit '72c8eb739f97c548c4f2af3824f1dff73b929cec'' into base branch master
Merged SHA 72c8eb739f97c548c4f2af3824f1dff73b929cec with commit message 'add postgres username and password' into base branch master
Merged SHA c579c78ad163cd0eb6978470e94abf332db14479 with commit message 'Add version to preview chart.yaml' into base branch master
Merged SHA c5c65d63bb4d8fdd1bc0ba412bed42d4bfd565b1 with commit message 'add potential workaround for mysterious file not found issue' into base branch master
Merged SHA 0b77589002f82cc6dbf9e015c0b19d4f6aee2a2f with commit message 'add alias and move postgres above preview dependency' into base branch master
Merged SHA 7f24541484a5880e8e11c7182ac035d7e42bd1fd with commit message 'add postrgres to requirements.yml' into base branch master

Showing logs for build [32mdevopscamp2019-lunchup-backend-b5lf4-5[0m stage [32mfrom-build-pack[0m and container [32mstep-build-container-build[0m
[36mINFO[0m[0000] Downloading base image mcr.microsoft.com/dotnet/core/aspnet:3.0-buster-slim 
ERROR: logging before flag.Parse: E1105 14:03:03.736230      11 metadata.go:142] while reading 'google-dockercfg' metadata: http status code: 404 while fetching url http://metadata.google.internal./computeMetadata/v1/instance/attributes/google-dockercfg
ERROR: logging before flag.Parse: E1105 14:03:03.740166      11 metadata.go:159] while reading 'google-dockercfg-url' metadata: http status code: 404 while fetching url http://metadata.google.internal./computeMetadata/v1/instance/attributes/google-dockercfg-url
2019/11/05 14:03:03 No matching credentials were found, falling back on anonymous
[36mINFO[0m[0001] Error while retrieving image from cache: getting file info: stat /workspace/sha256:803b70d9de2c57a168af4cc7d44e77a9c0591b49ce2af73d50c344aa22048eda: no such file or directory 
[36mINFO[0m[0001] Downloading base image mcr.microsoft.com/dotnet/core/aspnet:3.0-buster-slim 
2019/11/05 14:03:04 No matching credentials were found, falling back on anonymous
[36mINFO[0m[0002] cmd: EXPOSE                                  
[36mINFO[0m[0002] Adding exposed port: 80/tcp                  
[36mINFO[0m[0002] cmd: EXPOSE                                  
[36mINFO[0m[0002] Adding exposed port: 443/tcp                 
[36mINFO[0m[0002] Skipping unpacking as no commands require it. 
[36mINFO[0m[0002] Taking snapshot of full filesystem...        
[36mINFO[0m[0002] ENV COMPlus_EnableDiagnostics=0              
[36mINFO[0m[0002] No files changed in this command, skipping snapshotting. 
[36mINFO[0m[0002] WORKDIR /app                                 
[36mINFO[0m[0002] cmd: workdir                                 
[36mINFO[0m[0002] Changed working directory to /app            
[36mINFO[0m[0002] Creating directory /app                      
[36mINFO[0m[0002] Taking snapshot of files...                  
[36mINFO[0m[0002] EXPOSE 80                                    
[36mINFO[0m[0002] cmd: EXPOSE                                  
[36mINFO[0m[0002] Adding exposed port: 80/tcp                  
[36mINFO[0m[0002] No files changed in this command, skipping snapshotting. 
[36mINFO[0m[0002] EXPOSE 443                                   
[36mINFO[0m[0002] cmd: EXPOSE                                  
[36mINFO[0m[0002] Adding exposed port: 443/tcp                 
[36mINFO[0m[0002] No files changed in this command, skipping snapshotting. 
[36mINFO[0m[0002] Storing source image from stage 0 at path /kaniko/stages/0 
[36mINFO[0m[0023] Deleting filesystem...                       
[36mINFO[0m[0023] Downloading base image mcr.microsoft.com/dotnet/core/sdk:3.0-buster 
2019/11/05 14:03:26 No matching credentials were found, falling back on anonymous
[36mINFO[0m[0023] Error while retrieving image from cache: getting file info: stat /workspace/sha256:65c0187e27b42bc45ea5ef98226c7ef37d1b706e10031ddce377bf6da3dcd9aa: no such file or directory 
[36mINFO[0m[0023] Downloading base image mcr.microsoft.com/dotnet/core/sdk:3.0-buster 
2019/11/05 14:03:27 No matching credentials were found, falling back on anonymous
[36mINFO[0m[0024] Using files from context: [/workspace/source/src/LunchUp.Backend] 
[36mINFO[0m[0024] Checking for cached layer gcr.io/deliverymachine/cache:7d8c5a50aa221482be5cf441ff79a7c7044e7488d3bc87e87a0cd8332fcadef7... 
[36mINFO[0m[0025] No cached layer found for cmd RUN dotnet restore "LunchUp.Backend/LunchUp.Backend.sln" 
[36mINFO[0m[0025] Unpacking rootfs as cmd RUN dotnet restore "LunchUp.Backend/LunchUp.Backend.sln" requires it. 
[36mINFO[0m[0054] Taking snapshot of full filesystem...        
[36mINFO[0m[0064] ENV COMPlus_EnableDiagnostics=0              
[36mINFO[0m[0064] No files changed in this command, skipping snapshotting. 
[36mINFO[0m[0064] WORKDIR /src                                 
[36mINFO[0m[0064] cmd: workdir                                 
[36mINFO[0m[0064] Changed working directory to /src            
[36mINFO[0m[0064] Creating directory /src                      
[36mINFO[0m[0064] Taking snapshot of files...                  
[36mINFO[0m[0064] Using files from context: [/workspace/source/src/LunchUp.Backend] 
[36mINFO[0m[0064] COPY ["src/LunchUp.Backend/", "LunchUp.Backend/"] 
[36mINFO[0m[0064] Taking snapshot of files...                  
[36mINFO[0m[0064] RUN dotnet restore "LunchUp.Backend/LunchUp.Backend.sln" 
[36mINFO[0m[0064] cmd: /bin/sh                                 
[36mINFO[0m[0064] args: [-c dotnet restore "LunchUp.Backend/LunchUp.Backend.sln"] 
  Restore completed in 5.45 sec for /src/LunchUp.Backend/LunchUp.Model/LunchUp.Model.csproj.
  Restore completed in 5.45 sec for /src/LunchUp.Backend/LunchUp.Core/LunchUp.Core.csproj.
  Restore completed in 5.44 sec for /src/LunchUp.Backend/LunchUp.WebHost/LunchUp.WebHost.csproj.
[36mINFO[0m[0077] Taking snapshot of full filesystem...        
[36mINFO[0m[0084] ignoring socket dotnet-diagnostic-60-76952-socket, not adding to tar 
[36mINFO[0m[0095] Pushing layer gcr.io/deliverymachine/cache:7d8c5a50aa221482be5cf441ff79a7c7044e7488d3bc87e87a0cd8332fcadef7 to cache now 
[36mINFO[0m[0096] Using files from context: [/workspace/source] 
[36mINFO[0m[0096] COPY . .                                     
[36mINFO[0m[0096] Taking snapshot of files...                  
[36mINFO[0m[0096] WORKDIR "/src/LunchUp.Backend"               
[36mINFO[0m[0096] cmd: workdir                                 
[36mINFO[0m[0096] Changed working directory to /src/LunchUp.Backend 
[36mINFO[0m[0096] No files changed in this command, skipping snapshotting. 
[36mINFO[0m[0096] RUN dotnet build "LunchUp.WebHost/LunchUp.WebHost.csproj" -c Release -o /app/build 
[36mINFO[0m[0096] cmd: /bin/sh                                 
[36mINFO[0m[0096] args: [-c dotnet build "LunchUp.WebHost/LunchUp.WebHost.csproj" -c Release -o /app/build] 
Microsoft (R) Build Engine version 16.3.0+0f4c62fea for .NET Core
Copyright (C) Microsoft Corporation. All rights reserved.

  Restore completed in 28.36 ms for /src/LunchUp.Backend/LunchUp.Core/LunchUp.Core.csproj.
  Restore completed in 33.3 ms for /src/LunchUp.Backend/LunchUp.Model/LunchUp.Model.csproj.
  Restore completed in 2.72 ms for /src/LunchUp.Backend/LunchUp.WebHost/LunchUp.WebHost.csproj.
2019/11/05 14:04:43 pushed blob: sha256:fe649806ea28cc6c52092ca78386ffaadc48c60c055c17add6d5034eebc770fc
  LunchUp.Model -> /app/build/LunchUp.Model.dll
  LunchUp.Core -> /app/build/LunchUp.Core.dll
  LunchUp.WebHost -> /app/build/LunchUp.WebHost.dll

Build succeeded.
    0 Warning(s)
    0 Error(s)

Time Elapsed 00:00:14.20
[36mINFO[0m[0111] Taking snapshot of full filesystem...        
[36mINFO[0m[0117] ignoring socket g+DM1dBf3hsd22AO8JuBabg4ChjyflqwMaiOYpIurSs, not adding to tar 
[36mINFO[0m[0117] ignoring socket dotnet-diagnostic-129-80216-socket, not adding to tar 
[36mINFO[0m[0117] ignoring socket dotnet-diagnostic-152-80458-socket, not adding to tar 
[36mINFO[0m[0118] Pushing layer gcr.io/deliverymachine/cache:420e74d7130d69bfe3d236bfd36224730bfdd864423c22b888cbc4376fa1d949 to cache now 
2019/11/05 14:05:05 pushed blob: sha256:dee90a055c944490eff4c90a10bbd10c15e5df2261d96a27f9de49583e3f152c
2019/11/05 14:05:06 pushed blob: sha256:9268809e8d07386b40dbedb40df03e3052a441e0f875207c0764be4427278340
2019/11/05 14:05:07 gcr.io/deliverymachine/cache:7d8c5a50aa221482be5cf441ff79a7c7044e7488d3bc87e87a0cd8332fcadef7: digest: sha256:51270650545b6c843d510ce49c280944580aa5c65c1712ccd595ec90aefa02e7 size: 430
2019/11/05 14:05:10 pushed blob: sha256:4b4479743577664e27773ab614d1d94f5561563545f6f524ed851c7f12a79224
2019/11/05 14:05:11 gcr.io/deliverymachine/cache:420e74d7130d69bfe3d236bfd36224730bfdd864423c22b888cbc4376fa1d949: digest: sha256:cf890daa4dcdac1ef420f315a40281064d7c264c4beb626171c535b3687ae17a size: 429
[36mINFO[0m[0128] Storing source image from stage 1 at path /kaniko/stages/1 
[36mINFO[0m[0226] Deleting filesystem...                       
[36mINFO[0m[0227] Base image from previous stage 1 found, using saved tar at path /kaniko/stages/1 
[36mINFO[0m[0230] Checking for cached layer gcr.io/deliverymachine/cache:68d49be0fb1f0abfa5a14bb9a9b397e980a74eed1aba9995c1463337b4063d14... 
[36mINFO[0m[0230] No cached layer found for cmd RUN dotnet publish "LunchUp.WebHost/LunchUp.WebHost.csproj" -c Release -o /app/publish 
[36mINFO[0m[0230] Unpacking rootfs as cmd RUN dotnet publish "LunchUp.WebHost/LunchUp.WebHost.csproj" -c Release -o /app/publish requires it. 
[36mINFO[0m[0247] Taking snapshot of full filesystem...        
[36mINFO[0m[0256] RUN dotnet publish "LunchUp.WebHost/LunchUp.WebHost.csproj" -c Release -o /app/publish 
[36mINFO[0m[0256] cmd: /bin/sh                                 
[36mINFO[0m[0256] args: [-c dotnet publish "LunchUp.WebHost/LunchUp.WebHost.csproj" -c Release -o /app/publish] 
Microsoft (R) Build Engine version 16.3.0+0f4c62fea for .NET Core
Copyright (C) Microsoft Corporation. All rights reserved.

  Restore completed in 32.63 ms for /src/LunchUp.Backend/LunchUp.Model/LunchUp.Model.csproj.
  Restore completed in 32.69 ms for /src/LunchUp.Backend/LunchUp.Core/LunchUp.Core.csproj.
  Restore completed in 2.66 ms for /src/LunchUp.Backend/LunchUp.WebHost/LunchUp.WebHost.csproj.
  LunchUp.Model -> /src/LunchUp.Backend/LunchUp.Model/bin/Release/netcoreapp3.0/LunchUp.Model.dll
  LunchUp.Core -> /src/LunchUp.Backend/LunchUp.Core/bin/Release/netcoreapp3.0/LunchUp.Core.dll
  LunchUp.WebHost -> /src/LunchUp.Backend/LunchUp.WebHost/bin/Release/netcoreapp3.0/LunchUp.WebHost.dll
  LunchUp.WebHost -> /app/publish/
[36mINFO[0m[0260] Taking snapshot of full filesystem...        
[36mINFO[0m[0265] ignoring socket dotnet-diagnostic-228-96166-socket, not adding to tar 
[36mINFO[0m[0267] Pushing layer gcr.io/deliverymachine/cache:68d49be0fb1f0abfa5a14bb9a9b397e980a74eed1aba9995c1463337b4063d14 to cache now 
2019/11/05 14:07:35 pushed blob: sha256:b91967b81293981eeb6a49d6647f022e20224d42134e68e1b219a9c226576fc9
2019/11/05 14:07:38 pushed blob: sha256:d566441d1b5ccad14d803c3e7e5ec145b34870dd7680abaae0e5f6f2936d3f8e
2019/11/05 14:07:39 gcr.io/deliverymachine/cache:68d49be0fb1f0abfa5a14bb9a9b397e980a74eed1aba9995c1463337b4063d14: digest: sha256:ec73a022ee57fc0c8dced00b401b4a70dda90e39a4789e1bff977ae5f651fcd7 size: 429
[36mINFO[0m[0276] Storing source image from stage 2 at path /kaniko/stages/2 
[36mINFO[0m[0299] Deleting filesystem...                       
[36mINFO[0m[0301] Base image from previous stage 0 found, using saved tar at path /kaniko/stages/0 
[36mINFO[0m[0303] Skipping unpacking as no commands require it. 
[36mINFO[0m[0303] Taking snapshot of full filesystem...        
[36mINFO[0m[0310] WORKDIR /app                                 
[36mINFO[0m[0310] cmd: workdir                                 
[36mINFO[0m[0310] Changed working directory to /app            
[36mINFO[0m[0310] Creating directory /app                      
[36mINFO[0m[0310] Taking snapshot of files...                  
[36mINFO[0m[0310] COPY --from=publish /app/publish .           
[36mINFO[0m[0310] Taking snapshot of files...                  
[36mINFO[0m[0311] ENTRYPOINT ["dotnet", "LunchUp.WebHost.dll"] 
[36mINFO[0m[0311] No files changed in this command, skipping snapshotting. 
2019/11/05 14:08:15 existing blob: sha256:9526604e089d8d4aa947f34e52a14ac8793232dd181022932f3c15291c5cd3af
2019/11/05 14:08:15 existing blob: sha256:68f6aee67b9130df079abf2476334ad9474e116c69efedd19e272bbff3643971
2019/11/05 14:08:15 existing blob: sha256:a9e6ceefc5a08dc7b1b04a1105c47e00e9340349177009bc8926571ee8a39204
2019/11/05 14:08:15 existing blob: sha256:7a6b64767b0b4ec3bb235712bc93f6cada4812dbfec432d98ca9c485f9ce2ea8
2019/11/05 14:08:15 existing blob: sha256:8d691f585fa8cec0eba196be460cfaffd69939782d6162986c3e0c5225d54f02
2019/11/05 14:08:18 pushed blob: sha256:f0054ea6557f413c300fa26cfe0900454a086042136d01fa03fade30f4820240
2019/11/05 14:08:18 pushed blob: sha256:3b4e799905d8c35dd86954109547dd59b391d10123b74b7efee686db93649186
2019/11/05 14:08:18 pushed blob: sha256:32348247525a480fceb839e4cff2e82d9b0b91dcee8893f413f2a671485846db
2019/11/05 14:08:21 pushed blob: sha256:19420e710623da1ec501197d1503c01da58465f2afef591391b59fc7de25880f
2019/11/05 14:08:23 gcr.io/deliverymachine/lunchup-backend:0.0.0-SNAPSHOT-PR-2-5: digest: sha256:6da6caa566e12c2f1c68a3e886f1f7e431d7de975211cf48a21e86bbda882f64 size: 1572

Showing logs for build [32mdevopscamp2019-lunchup-backend-b5lf4-5[0m stage [32mfrom-build-pack[0m and container [32mstep-postbuild-post-build[0m
no CVE provider running in the current ** namespace so skip adding image to be analysed

Showing logs for build [32mdevopscamp2019-lunchup-backend-b5lf4-5[0m stage [32mfrom-build-pack[0m and container [32mstep-promote-make-preview[0m
sed -i -e "s/version:.*/version: 0.0.0-SNAPSHOT-PR-2-5/" Chart.yaml
sed -i -e "s/version:.*/version: 0.0.0-SNAPSHOT-PR-2-5/" ../*/Chart.yaml
sed -i -e "s|repository:.*|repository: gcr.io\/devopscamp2019\/lunchup-backend|" values.yaml
sed -i -e "s/tag:.*/tag: 0.0.0-SNAPSHOT-PR-2-5/" values.yaml
sed -i -e "s/tag:.*/tag: 0.0.0-SNAPSHOT-PR-2-5/" values.yaml
pwd
/workspace/source/charts/preview
ls
Chart.yaml
Makefile
requirements.yaml
templates
values.yaml
ls ..
lunchup-backend
preview
echo "  version: 0.0.0-SNAPSHOT-PR-2-5" >> requirements.yaml
** step helm build
WARNING: No $CHART_REPOSITORY defined so using the default value of: http://jenkins-x-chartmuseum:8080
Adding missing Helm repo: storage.googleapis.com https://storage.googleapis.com/chartmuseum.jenkins-x.io
Successfully added Helm repository storage.googleapis.com.
Adding missing Helm repo: jenkins-x-chartmuseum http://jenkins-x-chartmuseum:8080
Successfully added Helm repository jenkins-x-chartmuseum.
WARNING: No $CHART_REPOSITORY defined so using the default value of: http://jenkins-x-chartmuseum:8080
Adding missing Helm repo: chartmuseum.jenkins-x.io http://chartmuseum.jenkins-x.io
Successfully added Helm repository chartmuseum.jenkins-x.io.

Showing logs for build [32mdevopscamp2019-lunchup-backend-b5lf4-5[0m stage [32mfrom-build-pack[0m and container [32mstep-promote-jx-preview[0m
Creating a preview
Commit author email is empty for: 7f24541484a5880e8e11c7182ac035d7e42bd1fd
Looking for commits in: /workspace/source/
Commit author email is empty for: 0b77589002f82cc6dbf9e015c0b19d4f6aee2a2f
Looking for commits in: /workspace/source/
Commit author email is empty for: c5c65d63bb4d8fdd1bc0ba412bed42d4bfd565b1
Looking for commits in: /workspace/source/
Commit author email is empty for: c579c78ad163cd0eb6978470e94abf332db14479
Looking for commits in: /workspace/source/
Commit author email is empty for: 72c8eb739f97c548c4f2af3824f1dff73b929cec
Looking for commits in: /workspace/source/
Found commit author match for: valkyrjaa with email address: tuana1998@hotmail.de
expose:
  Annotations:
    helm.sh/hook: post-install,post-upgrade
    helm.sh/hook-delete-policy: hook-succeeded
  config:
    domain: 34.65.166.10.nip.io
    exposer: Ingress
    http: "true"
preview:
  image:
    repository: gcr.io/deliverymachine/LunchUp-Backend
    tag: 0.0.0-SNAPSHOT-PR-2-5
Cloning the Jenkins X versions repo https://github.com/jenkins-x/jenkins-x-versions.git with ref refs/heads/master to /builder/home/.**/jenkins-x-versions


WARNING: Could not find the service URL in namespace **-devopscamp2019-lunchup-backend-pr-2 for names LunchUp-Backend, preview, **-devopscamp2019-lunchup-backend-pr-2-preview, preview-LunchUp-Backend: the server could not find the requested resource (get services.serving.knative.dev preview-LunchUp-Backend)
Updating PipelineActivities devopscamp2019-lunchup-backend-pr-2-5 which has status Running
WARNING: Failed to find the service LunchUp-Backend : failed to find service LunchUp-Backend in namespace **-devopscamp2019-lunchup-backend-pr-2: services "LunchUp-Backend" not found
