
Showing logs for build [32mdevopscamp2019-lunchup-backend-bp4gj-8[0m stage [32mfrom-build-pack[0m and container [32mstep-credential-initializer-8vdhs[0m
{"level":"warn","ts":1572968885.4567509,"logger":"fallback-logger","caller":"logging/config.go:69","msg":"Fetch GitHub commit ID from kodata failed: \"ref: refs/heads/master\" is not a valid GitHub commit ID"}
{"level":"info","ts":1572968885.4572792,"logger":"fallback-logger","caller":"creds-init/main.go:40","msg":"Credentials initialized."}

Showing logs for build [32mdevopscamp2019-lunchup-backend-bp4gj-8[0m stage [32mfrom-build-pack[0m and container [32mstep-working-dir-initializer-ghg85[0m
{"level":"warn","ts":1572968888.5346522,"logger":"fallback-logger","caller":"logging/config.go:69","msg":"Fetch GitHub commit ID from kodata failed: open /var/run/ko/HEAD: no such file or directory"}
{"level":"info","ts":1572968888.5361557,"logger":"fallback-logger","caller":"bash/main.go:65","msg":"Successfully executed command \"mkdir -p /workspace/source\""}

Showing logs for build [32mdevopscamp2019-lunchup-backend-bp4gj-8[0m stage [32mfrom-build-pack[0m and container [32mstep-place-tools[0m

Showing logs for build [32mdevopscamp2019-lunchup-backend-bp4gj-8[0m stage [32mfrom-build-pack[0m and container [32mstep-git-source-devopscamp2019-lunchup-backend-f2pvz[0m
{"level":"warn","ts":1572968970.496015,"logger":"fallback-logger","caller":"logging/config.go:69","msg":"Fetch GitHub commit ID from kodata failed: \"ref: refs/heads/master\" is not a valid GitHub commit ID"}
{"level":"info","ts":1572968972.1007707,"logger":"fallback-logger","caller":"git/git.go:102","msg":"Successfully cloned https://github.com/DevOpsCamp2019/LunchUp-Backend.git @ master in path /workspace/source"}

Showing logs for build [32mdevopscamp2019-lunchup-backend-bp4gj-8[0m stage [32mfrom-build-pack[0m and container [32mstep-git-merge[0m
Using SHAs from PULL_REFS=master:db1a9aa3cc100c6eaca809ef809aacd5b8814702,2:a88e52ef756dbecd610df6cec16c15d9bf9b01a9
DEBUG: ran git fetch --unshallow origin a88e52ef756dbecd610df6cec16c15d9bf9b01a9: db1a9aa3cc100c6eaca809ef809aacd5b8814702: in 
DEBUG: ran git checkout master in 
DEBUG: ran git reset --hard db1a9aa3cc100c6eaca809ef809aacd5b8814702 in 
DEBUG: ran clean --force -d . in 
DEBUG: ran git merge a88e52ef756dbecd610df6cec16c15d9bf9b01a9 in 
Merged SHA cd5911bd25387af691d5389f6f989b56f78f003d with commit message 'Merge commit 'a88e52ef756dbecd610df6cec16c15d9bf9b01a9'' into base branch master
Merged SHA a88e52ef756dbecd610df6cec16c15d9bf9b01a9 with commit message 'add env variables to deployment.yaml' into base branch master
Merged SHA 5bd1bc578b64bc8425e4607ba4c96759881a3725 with commit message 'change userid to bitnami id' into base branch master
Merged SHA bd95a7d2a7b585aeeb82b391b012ca3f5de61fa3 with commit message 'add postgres security context' into base branch master
Merged SHA 72c8eb739f97c548c4f2af3824f1dff73b929cec with commit message 'add postgres username and password' into base branch master
Merged SHA c579c78ad163cd0eb6978470e94abf332db14479 with commit message 'Add version to preview chart.yaml' into base branch master
Merged SHA c5c65d63bb4d8fdd1bc0ba412bed42d4bfd565b1 with commit message 'add potential workaround for mysterious file not found issue' into base branch master
Merged SHA 0b77589002f82cc6dbf9e015c0b19d4f6aee2a2f with commit message 'add alias and move postgres above preview dependency' into base branch master
Merged SHA 7f24541484a5880e8e11c7182ac035d7e42bd1fd with commit message 'add postrgres to requirements.yml' into base branch master

Showing logs for build [32mdevopscamp2019-lunchup-backend-bp4gj-8[0m stage [32mfrom-build-pack[0m and container [32mstep-build-container-build[0m
[36mINFO[0m[0000] Downloading base image mcr.microsoft.com/dotnet/core/aspnet:3.0-buster-slim 
ERROR: logging before flag.Parse: E1105 15:49:36.883875      11 metadata.go:142] while reading 'google-dockercfg' metadata: http status code: 404 while fetching url http://metadata.google.internal./computeMetadata/v1/instance/attributes/google-dockercfg
ERROR: logging before flag.Parse: E1105 15:49:36.888603      11 metadata.go:159] while reading 'google-dockercfg-url' metadata: http status code: 404 while fetching url http://metadata.google.internal./computeMetadata/v1/instance/attributes/google-dockercfg-url
2019/11/05 15:49:36 No matching credentials were found, falling back on anonymous
[36mINFO[0m[0000] Error while retrieving image from cache: getting file info: stat /workspace/sha256:803b70d9de2c57a168af4cc7d44e77a9c0591b49ce2af73d50c344aa22048eda: no such file or directory 
[36mINFO[0m[0000] Downloading base image mcr.microsoft.com/dotnet/core/aspnet:3.0-buster-slim 
2019/11/05 15:49:37 No matching credentials were found, falling back on anonymous
[36mINFO[0m[0002] cmd: EXPOSE                                  
[36mINFO[0m[0002] Adding exposed port: 80/tcp                  
[36mINFO[0m[0002] cmd: EXPOSE                                  
[36mINFO[0m[0002] Adding exposed port: 443/tcp                 
[36mINFO[0m[0002] Skipping unpacking as no commands require it. 
[36mINFO[0m[0002] Taking snapshot of full filesystem...        
[36mINFO[0m[0004] ENV COMPlus_EnableDiagnostics=0              
[36mINFO[0m[0004] No files changed in this command, skipping snapshotting. 
[36mINFO[0m[0004] WORKDIR /app                                 
[36mINFO[0m[0004] cmd: workdir                                 
[36mINFO[0m[0004] Changed working directory to /app            
[36mINFO[0m[0004] Creating directory /app                      
[36mINFO[0m[0004] Taking snapshot of files...                  
[36mINFO[0m[0004] EXPOSE 80                                    
[36mINFO[0m[0004] cmd: EXPOSE                                  
[36mINFO[0m[0004] Adding exposed port: 80/tcp                  
[36mINFO[0m[0004] No files changed in this command, skipping snapshotting. 
[36mINFO[0m[0004] EXPOSE 443                                   
[36mINFO[0m[0004] cmd: EXPOSE                                  
[36mINFO[0m[0004] Adding exposed port: 443/tcp                 
[36mINFO[0m[0004] No files changed in this command, skipping snapshotting. 
[36mINFO[0m[0004] Storing source image from stage 0 at path /kaniko/stages/0 
[36mINFO[0m[0026] Deleting filesystem...                       
[36mINFO[0m[0026] Downloading base image mcr.microsoft.com/dotnet/core/sdk:3.0-buster 
2019/11/05 15:50:03 No matching credentials were found, falling back on anonymous
[36mINFO[0m[0026] Error while retrieving image from cache: getting file info: stat /workspace/sha256:65c0187e27b42bc45ea5ef98226c7ef37d1b706e10031ddce377bf6da3dcd9aa: no such file or directory 
[36mINFO[0m[0026] Downloading base image mcr.microsoft.com/dotnet/core/sdk:3.0-buster 
2019/11/05 15:50:03 No matching credentials were found, falling back on anonymous
[36mINFO[0m[0027] Using files from context: [/workspace/source/src/LunchUp.Backend] 
[36mINFO[0m[0027] Checking for cached layer gcr.io/deliverymachine/cache:db0938e2c2610999c940a0d6f3b87cf16dedc53070bb8756946a4f1d8d39ac7a... 
[36mINFO[0m[0028] No cached layer found for cmd RUN dotnet restore "LunchUp.Backend/LunchUp.Backend.sln" 
[36mINFO[0m[0028] Unpacking rootfs as cmd RUN dotnet restore "LunchUp.Backend/LunchUp.Backend.sln" requires it. 
[36mINFO[0m[0053] Taking snapshot of full filesystem...        
[36mINFO[0m[0062] ENV COMPlus_EnableDiagnostics=0              
[36mINFO[0m[0062] No files changed in this command, skipping snapshotting. 
[36mINFO[0m[0062] WORKDIR /src                                 
[36mINFO[0m[0062] cmd: workdir                                 
[36mINFO[0m[0062] Changed working directory to /src            
[36mINFO[0m[0062] Creating directory /src                      
[36mINFO[0m[0062] Taking snapshot of files...                  
[36mINFO[0m[0062] Using files from context: [/workspace/source/src/LunchUp.Backend] 
[36mINFO[0m[0062] COPY ["src/LunchUp.Backend/", "LunchUp.Backend/"] 
[36mINFO[0m[0062] Taking snapshot of files...                  
[36mINFO[0m[0062] RUN dotnet restore "LunchUp.Backend/LunchUp.Backend.sln" 
[36mINFO[0m[0062] cmd: /bin/sh                                 
[36mINFO[0m[0062] args: [-c dotnet restore "LunchUp.Backend/LunchUp.Backend.sln"] 
  Retrying 'FindPackagesByIdAsync' for source 'https://api.nuget.org/v3-flatcontainer/system.componentmodel.annotations/index.json'.
  An error occurred while sending the request.
    Unable to read data from the transport connection: Connection reset by peer.
    Connection reset by peer
  Restore completed in 8.89 sec for /src/LunchUp.Backend/LunchUp.Model/LunchUp.Model.csproj.
  Restore completed in 8.9 sec for /src/LunchUp.Backend/LunchUp.Core/LunchUp.Core.csproj.
  Restore completed in 6.07 sec for /src/LunchUp.Backend/LunchUp.WebHost/LunchUp.WebHost.csproj.
[36mINFO[0m[0080] Taking snapshot of full filesystem...        
[36mINFO[0m[0087] ignoring socket CoreFxPipe_MSBuild60, not adding to tar 
[36mINFO[0m[0087] ignoring socket dotnet-diagnostic-60-20057-socket, not adding to tar 
[36mINFO[0m[0100] Using files from context: [/workspace/source] 
[36mINFO[0m[0100] COPY . .                                     
[36mINFO[0m[0101] Taking snapshot of files...                  
[36mINFO[0m[0101] WORKDIR "/src/LunchUp.Backend"               
[36mINFO[0m[0101] cmd: workdir                                 
[36mINFO[0m[0101] Changed working directory to /src/LunchUp.Backend 
[36mINFO[0m[0101] No files changed in this command, skipping snapshotting. 
[36mINFO[0m[0101] RUN dotnet build "LunchUp.WebHost/LunchUp.WebHost.csproj" -c Release -o /app/build 
[36mINFO[0m[0101] cmd: /bin/sh                                 
[36mINFO[0m[0101] args: [-c dotnet build "LunchUp.WebHost/LunchUp.WebHost.csproj" -c Release -o /app/build] 
Microsoft (R) Build Engine version 16.3.0+0f4c62fea for .NET Core
Copyright (C) Microsoft Corporation. All rights reserved.

  Restore completed in 49.99 ms for /src/LunchUp.Backend/LunchUp.Core/LunchUp.Core.csproj.
  Restore completed in 54.69 ms for /src/LunchUp.Backend/LunchUp.Model/LunchUp.Model.csproj.
  Restore completed in 3.57 ms for /src/LunchUp.Backend/LunchUp.WebHost/LunchUp.WebHost.csproj.
[36mINFO[0m[0105] Pushing layer gcr.io/deliverymachine/cache:db0938e2c2610999c940a0d6f3b87cf16dedc53070bb8756946a4f1d8d39ac7a to cache now 
2019/11/05 15:51:27 pushed blob: sha256:e37d29765a1b2824036fc2763e0be8e8130c025039160d81498a1496ba579bc0
  LunchUp.Model -> /app/build/LunchUp.Model.dll
  LunchUp.Core -> /app/build/LunchUp.Core.dll
  LunchUp.WebHost -> /app/build/LunchUp.WebHost.dll

Build succeeded.
    0 Warning(s)
    0 Error(s)

Time Elapsed 00:00:12.48
[36mINFO[0m[0114] Taking snapshot of full filesystem...        
[36mINFO[0m[0125] ignoring socket dotnet-diagnostic-164-24425-socket, not adding to tar 
[36mINFO[0m[0125] ignoring socket g+DM1dBf3hsd22AO8JuBabg4ChjyflqwMaiOYpIurSs, not adding to tar 
[36mINFO[0m[0125] ignoring socket dotnet-diagnostic-128-24060-socket, not adding to tar 
[36mINFO[0m[0128] Pushing layer gcr.io/deliverymachine/cache:f94f083062760b717fe0126e3d958437cc1fbd2e46e8527044f299906e469056 to cache now 
2019/11/05 15:51:49 pushed blob: sha256:98310958d773564b6eaa5f360b0a87404e65a0b921e39493cbedcb58807608f2
2019/11/05 15:51:50 pushed blob: sha256:4b86bc5a4ba28bbed240cdbdd100526589731bcc47fbb5243d8a938883cc1045
2019/11/05 15:51:51 gcr.io/deliverymachine/cache:db0938e2c2610999c940a0d6f3b87cf16dedc53070bb8756946a4f1d8d39ac7a: digest: sha256:c6aeb7ea7c68cdf7c231d1b5c97863c531319785bb2b7768a458effe98c218b8 size: 430
2019/11/05 15:51:52 pushed blob: sha256:6b9af5c343d562559c4b7490817274f677f0fd776ed6eb87de3f7ff0487f1bf8
2019/11/05 15:51:53 gcr.io/deliverymachine/cache:f94f083062760b717fe0126e3d958437cc1fbd2e46e8527044f299906e469056: digest: sha256:dd60304bdf5f940f9d33b375115bc67e3cf097dbf5ff280c6cc42a85196653fb size: 429
[36mINFO[0m[0137] Storing source image from stage 1 at path /kaniko/stages/1 
[36mINFO[0m[0373] Deleting filesystem...                       
[36mINFO[0m[0375] Base image from previous stage 1 found, using saved tar at path /kaniko/stages/1 
[36mINFO[0m[0377] Checking for cached layer gcr.io/deliverymachine/cache:aabcfb1938b2d6993ceacf2e1922c025ce041fd26936d0a34c557bac9b586484... 
[36mINFO[0m[0377] No cached layer found for cmd RUN dotnet publish "LunchUp.WebHost/LunchUp.WebHost.csproj" -c Release -o /app/publish 
[36mINFO[0m[0377] Unpacking rootfs as cmd RUN dotnet publish "LunchUp.WebHost/LunchUp.WebHost.csproj" -c Release -o /app/publish requires it. 
[36mINFO[0m[0394] Taking snapshot of full filesystem...        
[36mINFO[0m[0406] RUN dotnet publish "LunchUp.WebHost/LunchUp.WebHost.csproj" -c Release -o /app/publish 
[36mINFO[0m[0406] cmd: /bin/sh                                 
[36mINFO[0m[0406] args: [-c dotnet publish "LunchUp.WebHost/LunchUp.WebHost.csproj" -c Release -o /app/publish] 
Microsoft (R) Build Engine version 16.3.0+0f4c62fea for .NET Core
Copyright (C) Microsoft Corporation. All rights reserved.

  Restore completed in 29.98 ms for /src/LunchUp.Backend/LunchUp.Model/LunchUp.Model.csproj.
  Restore completed in 29.23 ms for /src/LunchUp.Backend/LunchUp.Core/LunchUp.Core.csproj.
  Restore completed in 2.65 ms for /src/LunchUp.Backend/LunchUp.WebHost/LunchUp.WebHost.csproj.
  LunchUp.Model -> /src/LunchUp.Backend/LunchUp.Model/bin/Release/netcoreapp3.0/LunchUp.Model.dll
  LunchUp.Core -> /src/LunchUp.Backend/LunchUp.Core/bin/Release/netcoreapp3.0/LunchUp.Core.dll
  LunchUp.WebHost -> /src/LunchUp.Backend/LunchUp.WebHost/bin/Release/netcoreapp3.0/LunchUp.WebHost.dll
  LunchUp.WebHost -> /app/publish/
[36mINFO[0m[0410] Taking snapshot of full filesystem...        
[36mINFO[0m[0415] ignoring socket dotnet-diagnostic-237-54480-socket, not adding to tar 
[36mINFO[0m[0417] Pushing layer gcr.io/deliverymachine/cache:aabcfb1938b2d6993ceacf2e1922c025ce041fd26936d0a34c557bac9b586484 to cache now 
2019/11/05 15:56:38 pushed blob: sha256:096964bff8764ccd18d44ca7ce76192d196f863faacf183dcc6c82e641c67ee9
2019/11/05 15:56:42 pushed blob: sha256:560d157fb74c9fa180f2bf2d5ef095611ea21e329a1cb9c5a1d70d2f334486e5
2019/11/05 15:56:43 gcr.io/deliverymachine/cache:aabcfb1938b2d6993ceacf2e1922c025ce041fd26936d0a34c557bac9b586484: digest: sha256:ef8986664feb60f17a0034f6a935141b9cea17db418d56ddea373e406f624f85 size: 429
[36mINFO[0m[0426] Storing source image from stage 2 at path /kaniko/stages/2 
[36mINFO[0m[0447] Deleting filesystem...                       
[36mINFO[0m[0448] Base image from previous stage 0 found, using saved tar at path /kaniko/stages/0 
[36mINFO[0m[0450] Skipping unpacking as no commands require it. 
[36mINFO[0m[0450] Taking snapshot of full filesystem...        
[36mINFO[0m[0458] WORKDIR /app                                 
[36mINFO[0m[0458] cmd: workdir                                 
[36mINFO[0m[0458] Changed working directory to /app            
[36mINFO[0m[0458] Creating directory /app                      
[36mINFO[0m[0458] Taking snapshot of files...                  
[36mINFO[0m[0458] COPY --from=publish /app/publish .           
[36mINFO[0m[0459] Taking snapshot of files...                  
[36mINFO[0m[0459] ENTRYPOINT ["dotnet", "LunchUp.WebHost.dll"] 
[36mINFO[0m[0459] No files changed in this command, skipping snapshotting. 
2019/11/05 15:57:17 existing blob: sha256:a9e6ceefc5a08dc7b1b04a1105c47e00e9340349177009bc8926571ee8a39204
2019/11/05 15:57:17 existing blob: sha256:8d691f585fa8cec0eba196be460cfaffd69939782d6162986c3e0c5225d54f02
2019/11/05 15:57:17 existing blob: sha256:68f6aee67b9130df079abf2476334ad9474e116c69efedd19e272bbff3643971
2019/11/05 15:57:17 existing blob: sha256:9526604e089d8d4aa947f34e52a14ac8793232dd181022932f3c15291c5cd3af
2019/11/05 15:57:17 existing blob: sha256:7a6b64767b0b4ec3bb235712bc93f6cada4812dbfec432d98ca9c485f9ce2ea8
2019/11/05 15:57:21 pushed blob: sha256:d6b66ab39cf68de3ca0142c0fb5cada082df042b8ea606980feaa79ca83425d6
2019/11/05 15:57:21 pushed blob: sha256:51ff68cb56c627495b0d8b554257001b4404336379eebe13234ef464f9d5537c
2019/11/05 15:57:22 pushed blob: sha256:ec83dedcaa3017eb79b6d28bcaf156cd0c0a14708f03fa464c9c235767dcc1f6
2019/11/05 15:57:22 pushed blob: sha256:1445d7c8502534709ee91481dde872856f0d0527bac0225fae2966fc46527731
2019/11/05 15:57:24 gcr.io/deliverymachine/lunchup-backend:0.0.0-SNAPSHOT-PR-2-8: digest: sha256:675ea8cb10cd3b0c561a74bc1a007febb5b3446b4dab4313d4517053489c9848 size: 1572

Showing logs for build [32mdevopscamp2019-lunchup-backend-bp4gj-8[0m stage [32mfrom-build-pack[0m and container [32mstep-postbuild-post-build[0m
no CVE provider running in the current ** namespace so skip adding image to be analysed

Showing logs for build [32mdevopscamp2019-lunchup-backend-bp4gj-8[0m stage [32mfrom-build-pack[0m and container [32mstep-promote-make-preview[0m
sed -i -e "s/version:.*/version: 0.0.0-SNAPSHOT-PR-2-8/" Chart.yaml
sed -i -e "s/version:.*/version: 0.0.0-SNAPSHOT-PR-2-8/" ../*/Chart.yaml
sed -i -e "s|repository:.*|repository: gcr.io\/devopscamp2019\/lunchup-backend|" values.yaml
sed -i -e "s/tag:.*/tag: 0.0.0-SNAPSHOT-PR-2-8/" values.yaml
sed -i -e "s/tag:.*/tag: 0.0.0-SNAPSHOT-PR-2-8/" values.yaml
pwd
/workspace/source/charts/preview
ls
Chart.yaml
Makefile
requirements.yaml
templates
values.yaml
ls ..
lunchup-backend
preview
echo "  version: 0.0.0-SNAPSHOT-PR-2-8" >> requirements.yaml
** step helm build
WARNING: No $CHART_REPOSITORY defined so using the default value of: http://jenkins-x-chartmuseum:8080
Adding missing Helm repo: storage.googleapis.com https://storage.googleapis.com/chartmuseum.jenkins-x.io
Successfully added Helm repository storage.googleapis.com.
Adding missing Helm repo: jenkins-x-chartmuseum http://jenkins-x-chartmuseum:8080
Successfully added Helm repository jenkins-x-chartmuseum.
WARNING: No $CHART_REPOSITORY defined so using the default value of: http://jenkins-x-chartmuseum:8080
Adding missing Helm repo: chartmuseum.jenkins-x.io http://chartmuseum.jenkins-x.io
Successfully added Helm repository chartmuseum.jenkins-x.io.

Showing logs for build [32mdevopscamp2019-lunchup-backend-bp4gj-8[0m stage [32mfrom-build-pack[0m and container [32mstep-promote-jx-preview[0m
Creating a preview
Commit author email is empty for: 7f24541484a5880e8e11c7182ac035d7e42bd1fd
Looking for commits in: /workspace/source/
Commit author email is empty for: 0b77589002f82cc6dbf9e015c0b19d4f6aee2a2f
Looking for commits in: /workspace/source/
Commit author email is empty for: c5c65d63bb4d8fdd1bc0ba412bed42d4bfd565b1
Looking for commits in: /workspace/source/
Commit author email is empty for: c579c78ad163cd0eb6978470e94abf332db14479
Looking for commits in: /workspace/source/
Commit author email is empty for: 72c8eb739f97c548c4f2af3824f1dff73b929cec
Looking for commits in: /workspace/source/
Commit author email is empty for: bd95a7d2a7b585aeeb82b391b012ca3f5de61fa3
Looking for commits in: /workspace/source/
Commit author email is empty for: 5bd1bc578b64bc8425e4607ba4c96759881a3725
Looking for commits in: /workspace/source/
Commit author email is empty for: a88e52ef756dbecd610df6cec16c15d9bf9b01a9
Looking for commits in: /workspace/source/
Found commit author match for: valkyrjaa with email address: tuana1998@hotmail.de
expose:
  Annotations:
    helm.sh/hook: post-install,post-upgrade
    helm.sh/hook-delete-policy: hook-succeeded
  config:
    domain: 34.65.166.10.nip.io
    exposer: Ingress
    http: "true"
preview:
  image:
    repository: gcr.io/deliverymachine/LunchUp-Backend
    tag: 0.0.0-SNAPSHOT-PR-2-8
Cloning the Jenkins X versions repo https://github.com/jenkins-x/jenkins-x-versions.git with ref refs/heads/master to /builder/home/.**/jenkins-x-versions
error: failed to run 'kubectl apply --recursive -f /tmp/helm-template-workdir-715358224/preview/output/namespaces/**-devopscamp2019-lunchup-backend-pr-2 -l jenkins.io/chart-release=preview --namespace **-devopscamp2019-lunchup-backend-pr-2 --wait --validate=false' command in directory '', output: 'role.rbac.authorization.k8s.io/cleanup configured
rolebinding.rbac.authorization.k8s.io/cleanup configured
serviceaccount/cleanup configured
configmap/preview-db-init-scripts configured
secret/preview-db configured
statefulset.apps/preview-db configured
service/preview-db-headless configured
service/preview-db configured
configmap/exposecontroller configured
role.rbac.authorization.k8s.io/expose configured
rolebinding.rbac.authorization.k8s.io/expose configured
serviceaccount/expose configured
deployment.extensions/preview-preview configured
service/lunchup-backend configured
Error from server: error when applying patch:
{"metadata":{"annotations":{"kubectl.kubernetes.io/last-applied-configuration":"{\"apiVersion\":\"extensions/v1beta1\",\"kind\":\"Deployment\",\"metadata\":{\"annotations\":{\"jenkins.io/chart\":\"preview\"},\"labels\":{\"chart\":\"preview-0.0.0-SNAPSHOT-PR-2-8\",\"draft\":\"draft-app\",\"jenkins.io/chart-release\":\"preview\",\"jenkins.io/namespace\":\"**-devopscamp2019-lunchup-backend-pr-2\",\"jenkins.io/version\":\"0.0.0-SNAPSHOT-PR-2-8\"},\"name\":\"preview-preview\",\"namespace\":\"**-devopscamp2019-lunchup-backend-pr-2\"},\"spec\":{\"replicas\":1,\"template\":{\"metadata\":{\"labels\":{\"app\":\"preview-preview\",\"draft\":\"draft-app\"}},\"spec\":{\"containers\":[{\"env\":[{\"name\":\"LUNCHUP_DB_USER\",\"value\":\"lunchup\"},{\"name\":\"LUNCHUP_DB_PASSWORD\",\"value\":\"lunchup\"},{\"name\":\"LUNCHUP_DB_SERVER\",\"value\":\"preview-db-0\"},{\"name\":\"LUNCHUP_DB_PORT\",\"value\":5432},{\"name\":\"LUNCHUP_DB_DATABASE\",\"value\":\"lunchup\"},{\"name\":\"ASPNETCORE_ENVIRONMENT\",\"value\":\"preview\"}],\"image\":\"gcr.io/devopscamp2019/lunchup-backend:0.0.0-SNAPSHOT-PR-2-8\",\"imagePullPolicy\":\"IfNotPresent\",\"name\":\"preview\",\"ports\":[{\"containerPort\":80}],\"resources\":{\"limits\":{\"cpu\":1,\"memory\":\"256Mi\"},\"requests\":{\"cpu\":\"250m\",\"memory\":\"256Mi\"}}}]}}}}\n"}},"spec":{"template":{"spec":{"$setElementOrder/containers":[{"name":"preview"}],"containers":[{"env":[{"name":"LUNCHUP_DB_USER","value":"lunchup"},{"name":"LUNCHUP_DB_PASSWORD","value":"lunchup"},{"name":"LUNCHUP_DB_SERVER","value":"preview-db-0"},{"name":"LUNCHUP_DB_PORT","value":5432},{"name":"LUNCHUP_DB_DATABASE","value":"lunchup"},{"name":"ASPNETCORE_ENVIRONMENT","value":"preview"}],"name":"preview","resources":{"limits":{"cpu":1}}}]}}}}
to:
Resource: "extensions/v1beta1, Resource=deployments", GroupVersionKind: "extensions/v1beta1, Kind=Deployment"
Name: "preview-preview", Namespace: "**-devopscamp2019-lunchup-backend-pr-2"
Object: &{map["apiVersion":"extensions/v1beta1" "kind":"Deployment" "metadata":map["annotations":map["deployment.kubernetes.io/revision":"5" "jenkins.io/chart":"preview" "kubectl.kubernetes.io/last-applied-configuration":"{\"apiVersion\":\"extensions/v1beta1\",\"kind\":\"Deployment\",\"metadata\":{\"annotations\":{\"jenkins.io/chart\":\"preview\"},\"labels\":{\"chart\":\"preview-0.0.0-SNAPSHOT-PR-2-8\",\"draft\":\"draft-app\",\"jenkins.io/chart-release\":\"preview\",\"jenkins.io/namespace\":\"**-devopscamp2019-lunchup-backend-pr-2\",\"jenkins.io/version\":\"0.0.0-SNAPSHOT-PR-2-8\"},\"name\":\"preview-preview\",\"namespace\":\"**-devopscamp2019-lunchup-backend-pr-2\"},\"spec\":{\"replicas\":1,\"template\":{\"metadata\":{\"labels\":{\"app\":\"preview-preview\",\"draft\":\"draft-app\"}},\"spec\":{\"containers\":[{\"env\":null,\"image\":\"gcr.io/devopscamp2019/lunchup-backend:0.0.0-SNAPSHOT-PR-2-8\",\"imagePullPolicy\":\"IfNotPresent\",\"name\":\"preview\",\"ports\":[{\"containerPort\":80}],\"resources\":{\"limits\":{\"cpu\":1,\"memory\":\"256Mi\"},\"requests\":{\"cpu\":\"250m\",\"memory\":\"256Mi\"}}}]}}}}\n"] "creationTimestamp":"2019-11-05T13:30:51Z" "generation":'\x05' "labels":map["chart":"preview-0.0.0-SNAPSHOT-PR-2-8" "draft":"draft-app" "jenkins.io/chart-release":"preview" "jenkins.io/namespace":"**-devopscamp2019-lunchup-backend-pr-2" "jenkins.io/version":"0.0.0-SNAPSHOT-PR-2-8"] "name":"preview-preview" "namespace":"**-devopscamp2019-lunchup-backend-pr-2" "resourceVersion":"408037" "selfLink":"/apis/extensions/v1beta1/namespaces/**-devopscamp2019-lunchup-backend-pr-2/deployments/preview-preview" "uid":"7c2f0b86-ffd0-11e9-bd58-42010aac002d"] "spec":map["progressDeadlineSeconds":%!q(int64=+2147483647) "replicas":'\x01' "revisionHistoryLimit":%!q(int64=+2147483647) "selector":map["matchLabels":map["app":"preview-preview" "draft":"draft-app"]] "strategy":map["rollingUpdate":map["maxSurge":'\x01' "maxUnavailable":'\x01'] "type":"RollingUpdate"] "template":map["metadata":map["creationTimestamp":<nil> "labels":map["app":"preview-preview" "draft":"draft-app"]] "spec":map["containers":[map["image":"gcr.io/devopscamp2019/lunchup-backend:0.0.0-SNAPSHOT-PR-2-8" "imagePullPolicy":"IfNotPresent" "name":"preview" "ports":[map["containerPort":'P' "protocol":"TCP"]] "resources":map["limits":map["cpu":"1" "memory":"256Mi"] "requests":map["cpu":"250m" "memory":"256Mi"]] "terminationMessagePath":"/dev/termination-log" "terminationMessagePolicy":"File"]] "dnsPolicy":"ClusterFirst" "restartPolicy":"Always" "schedulerName":"default-scheduler" "securityContext":map[] "terminationGracePeriodSeconds":'\x1e']]] "status":map["conditions":[map["lastTransitionTime":"2019-11-05T13:30:51Z" "lastUpdateTime":"2019-11-05T13:30:51Z" "message":"Deployment has minimum availability." "reason":"MinimumReplicasAvailable" "status":"True" "type":"Available"]] "observedGeneration":'\x04' "replicas":'\x01' "unavailableReplicas":'\x01' "updatedReplicas":'\x01']]}
for: "/tmp/helm-template-workdir-715358224/preview/output/namespaces/**-devopscamp2019-lunchup-backend-pr-2/preview/templates/part0-deployment.yaml": cannot convert int64 to string'
[31m
Pipeline failed on stage 'from-build-pack' : container 'step-promote-jx-preview'. The execution of the pipeline has stopped.[0m
