
Showing logs for build [32mdevopscamp2019-lunchup-backend-mfvqw-3[0m stage [32mfrom-build-pack[0m and container [32mstep-credential-initializer-d95vm[0m
{"level":"warn","ts":1572883272.7487283,"logger":"fallback-logger","caller":"logging/config.go:69","msg":"Fetch GitHub commit ID from kodata failed: \"ref: refs/heads/master\" is not a valid GitHub commit ID"}
{"level":"info","ts":1572883272.7492414,"logger":"fallback-logger","caller":"creds-init/main.go:40","msg":"Credentials initialized."}

Showing logs for build [32mdevopscamp2019-lunchup-backend-mfvqw-3[0m stage [32mfrom-build-pack[0m and container [32mstep-working-dir-initializer-zmp5t[0m
{"level":"warn","ts":1572883273.6664615,"logger":"fallback-logger","caller":"logging/config.go:69","msg":"Fetch GitHub commit ID from kodata failed: open /var/run/ko/HEAD: no such file or directory"}
{"level":"info","ts":1572883273.66828,"logger":"fallback-logger","caller":"bash/main.go:65","msg":"Successfully executed command \"mkdir -p /workspace/source\""}

Showing logs for build [32mdevopscamp2019-lunchup-backend-mfvqw-3[0m stage [32mfrom-build-pack[0m and container [32mstep-place-tools[0m

Showing logs for build [32mdevopscamp2019-lunchup-backend-mfvqw-3[0m stage [32mfrom-build-pack[0m and container [32mstep-git-source-devopscamp2019-lunchup-backend-fh7fq[0m
{"level":"warn","ts":1572883279.7580974,"logger":"fallback-logger","caller":"logging/config.go:69","msg":"Fetch GitHub commit ID from kodata failed: \"ref: refs/heads/master\" is not a valid GitHub commit ID"}
{"level":"info","ts":1572883281.1837313,"logger":"fallback-logger","caller":"git/git.go:102","msg":"Successfully cloned https://github.com/DevOpsCamp2019/LunchUp-Backend.git @ master in path /workspace/source"}

Showing logs for build [32mdevopscamp2019-lunchup-backend-mfvqw-3[0m stage [32mfrom-build-pack[0m and container [32mstep-git-merge[0m
Using SHAs from PULL_REFS=master:49bc777480a2ca442bd1975bd1b7666e8ff07e28,1:e25def98e95d1294077353feaa026367f18d8e2a
DEBUG: ran git fetch --unshallow origin e25def98e95d1294077353feaa026367f18d8e2a: 49bc777480a2ca442bd1975bd1b7666e8ff07e28: in 
DEBUG: ran git checkout master in 
DEBUG: ran git reset --hard 49bc777480a2ca442bd1975bd1b7666e8ff07e28 in 
DEBUG: ran clean --force -d . in 
DEBUG: ran git merge e25def98e95d1294077353feaa026367f18d8e2a in 
Merged SHA fec2eebb6c4bc26239807ac9b012d869f5532d0e with commit message 'Merge commit 'e25def98e95d1294077353feaa026367f18d8e2a'' into base branch master
Merged SHA e25def98e95d1294077353feaa026367f18d8e2a with commit message 'add proper shady step' into base branch master
Merged SHA 18fe4a1706e6e50a19c8400bdc01aa2ed231b6e4 with commit message 'remove shady pipeline' into base branch master
Merged SHA d9fa89194a5a7d8a4457a02cf3165848fae5a415 with commit message 'add agent to pipeline' into base branch master
Merged SHA 9a9655a83cc199e422396301cfa3710e85b7563d with commit message 'fix pipeline' into base branch master
Merged SHA 5bcf2c4e3700a0d43ba0f40660a2f051ea9e4b79 with commit message 'add shady build step' into base branch master

Showing logs for build [32mdevopscamp2019-lunchup-backend-mfvqw-3[0m stage [32mfrom-build-pack[0m and container [32mstep-prebuild-step2[0m
shady stuff going on hiiire

Showing logs for build [32mdevopscamp2019-lunchup-backend-mfvqw-3[0m stage [32mfrom-build-pack[0m and container [32mstep-build-container-build[0m
[36mINFO[0m[0000] Downloading base image mcr.microsoft.com/dotnet/core/aspnet:3.0-buster-slim 
ERROR: logging before flag.Parse: E1104 16:01:24.797668       9 metadata.go:142] while reading 'google-dockercfg' metadata: http status code: 404 while fetching url http://metadata.google.internal./computeMetadata/v1/instance/attributes/google-dockercfg
ERROR: logging before flag.Parse: E1104 16:01:24.800885       9 metadata.go:159] while reading 'google-dockercfg-url' metadata: http status code: 404 while fetching url http://metadata.google.internal./computeMetadata/v1/instance/attributes/google-dockercfg-url
2019/11/04 16:01:24 No matching credentials were found, falling back on anonymous
[36mINFO[0m[0001] Error while retrieving image from cache: getting file info: stat /workspace/sha256:803b70d9de2c57a168af4cc7d44e77a9c0591b49ce2af73d50c344aa22048eda: no such file or directory 
[36mINFO[0m[0001] Downloading base image mcr.microsoft.com/dotnet/core/aspnet:3.0-buster-slim 
2019/11/04 16:01:25 No matching credentials were found, falling back on anonymous
[36mINFO[0m[0002] cmd: EXPOSE                                  
[36mINFO[0m[0002] Adding exposed port: 80/tcp                  
[36mINFO[0m[0002] cmd: EXPOSE                                  
[36mINFO[0m[0002] Adding exposed port: 443/tcp                 
[36mINFO[0m[0002] Skipping unpacking as no commands require it. 
[36mINFO[0m[0002] Taking snapshot of full filesystem...        
[36mINFO[0m[0002] WORKDIR /app                                 
[36mINFO[0m[0002] cmd: workdir                                 
[36mINFO[0m[0002] Changed working directory to /app            
[36mINFO[0m[0002] Creating directory /app                      
[36mINFO[0m[0002] Taking snapshot of files...                  
[36mINFO[0m[0002] EXPOSE 80                                    
[36mINFO[0m[0002] cmd: EXPOSE                                  
[36mINFO[0m[0002] Adding exposed port: 80/tcp                  
[36mINFO[0m[0002] No files changed in this command, skipping snapshotting. 
[36mINFO[0m[0002] EXPOSE 443                                   
[36mINFO[0m[0002] cmd: EXPOSE                                  
[36mINFO[0m[0002] Adding exposed port: 443/tcp                 
[36mINFO[0m[0002] No files changed in this command, skipping snapshotting. 
[36mINFO[0m[0002] Storing source image from stage 0 at path /kaniko/stages/0 
[36mINFO[0m[0021] Deleting filesystem...                       
[36mINFO[0m[0021] Downloading base image mcr.microsoft.com/dotnet/core/sdk:3.0-buster 
2019/11/04 16:01:46 No matching credentials were found, falling back on anonymous
[36mINFO[0m[0022] Error while retrieving image from cache: getting file info: stat /workspace/sha256:65c0187e27b42bc45ea5ef98226c7ef37d1b706e10031ddce377bf6da3dcd9aa: no such file or directory 
[36mINFO[0m[0022] Downloading base image mcr.microsoft.com/dotnet/core/sdk:3.0-buster 
2019/11/04 16:01:47 No matching credentials were found, falling back on anonymous
[36mINFO[0m[0023] Using files from context: [/workspace/source/src/LunchUp.Backend] 
[36mINFO[0m[0023] Checking for cached layer gcr.io/deliverymachine/cache:541ce7729edc36183c1a2b9bfc481a29984b0fb7e4efb9d32d0015c8a94d9708... 
[36mINFO[0m[0024] Using caching version of cmd: RUN dotnet restore "LunchUp.Backend/LunchUp.Backend.sln" 
[36mINFO[0m[0024] Using files from context: [/workspace/source] 
[36mINFO[0m[0024] Checking for cached layer gcr.io/deliverymachine/cache:784621e145cde43ddd03d9766614a04a9d0bf084db16b83c61af95ae187ec982... 
[36mINFO[0m[0024] No cached layer found for cmd RUN dotnet build "LunchUp.WebHost/LunchUp.WebHost.csproj" -c Release -o /app/build 
[36mINFO[0m[0024] Unpacking rootfs as cmd RUN dotnet build "LunchUp.WebHost/LunchUp.WebHost.csproj" -c Release -o /app/build requires it. 
[36mINFO[0m[0048] Taking snapshot of full filesystem...        
[36mINFO[0m[0055] WORKDIR /src                                 
[36mINFO[0m[0055] cmd: workdir                                 
[36mINFO[0m[0055] Changed working directory to /src            
[36mINFO[0m[0055] Creating directory /src                      
[36mINFO[0m[0055] Taking snapshot of files...                  
[36mINFO[0m[0055] Using files from context: [/workspace/source/src/LunchUp.Backend] 
[36mINFO[0m[0055] COPY ["src/LunchUp.Backend/", "LunchUp.Backend/"] 
[36mINFO[0m[0055] Taking snapshot of files...                  
[36mINFO[0m[0055] RUN dotnet restore "LunchUp.Backend/LunchUp.Backend.sln" 
[36mINFO[0m[0055] Found cached layer, extracting to filesystem 
[36mINFO[0m[0058] Taking snapshot of files...                  
error building image: error building stage: Unable to add file /tmp/clr-debug-pipe-63-23120-out to layered map: Error creating hash for /tmp/clr-debug-pipe-63-23120-out: lstat /tmp/clr-debug-pipe-63-23120-out: no such file or directory
[31m
Pipeline failed on stage 'from-build-pack' : container 'step-build-container-build'. The execution of the pipeline has stopped.[0m
