
Showing logs for build [32mdevopscamp2019-lunchup-backend-f59pw-5[0m stage [32mfrom-build-pack[0m and container [32mstep-credential-initializer-m6wh9[0m
{"level":"warn","ts":1572944712.0289826,"logger":"fallback-logger","caller":"logging/config.go:69","msg":"Fetch GitHub commit ID from kodata failed: \"ref: refs/heads/master\" is not a valid GitHub commit ID"}
{"level":"info","ts":1572944712.029502,"logger":"fallback-logger","caller":"creds-init/main.go:40","msg":"Credentials initialized."}

Showing logs for build [32mdevopscamp2019-lunchup-backend-f59pw-5[0m stage [32mfrom-build-pack[0m and container [32mstep-working-dir-initializer-4z72d[0m
{"level":"warn","ts":1572944713.1535618,"logger":"fallback-logger","caller":"logging/config.go:69","msg":"Fetch GitHub commit ID from kodata failed: open /var/run/ko/HEAD: no such file or directory"}
{"level":"info","ts":1572944713.1548054,"logger":"fallback-logger","caller":"bash/main.go:65","msg":"Successfully executed command \"mkdir -p /workspace/source\""}

Showing logs for build [32mdevopscamp2019-lunchup-backend-f59pw-5[0m stage [32mfrom-build-pack[0m and container [32mstep-place-tools[0m

Showing logs for build [32mdevopscamp2019-lunchup-backend-f59pw-5[0m stage [32mfrom-build-pack[0m and container [32mstep-git-source-devopscamp2019-lunchup-backend-gpqxg[0m
{"level":"warn","ts":1572944719.3077302,"logger":"fallback-logger","caller":"logging/config.go:69","msg":"Fetch GitHub commit ID from kodata failed: \"ref: refs/heads/master\" is not a valid GitHub commit ID"}
{"level":"info","ts":1572944720.7157516,"logger":"fallback-logger","caller":"git/git.go:102","msg":"Successfully cloned https://github.com/DevOpsCamp2019/LunchUp-Backend.git @ master in path /workspace/source"}

Showing logs for build [32mdevopscamp2019-lunchup-backend-f59pw-5[0m stage [32mfrom-build-pack[0m and container [32mstep-git-merge[0m
Using SHAs from PULL_REFS=master:0f7fc3e847aaed5e73d80a7293ddcf0444be7d8d,1:051c22333d77b4966b24809aebe5a60ddaf3b48b
DEBUG: ran git fetch --unshallow origin 051c22333d77b4966b24809aebe5a60ddaf3b48b: 0f7fc3e847aaed5e73d80a7293ddcf0444be7d8d: in 
DEBUG: ran git checkout master in 
DEBUG: ran git reset --hard 0f7fc3e847aaed5e73d80a7293ddcf0444be7d8d in 
DEBUG: ran clean --force -d . in 
DEBUG: ran git merge 051c22333d77b4966b24809aebe5a60ddaf3b48b in 
Merged SHA 22eeeb79a2d56101d10aca07726ca66507fd6291 with commit message 'Merge commit '051c22333d77b4966b24809aebe5a60ddaf3b48b'' into base branch master
Merged SHA 051c22333d77b4966b24809aebe5a60ddaf3b48b with commit message 'remove GÄNSEFÜSSCHEN to fix shady' into base branch master
Merged SHA 7dfa23a83c7db6a4cc3273056b40e762c2f94d5d with commit message 'force rebuild' into base branch master
Merged SHA e25def98e95d1294077353feaa026367f18d8e2a with commit message 'add proper shady step' into base branch master
Merged SHA 18fe4a1706e6e50a19c8400bdc01aa2ed231b6e4 with commit message 'remove shady pipeline' into base branch master
Merged SHA d9fa89194a5a7d8a4457a02cf3165848fae5a415 with commit message 'add agent to pipeline' into base branch master
Merged SHA 9a9655a83cc199e422396301cfa3710e85b7563d with commit message 'fix pipeline' into base branch master
Merged SHA 5bcf2c4e3700a0d43ba0f40660a2f051ea9e4b79 with commit message 'add shady build step' into base branch master

Showing logs for build [32mdevopscamp2019-lunchup-backend-f59pw-5[0m stage [32mfrom-build-pack[0m and container [32mstep-prebuild-step2[0m
shady stuff going on here

Showing logs for build [32mdevopscamp2019-lunchup-backend-f59pw-5[0m stage [32mfrom-build-pack[0m and container [32mstep-build-container-build[0m
[36mINFO[0m[0000] Downloading base image mcr.microsoft.com/dotnet/core/aspnet:3.0-buster-slim 
ERROR: logging before flag.Parse: E1105 09:05:24.044965      10 metadata.go:159] while reading 'google-dockercfg-url' metadata: http status code: 404 while fetching url http://metadata.google.internal./computeMetadata/v1/instance/attributes/google-dockercfg-url
ERROR: logging before flag.Parse: E1105 09:05:24.050788      10 metadata.go:142] while reading 'google-dockercfg' metadata: http status code: 404 while fetching url http://metadata.google.internal./computeMetadata/v1/instance/attributes/google-dockercfg
2019/11/05 09:05:24 No matching credentials were found, falling back on anonymous
[36mINFO[0m[0004] Error while retrieving image from cache: getting file info: stat /workspace/sha256:803b70d9de2c57a168af4cc7d44e77a9c0591b49ce2af73d50c344aa22048eda: no such file or directory 
[36mINFO[0m[0004] Downloading base image mcr.microsoft.com/dotnet/core/aspnet:3.0-buster-slim 
2019/11/05 09:05:28 No matching credentials were found, falling back on anonymous
[36mINFO[0m[0005] cmd: EXPOSE                                  
[36mINFO[0m[0005] Adding exposed port: 80/tcp                  
[36mINFO[0m[0005] cmd: EXPOSE                                  
[36mINFO[0m[0005] Adding exposed port: 443/tcp                 
[36mINFO[0m[0005] Skipping unpacking as no commands require it. 
[36mINFO[0m[0005] Taking snapshot of full filesystem...        
[36mINFO[0m[0005] WORKDIR /app                                 
[36mINFO[0m[0005] cmd: workdir                                 
[36mINFO[0m[0005] Changed working directory to /app            
[36mINFO[0m[0005] Creating directory /app                      
[36mINFO[0m[0005] Taking snapshot of files...                  
[36mINFO[0m[0005] EXPOSE 80                                    
[36mINFO[0m[0005] cmd: EXPOSE                                  
[36mINFO[0m[0005] Adding exposed port: 80/tcp                  
[36mINFO[0m[0005] No files changed in this command, skipping snapshotting. 
[36mINFO[0m[0005] EXPOSE 443                                   
[36mINFO[0m[0005] cmd: EXPOSE                                  
[36mINFO[0m[0005] Adding exposed port: 443/tcp                 
[36mINFO[0m[0005] No files changed in this command, skipping snapshotting. 
[36mINFO[0m[0005] Storing source image from stage 0 at path /kaniko/stages/0 
[36mINFO[0m[0026] Deleting filesystem...                       
[36mINFO[0m[0026] Downloading base image mcr.microsoft.com/dotnet/core/sdk:3.0-buster 
2019/11/05 09:05:50 No matching credentials were found, falling back on anonymous
[36mINFO[0m[0027] Error while retrieving image from cache: getting file info: stat /workspace/sha256:65c0187e27b42bc45ea5ef98226c7ef37d1b706e10031ddce377bf6da3dcd9aa: no such file or directory 
[36mINFO[0m[0027] Downloading base image mcr.microsoft.com/dotnet/core/sdk:3.0-buster 
2019/11/05 09:05:51 No matching credentials were found, falling back on anonymous
[36mINFO[0m[0028] Using files from context: [/workspace/source/src/LunchUp.Backend] 
[36mINFO[0m[0028] Checking for cached layer gcr.io/deliverymachine/cache:af00abeb97f1335baa3033ac7ef817d72776ce94c1954824787c8e99ac15f08c... 
[36mINFO[0m[0029] Using caching version of cmd: RUN dotnet restore "LunchUp.Backend/LunchUp.Backend.sln" 
[36mINFO[0m[0029] Using files from context: [/workspace/source] 
[36mINFO[0m[0029] Checking for cached layer gcr.io/deliverymachine/cache:4c9c64ca9daec534799cb426537fb61598ee5e2a28d06dafb983542459906cac... 
[36mINFO[0m[0029] No cached layer found for cmd RUN dotnet build "LunchUp.WebHost/LunchUp.WebHost.csproj" -c Release -o /app/build 
[36mINFO[0m[0029] Unpacking rootfs as cmd RUN dotnet build "LunchUp.WebHost/LunchUp.WebHost.csproj" -c Release -o /app/build requires it. 
[36mINFO[0m[0053] Taking snapshot of full filesystem...        
[36mINFO[0m[0061] WORKDIR /src                                 
[36mINFO[0m[0061] cmd: workdir                                 
[36mINFO[0m[0061] Changed working directory to /src            
[36mINFO[0m[0061] Creating directory /src                      
[36mINFO[0m[0061] Taking snapshot of files...                  
[36mINFO[0m[0061] Using files from context: [/workspace/source/src/LunchUp.Backend] 
[36mINFO[0m[0061] COPY ["src/LunchUp.Backend/", "LunchUp.Backend/"] 
[36mINFO[0m[0061] Taking snapshot of files...                  
[36mINFO[0m[0061] RUN dotnet restore "LunchUp.Backend/LunchUp.Backend.sln" 
[36mINFO[0m[0061] Found cached layer, extracting to filesystem 
[36mINFO[0m[0065] Taking snapshot of files...                  
error building image: error building stage: Unable to add file /tmp/clr-debug-pipe-62-151679-out to layered map: Error creating hash for /tmp/clr-debug-pipe-62-151679-out: lstat /tmp/clr-debug-pipe-62-151679-out: no such file or directory
[31m
Pipeline failed on stage 'from-build-pack' : container 'step-build-container-build'. The execution of the pipeline has stopped.[0m
