
Showing logs for build [32mdevopscamp2019-lunchup-backend-jr647-7[0m stage [32mfrom-build-pack[0m and container [32mstep-credential-initializer-mp9pj[0m
{"level":"warn","ts":1572945784.1136403,"logger":"fallback-logger","caller":"logging/config.go:69","msg":"Fetch GitHub commit ID from kodata failed: \"ref: refs/heads/master\" is not a valid GitHub commit ID"}
{"level":"info","ts":1572945784.1142344,"logger":"fallback-logger","caller":"creds-init/main.go:40","msg":"Credentials initialized."}

Showing logs for build [32mdevopscamp2019-lunchup-backend-jr647-7[0m stage [32mfrom-build-pack[0m and container [32mstep-working-dir-initializer-wvzd9[0m
{"level":"warn","ts":1572945784.59735,"logger":"fallback-logger","caller":"logging/config.go:69","msg":"Fetch GitHub commit ID from kodata failed: open /var/run/ko/HEAD: no such file or directory"}
{"level":"info","ts":1572945784.6018493,"logger":"fallback-logger","caller":"bash/main.go:65","msg":"Successfully executed command \"mkdir -p /workspace/source\""}

Showing logs for build [32mdevopscamp2019-lunchup-backend-jr647-7[0m stage [32mfrom-build-pack[0m and container [32mstep-place-tools[0m

Showing logs for build [32mdevopscamp2019-lunchup-backend-jr647-7[0m stage [32mfrom-build-pack[0m and container [32mstep-git-source-devopscamp2019-lunchup-backend-kn8zd[0m
{"level":"warn","ts":1572945790.858948,"logger":"fallback-logger","caller":"logging/config.go:69","msg":"Fetch GitHub commit ID from kodata failed: \"ref: refs/heads/master\" is not a valid GitHub commit ID"}
{"level":"info","ts":1572945792.306713,"logger":"fallback-logger","caller":"git/git.go:102","msg":"Successfully cloned https://github.com/DevOpsCamp2019/LunchUp-Backend.git @ master in path /workspace/source"}

Showing logs for build [32mdevopscamp2019-lunchup-backend-jr647-7[0m stage [32mfrom-build-pack[0m and container [32mstep-git-merge[0m
Using SHAs from PULL_REFS=master:5269e8f153163a3aa3d6ab6996adcafe00946151,1:47585515ee5ba0e949b755b3b9d67b27dda7f9aa
DEBUG: ran git fetch --unshallow origin 47585515ee5ba0e949b755b3b9d67b27dda7f9aa: 5269e8f153163a3aa3d6ab6996adcafe00946151: in 
DEBUG: ran git checkout master in 
DEBUG: ran git reset --hard 5269e8f153163a3aa3d6ab6996adcafe00946151 in 
DEBUG: ran clean --force -d . in 
DEBUG: ran git merge 47585515ee5ba0e949b755b3b9d67b27dda7f9aa in 
Merged SHA b43fb2f7ace1f3f6e42397f11aa41baa66cbbd35 with commit message 'Merge commit '47585515ee5ba0e949b755b3b9d67b27dda7f9aa'' into base branch master
Merged SHA 47585515ee5ba0e949b755b3b9d67b27dda7f9aa with commit message 'add version to preview chart.yaml' into base branch master
Merged SHA 09e7551a35754d0cc9452f2af2b6dbf12df0ecad with commit message 'make hello shady post prebuild' into base branch master
Merged SHA 051c22333d77b4966b24809aebe5a60ddaf3b48b with commit message 'remove GÄNSEFÜSSCHEN to fix shady' into base branch master
Merged SHA 7dfa23a83c7db6a4cc3273056b40e762c2f94d5d with commit message 'force rebuild' into base branch master
Merged SHA e25def98e95d1294077353feaa026367f18d8e2a with commit message 'add proper shady step' into base branch master
Merged SHA 18fe4a1706e6e50a19c8400bdc01aa2ed231b6e4 with commit message 'remove shady pipeline' into base branch master
Merged SHA d9fa89194a5a7d8a4457a02cf3165848fae5a415 with commit message 'add agent to pipeline' into base branch master
Merged SHA 9a9655a83cc199e422396301cfa3710e85b7563d with commit message 'fix pipeline' into base branch master
Merged SHA 5bcf2c4e3700a0d43ba0f40660a2f051ea9e4b79 with commit message 'add shady build step' into base branch master

Showing logs for build [32mdevopscamp2019-lunchup-backend-jr647-7[0m stage [32mfrom-build-pack[0m and container [32mstep-prebuild-step2[0m
hello shady

Showing logs for build [32mdevopscamp2019-lunchup-backend-jr647-7[0m stage [32mfrom-build-pack[0m and container [32mstep-prebuild-step3[0m
shady stuff going on here

Showing logs for build [32mdevopscamp2019-lunchup-backend-jr647-7[0m stage [32mfrom-build-pack[0m and container [32mstep-build-container-build[0m
[36mINFO[0m[0000] Downloading base image mcr.microsoft.com/dotnet/core/aspnet:3.0-buster-slim 
ERROR: logging before flag.Parse: E1105 09:23:15.823702      10 metadata.go:142] while reading 'google-dockercfg' metadata: http status code: 404 while fetching url http://metadata.google.internal./computeMetadata/v1/instance/attributes/google-dockercfg
ERROR: logging before flag.Parse: E1105 09:23:15.826633      10 metadata.go:159] while reading 'google-dockercfg-url' metadata: http status code: 404 while fetching url http://metadata.google.internal./computeMetadata/v1/instance/attributes/google-dockercfg-url
2019/11/05 09:23:15 No matching credentials were found, falling back on anonymous
[36mINFO[0m[0001] Error while retrieving image from cache: getting file info: stat /workspace/sha256:803b70d9de2c57a168af4cc7d44e77a9c0591b49ce2af73d50c344aa22048eda: no such file or directory 
[36mINFO[0m[0001] Downloading base image mcr.microsoft.com/dotnet/core/aspnet:3.0-buster-slim 
2019/11/05 09:23:16 No matching credentials were found, falling back on anonymous
[36mINFO[0m[0002] cmd: EXPOSE                                  
[36mINFO[0m[0002] Adding exposed port: 80/tcp                  
[36mINFO[0m[0002] cmd: EXPOSE                                  
[36mINFO[0m[0002] Adding exposed port: 443/tcp                 
[36mINFO[0m[0002] Skipping unpacking as no commands require it. 
[36mINFO[0m[0002] Taking snapshot of full filesystem...        
[36mINFO[0m[0002] WORKDIR /app                                 
[36mINFO[0m[0002] cmd: workdir                                 
[36mINFO[0m[0002] Changed working directory to /app            
[36mINFO[0m[0002] Creating directory /app                      
[36mINFO[0m[0002] Taking snapshot of files...                  
[36mINFO[0m[0002] EXPOSE 80                                    
[36mINFO[0m[0002] cmd: EXPOSE                                  
[36mINFO[0m[0002] Adding exposed port: 80/tcp                  
[36mINFO[0m[0002] No files changed in this command, skipping snapshotting. 
[36mINFO[0m[0002] EXPOSE 443                                   
[36mINFO[0m[0002] cmd: EXPOSE                                  
[36mINFO[0m[0002] Adding exposed port: 443/tcp                 
[36mINFO[0m[0002] No files changed in this command, skipping snapshotting. 
[36mINFO[0m[0002] Storing source image from stage 0 at path /kaniko/stages/0 
[36mINFO[0m[0023] Deleting filesystem...                       
[36mINFO[0m[0023] Downloading base image mcr.microsoft.com/dotnet/core/sdk:3.0-buster 
2019/11/05 09:23:39 No matching credentials were found, falling back on anonymous
[36mINFO[0m[0023] Error while retrieving image from cache: getting file info: stat /workspace/sha256:65c0187e27b42bc45ea5ef98226c7ef37d1b706e10031ddce377bf6da3dcd9aa: no such file or directory 
[36mINFO[0m[0023] Downloading base image mcr.microsoft.com/dotnet/core/sdk:3.0-buster 
2019/11/05 09:23:39 No matching credentials were found, falling back on anonymous
[36mINFO[0m[0024] Using files from context: [/workspace/source/src/LunchUp.Backend] 
[36mINFO[0m[0024] Checking for cached layer gcr.io/deliverymachine/cache:7b32af9c81d9e2bdca54bf1ec5ee52232f88fd4beec9d626a3e6d00856ab8e2d... 
[36mINFO[0m[0025] Using caching version of cmd: RUN dotnet restore "LunchUp.Backend/LunchUp.Backend.sln" 
[36mINFO[0m[0025] Using files from context: [/workspace/source] 
[36mINFO[0m[0025] Checking for cached layer gcr.io/deliverymachine/cache:0dc41c482ae8e88e141d07c38a45d3b2695ba88fb6d1945187af1d96d3156354... 
[36mINFO[0m[0025] No cached layer found for cmd RUN dotnet build "LunchUp.WebHost/LunchUp.WebHost.csproj" -c Release -o /app/build 
[36mINFO[0m[0025] Unpacking rootfs as cmd RUN dotnet build "LunchUp.WebHost/LunchUp.WebHost.csproj" -c Release -o /app/build requires it. 
[36mINFO[0m[0061] Taking snapshot of full filesystem...        
[36mINFO[0m[0068] WORKDIR /src                                 
[36mINFO[0m[0068] cmd: workdir                                 
[36mINFO[0m[0068] Changed working directory to /src            
[36mINFO[0m[0068] Creating directory /src                      
[36mINFO[0m[0068] Taking snapshot of files...                  
[36mINFO[0m[0068] Using files from context: [/workspace/source/src/LunchUp.Backend] 
[36mINFO[0m[0068] COPY ["src/LunchUp.Backend/", "LunchUp.Backend/"] 
[36mINFO[0m[0068] Taking snapshot of files...                  
[36mINFO[0m[0068] RUN dotnet restore "LunchUp.Backend/LunchUp.Backend.sln" 
[36mINFO[0m[0068] Found cached layer, extracting to filesystem 
[36mINFO[0m[0074] Taking snapshot of files...                  
[36mINFO[0m[0083] Using files from context: [/workspace/source] 
[36mINFO[0m[0084] COPY . .                                     
[36mINFO[0m[0084] Taking snapshot of files...                  
[36mINFO[0m[0084] WORKDIR "/src/LunchUp.Backend"               
[36mINFO[0m[0084] cmd: workdir                                 
[36mINFO[0m[0084] Changed working directory to /src/LunchUp.Backend 
[36mINFO[0m[0084] No files changed in this command, skipping snapshotting. 
[36mINFO[0m[0084] RUN dotnet build "LunchUp.WebHost/LunchUp.WebHost.csproj" -c Release -o /app/build 
[36mINFO[0m[0084] cmd: /bin/sh                                 
[36mINFO[0m[0084] args: [-c dotnet build "LunchUp.WebHost/LunchUp.WebHost.csproj" -c Release -o /app/build] 
Microsoft (R) Build Engine version 16.3.0+0f4c62fea for .NET Core
Copyright (C) Microsoft Corporation. All rights reserved.

  Restore completed in 48.22 ms for /src/LunchUp.Backend/LunchUp.Core/LunchUp.Core.csproj.
  Restore completed in 53.15 ms for /src/LunchUp.Backend/LunchUp.Model/LunchUp.Model.csproj.
  Restore completed in 5.51 ms for /src/LunchUp.Backend/LunchUp.WebHost/LunchUp.WebHost.csproj.
  LunchUp.Model -> /app/build/LunchUp.Model.dll
  LunchUp.Core -> /app/build/LunchUp.Core.dll
Dto/Person.cs(5,18): warning CS1591: Missing XML comment for publicly visible type or member 'Person' [/src/LunchUp.Backend/LunchUp.WebHost/LunchUp.WebHost.csproj]
Dto/Person.cs(7,21): warning CS1591: Missing XML comment for publicly visible type or member 'Person.Id' [/src/LunchUp.Backend/LunchUp.WebHost/LunchUp.WebHost.csproj]
Dto/Person.cs(8,23): warning CS1591: Missing XML comment for publicly visible type or member 'Person.Lastname' [/src/LunchUp.Backend/LunchUp.WebHost/LunchUp.WebHost.csproj]
Dto/Person.cs(9,23): warning CS1591: Missing XML comment for publicly visible type or member 'Person.Firstname' [/src/LunchUp.Backend/LunchUp.WebHost/LunchUp.WebHost.csproj]
Dto/Person.cs(10,23): warning CS1591: Missing XML comment for publicly visible type or member 'Person.Email' [/src/LunchUp.Backend/LunchUp.WebHost/LunchUp.WebHost.csproj]
Dto/Person.cs(11,23): warning CS1591: Missing XML comment for publicly visible type or member 'Person.Photo' [/src/LunchUp.Backend/LunchUp.WebHost/LunchUp.WebHost.csproj]
Dto/Response.cs(3,18): warning CS1591: Missing XML comment for publicly visible type or member 'Response' [/src/LunchUp.Backend/LunchUp.WebHost/LunchUp.WebHost.csproj]
Dto/Response.cs(5,21): warning CS1591: Missing XML comment for publicly visible type or member 'Response.Match' [/src/LunchUp.Backend/LunchUp.WebHost/LunchUp.WebHost.csproj]
Program.cs(6,18): warning CS1591: Missing XML comment for publicly visible type or member 'Program' [/src/LunchUp.Backend/LunchUp.WebHost/LunchUp.WebHost.csproj]
Program.cs(8,28): warning CS1591: Missing XML comment for publicly visible type or member 'Program.Main(string[])' [/src/LunchUp.Backend/LunchUp.WebHost/LunchUp.WebHost.csproj]
Program.cs(13,36): warning CS1591: Missing XML comment for publicly visible type or member 'Program.CreateHostBuilder(string[])' [/src/LunchUp.Backend/LunchUp.WebHost/LunchUp.WebHost.csproj]
Startup.cs(15,18): warning CS1591: Missing XML comment for publicly visible type or member 'Startup' [/src/LunchUp.Backend/LunchUp.WebHost/LunchUp.WebHost.csproj]
Startup.cs(17,16): warning CS1591: Missing XML comment for publicly visible type or member 'Startup.Startup(IConfiguration)' [/src/LunchUp.Backend/LunchUp.WebHost/LunchUp.WebHost.csproj]
Startup.cs(22,31): warning CS1591: Missing XML comment for publicly visible type or member 'Startup.Configuration' [/src/LunchUp.Backend/LunchUp.WebHost/LunchUp.WebHost.csproj]
Startup.cs(26,21): warning CS1591: Missing XML comment for publicly visible type or member 'Startup.ConfigureServices(IServiceCollection)' [/src/LunchUp.Backend/LunchUp.WebHost/LunchUp.WebHost.csproj]
Startup.cs(57,21): warning CS1591: Missing XML comment for publicly visible type or member 'Startup.Configure(IApplicationBuilder, IWebHostEnvironment)' [/src/LunchUp.Backend/LunchUp.WebHost/LunchUp.WebHost.csproj]
  LunchUp.WebHost -> /app/build/LunchUp.WebHost.dll

Build succeeded.

Dto/Person.cs(5,18): warning CS1591: Missing XML comment for publicly visible type or member 'Person' [/src/LunchUp.Backend/LunchUp.WebHost/LunchUp.WebHost.csproj]
Dto/Person.cs(7,21): warning CS1591: Missing XML comment for publicly visible type or member 'Person.Id' [/src/LunchUp.Backend/LunchUp.WebHost/LunchUp.WebHost.csproj]
Dto/Person.cs(8,23): warning CS1591: Missing XML comment for publicly visible type or member 'Person.Lastname' [/src/LunchUp.Backend/LunchUp.WebHost/LunchUp.WebHost.csproj]
Dto/Person.cs(9,23): warning CS1591: Missing XML comment for publicly visible type or member 'Person.Firstname' [/src/LunchUp.Backend/LunchUp.WebHost/LunchUp.WebHost.csproj]
Dto/Person.cs(10,23): warning CS1591: Missing XML comment for publicly visible type or member 'Person.Email' [/src/LunchUp.Backend/LunchUp.WebHost/LunchUp.WebHost.csproj]
Dto/Person.cs(11,23): warning CS1591: Missing XML comment for publicly visible type or member 'Person.Photo' [/src/LunchUp.Backend/LunchUp.WebHost/LunchUp.WebHost.csproj]
Dto/Response.cs(3,18): warning CS1591: Missing XML comment for publicly visible type or member 'Response' [/src/LunchUp.Backend/LunchUp.WebHost/LunchUp.WebHost.csproj]
Dto/Response.cs(5,21): warning CS1591: Missing XML comment for publicly visible type or member 'Response.Match' [/src/LunchUp.Backend/LunchUp.WebHost/LunchUp.WebHost.csproj]
Program.cs(6,18): warning CS1591: Missing XML comment for publicly visible type or member 'Program' [/src/LunchUp.Backend/LunchUp.WebHost/LunchUp.WebHost.csproj]
Program.cs(8,28): warning CS1591: Missing XML comment for publicly visible type or member 'Program.Main(string[])' [/src/LunchUp.Backend/LunchUp.WebHost/LunchUp.WebHost.csproj]
Program.cs(13,36): warning CS1591: Missing XML comment for publicly visible type or member 'Program.CreateHostBuilder(string[])' [/src/LunchUp.Backend/LunchUp.WebHost/LunchUp.WebHost.csproj]
Startup.cs(15,18): warning CS1591: Missing XML comment for publicly visible type or member 'Startup' [/src/LunchUp.Backend/LunchUp.WebHost/LunchUp.WebHost.csproj]
Startup.cs(17,16): warning CS1591: Missing XML comment for publicly visible type or member 'Startup.Startup(IConfiguration)' [/src/LunchUp.Backend/LunchUp.WebHost/LunchUp.WebHost.csproj]
Startup.cs(22,31): warning CS1591: Missing XML comment for publicly visible type or member 'Startup.Configuration' [/src/LunchUp.Backend/LunchUp.WebHost/LunchUp.WebHost.csproj]
Startup.cs(26,21): warning CS1591: Missing XML comment for publicly visible type or member 'Startup.ConfigureServices(IServiceCollection)' [/src/LunchUp.Backend/LunchUp.WebHost/LunchUp.WebHost.csproj]
Startup.cs(57,21): warning CS1591: Missing XML comment for publicly visible type or member 'Startup.Configure(IApplicationBuilder, IWebHostEnvironment)' [/src/LunchUp.Backend/LunchUp.WebHost/LunchUp.WebHost.csproj]
    16 Warning(s)
    0 Error(s)

Time Elapsed 00:00:07.38
[36mINFO[0m[0092] Taking snapshot of full filesystem...        
[36mINFO[0m[0097] ignoring socket CoreFxPipe_MSBuild69, not adding to tar 
[36mINFO[0m[0097] ignoring socket dotnet-diagnostic-69-339903-socket, not adding to tar 
[36mINFO[0m[0097] ignoring socket g+DM1dBf3hsd22AO8JuBabg4ChjyflqwMaiOYpIurSs, not adding to tar 
[36mINFO[0m[0097] ignoring socket dotnet-diagnostic-99-340110-socket, not adding to tar 
[36mINFO[0m[0098] Pushing layer gcr.io/deliverymachine/cache:0dc41c482ae8e88e141d07c38a45d3b2695ba88fb6d1945187af1d96d3156354 to cache now 
2019/11/05 09:24:58 pushed blob: sha256:be74d7eeba3a8d7a27bbfea4298994fa2020f2beead76345586d4110d1b68485
2019/11/05 09:24:59 pushed blob: sha256:d2dda8bd5165eaadf4097e667da3ba1074d48148fd65bf272ff1c0f60c54f1f4
2019/11/05 09:25:00 gcr.io/deliverymachine/cache:0dc41c482ae8e88e141d07c38a45d3b2695ba88fb6d1945187af1d96d3156354: digest: sha256:eaf8d05916d103d03682c4cd198d32db8ba2e9ca57a86ef8142238f1e1bb898d size: 428
[36mINFO[0m[0104] Storing source image from stage 1 at path /kaniko/stages/1 
[36mINFO[0m[0181] Deleting filesystem...                       
[36mINFO[0m[0183] Base image from previous stage 1 found, using saved tar at path /kaniko/stages/1 
[36mINFO[0m[0185] Checking for cached layer gcr.io/deliverymachine/cache:e84cbc042c6f5ee7c54c719414c89ac2b8e3a7c87948d0895a744851c3b01812... 
[36mINFO[0m[0185] No cached layer found for cmd RUN dotnet publish "LunchUp.WebHost/LunchUp.WebHost.csproj" -c Release -o /app/publish 
[36mINFO[0m[0185] Unpacking rootfs as cmd RUN dotnet publish "LunchUp.WebHost/LunchUp.WebHost.csproj" -c Release -o /app/publish requires it. 
[36mINFO[0m[0202] Taking snapshot of full filesystem...        
[36mINFO[0m[0215] RUN dotnet publish "LunchUp.WebHost/LunchUp.WebHost.csproj" -c Release -o /app/publish 
[36mINFO[0m[0215] cmd: /bin/sh                                 
[36mINFO[0m[0215] args: [-c dotnet publish "LunchUp.WebHost/LunchUp.WebHost.csproj" -c Release -o /app/publish] 
Microsoft (R) Build Engine version 16.3.0+0f4c62fea for .NET Core
Copyright (C) Microsoft Corporation. All rights reserved.

  Restore completed in 44.17 ms for /src/LunchUp.Backend/LunchUp.Core/LunchUp.Core.csproj.
  Restore completed in 3.08 ms for /src/LunchUp.Backend/LunchUp.WebHost/LunchUp.WebHost.csproj.
  Restore completed in 70.92 ms for /src/LunchUp.Backend/LunchUp.Model/LunchUp.Model.csproj.
  LunchUp.Model -> /src/LunchUp.Backend/LunchUp.Model/bin/Release/netcoreapp3.0/LunchUp.Model.dll
  LunchUp.Core -> /src/LunchUp.Backend/LunchUp.Core/bin/Release/netcoreapp3.0/LunchUp.Core.dll
  LunchUp.WebHost -> /src/LunchUp.Backend/LunchUp.WebHost/bin/Release/netcoreapp3.0/LunchUp.WebHost.dll
  LunchUp.WebHost -> /app/publish/
[36mINFO[0m[0220] Taking snapshot of full filesystem...        
[36mINFO[0m[0227] ignoring socket dotnet-diagnostic-182-353032-socket, not adding to tar 
[36mINFO[0m[0229] Pushing layer gcr.io/deliverymachine/cache:e84cbc042c6f5ee7c54c719414c89ac2b8e3a7c87948d0895a744851c3b01812 to cache now 
2019/11/05 09:27:08 pushed blob: sha256:960725025d90b9d3529820d3011e52b08799fa5e95a944d00720aee3c2e2ef77
2019/11/05 09:27:11 pushed blob: sha256:ad1b24af49c3d778aa137c6cc2a74ae32a16c2cfa35f9e186f7b81a3d555b6fa
2019/11/05 09:27:12 gcr.io/deliverymachine/cache:e84cbc042c6f5ee7c54c719414c89ac2b8e3a7c87948d0895a744851c3b01812: digest: sha256:b91f8c299e8b6eb460241362caac767609bed06d69fd5076196f25ceb7c1d444 size: 429
[36mINFO[0m[0237] Storing source image from stage 2 at path /kaniko/stages/2 
[36mINFO[0m[0264] Deleting filesystem...                       
[36mINFO[0m[0266] Base image from previous stage 0 found, using saved tar at path /kaniko/stages/0 
[36mINFO[0m[0268] Skipping unpacking as no commands require it. 
[36mINFO[0m[0268] Taking snapshot of full filesystem...        
[36mINFO[0m[0274] WORKDIR /app                                 
[36mINFO[0m[0274] cmd: workdir                                 
[36mINFO[0m[0274] Changed working directory to /app            
[36mINFO[0m[0274] Creating directory /app                      
[36mINFO[0m[0274] Taking snapshot of files...                  
[36mINFO[0m[0274] COPY --from=publish /app/publish .           
[36mINFO[0m[0274] Taking snapshot of files...                  
[36mINFO[0m[0275] ENTRYPOINT ["dotnet", "LunchUp.WebHost.dll"] 
[36mINFO[0m[0275] No files changed in this command, skipping snapshotting. 
2019/11/05 09:27:52 existing blob: sha256:a9e6ceefc5a08dc7b1b04a1105c47e00e9340349177009bc8926571ee8a39204
2019/11/05 09:27:52 existing blob: sha256:8d691f585fa8cec0eba196be460cfaffd69939782d6162986c3e0c5225d54f02
2019/11/05 09:27:52 existing blob: sha256:68f6aee67b9130df079abf2476334ad9474e116c69efedd19e272bbff3643971
2019/11/05 09:27:52 existing blob: sha256:9526604e089d8d4aa947f34e52a14ac8793232dd181022932f3c15291c5cd3af
2019/11/05 09:27:52 existing blob: sha256:7a6b64767b0b4ec3bb235712bc93f6cada4812dbfec432d98ca9c485f9ce2ea8
2019/11/05 09:27:55 pushed blob: sha256:9e482576bfc328cd07ca610a904010db55a9f99104e6421840cbd88da1fd6673
2019/11/05 09:27:56 pushed blob: sha256:ab0a3f4608aea75d3a078ecdfc6120eaa471f1dc8896a5aabedf7597d183c1d2
2019/11/05 09:27:56 pushed blob: sha256:0bd3c2eb4dd42767a0772da0f9354b550ea3d051a9d14ad44503402b5c5ae4a7
2019/11/05 09:27:56 pushed blob: sha256:b8661c714229c3e427a275e0677c67242e5de07b8e6dbbfa9e2128426b2fb397
2019/11/05 09:27:58 gcr.io/deliverymachine/lunchup-backend:0.0.0-SNAPSHOT-PR-1-7: digest: sha256:12dc99e34fe6a2d82c87d11a289c372e99b285a090bbee1560395c5c2d8ef681 size: 1571

Showing logs for build [32mdevopscamp2019-lunchup-backend-jr647-7[0m stage [32mfrom-build-pack[0m and container [32mstep-postbuild-post-build[0m
no CVE provider running in the current ** namespace so skip adding image to be analysed

Showing logs for build [32mdevopscamp2019-lunchup-backend-jr647-7[0m stage [32mfrom-build-pack[0m and container [32mstep-promote-make-preview[0m
sed -i -e "s/version:.*/version: 0.0.0-SNAPSHOT-PR-1-7/" Chart.yaml
sed -i -e "s/version:.*/version: 0.0.0-SNAPSHOT-PR-1-7/" ../*/Chart.yaml
sed -i -e "s|repository:.*|repository: gcr.io\/devopscamp2019\/lunchup-backend|" values.yaml
sed -i -e "s/tag:.*/tag: 0.0.0-SNAPSHOT-PR-1-7/" values.yaml
sed -i -e "s/tag:.*/tag: 0.0.0-SNAPSHOT-PR-1-7/" values.yaml
pwd
/workspace/source/charts/preview
ls
Chart.yaml
Makefile
requirements.yaml
templates
values.yaml
ls ..
lunchup-backend
preview
echo "  version: 0.0.0-SNAPSHOT-PR-1-7" >> requirements.yaml
** step helm build
WARNING: No $CHART_REPOSITORY defined so using the default value of: http://jenkins-x-chartmuseum:8080
Adding missing Helm repo: storage.googleapis.com https://storage.googleapis.com/chartmuseum.jenkins-x.io
Successfully added Helm repository storage.googleapis.com.
Adding missing Helm repo: jenkins-x-chartmuseum http://jenkins-x-chartmuseum:8080
Successfully added Helm repository jenkins-x-chartmuseum.
WARNING: No $CHART_REPOSITORY defined so using the default value of: http://jenkins-x-chartmuseum:8080
Adding missing Helm repo: chartmuseum.jenkins-x.io http://chartmuseum.jenkins-x.io
Successfully added Helm repository chartmuseum.jenkins-x.io.

Showing logs for build [32mdevopscamp2019-lunchup-backend-jr647-7[0m stage [32mfrom-build-pack[0m and container [32mstep-promote-jx-preview[0m
Creating a preview
WARNING: No author for commit: 5bcf2c4e3700a0d43ba0f40660a2f051ea9e4b79
WARNING: No author for commit: 9a9655a83cc199e422396301cfa3710e85b7563d
WARNING: No author for commit: d9fa89194a5a7d8a4457a02cf3165848fae5a415
WARNING: No author for commit: 18fe4a1706e6e50a19c8400bdc01aa2ed231b6e4
WARNING: No author for commit: e25def98e95d1294077353feaa026367f18d8e2a
WARNING: No author for commit: 7dfa23a83c7db6a4cc3273056b40e762c2f94d5d
Commit author email is empty for: 051c22333d77b4966b24809aebe5a60ddaf3b48b
Looking for commits in: /workspace/source/
Commit author email is empty for: 09e7551a35754d0cc9452f2af2b6dbf12df0ecad
Looking for commits in: /workspace/source/
Commit author email is empty for: 47585515ee5ba0e949b755b3b9d67b27dda7f9aa
Looking for commits in: /workspace/source/
Created environment devopscamp2019-lunchup-backend-pr-1
Namespace **-devopscamp2019-lunchup-backend-pr-1 created 
expose:
  Annotations:
    helm.sh/hook: post-install,post-upgrade
    helm.sh/hook-delete-policy: hook-succeeded
  config:
    domain: 34.65.166.10.nip.io
    exposer: Ingress
    http: "true"
preview:
  image:
    repository: gcr.io/deliverymachine/LunchUp-Backend
    tag: 0.0.0-SNAPSHOT-PR-1-7
Cloning the Jenkins X versions repo https://github.com/jenkins-x/jenkins-x-versions.git with ref refs/heads/master to /builder/home/.**/jenkins-x-versions


WARNING: Could not find the service URL in namespace **-devopscamp2019-lunchup-backend-pr-1 for names LunchUp-Backend, preview, **-devopscamp2019-lunchup-backend-pr-1-preview, preview-LunchUp-Backend: the server could not find the requested resource (get services.serving.knative.dev preview-LunchUp-Backend)
Updating PipelineActivities devopscamp2019-lunchup-backend-pr-1-7 which has status Running
WARNING: Failed to find the service LunchUp-Backend : failed to find service LunchUp-Backend in namespace **-devopscamp2019-lunchup-backend-pr-1: services "LunchUp-Backend" not found
