
Showing logs for build [32mmeta-devopscamp2019-lunchup-bac-wdsv6-1[0m stage [32mmeta-pipeline[0m and container [32mstep-credential-initializer-g8gj4[0m
{"level":"warn","ts":1573054965.316841,"logger":"fallback-logger","caller":"logging/config.go:69","msg":"Fetch GitHub commit ID from kodata failed: \"ref: refs/heads/master\" is not a valid GitHub commit ID"}
{"level":"info","ts":1573054965.3189223,"logger":"fallback-logger","caller":"creds-init/main.go:40","msg":"Credentials initialized."}

Showing logs for build [32mmeta-devopscamp2019-lunchup-bac-wdsv6-1[0m stage [32mmeta-pipeline[0m and container [32mstep-working-dir-initializer-2n6wf[0m
{"level":"warn","ts":1573054966.232917,"logger":"fallback-logger","caller":"logging/config.go:69","msg":"Fetch GitHub commit ID from kodata failed: open /var/run/ko/HEAD: no such file or directory"}
{"level":"info","ts":1573054966.2349396,"logger":"fallback-logger","caller":"bash/main.go:65","msg":"Successfully executed command \"mkdir -p /workspace/source\""}

Showing logs for build [32mmeta-devopscamp2019-lunchup-bac-wdsv6-1[0m stage [32mmeta-pipeline[0m and container [32mstep-place-tools[0m

Showing logs for build [32mmeta-devopscamp2019-lunchup-bac-wdsv6-1[0m stage [32mmeta-pipeline[0m and container [32mstep-git-source-meta-devopscamp2019-lunchup-bac-6kwpk[0m
{"level":"warn","ts":1573054971.376163,"logger":"fallback-logger","caller":"logging/config.go:69","msg":"Fetch GitHub commit ID from kodata failed: \"ref: refs/heads/master\" is not a valid GitHub commit ID"}
{"level":"info","ts":1573054972.9553056,"logger":"fallback-logger","caller":"git/git.go:102","msg":"Successfully cloned https://github.com/DevOpsCamp2019/LunchUp-Backend.git @ 3bcebc922fdab442b95897937daf433543d3f896 in path /workspace/source"}

Showing logs for build [32mmeta-devopscamp2019-lunchup-bac-wdsv6-1[0m stage [32mmeta-pipeline[0m and container [32mstep-git-merge[0m
Using SHAs from PULL_REFS=master:3bcebc922fdab442b95897937daf433543d3f896,5:7940f6f7f575c143346f54f8cac08e6452be981d
DEBUG: ran git fetch --unshallow origin 7940f6f7f575c143346f54f8cac08e6452be981d: 3bcebc922fdab442b95897937daf433543d3f896: in 
DEBUG: ran git checkout master in 
DEBUG: ran git reset --hard 3bcebc922fdab442b95897937daf433543d3f896 in 
DEBUG: ran clean --force -d . in 
DEBUG: ran git merge 7940f6f7f575c143346f54f8cac08e6452be981d in 
Merged SHA 360501daedbad279e4f223d4dd127ee646f543ae with commit message 'Merge commit '7940f6f7f575c143346f54f8cac08e6452be981d'' into base branch master
Merged SHA 7940f6f7f575c143346f54f8cac08e6452be981d with commit message 'get db password from secret (again 2x)' into base branch master

Showing logs for build [32mmeta-devopscamp2019-lunchup-bac-wdsv6-1[0m stage [32mmeta-pipeline[0m and container [32mstep-merge-pull-refs[0m
DEBUG: ran git fetch origin 7940f6f7f575c143346f54f8cac08e6452be981d: 3bcebc922fdab442b95897937daf433543d3f896: in 
DEBUG: Unshallowed git repo in 
DEBUG: ran git checkout master in 
DEBUG: ran git reset --hard 3bcebc922fdab442b95897937daf433543d3f896 in 
DEBUG: ran clean --force -d . in 
DEBUG: ran git merge 7940f6f7f575c143346f54f8cac08e6452be981d in 
Merged SHA 01ed4e5bbe072828390f003d0f23aba66616044d with commit message 'Merge commit '7940f6f7f575c143346f54f8cac08e6452be981d'' into base branch master
Merged SHA 7940f6f7f575c143346f54f8cac08e6452be981d with commit message 'get db password from secret (again 2x)' into base branch master

Showing logs for build [32mmeta-devopscamp2019-lunchup-bac-wdsv6-1[0m stage [32mmeta-pipeline[0m and container [32mstep-create-effective-pipeline[0m
Cloning the Jenkins X versions repo https://github.com/jenkins-x/jenkins-x-versions.git with ref refs/heads/master to /builder/home/.**/jenkins-x-versions
error: Failed to parse build pack URL: 'https://github.com/DevOpsCamp2019/jenkins-x-kubernetes.git': parse 'https://github.com/DevOpsCamp2019/jenkins-x-kubernetes.git': first path segment in URL cannot contain colon
[31m
Pipeline failed on stage 'meta-pipeline' : container 'step-create-effective-pipeline'. The execution of the pipeline has stopped.[0m
