
Showing logs for build [32mdevopscamp2019-lunchup-backend-h6dsp-4[0m stage [32mfrom-build-pack[0m and container [32mstep-credential-initializer-6jzl6[0m
{"level":"warn","ts":1573113575.649119,"logger":"fallback-logger","caller":"logging/config.go:69","msg":"Fetch GitHub commit ID from kodata failed: \"ref: refs/heads/master\" is not a valid GitHub commit ID"}
{"level":"info","ts":1573113575.651316,"logger":"fallback-logger","caller":"creds-init/main.go:40","msg":"Credentials initialized."}

Showing logs for build [32mdevopscamp2019-lunchup-backend-h6dsp-4[0m stage [32mfrom-build-pack[0m and container [32mstep-working-dir-initializer-rzhnj[0m
{"level":"warn","ts":1573113576.7955115,"logger":"fallback-logger","caller":"logging/config.go:69","msg":"Fetch GitHub commit ID from kodata failed: open /var/run/ko/HEAD: no such file or directory"}
{"level":"info","ts":1573113576.797044,"logger":"fallback-logger","caller":"bash/main.go:65","msg":"Successfully executed command \"mkdir -p /workspace/source\""}

Showing logs for build [32mdevopscamp2019-lunchup-backend-h6dsp-4[0m stage [32mfrom-build-pack[0m and container [32mstep-place-tools[0m

Showing logs for build [32mdevopscamp2019-lunchup-backend-h6dsp-4[0m stage [32mfrom-build-pack[0m and container [32mstep-git-source-devopscamp2019-lunchup-backend-dh2b8[0m
{"level":"warn","ts":1573113583.9112184,"logger":"fallback-logger","caller":"logging/config.go:69","msg":"Fetch GitHub commit ID from kodata failed: \"ref: refs/heads/master\" is not a valid GitHub commit ID"}
{"level":"info","ts":1573113585.241959,"logger":"fallback-logger","caller":"git/git.go:102","msg":"Successfully cloned https://github.com/DevOpsCamp2019/LunchUp-Backend.git @ master in path /workspace/source"}

Showing logs for build [32mdevopscamp2019-lunchup-backend-h6dsp-4[0m stage [32mfrom-build-pack[0m and container [32mstep-git-merge[0m
Using SHAs from PULL_REFS=master:45e6a1df34a9b4df395683f4fe72ec2c96bda418,5:1dd933d953a114fa8f4ce245c34cb8f3cbb27205
DEBUG: ran git fetch --unshallow origin 1dd933d953a114fa8f4ce245c34cb8f3cbb27205: 45e6a1df34a9b4df395683f4fe72ec2c96bda418: in 
DEBUG: ran git checkout master in 
DEBUG: ran git reset --hard 45e6a1df34a9b4df395683f4fe72ec2c96bda418 in 
DEBUG: ran clean --force -d . in 
DEBUG: ran git merge 1dd933d953a114fa8f4ce245c34cb8f3cbb27205 in 
Merged SHA 284a464b093c61fda687ac4bbe365b9ca9159bde with commit message 'Merge commit '1dd933d953a114fa8f4ce245c34cb8f3cbb27205'' into base branch master
Merged SHA 1dd933d953a114fa8f4ce245c34cb8f3cbb27205 with commit message 'Add postgresql password to deployment.yaml' into base branch master
Merged SHA 8eaf04724065941d5087e06aa231f7879ff12875 with commit message 'add host' into base branch master
Merged SHA 7940f6f7f575c143346f54f8cac08e6452be981d with commit message 'get db password from secret (again 2x)' into base branch master

Showing logs for build [32mdevopscamp2019-lunchup-backend-h6dsp-4[0m stage [32mfrom-build-pack[0m and container [32mstep-build-container-build[0m
[36mINFO[0m[0000] Downloading base image mcr.microsoft.com/dotnet/core/aspnet:3.0-buster-slim 
ERROR: logging before flag.Parse: E1107 07:59:47.800796      10 metadata.go:142] while reading 'google-dockercfg' metadata: http status code: 404 while fetching url http://metadata.google.internal./computeMetadata/v1/instance/attributes/google-dockercfg
ERROR: logging before flag.Parse: E1107 07:59:47.805184      10 metadata.go:159] while reading 'google-dockercfg-url' metadata: http status code: 404 while fetching url http://metadata.google.internal./computeMetadata/v1/instance/attributes/google-dockercfg-url
2019/11/07 07:59:47 No matching credentials were found, falling back on anonymous
[36mINFO[0m[0001] Error while retrieving image from cache: getting file info: stat /workspace/sha256:803b70d9de2c57a168af4cc7d44e77a9c0591b49ce2af73d50c344aa22048eda: no such file or directory 
[36mINFO[0m[0001] Downloading base image mcr.microsoft.com/dotnet/core/aspnet:3.0-buster-slim 
2019/11/07 07:59:48 No matching credentials were found, falling back on anonymous
[36mINFO[0m[0002] cmd: EXPOSE                                  
[36mINFO[0m[0002] Adding exposed port: 80/tcp                  
[36mINFO[0m[0002] cmd: EXPOSE                                  
[36mINFO[0m[0002] Adding exposed port: 443/tcp                 
[36mINFO[0m[0002] Skipping unpacking as no commands require it. 
[36mINFO[0m[0002] Taking snapshot of full filesystem...        
[36mINFO[0m[0002] ENV COMPlus_EnableDiagnostics=0              
[36mINFO[0m[0002] No files changed in this command, skipping snapshotting. 
[36mINFO[0m[0002] WORKDIR /app                                 
[36mINFO[0m[0002] cmd: workdir                                 
[36mINFO[0m[0002] Changed working directory to /app            
[36mINFO[0m[0002] Creating directory /app                      
[36mINFO[0m[0002] Taking snapshot of files...                  
[36mINFO[0m[0002] EXPOSE 80                                    
[36mINFO[0m[0002] cmd: EXPOSE                                  
[36mINFO[0m[0002] Adding exposed port: 80/tcp                  
[36mINFO[0m[0002] No files changed in this command, skipping snapshotting. 
[36mINFO[0m[0002] EXPOSE 443                                   
[36mINFO[0m[0002] cmd: EXPOSE                                  
[36mINFO[0m[0002] Adding exposed port: 443/tcp                 
[36mINFO[0m[0002] No files changed in this command, skipping snapshotting. 
[36mINFO[0m[0002] Storing source image from stage 0 at path /kaniko/stages/0 
[36mINFO[0m[0022] Deleting filesystem...                       
[36mINFO[0m[0022] Downloading base image mcr.microsoft.com/dotnet/core/sdk:3.0-buster 
2019/11/07 08:00:10 No matching credentials were found, falling back on anonymous
[36mINFO[0m[0023] Error while retrieving image from cache: getting file info: stat /workspace/sha256:65c0187e27b42bc45ea5ef98226c7ef37d1b706e10031ddce377bf6da3dcd9aa: no such file or directory 
[36mINFO[0m[0023] Downloading base image mcr.microsoft.com/dotnet/core/sdk:3.0-buster 
2019/11/07 08:00:11 No matching credentials were found, falling back on anonymous
[36mINFO[0m[0024] Using files from context: [/workspace/source/src/LunchUp.Backend] 
[36mINFO[0m[0024] Checking for cached layer gcr.io/deliverymachine/cache:49c9e2a415ea3ebf24fafe2dfe1c9df4e4a01b48ddefce3888f00aec16024c19... 
[36mINFO[0m[0025] Using caching version of cmd: RUN dotnet restore "LunchUp.Backend/LunchUp.Backend.sln" 
[36mINFO[0m[0025] Using files from context: [/workspace/source] 
[36mINFO[0m[0025] Checking for cached layer gcr.io/deliverymachine/cache:d0e081108ca17c6dbf223239cf8e9848ec9e0b9a975e4d01509141f8895e9304... 
[36mINFO[0m[0025] No cached layer found for cmd RUN dotnet build "LunchUp.WebHost/LunchUp.WebHost.csproj" -c Release -o /app/build 
[36mINFO[0m[0025] Unpacking rootfs as cmd RUN dotnet build "LunchUp.WebHost/LunchUp.WebHost.csproj" -c Release -o /app/build requires it. 
[36mINFO[0m[0071] Taking snapshot of full filesystem...        
[36mINFO[0m[0075] ENV COMPlus_EnableDiagnostics=0              
[36mINFO[0m[0075] No files changed in this command, skipping snapshotting. 
[36mINFO[0m[0075] WORKDIR /src                                 
[36mINFO[0m[0075] cmd: workdir                                 
[36mINFO[0m[0075] Changed working directory to /src            
[36mINFO[0m[0075] Creating directory /src                      
[36mINFO[0m[0075] Taking snapshot of files...                  
[36mINFO[0m[0075] Using files from context: [/workspace/source/src/LunchUp.Backend] 
[36mINFO[0m[0075] COPY ["src/LunchUp.Backend/", "LunchUp.Backend/"] 
[36mINFO[0m[0075] Taking snapshot of files...                  
[36mINFO[0m[0075] RUN dotnet restore "LunchUp.Backend/LunchUp.Backend.sln" 
[36mINFO[0m[0075] Found cached layer, extracting to filesystem 
[36mINFO[0m[0090] Taking snapshot of files...                  
[36mINFO[0m[0105] Using files from context: [/workspace/source] 
[36mINFO[0m[0107] COPY . .                                     
[36mINFO[0m[0107] Taking snapshot of files...                  
[36mINFO[0m[0107] WORKDIR "/src/LunchUp.Backend"               
[36mINFO[0m[0107] cmd: workdir                                 
[36mINFO[0m[0107] Changed working directory to /src/LunchUp.Backend 
[36mINFO[0m[0107] No files changed in this command, skipping snapshotting. 
[36mINFO[0m[0107] RUN dotnet build "LunchUp.WebHost/LunchUp.WebHost.csproj" -c Release -o /app/build 
[36mINFO[0m[0107] cmd: /bin/sh                                 
[36mINFO[0m[0107] args: [-c dotnet build "LunchUp.WebHost/LunchUp.WebHost.csproj" -c Release -o /app/build] 
Microsoft (R) Build Engine version 16.3.0+0f4c62fea for .NET Core
Copyright (C) Microsoft Corporation. All rights reserved.

  Restore completed in 41.48 ms for /src/LunchUp.Backend/LunchUp.Model/LunchUp.Model.csproj.
  Restore completed in 4.36 ms for /src/LunchUp.Backend/LunchUp.WebHost/LunchUp.WebHost.csproj.
  Restore completed in 72.36 ms for /src/LunchUp.Backend/LunchUp.Core/LunchUp.Core.csproj.
  LunchUp.Model -> /app/build/LunchUp.Model.dll
  LunchUp.Core -> /app/build/LunchUp.Core.dll
Controller/IntegrationController.cs(21,34): warning CS0169: The field 'IntegrationController._mapper' is never used [/src/LunchUp.Backend/LunchUp.WebHost/LunchUp.WebHost.csproj]
DatabaseSettings.cs(4,18): warning CS1591: Missing XML comment for publicly visible type or member 'DatabaseSettings' [/src/LunchUp.Backend/LunchUp.WebHost/LunchUp.WebHost.csproj]
DatabaseSettings.cs(6,23): warning CS1591: Missing XML comment for publicly visible type or member 'DatabaseSettings.Database' [/src/LunchUp.Backend/LunchUp.WebHost/LunchUp.WebHost.csproj]
DatabaseSettings.cs(7,23): warning CS1591: Missing XML comment for publicly visible type or member 'DatabaseSettings.Host' [/src/LunchUp.Backend/LunchUp.WebHost/LunchUp.WebHost.csproj]
DatabaseSettings.cs(8,20): warning CS1591: Missing XML comment for publicly visible type or member 'DatabaseSettings.Port' [/src/LunchUp.Backend/LunchUp.WebHost/LunchUp.WebHost.csproj]
DatabaseSettings.cs(9,23): warning CS1591: Missing XML comment for publicly visible type or member 'DatabaseSettings.Username' [/src/LunchUp.Backend/LunchUp.WebHost/LunchUp.WebHost.csproj]
DatabaseSettings.cs(10,23): warning CS1591: Missing XML comment for publicly visible type or member 'DatabaseSettings.Password' [/src/LunchUp.Backend/LunchUp.WebHost/LunchUp.WebHost.csproj]
  LunchUp.WebHost -> /app/build/LunchUp.WebHost.dll

Build succeeded.

Controller/IntegrationController.cs(21,34): warning CS0169: The field 'IntegrationController._mapper' is never used [/src/LunchUp.Backend/LunchUp.WebHost/LunchUp.WebHost.csproj]
DatabaseSettings.cs(4,18): warning CS1591: Missing XML comment for publicly visible type or member 'DatabaseSettings' [/src/LunchUp.Backend/LunchUp.WebHost/LunchUp.WebHost.csproj]
DatabaseSettings.cs(6,23): warning CS1591: Missing XML comment for publicly visible type or member 'DatabaseSettings.Database' [/src/LunchUp.Backend/LunchUp.WebHost/LunchUp.WebHost.csproj]
DatabaseSettings.cs(7,23): warning CS1591: Missing XML comment for publicly visible type or member 'DatabaseSettings.Host' [/src/LunchUp.Backend/LunchUp.WebHost/LunchUp.WebHost.csproj]
DatabaseSettings.cs(8,20): warning CS1591: Missing XML comment for publicly visible type or member 'DatabaseSettings.Port' [/src/LunchUp.Backend/LunchUp.WebHost/LunchUp.WebHost.csproj]
DatabaseSettings.cs(9,23): warning CS1591: Missing XML comment for publicly visible type or member 'DatabaseSettings.Username' [/src/LunchUp.Backend/LunchUp.WebHost/LunchUp.WebHost.csproj]
DatabaseSettings.cs(10,23): warning CS1591: Missing XML comment for publicly visible type or member 'DatabaseSettings.Password' [/src/LunchUp.Backend/LunchUp.WebHost/LunchUp.WebHost.csproj]
    7 Warning(s)
    0 Error(s)

Time Elapsed 00:00:10.17
[36mINFO[0m[0118] Taking snapshot of full filesystem...        
[36mINFO[0m[0124] ignoring socket g+DM1dBf3hsd22AO8JuBabg4ChjyflqwMaiOYpIurSs, not adding to tar 
[36mINFO[0m[0124] ignoring socket dotnet-diagnostic-67-16295859-socket, not adding to tar 
[36mINFO[0m[0124] ignoring socket dotnet-diagnostic-97-16296143-socket, not adding to tar 
[36mINFO[0m[0125] Pushing layer gcr.io/deliverymachine/cache:d0e081108ca17c6dbf223239cf8e9848ec9e0b9a975e4d01509141f8895e9304 to cache now 
2019/11/07 08:01:57 pushed blob: sha256:2bd9cf01886578bd47d5c44f3dbd0d8286111f0e3bfeb6c6c8c22d03a3f4bf14
2019/11/07 08:02:00 pushed blob: sha256:8cf083fd5dfd32af4c76a6b18716dd922bcbe5a3ff2bb2ca3303ae11613c035c
2019/11/07 08:02:01 gcr.io/deliverymachine/cache:d0e081108ca17c6dbf223239cf8e9848ec9e0b9a975e4d01509141f8895e9304: digest: sha256:246e2c6dbda07571533dd0b34a707b02ce60f74a40d23cd5ea82fcdb5f89fe60 size: 429
[36mINFO[0m[0133] Storing source image from stage 1 at path /kaniko/stages/1 
[36mINFO[0m[0213] Deleting filesystem...                       
[36mINFO[0m[0215] Base image from previous stage 1 found, using saved tar at path /kaniko/stages/1 
[36mINFO[0m[0219] Checking for cached layer gcr.io/deliverymachine/cache:a916559d1666fb582b761a1fb37efaa6713c35ced8195d9022ea503efec65550... 
[36mINFO[0m[0219] No cached layer found for cmd RUN dotnet publish "LunchUp.WebHost/LunchUp.WebHost.csproj" -c Release -o /app/publish 
[36mINFO[0m[0219] Unpacking rootfs as cmd RUN dotnet publish "LunchUp.WebHost/LunchUp.WebHost.csproj" -c Release -o /app/publish requires it. 
[36mINFO[0m[0248] Taking snapshot of full filesystem...        
[36mINFO[0m[0260] RUN dotnet publish "LunchUp.WebHost/LunchUp.WebHost.csproj" -c Release -o /app/publish 
[36mINFO[0m[0260] cmd: /bin/sh                                 
[36mINFO[0m[0260] args: [-c dotnet publish "LunchUp.WebHost/LunchUp.WebHost.csproj" -c Release -o /app/publish] 
Microsoft (R) Build Engine version 16.3.0+0f4c62fea for .NET Core
Copyright (C) Microsoft Corporation. All rights reserved.

  Restore completed in 35.27 ms for /src/LunchUp.Backend/LunchUp.Model/LunchUp.Model.csproj.
  Restore completed in 35.14 ms for /src/LunchUp.Backend/LunchUp.Core/LunchUp.Core.csproj.
  Restore completed in 3.16 ms for /src/LunchUp.Backend/LunchUp.WebHost/LunchUp.WebHost.csproj.
  LunchUp.Model -> /src/LunchUp.Backend/LunchUp.Model/bin/Release/netcoreapp3.0/LunchUp.Model.dll
  LunchUp.Core -> /src/LunchUp.Backend/LunchUp.Core/bin/Release/netcoreapp3.0/LunchUp.Core.dll
  LunchUp.WebHost -> /src/LunchUp.Backend/LunchUp.WebHost/bin/Release/netcoreapp3.0/LunchUp.WebHost.dll
  LunchUp.WebHost -> /app/publish/
[36mINFO[0m[0266] Taking snapshot of full filesystem...        
[36mINFO[0m[0271] ignoring socket dotnet-diagnostic-176-16311086-socket, not adding to tar 
[36mINFO[0m[0273] Pushing layer gcr.io/deliverymachine/cache:a916559d1666fb582b761a1fb37efaa6713c35ced8195d9022ea503efec65550 to cache now 
2019/11/07 08:04:25 pushed blob: sha256:56b36afd8680aed223ab996f6b0687fe60f9a2262004f88366a5d83dbc3c3a20
2019/11/07 08:04:29 pushed blob: sha256:b151ea6923f2f8fb1366d054ce5c440e5e4c6723d80ac217196827bfbfdf31c4
2019/11/07 08:04:31 gcr.io/deliverymachine/cache:a916559d1666fb582b761a1fb37efaa6713c35ced8195d9022ea503efec65550: digest: sha256:73ad587c1ee3acc9e1f6d17b5c3c150a597c452ed68e87a2b272baf397e308d1 size: 429
[36mINFO[0m[0283] Storing source image from stage 2 at path /kaniko/stages/2 
[36mINFO[0m[0317] Deleting filesystem...                       
[36mINFO[0m[0319] Base image from previous stage 0 found, using saved tar at path /kaniko/stages/0 
[36mINFO[0m[0321] Skipping unpacking as no commands require it. 
[36mINFO[0m[0321] Taking snapshot of full filesystem...        
[36mINFO[0m[0334] WORKDIR /app                                 
[36mINFO[0m[0334] cmd: workdir                                 
[36mINFO[0m[0334] Changed working directory to /app            
[36mINFO[0m[0334] Creating directory /app                      
[36mINFO[0m[0334] Taking snapshot of files...                  
[36mINFO[0m[0334] COPY --from=publish /app/publish .           
[36mINFO[0m[0334] Taking snapshot of files...                  
[36mINFO[0m[0335] ENTRYPOINT ["dotnet", "LunchUp.WebHost.dll"] 
[36mINFO[0m[0335] No files changed in this command, skipping snapshotting. 
2019/11/07 08:05:23 existing blob: sha256:7a6b64767b0b4ec3bb235712bc93f6cada4812dbfec432d98ca9c485f9ce2ea8
2019/11/07 08:05:23 existing blob: sha256:8d691f585fa8cec0eba196be460cfaffd69939782d6162986c3e0c5225d54f02
2019/11/07 08:05:23 existing blob: sha256:9526604e089d8d4aa947f34e52a14ac8793232dd181022932f3c15291c5cd3af
2019/11/07 08:05:23 existing blob: sha256:68f6aee67b9130df079abf2476334ad9474e116c69efedd19e272bbff3643971
2019/11/07 08:05:23 existing blob: sha256:a9e6ceefc5a08dc7b1b04a1105c47e00e9340349177009bc8926571ee8a39204
2019/11/07 08:05:26 pushed blob: sha256:51d0e04fe380591fab7c0a69c3ed8aafa5b664b55a8d6b3754d42af8a65d0097
2019/11/07 08:05:26 pushed blob: sha256:23ff4d9b9ec65860d4b7f7f08099c372e1a598563e219ca0514be623d9787d22
2019/11/07 08:05:27 pushed blob: sha256:ff1528ebe0634bdad812d635769c30dc69c08ebd3a28cb7bca8b5f0de4d6af8d
2019/11/07 08:05:30 pushed blob: sha256:92dd8beee58c753c6d7aa638f1a52b9c68d91538b31343712e898936791b5a30
2019/11/07 08:05:31 gcr.io/deliverymachine/lunchup-backend:0.0.0-SNAPSHOT-PR-5-4: digest: sha256:fe2295d3bcfa49c17e181436da6bf27b54f0678e6a864a58e0744898a091a80e size: 1572

Showing logs for build [32mdevopscamp2019-lunchup-backend-h6dsp-4[0m stage [32mfrom-build-pack[0m and container [32mstep-postbuild-post-build[0m
no CVE provider running in the current ** namespace so skip adding image to be analysed

Showing logs for build [32mdevopscamp2019-lunchup-backend-h6dsp-4[0m stage [32mfrom-build-pack[0m and container [32mstep-promote-make-preview[0m
sed -i -e "s/version:.*/version: 0.0.0-SNAPSHOT-PR-5-4/" Chart.yaml
sed -i -e "s/version:.*/version: 0.0.0-SNAPSHOT-PR-5-4/" ../*/Chart.yaml
sed -i -e "s|repository:.*|repository: gcr.io\/deliverymachine\/lunchup-backend|" values.yaml
sed -i -e "s/tag:.*/tag: 0.0.0-SNAPSHOT-PR-5-4/" values.yaml
sed -i -e "s/tag:.*/tag: 0.0.0-SNAPSHOT-PR-5-4/" values.yaml
pwd
/workspace/source/charts/preview
ls
Chart.yaml
Makefile
requirements.yaml
templates
values.yaml
ls ..
lunchup-backend
preview
echo "  version: 0.0.0-SNAPSHOT-PR-5-4" >> requirements.yaml
** step helm build
WARNING: No $CHART_REPOSITORY defined so using the default value of: http://jenkins-x-chartmuseum:8080
Adding missing Helm repo: storage.googleapis.com https://storage.googleapis.com/chartmuseum.jenkins-x.io
Successfully added Helm repository storage.googleapis.com.
Adding missing Helm repo: jenkins-x-chartmuseum http://jenkins-x-chartmuseum:8080
Successfully added Helm repository jenkins-x-chartmuseum.
WARNING: No $CHART_REPOSITORY defined so using the default value of: http://jenkins-x-chartmuseum:8080
Adding missing Helm repo: chartmuseum.jenkins-x.io http://chartmuseum.jenkins-x.io
Successfully added Helm repository chartmuseum.jenkins-x.io.

Showing logs for build [32mdevopscamp2019-lunchup-backend-h6dsp-4[0m stage [32mfrom-build-pack[0m and container [32mstep-promote-jx-preview[0m
Creating a preview
Commit author email is empty for: 7940f6f7f575c143346f54f8cac08e6452be981d
Looking for commits in: /workspace/source/
Commit author email is empty for: 8eaf04724065941d5087e06aa231f7879ff12875
Looking for commits in: /workspace/source/
Commit author email is empty for: 1dd933d953a114fa8f4ce245c34cb8f3cbb27205
Looking for commits in: /workspace/source/
Found commit author match for: valkyrjaa with email address: tuana1998@hotmail.de
expose:
  Annotations:
    helm.sh/hook: post-install,post-upgrade
    helm.sh/hook-delete-policy: hook-succeeded
  config:
    domain: 34.65.166.10.nip.io
    exposer: Ingress
    http: "true"
preview:
  image:
    repository: gcr.io/deliverymachine/LunchUp-Backend
    tag: 0.0.0-SNAPSHOT-PR-5-4
Cloning the Jenkins X versions repo https://github.com/jenkins-x/jenkins-x-versions.git with ref refs/heads/master to /builder/home/.**/jenkins-x-versions


WARNING: Could not find the service URL in namespace **-devopscamp2019-lunchup-backend-pr-5 for names LunchUp-Backend, preview, **-devopscamp2019-lunchup-backend-pr-5-preview, preview-LunchUp-Backend: the server could not find the requested resource (get services.serving.knative.dev preview-LunchUp-Backend)
Updating PipelineActivities devopscamp2019-lunchup-backend-pr-5-4 which has status Running
WARNING: Failed to find the service LunchUp-Backend : failed to find service LunchUp-Backend in namespace **-devopscamp2019-lunchup-backend-pr-5: services "LunchUp-Backend" not found
