
Showing logs for build [32mmeta-devopscamp2019-lunchup-bac-1[0m stage [32mmeta-pipeline[0m and container [32mstep-credential-initializer-sct9h[0m
{"level":"warn","ts":1573145751.4720926,"logger":"fallback-logger","caller":"logging/config.go:69","msg":"Fetch GitHub commit ID from kodata failed: \"ref: refs/heads/master\" is not a valid GitHub commit ID"}
{"level":"info","ts":1573145751.472679,"logger":"fallback-logger","caller":"creds-init/main.go:40","msg":"Credentials initialized."}

Showing logs for build [32mmeta-devopscamp2019-lunchup-bac-1[0m stage [32mmeta-pipeline[0m and container [32mstep-working-dir-initializer-ldv5d[0m
{"level":"warn","ts":1573145753.439244,"logger":"fallback-logger","caller":"logging/config.go:69","msg":"Fetch GitHub commit ID from kodata failed: open /var/run/ko/HEAD: no such file or directory"}
{"level":"info","ts":1573145753.4995317,"logger":"fallback-logger","caller":"bash/main.go:65","msg":"Successfully executed command \"mkdir -p /workspace/source\""}

Showing logs for build [32mmeta-devopscamp2019-lunchup-bac-1[0m stage [32mmeta-pipeline[0m and container [32mstep-place-tools[0m

Showing logs for build [32mmeta-devopscamp2019-lunchup-bac-1[0m stage [32mmeta-pipeline[0m and container [32mstep-git-source-meta-devopscamp2019-lunchup-bac-zfvlt[0m
{"level":"warn","ts":1573145760.332465,"logger":"fallback-logger","caller":"logging/config.go:69","msg":"Fetch GitHub commit ID from kodata failed: \"ref: refs/heads/master\" is not a valid GitHub commit ID"}
{"level":"info","ts":1573145763.1920445,"logger":"fallback-logger","caller":"git/git.go:102","msg":"Successfully cloned https://github.com/DevOpsCamp2019/LunchUp-Backend.git @ f35b6b5c6322d56d7a9257ba140909258a187785 in path /workspace/source"}

Showing logs for build [32mmeta-devopscamp2019-lunchup-bac-1[0m stage [32mmeta-pipeline[0m and container [32mstep-git-merge[0m
Using SHAs from PULL_REFS=master:f35b6b5c6322d56d7a9257ba140909258a187785
WARNING: no SHAs to merge, falling back to initial cloned commit

Showing logs for build [32mmeta-devopscamp2019-lunchup-bac-1[0m stage [32mmeta-pipeline[0m and container [32mstep-merge-pull-refs[0m
SKIP merge-pull-refs: Nothing to merge

Showing logs for build [32mmeta-devopscamp2019-lunchup-bac-1[0m stage [32mmeta-pipeline[0m and container [32mstep-create-effective-pipeline[0m
Cloning the Jenkins X versions repo https://github.com/jenkins-x/jenkins-x-versions.git with ref refs/heads/master to /builder/home/.**/jenkins-x-versions
error: Missing option: --docker-registry
[31m
Pipeline failed on stage 'meta-pipeline' : container 'step-create-effective-pipeline'. The execution of the pipeline has stopped.[0m

Showing logs for build [32mmeta-devopscamp2019-lunchup-bac-1[0m stage [32mmeta-pipeline[0m and container [32mstep-credential-initializer-sct9h[0m
{"level":"warn","ts":1573145751.4720926,"logger":"fallback-logger","caller":"logging/config.go:69","msg":"Fetch GitHub commit ID from kodata failed: \"ref: refs/heads/master\" is not a valid GitHub commit ID"}
{"level":"info","ts":1573145751.472679,"logger":"fallback-logger","caller":"creds-init/main.go:40","msg":"Credentials initialized."}

Showing logs for build [32mmeta-devopscamp2019-lunchup-bac-1[0m stage [32mmeta-pipeline[0m and container [32mstep-working-dir-initializer-ldv5d[0m
{"level":"warn","ts":1573145753.439244,"logger":"fallback-logger","caller":"logging/config.go:69","msg":"Fetch GitHub commit ID from kodata failed: open /var/run/ko/HEAD: no such file or directory"}
{"level":"info","ts":1573145753.4995317,"logger":"fallback-logger","caller":"bash/main.go:65","msg":"Successfully executed command \"mkdir -p /workspace/source\""}

Showing logs for build [32mmeta-devopscamp2019-lunchup-bac-1[0m stage [32mmeta-pipeline[0m and container [32mstep-place-tools[0m

Showing logs for build [32mmeta-devopscamp2019-lunchup-bac-1[0m stage [32mmeta-pipeline[0m and container [32mstep-git-source-meta-devopscamp2019-lunchup-bac-zfvlt[0m
{"level":"warn","ts":1573145760.332465,"logger":"fallback-logger","caller":"logging/config.go:69","msg":"Fetch GitHub commit ID from kodata failed: \"ref: refs/heads/master\" is not a valid GitHub commit ID"}
{"level":"info","ts":1573145763.1920445,"logger":"fallback-logger","caller":"git/git.go:102","msg":"Successfully cloned https://github.com/DevOpsCamp2019/LunchUp-Backend.git @ f35b6b5c6322d56d7a9257ba140909258a187785 in path /workspace/source"}

Showing logs for build [32mmeta-devopscamp2019-lunchup-bac-1[0m stage [32mmeta-pipeline[0m and container [32mstep-git-merge[0m
Using SHAs from PULL_REFS=master:f35b6b5c6322d56d7a9257ba140909258a187785
WARNING: no SHAs to merge, falling back to initial cloned commit

Showing logs for build [32mmeta-devopscamp2019-lunchup-bac-1[0m stage [32mmeta-pipeline[0m and container [32mstep-merge-pull-refs[0m
SKIP merge-pull-refs: Nothing to merge

Showing logs for build [32mmeta-devopscamp2019-lunchup-bac-1[0m stage [32mmeta-pipeline[0m and container [32mstep-create-effective-pipeline[0m
Cloning the Jenkins X versions repo https://github.com/jenkins-x/jenkins-x-versions.git with ref refs/heads/master to /builder/home/.**/jenkins-x-versions
error: Missing option: --docker-registry
[31m
Pipeline failed on stage 'meta-pipeline' : container 'step-create-effective-pipeline'. The execution of the pipeline has stopped.[0m
