
Showing logs for build [32mdevopscamp2019-lunchup-backend-x6zrv-10[0m stage [32mfrom-build-pack[0m and container [32mstep-credential-initializer-9qcw5[0m
{"level":"warn","ts":1572944858.6900234,"logger":"fallback-logger","caller":"logging/config.go:69","msg":"Fetch GitHub commit ID from kodata failed: \"ref: refs/heads/master\" is not a valid GitHub commit ID"}
{"level":"info","ts":1572944858.6905117,"logger":"fallback-logger","caller":"creds-init/main.go:40","msg":"Credentials initialized."}

Showing logs for build [32mdevopscamp2019-lunchup-backend-x6zrv-10[0m stage [32mfrom-build-pack[0m and container [32mstep-working-dir-initializer-b8hrg[0m
{"level":"warn","ts":1572944859.1104312,"logger":"fallback-logger","caller":"logging/config.go:69","msg":"Fetch GitHub commit ID from kodata failed: open /var/run/ko/HEAD: no such file or directory"}
{"level":"info","ts":1572944859.1120374,"logger":"fallback-logger","caller":"bash/main.go:65","msg":"Successfully executed command \"mkdir -p /workspace/source\""}

Showing logs for build [32mdevopscamp2019-lunchup-backend-x6zrv-10[0m stage [32mfrom-build-pack[0m and container [32mstep-place-tools[0m

Showing logs for build [32mdevopscamp2019-lunchup-backend-x6zrv-10[0m stage [32mfrom-build-pack[0m and container [32mstep-git-source-devopscamp2019-lunchup-backend-jndln[0m
{"level":"warn","ts":1572944865.2179992,"logger":"fallback-logger","caller":"logging/config.go:69","msg":"Fetch GitHub commit ID from kodata failed: \"ref: refs/heads/master\" is not a valid GitHub commit ID"}
{"level":"info","ts":1572944866.7006922,"logger":"fallback-logger","caller":"git/git.go:102","msg":"Successfully cloned https://github.com/DevOpsCamp2019/LunchUp-Backend.git @ v0.0.10 in path /workspace/source"}

Showing logs for build [32mdevopscamp2019-lunchup-backend-x6zrv-10[0m stage [32mfrom-build-pack[0m and container [32mstep-git-merge[0m
Using SHAs from PULL_REFS=master:5269e8f153163a3aa3d6ab6996adcafe00946151
WARNING: no SHAs to merge, falling back to initial cloned commit

Showing logs for build [32mdevopscamp2019-lunchup-backend-x6zrv-10[0m stage [32mfrom-build-pack[0m and container [32mstep-setup-jx-git-credentials[0m
Generated Git credentials file /workspace/xdg_config/git/credentials

Showing logs for build [32mdevopscamp2019-lunchup-backend-x6zrv-10[0m stage [32mfrom-build-pack[0m and container [32mstep-build-container-build[0m
[36mINFO[0m[0000] Downloading base image mcr.microsoft.com/dotnet/core/aspnet:3.0-buster-slim 
ERROR: logging before flag.Parse: E1105 09:07:49.871636      11 metadata.go:142] while reading 'google-dockercfg' metadata: http status code: 404 while fetching url http://metadata.google.internal./computeMetadata/v1/instance/attributes/google-dockercfg
ERROR: logging before flag.Parse: E1105 09:07:49.875641      11 metadata.go:159] while reading 'google-dockercfg-url' metadata: http status code: 404 while fetching url http://metadata.google.internal./computeMetadata/v1/instance/attributes/google-dockercfg-url
2019/11/05 09:07:49 No matching credentials were found, falling back on anonymous
[36mINFO[0m[0000] Error while retrieving image from cache: getting file info: stat /workspace/sha256:803b70d9de2c57a168af4cc7d44e77a9c0591b49ce2af73d50c344aa22048eda: no such file or directory 
[36mINFO[0m[0000] Downloading base image mcr.microsoft.com/dotnet/core/aspnet:3.0-buster-slim 
2019/11/05 09:07:50 No matching credentials were found, falling back on anonymous
[36mINFO[0m[0002] cmd: EXPOSE                                  
[36mINFO[0m[0002] Adding exposed port: 80/tcp                  
[36mINFO[0m[0002] cmd: EXPOSE                                  
[36mINFO[0m[0002] Adding exposed port: 443/tcp                 
[36mINFO[0m[0002] Skipping unpacking as no commands require it. 
[36mINFO[0m[0002] Taking snapshot of full filesystem...        
[36mINFO[0m[0002] WORKDIR /app                                 
[36mINFO[0m[0002] cmd: workdir                                 
[36mINFO[0m[0002] Changed working directory to /app            
[36mINFO[0m[0002] Creating directory /app                      
[36mINFO[0m[0002] Taking snapshot of files...                  
[36mINFO[0m[0002] EXPOSE 80                                    
[36mINFO[0m[0002] cmd: EXPOSE                                  
[36mINFO[0m[0002] Adding exposed port: 80/tcp                  
[36mINFO[0m[0002] No files changed in this command, skipping snapshotting. 
[36mINFO[0m[0002] EXPOSE 443                                   
[36mINFO[0m[0002] cmd: EXPOSE                                  
[36mINFO[0m[0002] Adding exposed port: 443/tcp                 
[36mINFO[0m[0002] No files changed in this command, skipping snapshotting. 
[36mINFO[0m[0002] Storing source image from stage 0 at path /kaniko/stages/0 
[36mINFO[0m[0023] Deleting filesystem...                       
[36mINFO[0m[0023] Downloading base image mcr.microsoft.com/dotnet/core/sdk:3.0-buster 
2019/11/05 09:08:13 No matching credentials were found, falling back on anonymous
[36mINFO[0m[0024] Error while retrieving image from cache: getting file info: stat /workspace/sha256:65c0187e27b42bc45ea5ef98226c7ef37d1b706e10031ddce377bf6da3dcd9aa: no such file or directory 
[36mINFO[0m[0024] Downloading base image mcr.microsoft.com/dotnet/core/sdk:3.0-buster 
2019/11/05 09:08:13 No matching credentials were found, falling back on anonymous
[36mINFO[0m[0024] Using files from context: [/workspace/source/src/LunchUp.Backend] 
[36mINFO[0m[0024] Checking for cached layer gcr.io/deliverymachine/cache:7b32af9c81d9e2bdca54bf1ec5ee52232f88fd4beec9d626a3e6d00856ab8e2d... 
[36mINFO[0m[0025] No cached layer found for cmd RUN dotnet restore "LunchUp.Backend/LunchUp.Backend.sln" 
[36mINFO[0m[0025] Unpacking rootfs as cmd RUN dotnet restore "LunchUp.Backend/LunchUp.Backend.sln" requires it. 
[36mINFO[0m[0052] Taking snapshot of full filesystem...        
[36mINFO[0m[0060] WORKDIR /src                                 
[36mINFO[0m[0060] cmd: workdir                                 
[36mINFO[0m[0060] Changed working directory to /src            
[36mINFO[0m[0060] Creating directory /src                      
[36mINFO[0m[0060] Taking snapshot of files...                  
[36mINFO[0m[0060] Using files from context: [/workspace/source/src/LunchUp.Backend] 
[36mINFO[0m[0060] COPY ["src/LunchUp.Backend/", "LunchUp.Backend/"] 
[36mINFO[0m[0060] Taking snapshot of files...                  
[36mINFO[0m[0060] RUN dotnet restore "LunchUp.Backend/LunchUp.Backend.sln" 
[36mINFO[0m[0060] cmd: /bin/sh                                 
[36mINFO[0m[0060] args: [-c dotnet restore "LunchUp.Backend/LunchUp.Backend.sln"] 
  Restore completed in 6.27 sec for /src/LunchUp.Backend/LunchUp.Model/LunchUp.Model.csproj.
  Restore completed in 6.27 sec for /src/LunchUp.Backend/LunchUp.Core/LunchUp.Core.csproj.
  Restore completed in 3.58 sec for /src/LunchUp.Backend/LunchUp.WebHost/LunchUp.WebHost.csproj.
[36mINFO[0m[0071] Taking snapshot of full filesystem...        
[36mINFO[0m[0084] Pushing layer gcr.io/deliverymachine/cache:7b32af9c81d9e2bdca54bf1ec5ee52232f88fd4beec9d626a3e6d00856ab8e2d to cache now 
[36mINFO[0m[0084] Using files from context: [/workspace/source] 
[36mINFO[0m[0085] COPY . .                                     
[36mINFO[0m[0085] Taking snapshot of files...                  
[36mINFO[0m[0085] WORKDIR "/src/LunchUp.Backend"               
[36mINFO[0m[0085] cmd: workdir                                 
[36mINFO[0m[0085] Changed working directory to /src/LunchUp.Backend 
[36mINFO[0m[0085] No files changed in this command, skipping snapshotting. 
[36mINFO[0m[0085] RUN dotnet build "LunchUp.WebHost/LunchUp.WebHost.csproj" -c Release -o /app/build 
[36mINFO[0m[0085] cmd: /bin/sh                                 
[36mINFO[0m[0085] args: [-c dotnet build "LunchUp.WebHost/LunchUp.WebHost.csproj" -c Release -o /app/build] 
Microsoft (R) Build Engine version 16.3.0+0f4c62fea for .NET Core
Copyright (C) Microsoft Corporation. All rights reserved.

  Restore completed in 31.55 ms for /src/LunchUp.Backend/LunchUp.Core/LunchUp.Core.csproj.
  Restore completed in 31.55 ms for /src/LunchUp.Backend/LunchUp.Model/LunchUp.Model.csproj.
  Restore completed in 2.85 ms for /src/LunchUp.Backend/LunchUp.WebHost/LunchUp.WebHost.csproj.
2019/11/05 09:09:18 pushed blob: sha256:59f42dfe63786575c3ca062018ce05c2ab7dbd72df5b432a195e0619bd7fcbf1
  LunchUp.Model -> /app/build/LunchUp.Model.dll
  LunchUp.Core -> /app/build/LunchUp.Core.dll
Dto/Person.cs(5,18): warning CS1591: Missing XML comment for publicly visible type or member 'Person' [/src/LunchUp.Backend/LunchUp.WebHost/LunchUp.WebHost.csproj]
Dto/Person.cs(7,21): warning CS1591: Missing XML comment for publicly visible type or member 'Person.Id' [/src/LunchUp.Backend/LunchUp.WebHost/LunchUp.WebHost.csproj]
Dto/Person.cs(8,23): warning CS1591: Missing XML comment for publicly visible type or member 'Person.Lastname' [/src/LunchUp.Backend/LunchUp.WebHost/LunchUp.WebHost.csproj]
Dto/Person.cs(9,23): warning CS1591: Missing XML comment for publicly visible type or member 'Person.Firstname' [/src/LunchUp.Backend/LunchUp.WebHost/LunchUp.WebHost.csproj]
Dto/Person.cs(10,23): warning CS1591: Missing XML comment for publicly visible type or member 'Person.Email' [/src/LunchUp.Backend/LunchUp.WebHost/LunchUp.WebHost.csproj]
Dto/Person.cs(11,23): warning CS1591: Missing XML comment for publicly visible type or member 'Person.Photo' [/src/LunchUp.Backend/LunchUp.WebHost/LunchUp.WebHost.csproj]
Dto/Response.cs(3,18): warning CS1591: Missing XML comment for publicly visible type or member 'Response' [/src/LunchUp.Backend/LunchUp.WebHost/LunchUp.WebHost.csproj]
Dto/Response.cs(5,21): warning CS1591: Missing XML comment for publicly visible type or member 'Response.Match' [/src/LunchUp.Backend/LunchUp.WebHost/LunchUp.WebHost.csproj]
Program.cs(6,18): warning CS1591: Missing XML comment for publicly visible type or member 'Program' [/src/LunchUp.Backend/LunchUp.WebHost/LunchUp.WebHost.csproj]
Program.cs(8,28): warning CS1591: Missing XML comment for publicly visible type or member 'Program.Main(string[])' [/src/LunchUp.Backend/LunchUp.WebHost/LunchUp.WebHost.csproj]
Program.cs(13,36): warning CS1591: Missing XML comment for publicly visible type or member 'Program.CreateHostBuilder(string[])' [/src/LunchUp.Backend/LunchUp.WebHost/LunchUp.WebHost.csproj]
Startup.cs(15,18): warning CS1591: Missing XML comment for publicly visible type or member 'Startup' [/src/LunchUp.Backend/LunchUp.WebHost/LunchUp.WebHost.csproj]
Startup.cs(17,16): warning CS1591: Missing XML comment for publicly visible type or member 'Startup.Startup(IConfiguration)' [/src/LunchUp.Backend/LunchUp.WebHost/LunchUp.WebHost.csproj]
Startup.cs(22,31): warning CS1591: Missing XML comment for publicly visible type or member 'Startup.Configuration' [/src/LunchUp.Backend/LunchUp.WebHost/LunchUp.WebHost.csproj]
Startup.cs(26,21): warning CS1591: Missing XML comment for publicly visible type or member 'Startup.ConfigureServices(IServiceCollection)' [/src/LunchUp.Backend/LunchUp.WebHost/LunchUp.WebHost.csproj]
Startup.cs(57,21): warning CS1591: Missing XML comment for publicly visible type or member 'Startup.Configure(IApplicationBuilder, IWebHostEnvironment)' [/src/LunchUp.Backend/LunchUp.WebHost/LunchUp.WebHost.csproj]
  LunchUp.WebHost -> /app/build/LunchUp.WebHost.dll

Build succeeded.

Dto/Person.cs(5,18): warning CS1591: Missing XML comment for publicly visible type or member 'Person' [/src/LunchUp.Backend/LunchUp.WebHost/LunchUp.WebHost.csproj]
Dto/Person.cs(7,21): warning CS1591: Missing XML comment for publicly visible type or member 'Person.Id' [/src/LunchUp.Backend/LunchUp.WebHost/LunchUp.WebHost.csproj]
Dto/Person.cs(8,23): warning CS1591: Missing XML comment for publicly visible type or member 'Person.Lastname' [/src/LunchUp.Backend/LunchUp.WebHost/LunchUp.WebHost.csproj]
Dto/Person.cs(9,23): warning CS1591: Missing XML comment for publicly visible type or member 'Person.Firstname' [/src/LunchUp.Backend/LunchUp.WebHost/LunchUp.WebHost.csproj]
Dto/Person.cs(10,23): warning CS1591: Missing XML comment for publicly visible type or member 'Person.Email' [/src/LunchUp.Backend/LunchUp.WebHost/LunchUp.WebHost.csproj]
Dto/Person.cs(11,23): warning CS1591: Missing XML comment for publicly visible type or member 'Person.Photo' [/src/LunchUp.Backend/LunchUp.WebHost/LunchUp.WebHost.csproj]
Dto/Response.cs(3,18): warning CS1591: Missing XML comment for publicly visible type or member 'Response' [/src/LunchUp.Backend/LunchUp.WebHost/LunchUp.WebHost.csproj]
Dto/Response.cs(5,21): warning CS1591: Missing XML comment for publicly visible type or member 'Response.Match' [/src/LunchUp.Backend/LunchUp.WebHost/LunchUp.WebHost.csproj]
Program.cs(6,18): warning CS1591: Missing XML comment for publicly visible type or member 'Program' [/src/LunchUp.Backend/LunchUp.WebHost/LunchUp.WebHost.csproj]
Program.cs(8,28): warning CS1591: Missing XML comment for publicly visible type or member 'Program.Main(string[])' [/src/LunchUp.Backend/LunchUp.WebHost/LunchUp.WebHost.csproj]
Program.cs(13,36): warning CS1591: Missing XML comment for publicly visible type or member 'Program.CreateHostBuilder(string[])' [/src/LunchUp.Backend/LunchUp.WebHost/LunchUp.WebHost.csproj]
Startup.cs(15,18): warning CS1591: Missing XML comment for publicly visible type or member 'Startup' [/src/LunchUp.Backend/LunchUp.WebHost/LunchUp.WebHost.csproj]
Startup.cs(17,16): warning CS1591: Missing XML comment for publicly visible type or member 'Startup.Startup(IConfiguration)' [/src/LunchUp.Backend/LunchUp.WebHost/LunchUp.WebHost.csproj]
Startup.cs(22,31): warning CS1591: Missing XML comment for publicly visible type or member 'Startup.Configuration' [/src/LunchUp.Backend/LunchUp.WebHost/LunchUp.WebHost.csproj]
Startup.cs(26,21): warning CS1591: Missing XML comment for publicly visible type or member 'Startup.ConfigureServices(IServiceCollection)' [/src/LunchUp.Backend/LunchUp.WebHost/LunchUp.WebHost.csproj]
Startup.cs(57,21): warning CS1591: Missing XML comment for publicly visible type or member 'Startup.Configure(IApplicationBuilder, IWebHostEnvironment)' [/src/LunchUp.Backend/LunchUp.WebHost/LunchUp.WebHost.csproj]
    16 Warning(s)
    0 Error(s)

Time Elapsed 00:00:08.86
[36mINFO[0m[0094] Taking snapshot of full filesystem...        
[36mINFO[0m[0101] ignoring socket g+DM1dBf3hsd22AO8JuBabg4ChjyflqwMaiOYpIurSs, not adding to tar 
[36mINFO[0m[0101] ignoring socket dotnet-diagnostic-175-247701-socket, not adding to tar 
[36mINFO[0m[0101] ignoring socket dotnet-diagnostic-143-247392-socket, not adding to tar 
[36mINFO[0m[0102] Pushing layer gcr.io/deliverymachine/cache:cd6fc675dc7028394d6c3c86a7b72e398b364637f34ffe773bc1bbab60f6f6e8 to cache now 
2019/11/05 09:09:33 pushed blob: sha256:f07cbb8dc64bdf5b96a03df209b52e999e293caac34d747a9a872e197abd029c
2019/11/05 09:09:34 gcr.io/deliverymachine/cache:7b32af9c81d9e2bdca54bf1ec5ee52232f88fd4beec9d626a3e6d00856ab8e2d: digest: sha256:a37001048035b05903080c6f3eb6ccd2441b22c38546468cfcf5c452cc9b3d50 size: 430
2019/11/05 09:09:35 pushed blob: sha256:7f76101d124b255856c28577d1c0e9ecb1700849b2fb18fcaa90593b4ff01a90
2019/11/05 09:09:37 pushed blob: sha256:f8e6447b549005044e3613008893b430d239c0b8aaa961c28168518708b48de4
2019/11/05 09:09:38 gcr.io/deliverymachine/cache:cd6fc675dc7028394d6c3c86a7b72e398b364637f34ffe773bc1bbab60f6f6e8: digest: sha256:4b3c03a0f99ec13f7ea223f3b61b460e51d2ce6e710c1122dd143266e79f8afe size: 428
[36mINFO[0m[0108] Storing source image from stage 1 at path /kaniko/stages/1 
[36mINFO[0m[0185] Deleting filesystem...                       
[36mINFO[0m[0187] Base image from previous stage 1 found, using saved tar at path /kaniko/stages/1 
[36mINFO[0m[0190] Checking for cached layer gcr.io/deliverymachine/cache:41f74e7a28330767fc1115afcefe3cf191688f19a0779faa3343e18fbcc77c67... 
[36mINFO[0m[0190] No cached layer found for cmd RUN dotnet publish "LunchUp.WebHost/LunchUp.WebHost.csproj" -c Release -o /app/publish 
[36mINFO[0m[0190] Unpacking rootfs as cmd RUN dotnet publish "LunchUp.WebHost/LunchUp.WebHost.csproj" -c Release -o /app/publish requires it. 
[36mINFO[0m[0208] Taking snapshot of full filesystem...        
[36mINFO[0m[0218] RUN dotnet publish "LunchUp.WebHost/LunchUp.WebHost.csproj" -c Release -o /app/publish 
[36mINFO[0m[0218] cmd: /bin/sh                                 
[36mINFO[0m[0218] args: [-c dotnet publish "LunchUp.WebHost/LunchUp.WebHost.csproj" -c Release -o /app/publish] 
Microsoft (R) Build Engine version 16.3.0+0f4c62fea for .NET Core
Copyright (C) Microsoft Corporation. All rights reserved.

  Restore completed in 36.37 ms for /src/LunchUp.Backend/LunchUp.Model/LunchUp.Model.csproj.
  Restore completed in 46.77 ms for /src/LunchUp.Backend/LunchUp.Core/LunchUp.Core.csproj.
  Restore completed in 3 ms for /src/LunchUp.Backend/LunchUp.WebHost/LunchUp.WebHost.csproj.
  LunchUp.Model -> /src/LunchUp.Backend/LunchUp.Model/bin/Release/netcoreapp3.0/LunchUp.Model.dll
  LunchUp.Core -> /src/LunchUp.Backend/LunchUp.Core/bin/Release/netcoreapp3.0/LunchUp.Core.dll
  LunchUp.WebHost -> /src/LunchUp.Backend/LunchUp.WebHost/bin/Release/netcoreapp3.0/LunchUp.WebHost.dll
  LunchUp.WebHost -> /app/publish/
[36mINFO[0m[0225] Taking snapshot of full filesystem...        
[36mINFO[0m[0237] ignoring socket dotnet-diagnostic-254-260789-socket, not adding to tar 
[36mINFO[0m[0238] Pushing layer gcr.io/deliverymachine/cache:41f74e7a28330767fc1115afcefe3cf191688f19a0779faa3343e18fbcc77c67 to cache now 
2019/11/05 09:11:54 pushed blob: sha256:c48d6b9cef90ea44b7a08b8b63c1fb9d0a03a21a8a62cbdaa584d2e004094961
2019/11/05 09:11:55 pushed blob: sha256:b405cbb3834a39cb847bb4cc74e634c8238d8bdd5be0e39217ff2141165bb190
2019/11/05 09:11:56 gcr.io/deliverymachine/cache:41f74e7a28330767fc1115afcefe3cf191688f19a0779faa3343e18fbcc77c67: digest: sha256:a2e494af4f451625a9de567219240d910cb025590ac0819887bbe386cc58d3d6 size: 429
[36mINFO[0m[0246] Storing source image from stage 2 at path /kaniko/stages/2 
[36mINFO[0m[0272] Deleting filesystem...                       
[36mINFO[0m[0274] Base image from previous stage 0 found, using saved tar at path /kaniko/stages/0 
[36mINFO[0m[0276] Skipping unpacking as no commands require it. 
[36mINFO[0m[0276] Taking snapshot of full filesystem...        
[36mINFO[0m[0283] WORKDIR /app                                 
[36mINFO[0m[0283] cmd: workdir                                 
[36mINFO[0m[0283] Changed working directory to /app            
[36mINFO[0m[0283] Creating directory /app                      
[36mINFO[0m[0283] Taking snapshot of files...                  
[36mINFO[0m[0283] COPY --from=publish /app/publish .           
[36mINFO[0m[0283] Taking snapshot of files...                  
[36mINFO[0m[0283] ENTRYPOINT ["dotnet", "LunchUp.WebHost.dll"] 
[36mINFO[0m[0283] No files changed in this command, skipping snapshotting. 
2019/11/05 09:12:34 existing blob: sha256:7a6b64767b0b4ec3bb235712bc93f6cada4812dbfec432d98ca9c485f9ce2ea8
2019/11/05 09:12:34 existing blob: sha256:a9e6ceefc5a08dc7b1b04a1105c47e00e9340349177009bc8926571ee8a39204
2019/11/05 09:12:34 existing blob: sha256:68f6aee67b9130df079abf2476334ad9474e116c69efedd19e272bbff3643971
2019/11/05 09:12:34 existing blob: sha256:9526604e089d8d4aa947f34e52a14ac8793232dd181022932f3c15291c5cd3af
2019/11/05 09:12:34 existing blob: sha256:8d691f585fa8cec0eba196be460cfaffd69939782d6162986c3e0c5225d54f02
2019/11/05 09:12:37 pushed blob: sha256:61802c1d420693c0e5a9c276aa3fe6e95c9c71cf507a85b984283e0c157d4f62
2019/11/05 09:12:37 pushed blob: sha256:5dc8122d071806b1d53aea8dc31d154312854049bb826e7ad4df8d8b496a8763
2019/11/05 09:12:37 pushed blob: sha256:49681edcde498e7484f1723234af4ad4bbac44dcd789974ed6de41edd8ab8ddc
2019/11/05 09:12:41 pushed blob: sha256:f4a882acead530b0fb23e89c198637fe0f1d51ed0f4bf4833181f79bbe529fd7
2019/11/05 09:12:42 gcr.io/deliverymachine/lunchup-backend:0.0.10: digest: sha256:8f8f3dd35deb7a7dfbbf7cb5e4939925bdf89c17e23166cc62310dfe8ea8f98e size: 1571

Showing logs for build [32mdevopscamp2019-lunchup-backend-x6zrv-10[0m stage [32mfrom-build-pack[0m and container [32mstep-build-post-build[0m
no CVE provider running in the current ** namespace so skip adding image to be analysed

Showing logs for build [32mdevopscamp2019-lunchup-backend-x6zrv-10[0m stage [32mfrom-build-pack[0m and container [32mstep-promote-changelog[0m
Converted /workspace/source/charts/lunchup-backend to an unshallow repository
Generating change log from git ref 4ebf05818e4b02c1fe7a3e26afe84ab83a1883e6 => be61d956db72247f866713073fe7d54dcbfe8e23
WARNING: Failed to enrich commit 5269e8f153163a3aa3d6ab6996adcafe00946151 with issues: users.jenkins.io "x-0" already exists
WARNING: Failed to enrich commit 5269e8f153163a3aa3d6ab6996adcafe00946151 with issues: users.jenkins.io "x-0" already exists
Finding issues in commit messages using git format
WARNING: Failed to enrich commit 62b33eb7dd0e5fa0cc67e2d35d7cae2e0e58e651 with issues: users.jenkins.io "x-0" already exists
WARNING: Failed to enrich commit 62b33eb7dd0e5fa0cc67e2d35d7cae2e0e58e651 with issues: users.jenkins.io "x-0" already exists
WARNING: Failed to enrich commit 2ee4e5f23bf323ab89cfa4452426f808e1e2f5ae with issues: users.jenkins.io "x-0" already exists
WARNING: Failed to enrich commit 2ee4e5f23bf323ab89cfa4452426f808e1e2f5ae with issues: users.jenkins.io "x-0" already exists
WARNING: No release found for DevOpsCamp2019/LunchUp-Backend and tag v0.0.10 so creating a new release
Updated the release information at https://github.com/DevOpsCamp2019/LunchUp-Backend/releases/tag/v0.0.10
generated: /workspace/source/charts/lunchup-backend/templates/release.yaml
Created Release lunchup-backend-0-0-10 resource in namespace **
Updating PipelineActivity devopscamp2019-lunchup-backend-master-10 with version 0.0.10
Updated PipelineActivities devopscamp2019-lunchup-backend-master-10 with release notes URL: https://github.com/DevOpsCamp2019/LunchUp-Backend/releases/tag/v0.0.10

Showing logs for build [32mdevopscamp2019-lunchup-backend-x6zrv-10[0m stage [32mfrom-build-pack[0m and container [32mstep-promote-helm-release[0m
WARNING: No $CHART_REPOSITORY defined so using the default value of: http://jenkins-x-chartmuseum:8080
Adding missing Helm repo: storage.googleapis.com https://storage.googleapis.com/chartmuseum.jenkins-x.io
Successfully added Helm repository storage.googleapis.com.
Adding missing Helm repo: jenkins-x-chartmuseum http://jenkins-x-chartmuseum:8080
Successfully added Helm repository jenkins-x-chartmuseum.
WARNING: No $CHART_REPOSITORY defined so using the default value of: http://jenkins-x-chartmuseum:8080
Uploading chart file lunchup-backend-0.0.10.tgz to http://jenkins-x-chartmuseum:8080/api/charts
Received 201 response: {"saved":true}

Showing logs for build [32mdevopscamp2019-lunchup-backend-x6zrv-10[0m stage [32mfrom-build-pack[0m and container [32mstep-promote-jx-promote[0m
WARNING: prow based install so skip waiting for the merge of Pull Requests to go green as currently there is an issue with gettingstatuses from the PR, see https://github.com/jenkins-x/**/issues/2410
Promoting app lunchup-backend version 0.0.10 to namespace **-staging
Created Pull Request: https://github.com/DevOpsCamp2019/environment-deliverymachine-one-staging/pull/13
Added label updatebot to Pull Request https://github.com/DevOpsCamp2019/environment-deliverymachine-one-staging/pull/13
got git provider status pending from PR https://github.com/DevOpsCamp2019/environment-deliverymachine-one-staging/pull/13
got git provider status pending from PR https://github.com/DevOpsCamp2019/environment-deliverymachine-one-staging/pull/13
got git provider status pending from PR https://github.com/DevOpsCamp2019/environment-deliverymachine-one-staging/pull/13
got git provider status pending from PR https://github.com/DevOpsCamp2019/environment-deliverymachine-one-staging/pull/13
got git provider status pending from PR https://github.com/DevOpsCamp2019/environment-deliverymachine-one-staging/pull/13
got git provider status pending from PR https://github.com/DevOpsCamp2019/environment-deliverymachine-one-staging/pull/13
got git provider status pending from PR https://github.com/DevOpsCamp2019/environment-deliverymachine-one-staging/pull/13
Pull Request https://github.com/DevOpsCamp2019/environment-deliverymachine-one-staging/pull/13 is merged at sha dca503357eb0a3702db3a87b65ce4786cbb7bdb3
Pull Request merged but we are not waiting for the update pipeline to complete!
