
Showing logs for build [32mdevopscamp2019-lunchup-backend-t29d4-22[0m stage [32mfrom-build-pack[0m and container [32mstep-credential-initializer-qzq4w[0m
{"level":"warn","ts":1573045005.6314619,"logger":"fallback-logger","caller":"logging/config.go:69","msg":"Fetch GitHub commit ID from kodata failed: \"ref: refs/heads/master\" is not a valid GitHub commit ID"}
{"level":"info","ts":1573045005.6326468,"logger":"fallback-logger","caller":"creds-init/main.go:40","msg":"Credentials initialized."}

Showing logs for build [32mdevopscamp2019-lunchup-backend-t29d4-22[0m stage [32mfrom-build-pack[0m and container [32mstep-working-dir-initializer-cvcrh[0m
{"level":"warn","ts":1573045006.6330357,"logger":"fallback-logger","caller":"logging/config.go:69","msg":"Fetch GitHub commit ID from kodata failed: open /var/run/ko/HEAD: no such file or directory"}
{"level":"info","ts":1573045006.6702483,"logger":"fallback-logger","caller":"bash/main.go:65","msg":"Successfully executed command \"mkdir -p /workspace/source\""}

Showing logs for build [32mdevopscamp2019-lunchup-backend-t29d4-22[0m stage [32mfrom-build-pack[0m and container [32mstep-place-tools[0m

Showing logs for build [32mdevopscamp2019-lunchup-backend-t29d4-22[0m stage [32mfrom-build-pack[0m and container [32mstep-git-source-devopscamp2019-lunchup-backend-dkkdp[0m
{"level":"warn","ts":1573045012.7821198,"logger":"fallback-logger","caller":"logging/config.go:69","msg":"Fetch GitHub commit ID from kodata failed: \"ref: refs/heads/master\" is not a valid GitHub commit ID"}
{"level":"info","ts":1573045014.878824,"logger":"fallback-logger","caller":"git/git.go:102","msg":"Successfully cloned https://github.com/DevOpsCamp2019/LunchUp-Backend.git @ v0.0.22 in path /workspace/source"}

Showing logs for build [32mdevopscamp2019-lunchup-backend-t29d4-22[0m stage [32mfrom-build-pack[0m and container [32mstep-git-merge[0m
Using SHAs from PULL_REFS=master:6b3c5d86dc6cbb0a7237ae2f5e69c83a8337bccb
WARNING: no SHAs to merge, falling back to initial cloned commit

Showing logs for build [32mdevopscamp2019-lunchup-backend-t29d4-22[0m stage [32mfrom-build-pack[0m and container [32mstep-setup-jx-git-credentials[0m
Generated Git credentials file /workspace/xdg_config/git/credentials

Showing logs for build [32mdevopscamp2019-lunchup-backend-t29d4-22[0m stage [32mfrom-build-pack[0m and container [32mstep-build-container-build[0m
[36mINFO[0m[0000] Downloading base image mcr.microsoft.com/dotnet/core/aspnet:3.0-buster-slim 
ERROR: logging before flag.Parse: E1106 12:56:57.419540       9 metadata.go:142] while reading 'google-dockercfg' metadata: http status code: 404 while fetching url http://metadata.google.internal./computeMetadata/v1/instance/attributes/google-dockercfg
ERROR: logging before flag.Parse: E1106 12:56:57.423064       9 metadata.go:159] while reading 'google-dockercfg-url' metadata: http status code: 404 while fetching url http://metadata.google.internal./computeMetadata/v1/instance/attributes/google-dockercfg-url
2019/11/06 12:56:57 No matching credentials were found, falling back on anonymous
[36mINFO[0m[0001] Error while retrieving image from cache: getting file info: stat /workspace/sha256:803b70d9de2c57a168af4cc7d44e77a9c0591b49ce2af73d50c344aa22048eda: no such file or directory 
[36mINFO[0m[0001] Downloading base image mcr.microsoft.com/dotnet/core/aspnet:3.0-buster-slim 
2019/11/06 12:56:58 No matching credentials were found, falling back on anonymous
[36mINFO[0m[0002] cmd: EXPOSE                                  
[36mINFO[0m[0002] Adding exposed port: 80/tcp                  
[36mINFO[0m[0002] cmd: EXPOSE                                  
[36mINFO[0m[0002] Adding exposed port: 443/tcp                 
[36mINFO[0m[0002] Skipping unpacking as no commands require it. 
[36mINFO[0m[0002] Taking snapshot of full filesystem...        
[36mINFO[0m[0002] WORKDIR /app                                 
[36mINFO[0m[0002] cmd: workdir                                 
[36mINFO[0m[0002] Changed working directory to /app            
[36mINFO[0m[0002] Creating directory /app                      
[36mINFO[0m[0002] Taking snapshot of files...                  
[36mINFO[0m[0002] EXPOSE 80                                    
[36mINFO[0m[0002] cmd: EXPOSE                                  
[36mINFO[0m[0002] Adding exposed port: 80/tcp                  
[36mINFO[0m[0002] No files changed in this command, skipping snapshotting. 
[36mINFO[0m[0002] EXPOSE 443                                   
[36mINFO[0m[0002] cmd: EXPOSE                                  
[36mINFO[0m[0002] Adding exposed port: 443/tcp                 
[36mINFO[0m[0002] No files changed in this command, skipping snapshotting. 
[36mINFO[0m[0002] Storing source image from stage 0 at path /kaniko/stages/0 
[36mINFO[0m[0024] Deleting filesystem...                       
[36mINFO[0m[0024] Downloading base image mcr.microsoft.com/dotnet/core/sdk:3.0-buster 
2019/11/06 12:57:21 No matching credentials were found, falling back on anonymous
[36mINFO[0m[0024] Error while retrieving image from cache: getting file info: stat /workspace/sha256:65c0187e27b42bc45ea5ef98226c7ef37d1b706e10031ddce377bf6da3dcd9aa: no such file or directory 
[36mINFO[0m[0024] Downloading base image mcr.microsoft.com/dotnet/core/sdk:3.0-buster 
2019/11/06 12:57:22 No matching credentials were found, falling back on anonymous
[36mINFO[0m[0025] Using files from context: [/workspace/source/src/LunchUp.Backend] 
[36mINFO[0m[0025] Checking for cached layer gcr.io/deliverymachine/cache:2ea3d7dfe283801132f934a72179bef6a61689e4c8fa4c1bc5c52c5b1fe9b3bb... 
[36mINFO[0m[0026] No cached layer found for cmd RUN dotnet restore "LunchUp.Backend/LunchUp.Backend.sln" 
[36mINFO[0m[0026] Unpacking rootfs as cmd RUN dotnet restore "LunchUp.Backend/LunchUp.Backend.sln" requires it. 
[36mINFO[0m[0062] Taking snapshot of full filesystem...        
[36mINFO[0m[0068] WORKDIR /src                                 
[36mINFO[0m[0068] cmd: workdir                                 
[36mINFO[0m[0068] Changed working directory to /src            
[36mINFO[0m[0068] Creating directory /src                      
[36mINFO[0m[0068] Taking snapshot of files...                  
[36mINFO[0m[0068] Using files from context: [/workspace/source/src/LunchUp.Backend] 
[36mINFO[0m[0068] COPY ["src/LunchUp.Backend/", "LunchUp.Backend/"] 
[36mINFO[0m[0068] Taking snapshot of files...                  
[36mINFO[0m[0068] RUN dotnet restore "LunchUp.Backend/LunchUp.Backend.sln" 
[36mINFO[0m[0068] cmd: /bin/sh                                 
[36mINFO[0m[0068] args: [-c dotnet restore "LunchUp.Backend/LunchUp.Backend.sln"] 
  Restore completed in 6.75 sec for /src/LunchUp.Backend/LunchUp.Core/LunchUp.Core.csproj.
  Restore completed in 6.75 sec for /src/LunchUp.Backend/LunchUp.Model/LunchUp.Model.csproj.
  Restore completed in 4.84 sec for /src/LunchUp.Backend/LunchUp.WebHost/LunchUp.WebHost.csproj.
[36mINFO[0m[0082] Taking snapshot of full filesystem...        
[36mINFO[0m[0089] ignoring socket dotnet-diagnostic-62-17093484-socket, not adding to tar 
[36mINFO[0m[0102] Using files from context: [/workspace/source] 
[36mINFO[0m[0102] Pushing layer gcr.io/deliverymachine/cache:2ea3d7dfe283801132f934a72179bef6a61689e4c8fa4c1bc5c52c5b1fe9b3bb to cache now 
[36mINFO[0m[0102] COPY . .                                     
[36mINFO[0m[0102] Taking snapshot of files...                  
[36mINFO[0m[0102] WORKDIR "/src/LunchUp.Backend"               
[36mINFO[0m[0102] cmd: workdir                                 
[36mINFO[0m[0102] Changed working directory to /src/LunchUp.Backend 
[36mINFO[0m[0102] No files changed in this command, skipping snapshotting. 
[36mINFO[0m[0102] RUN dotnet build "LunchUp.WebHost/LunchUp.WebHost.csproj" -c Release -o /app/build 
[36mINFO[0m[0102] cmd: /bin/sh                                 
[36mINFO[0m[0102] args: [-c dotnet build "LunchUp.WebHost/LunchUp.WebHost.csproj" -c Release -o /app/build] 
Microsoft (R) Build Engine version 16.3.0+0f4c62fea for .NET Core
Copyright (C) Microsoft Corporation. All rights reserved.

  Restore completed in 44.91 ms for /src/LunchUp.Backend/LunchUp.Core/LunchUp.Core.csproj.
  Restore completed in 51.99 ms for /src/LunchUp.Backend/LunchUp.Model/LunchUp.Model.csproj.
  Restore completed in 6.27 ms for /src/LunchUp.Backend/LunchUp.WebHost/LunchUp.WebHost.csproj.
2019/11/06 12:58:43 pushed blob: sha256:16b437965fbc172f5f5c9f8671da0026dea2655f280b6b80cf5bca74199a59cc
  LunchUp.Model -> /app/build/LunchUp.Model.dll
  LunchUp.Core -> /app/build/LunchUp.Core.dll
DatabaseSettings.cs(4,18): warning CS1591: Missing XML comment for publicly visible type or member 'DatabaseSettings' [/src/LunchUp.Backend/LunchUp.WebHost/LunchUp.WebHost.csproj]
DatabaseSettings.cs(6,23): warning CS1591: Missing XML comment for publicly visible type or member 'DatabaseSettings.Database' [/src/LunchUp.Backend/LunchUp.WebHost/LunchUp.WebHost.csproj]
DatabaseSettings.cs(7,23): warning CS1591: Missing XML comment for publicly visible type or member 'DatabaseSettings.Host' [/src/LunchUp.Backend/LunchUp.WebHost/LunchUp.WebHost.csproj]
DatabaseSettings.cs(8,20): warning CS1591: Missing XML comment for publicly visible type or member 'DatabaseSettings.Port' [/src/LunchUp.Backend/LunchUp.WebHost/LunchUp.WebHost.csproj]
DatabaseSettings.cs(9,23): warning CS1591: Missing XML comment for publicly visible type or member 'DatabaseSettings.Username' [/src/LunchUp.Backend/LunchUp.WebHost/LunchUp.WebHost.csproj]
DatabaseSettings.cs(10,23): warning CS1591: Missing XML comment for publicly visible type or member 'DatabaseSettings.Password' [/src/LunchUp.Backend/LunchUp.WebHost/LunchUp.WebHost.csproj]
  LunchUp.WebHost -> /app/build/LunchUp.WebHost.dll

Build succeeded.

DatabaseSettings.cs(4,18): warning CS1591: Missing XML comment for publicly visible type or member 'DatabaseSettings' [/src/LunchUp.Backend/LunchUp.WebHost/LunchUp.WebHost.csproj]
DatabaseSettings.cs(6,23): warning CS1591: Missing XML comment for publicly visible type or member 'DatabaseSettings.Database' [/src/LunchUp.Backend/LunchUp.WebHost/LunchUp.WebHost.csproj]
DatabaseSettings.cs(7,23): warning CS1591: Missing XML comment for publicly visible type or member 'DatabaseSettings.Host' [/src/LunchUp.Backend/LunchUp.WebHost/LunchUp.WebHost.csproj]
DatabaseSettings.cs(8,20): warning CS1591: Missing XML comment for publicly visible type or member 'DatabaseSettings.Port' [/src/LunchUp.Backend/LunchUp.WebHost/LunchUp.WebHost.csproj]
DatabaseSettings.cs(9,23): warning CS1591: Missing XML comment for publicly visible type or member 'DatabaseSettings.Username' [/src/LunchUp.Backend/LunchUp.WebHost/LunchUp.WebHost.csproj]
DatabaseSettings.cs(10,23): warning CS1591: Missing XML comment for publicly visible type or member 'DatabaseSettings.Password' [/src/LunchUp.Backend/LunchUp.WebHost/LunchUp.WebHost.csproj]
    6 Warning(s)
    0 Error(s)

Time Elapsed 00:00:12.75
[36mINFO[0m[0116] Taking snapshot of full filesystem...        
[36mINFO[0m[0125] ignoring socket dotnet-diagnostic-167-17097307-socket, not adding to tar 
[36mINFO[0m[0125] ignoring socket dotnet-diagnostic-138-17096916-socket, not adding to tar 
[36mINFO[0m[0125] ignoring socket g+DM1dBf3hsd22AO8JuBabg4ChjyflqwMaiOYpIurSs, not adding to tar 
[36mINFO[0m[0127] Pushing layer gcr.io/deliverymachine/cache:7bdab77c30f942043c43105c1db52dfceadb313b7bd98d4ab26ae3c18fc1d41e to cache now 
2019/11/06 12:59:06 pushed blob: sha256:724120ca89c1ae2590648c28c5c4ab6b8e8ed15cef6997daafc70ab1b89a5edc
2019/11/06 12:59:07 gcr.io/deliverymachine/cache:2ea3d7dfe283801132f934a72179bef6a61689e4c8fa4c1bc5c52c5b1fe9b3bb: digest: sha256:2643b089354b768d07e5982d65c897b29683e6af5c18a0c025d7cabec55a76cb size: 430
2019/11/06 12:59:08 pushed blob: sha256:cdec9453c012aa6a55ad7936d7db81302a5b7f7fb1d7e84c9ad8fb6a220f53e9
2019/11/06 12:59:10 pushed blob: sha256:e7a4faed5ef3516049553e541cc70202701199051175c264f02c3aa4048592bd
2019/11/06 12:59:12 gcr.io/deliverymachine/cache:7bdab77c30f942043c43105c1db52dfceadb313b7bd98d4ab26ae3c18fc1d41e: digest: sha256:939f8fb80fddaf4fb6b50183e98daa5d364933c81fcea4a88b5ed9edb33ec923 size: 429
[36mINFO[0m[0134] Storing source image from stage 1 at path /kaniko/stages/1 
[36mINFO[0m[0198] Deleting filesystem...                       
[36mINFO[0m[0199] Base image from previous stage 1 found, using saved tar at path /kaniko/stages/1 
[36mINFO[0m[0202] Checking for cached layer gcr.io/deliverymachine/cache:40734bf7c4a13e585fec1f296ad9f4307fbd16cfe34f8e6e92d8a62dd8e937df... 
[36mINFO[0m[0202] No cached layer found for cmd RUN dotnet publish "LunchUp.WebHost/LunchUp.WebHost.csproj" -c Release -o /app/publish 
[36mINFO[0m[0202] Unpacking rootfs as cmd RUN dotnet publish "LunchUp.WebHost/LunchUp.WebHost.csproj" -c Release -o /app/publish requires it. 
[36mINFO[0m[0220] Taking snapshot of full filesystem...        
[36mINFO[0m[0229] RUN dotnet publish "LunchUp.WebHost/LunchUp.WebHost.csproj" -c Release -o /app/publish 
[36mINFO[0m[0229] cmd: /bin/sh                                 
[36mINFO[0m[0229] args: [-c dotnet publish "LunchUp.WebHost/LunchUp.WebHost.csproj" -c Release -o /app/publish] 
Microsoft (R) Build Engine version 16.3.0+0f4c62fea for .NET Core
Copyright (C) Microsoft Corporation. All rights reserved.

  Restore completed in 31.25 ms for /src/LunchUp.Backend/LunchUp.Model/LunchUp.Model.csproj.
  Restore completed in 29.01 ms for /src/LunchUp.Backend/LunchUp.Core/LunchUp.Core.csproj.
  Restore completed in 2.99 ms for /src/LunchUp.Backend/LunchUp.WebHost/LunchUp.WebHost.csproj.
  LunchUp.Model -> /src/LunchUp.Backend/LunchUp.Model/bin/Release/netcoreapp3.0/LunchUp.Model.dll
  LunchUp.Core -> /src/LunchUp.Backend/LunchUp.Core/bin/Release/netcoreapp3.0/LunchUp.Core.dll
  LunchUp.WebHost -> /src/LunchUp.Backend/LunchUp.WebHost/bin/Release/netcoreapp3.0/LunchUp.WebHost.dll
  LunchUp.WebHost -> /app/publish/
[36mINFO[0m[0235] Taking snapshot of full filesystem...        
[36mINFO[0m[0241] ignoring socket dotnet-diagnostic-249-17109591-socket, not adding to tar 
[36mINFO[0m[0244] Pushing layer gcr.io/deliverymachine/cache:40734bf7c4a13e585fec1f296ad9f4307fbd16cfe34f8e6e92d8a62dd8e937df to cache now 
2019/11/06 13:01:05 pushed blob: sha256:c073ff1f63f0a32dd6caf990438f15977e30b6521e56a259499108ade2a5255d
2019/11/06 13:01:09 pushed blob: sha256:9014de17d8402722f2816559763570cb4763282c51e5779c31696468481fb6b4
2019/11/06 13:01:11 gcr.io/deliverymachine/cache:40734bf7c4a13e585fec1f296ad9f4307fbd16cfe34f8e6e92d8a62dd8e937df: digest: sha256:b85911270af71ad46e0fd6937b88acf14f7920a67219d075b91eecbd26fae5b5 size: 429
[36mINFO[0m[0253] Storing source image from stage 2 at path /kaniko/stages/2 
[36mINFO[0m[0450] Deleting filesystem...                       
[36mINFO[0m[0452] Base image from previous stage 0 found, using saved tar at path /kaniko/stages/0 
[36mINFO[0m[0453] Skipping unpacking as no commands require it. 
[36mINFO[0m[0453] Taking snapshot of full filesystem...        
[36mINFO[0m[0456] WORKDIR /app                                 
[36mINFO[0m[0456] cmd: workdir                                 
[36mINFO[0m[0456] Changed working directory to /app            
[36mINFO[0m[0456] Creating directory /app                      
[36mINFO[0m[0456] Taking snapshot of files...                  
[36mINFO[0m[0456] COPY --from=publish /app/publish .           
[36mINFO[0m[0456] Taking snapshot of files...                  
[36mINFO[0m[0457] ENTRYPOINT ["dotnet", "LunchUp.WebHost.dll"] 
[36mINFO[0m[0457] No files changed in this command, skipping snapshotting. 
2019/11/06 13:04:35 existing blob: sha256:8d691f585fa8cec0eba196be460cfaffd69939782d6162986c3e0c5225d54f02
2019/11/06 13:04:35 existing blob: sha256:a9e6ceefc5a08dc7b1b04a1105c47e00e9340349177009bc8926571ee8a39204
2019/11/06 13:04:35 existing blob: sha256:68f6aee67b9130df079abf2476334ad9474e116c69efedd19e272bbff3643971
2019/11/06 13:04:35 existing blob: sha256:9526604e089d8d4aa947f34e52a14ac8793232dd181022932f3c15291c5cd3af
2019/11/06 13:04:35 existing blob: sha256:7a6b64767b0b4ec3bb235712bc93f6cada4812dbfec432d98ca9c485f9ce2ea8
2019/11/06 13:04:38 pushed blob: sha256:12b3c9109a83c5ba63d5fda0651dd322c60eb1dc8fb5945f0690abe391e2880a
2019/11/06 13:04:39 pushed blob: sha256:19c59b7866f6ed7f8c1029da4316ab10343e89519d0608c12ffaf35be7d8340e
2019/11/06 13:04:39 pushed blob: sha256:50ece6f1dca1f18e1d4cb61549d49460b914d27bf10d67111b64e68365fbd8d5
2019/11/06 13:04:42 pushed blob: sha256:1bd9b3d40d24a2afa19991dc7bf22fb78dbb39c6d118e0f12ce73996be1ebee6
2019/11/06 13:04:43 gcr.io/deliverymachine/lunchup-backend:0.0.22: digest: sha256:a8a31de478b04d52051d4ded92dd61e94496d4df1bd46b37474e00598e9a362f size: 1572

Showing logs for build [32mdevopscamp2019-lunchup-backend-t29d4-22[0m stage [32mfrom-build-pack[0m and container [32mstep-build-post-build[0m
no CVE provider running in the current ** namespace so skip adding image to be analysed

Showing logs for build [32mdevopscamp2019-lunchup-backend-t29d4-22[0m stage [32mfrom-build-pack[0m and container [32mstep-promote-changelog[0m
Converted /workspace/source/charts/lunchup-backend to an unshallow repository
Generating change log from git ref dca96b49344475764da3ca8031ebfe9b113cd237 => 208532b2e20b7c8ba67821361fa994f679e51dfd
WARNING: Failed to enrich commit 6b3c5d86dc6cbb0a7237ae2f5e69c83a8337bccb with issues: users.jenkins.io "x-0" already exists
WARNING: Failed to enrich commit 6b3c5d86dc6cbb0a7237ae2f5e69c83a8337bccb with issues: users.jenkins.io "x-0" already exists
Finding issues in commit messages using git format
WARNING: Failed to enrich commit ac01f85ba2c39187b585c6dd4e0e2fcdc55198a8 with issues: users.jenkins.io "x-0" already exists
WARNING: Failed to enrich commit ac01f85ba2c39187b585c6dd4e0e2fcdc55198a8 with issues: users.jenkins.io "x-0" already exists
WARNING: No release found for DevOpsCamp2019/LunchUp-Backend and tag v0.0.22 so creating a new release
Updated the release information at https://github.com/DevOpsCamp2019/LunchUp-Backend/releases/tag/v0.0.22
generated: /workspace/source/charts/lunchup-backend/templates/release.yaml
Created Release lunchup-backend-0-0-22 resource in namespace **
Updating PipelineActivity devopscamp2019-lunchup-backend-master-22 with version 0.0.22
Updated PipelineActivities devopscamp2019-lunchup-backend-master-22 with release notes URL: https://github.com/DevOpsCamp2019/LunchUp-Backend/releases/tag/v0.0.22

Showing logs for build [32mdevopscamp2019-lunchup-backend-t29d4-22[0m stage [32mfrom-build-pack[0m and container [32mstep-promote-helm-release[0m
WARNING: No $CHART_REPOSITORY defined so using the default value of: http://jenkins-x-chartmuseum:8080
Adding missing Helm repo: storage.googleapis.com https://storage.googleapis.com/chartmuseum.jenkins-x.io
Successfully added Helm repository storage.googleapis.com.
Adding missing Helm repo: jenkins-x-chartmuseum http://jenkins-x-chartmuseum:8080
Successfully added Helm repository jenkins-x-chartmuseum.
WARNING: No $CHART_REPOSITORY defined so using the default value of: http://jenkins-x-chartmuseum:8080
Uploading chart file lunchup-backend-0.0.22.tgz to http://jenkins-x-chartmuseum:8080/api/charts
Received 201 response: {"saved":true}

Showing logs for build [32mdevopscamp2019-lunchup-backend-t29d4-22[0m stage [32mfrom-build-pack[0m and container [32mstep-promote-jx-promote[0m
WARNING: prow based install so skip waiting for the merge of Pull Requests to go green as currently there is an issue with gettingstatuses from the PR, see https://github.com/jenkins-x/**/issues/2410
Promoting app lunchup-backend version 0.0.22 to namespace **-staging
Created Pull Request: https://github.com/DevOpsCamp2019/environment-deliverymachine-one-staging/pull/28
Added label updatebot to Pull Request https://github.com/DevOpsCamp2019/environment-deliverymachine-one-staging/pull/28
got git provider status pending from PR https://github.com/DevOpsCamp2019/environment-deliverymachine-one-staging/pull/28
got git provider status pending from PR https://github.com/DevOpsCamp2019/environment-deliverymachine-one-staging/pull/28
got git provider status pending from PR https://github.com/DevOpsCamp2019/environment-deliverymachine-one-staging/pull/28
got git provider status pending from PR https://github.com/DevOpsCamp2019/environment-deliverymachine-one-staging/pull/28
got git provider status pending from PR https://github.com/DevOpsCamp2019/environment-deliverymachine-one-staging/pull/28
got git provider status pending from PR https://github.com/DevOpsCamp2019/environment-deliverymachine-one-staging/pull/28
got git provider status pending from PR https://github.com/DevOpsCamp2019/environment-deliverymachine-one-staging/pull/28
Pull Request https://github.com/DevOpsCamp2019/environment-deliverymachine-one-staging/pull/28 is merged at sha 12d224354cc13cdf86c267e5c2aa81794c873984
Pull Request merged but we are not waiting for the update pipeline to complete!
