
Showing logs for build [32mmeta-devopscamp2019-lunchup-bac-lvrpn-24[0m stage [32mmeta-pipeline[0m and container [32mstep-credential-initializer-g94h7[0m
{"level":"warn","ts":1573052069.4830117,"logger":"fallback-logger","caller":"logging/config.go:69","msg":"Fetch GitHub commit ID from kodata failed: \"ref: refs/heads/master\" is not a valid GitHub commit ID"}
{"level":"info","ts":1573052069.4845352,"logger":"fallback-logger","caller":"creds-init/main.go:40","msg":"Credentials initialized."}

Showing logs for build [32mmeta-devopscamp2019-lunchup-bac-lvrpn-24[0m stage [32mmeta-pipeline[0m and container [32mstep-working-dir-initializer-pbn4n[0m
{"level":"warn","ts":1573052070.7869673,"logger":"fallback-logger","caller":"logging/config.go:69","msg":"Fetch GitHub commit ID from kodata failed: open /var/run/ko/HEAD: no such file or directory"}
{"level":"info","ts":1573052070.7893114,"logger":"fallback-logger","caller":"bash/main.go:65","msg":"Successfully executed command \"mkdir -p /workspace/source\""}

Showing logs for build [32mmeta-devopscamp2019-lunchup-bac-lvrpn-24[0m stage [32mmeta-pipeline[0m and container [32mstep-place-tools[0m

Showing logs for build [32mmeta-devopscamp2019-lunchup-bac-lvrpn-24[0m stage [32mmeta-pipeline[0m and container [32mstep-git-source-meta-devopscamp2019-lunchup-bac-ppzh8[0m
{"level":"warn","ts":1573052075.8222249,"logger":"fallback-logger","caller":"logging/config.go:69","msg":"Fetch GitHub commit ID from kodata failed: \"ref: refs/heads/master\" is not a valid GitHub commit ID"}
{"level":"info","ts":1573052077.2597775,"logger":"fallback-logger","caller":"git/git.go:102","msg":"Successfully cloned https://github.com/DevOpsCamp2019/LunchUp-Backend.git @ b84e2cd66825a0ddb5f68f7e9cb55c3282778e7f in path /workspace/source"}

Showing logs for build [32mmeta-devopscamp2019-lunchup-bac-lvrpn-24[0m stage [32mmeta-pipeline[0m and container [32mstep-git-merge[0m
Using SHAs from PULL_REFS=master:b84e2cd66825a0ddb5f68f7e9cb55c3282778e7f
WARNING: no SHAs to merge, falling back to initial cloned commit

Showing logs for build [32mmeta-devopscamp2019-lunchup-bac-lvrpn-24[0m stage [32mmeta-pipeline[0m and container [32mstep-merge-pull-refs[0m
SKIP merge-pull-refs: Nothing to merge

Showing logs for build [32mmeta-devopscamp2019-lunchup-bac-lvrpn-24[0m stage [32mmeta-pipeline[0m and container [32mstep-create-effective-pipeline[0m
Cloning the Jenkins X versions repo https://github.com/jenkins-x/jenkins-x-versions.git with ref refs/heads/master to /builder/home/.**/jenkins-x-versions
error: Failed to parse build pack URL: 'https://github.com/DevOpsCamp2019/jenkins-x-kubernetes.git': parse 'https://github.com/DevOpsCamp2019/jenkins-x-kubernetes.git': first path segment in URL cannot contain colon
[31m
Pipeline failed on stage 'meta-pipeline' : container 'step-create-effective-pipeline'. The execution of the pipeline has stopped.[0m

Showing logs for build [32mmeta-devopscamp2019-lunchup-bac-lvrpn-24[0m stage [32mmeta-pipeline[0m and container [32mstep-credential-initializer-g94h7[0m
{"level":"warn","ts":1573052069.4830117,"logger":"fallback-logger","caller":"logging/config.go:69","msg":"Fetch GitHub commit ID from kodata failed: \"ref: refs/heads/master\" is not a valid GitHub commit ID"}
{"level":"info","ts":1573052069.4845352,"logger":"fallback-logger","caller":"creds-init/main.go:40","msg":"Credentials initialized."}

Showing logs for build [32mmeta-devopscamp2019-lunchup-bac-lvrpn-24[0m stage [32mmeta-pipeline[0m and container [32mstep-working-dir-initializer-pbn4n[0m
{"level":"warn","ts":1573052070.7869673,"logger":"fallback-logger","caller":"logging/config.go:69","msg":"Fetch GitHub commit ID from kodata failed: open /var/run/ko/HEAD: no such file or directory"}
{"level":"info","ts":1573052070.7893114,"logger":"fallback-logger","caller":"bash/main.go:65","msg":"Successfully executed command \"mkdir -p /workspace/source\""}

Showing logs for build [32mmeta-devopscamp2019-lunchup-bac-lvrpn-24[0m stage [32mmeta-pipeline[0m and container [32mstep-place-tools[0m

Showing logs for build [32mmeta-devopscamp2019-lunchup-bac-lvrpn-24[0m stage [32mmeta-pipeline[0m and container [32mstep-git-source-meta-devopscamp2019-lunchup-bac-ppzh8[0m
{"level":"warn","ts":1573052075.8222249,"logger":"fallback-logger","caller":"logging/config.go:69","msg":"Fetch GitHub commit ID from kodata failed: \"ref: refs/heads/master\" is not a valid GitHub commit ID"}
{"level":"info","ts":1573052077.2597775,"logger":"fallback-logger","caller":"git/git.go:102","msg":"Successfully cloned https://github.com/DevOpsCamp2019/LunchUp-Backend.git @ b84e2cd66825a0ddb5f68f7e9cb55c3282778e7f in path /workspace/source"}

Showing logs for build [32mmeta-devopscamp2019-lunchup-bac-lvrpn-24[0m stage [32mmeta-pipeline[0m and container [32mstep-git-merge[0m
Using SHAs from PULL_REFS=master:b84e2cd66825a0ddb5f68f7e9cb55c3282778e7f
WARNING: no SHAs to merge, falling back to initial cloned commit

Showing logs for build [32mmeta-devopscamp2019-lunchup-bac-lvrpn-24[0m stage [32mmeta-pipeline[0m and container [32mstep-merge-pull-refs[0m
SKIP merge-pull-refs: Nothing to merge

Showing logs for build [32mmeta-devopscamp2019-lunchup-bac-lvrpn-24[0m stage [32mmeta-pipeline[0m and container [32mstep-create-effective-pipeline[0m
Cloning the Jenkins X versions repo https://github.com/jenkins-x/jenkins-x-versions.git with ref refs/heads/master to /builder/home/.**/jenkins-x-versions
error: Failed to parse build pack URL: 'https://github.com/DevOpsCamp2019/jenkins-x-kubernetes.git': parse 'https://github.com/DevOpsCamp2019/jenkins-x-kubernetes.git': first path segment in URL cannot contain colon
[31m
Pipeline failed on stage 'meta-pipeline' : container 'step-create-effective-pipeline'. The execution of the pipeline has stopped.[0m
