
Showing logs for build [32mdevopscamp2019-lunchup-backend-wzm94-25[0m stage [32mfrom-build-pack[0m and container [32mstep-credential-initializer-98m4s[0m
{"level":"warn","ts":1573052176.2413497,"logger":"fallback-logger","caller":"logging/config.go:69","msg":"Fetch GitHub commit ID from kodata failed: \"ref: refs/heads/master\" is not a valid GitHub commit ID"}
{"level":"info","ts":1573052176.241907,"logger":"fallback-logger","caller":"creds-init/main.go:40","msg":"Credentials initialized."}

Showing logs for build [32mdevopscamp2019-lunchup-backend-wzm94-25[0m stage [32mfrom-build-pack[0m and container [32mstep-working-dir-initializer-2fk4c[0m
{"level":"warn","ts":1573052177.026996,"logger":"fallback-logger","caller":"logging/config.go:69","msg":"Fetch GitHub commit ID from kodata failed: open /var/run/ko/HEAD: no such file or directory"}
{"level":"info","ts":1573052177.0285354,"logger":"fallback-logger","caller":"bash/main.go:65","msg":"Successfully executed command \"mkdir -p /workspace/source\""}

Showing logs for build [32mdevopscamp2019-lunchup-backend-wzm94-25[0m stage [32mfrom-build-pack[0m and container [32mstep-place-tools[0m

Showing logs for build [32mdevopscamp2019-lunchup-backend-wzm94-25[0m stage [32mfrom-build-pack[0m and container [32mstep-git-source-devopscamp2019-lunchup-backend-s2qsq[0m
{"level":"warn","ts":1573052192.1211228,"logger":"fallback-logger","caller":"logging/config.go:69","msg":"Fetch GitHub commit ID from kodata failed: \"ref: refs/heads/master\" is not a valid GitHub commit ID"}
{"level":"info","ts":1573052193.606826,"logger":"fallback-logger","caller":"git/git.go:102","msg":"Successfully cloned https://github.com/DevOpsCamp2019/LunchUp-Backend.git @ v0.0.24 in path /workspace/source"}

Showing logs for build [32mdevopscamp2019-lunchup-backend-wzm94-25[0m stage [32mfrom-build-pack[0m and container [32mstep-git-merge[0m
Using SHAs from PULL_REFS=master:b84e2cd66825a0ddb5f68f7e9cb55c3282778e7f
WARNING: no SHAs to merge, falling back to initial cloned commit

Showing logs for build [32mdevopscamp2019-lunchup-backend-wzm94-25[0m stage [32mfrom-build-pack[0m and container [32mstep-setup-jx-git-credentials[0m
Generated Git credentials file /workspace/xdg_config/git/credentials

Showing logs for build [32mdevopscamp2019-lunchup-backend-wzm94-25[0m stage [32mfrom-build-pack[0m and container [32mstep-build-container-build[0m
[36mINFO[0m[0000] Downloading base image mcr.microsoft.com/dotnet/core/aspnet:3.0-buster-slim 
ERROR: logging before flag.Parse: E1106 14:56:35.490351       9 metadata.go:142] while reading 'google-dockercfg' metadata: http status code: 404 while fetching url http://metadata.google.internal./computeMetadata/v1/instance/attributes/google-dockercfg
ERROR: logging before flag.Parse: E1106 14:56:35.493927       9 metadata.go:159] while reading 'google-dockercfg-url' metadata: http status code: 404 while fetching url http://metadata.google.internal./computeMetadata/v1/instance/attributes/google-dockercfg-url
2019/11/06 14:56:35 No matching credentials were found, falling back on anonymous
[36mINFO[0m[0001] Error while retrieving image from cache: getting file info: stat /workspace/sha256:803b70d9de2c57a168af4cc7d44e77a9c0591b49ce2af73d50c344aa22048eda: no such file or directory 
[36mINFO[0m[0001] Downloading base image mcr.microsoft.com/dotnet/core/aspnet:3.0-buster-slim 
2019/11/06 14:56:36 No matching credentials were found, falling back on anonymous
[36mINFO[0m[0002] cmd: EXPOSE                                  
[36mINFO[0m[0002] Adding exposed port: 80/tcp                  
[36mINFO[0m[0002] cmd: EXPOSE                                  
[36mINFO[0m[0002] Adding exposed port: 443/tcp                 
[36mINFO[0m[0002] Skipping unpacking as no commands require it. 
[36mINFO[0m[0002] Taking snapshot of full filesystem...        
[36mINFO[0m[0002] ENV COMPlus_EnableDiagnostics=0              
[36mINFO[0m[0002] No files changed in this command, skipping snapshotting. 
[36mINFO[0m[0002] WORKDIR /app                                 
[36mINFO[0m[0002] cmd: workdir                                 
[36mINFO[0m[0002] Changed working directory to /app            
[36mINFO[0m[0002] Creating directory /app                      
[36mINFO[0m[0002] Taking snapshot of files...                  
[36mINFO[0m[0002] EXPOSE 80                                    
[36mINFO[0m[0002] cmd: EXPOSE                                  
[36mINFO[0m[0002] Adding exposed port: 80/tcp                  
[36mINFO[0m[0002] No files changed in this command, skipping snapshotting. 
[36mINFO[0m[0002] EXPOSE 443                                   
[36mINFO[0m[0002] cmd: EXPOSE                                  
[36mINFO[0m[0002] Adding exposed port: 443/tcp                 
[36mINFO[0m[0002] No files changed in this command, skipping snapshotting. 
[36mINFO[0m[0002] Storing source image from stage 0 at path /kaniko/stages/0 
[36mINFO[0m[0026] Deleting filesystem...                       
[36mINFO[0m[0026] Downloading base image mcr.microsoft.com/dotnet/core/sdk:3.0-buster 
2019/11/06 14:57:01 No matching credentials were found, falling back on anonymous
[36mINFO[0m[0027] Error while retrieving image from cache: getting file info: stat /workspace/sha256:65c0187e27b42bc45ea5ef98226c7ef37d1b706e10031ddce377bf6da3dcd9aa: no such file or directory 
[36mINFO[0m[0027] Downloading base image mcr.microsoft.com/dotnet/core/sdk:3.0-buster 
2019/11/06 14:57:02 No matching credentials were found, falling back on anonymous
[36mINFO[0m[0027] Using files from context: [/workspace/source/src/LunchUp.Backend] 
[36mINFO[0m[0027] Checking for cached layer gcr.io/deliverymachine/cache:1f5247edc06bebec780057e8f5f33df50e5078f3d88f4139432afde8a232f369... 
[36mINFO[0m[0028] Using caching version of cmd: RUN dotnet restore "LunchUp.Backend/LunchUp.Backend.sln" 
[36mINFO[0m[0028] Using files from context: [/workspace/source] 
[36mINFO[0m[0028] Checking for cached layer gcr.io/deliverymachine/cache:00aa0b8b93806f0298884c7e23cbabcf9b3f9bace3d0eda31f2304f8eaed9d1f... 
[36mINFO[0m[0029] No cached layer found for cmd RUN dotnet build "LunchUp.WebHost/LunchUp.WebHost.csproj" -c Release -o /app/build 
[36mINFO[0m[0029] Unpacking rootfs as cmd RUN dotnet build "LunchUp.WebHost/LunchUp.WebHost.csproj" -c Release -o /app/build requires it. 
[36mINFO[0m[0065] Taking snapshot of full filesystem...        
[36mINFO[0m[0073] ENV COMPlus_EnableDiagnostics=0              
[36mINFO[0m[0073] No files changed in this command, skipping snapshotting. 
[36mINFO[0m[0073] WORKDIR /src                                 
[36mINFO[0m[0073] cmd: workdir                                 
[36mINFO[0m[0073] Changed working directory to /src            
[36mINFO[0m[0073] Creating directory /src                      
[36mINFO[0m[0073] Taking snapshot of files...                  
[36mINFO[0m[0073] Using files from context: [/workspace/source/src/LunchUp.Backend] 
[36mINFO[0m[0073] COPY ["src/LunchUp.Backend/", "LunchUp.Backend/"] 
[36mINFO[0m[0073] Taking snapshot of files...                  
[36mINFO[0m[0073] RUN dotnet restore "LunchUp.Backend/LunchUp.Backend.sln" 
[36mINFO[0m[0073] Found cached layer, extracting to filesystem 
[36mINFO[0m[0081] Taking snapshot of files...                  
[36mINFO[0m[0092] Using files from context: [/workspace/source] 
[36mINFO[0m[0092] COPY . .                                     
[36mINFO[0m[0092] Taking snapshot of files...                  
[36mINFO[0m[0092] WORKDIR "/src/LunchUp.Backend"               
[36mINFO[0m[0092] cmd: workdir                                 
[36mINFO[0m[0092] Changed working directory to /src/LunchUp.Backend 
[36mINFO[0m[0092] No files changed in this command, skipping snapshotting. 
[36mINFO[0m[0092] RUN dotnet build "LunchUp.WebHost/LunchUp.WebHost.csproj" -c Release -o /app/build 
[36mINFO[0m[0092] cmd: /bin/sh                                 
[36mINFO[0m[0092] args: [-c dotnet build "LunchUp.WebHost/LunchUp.WebHost.csproj" -c Release -o /app/build] 
Microsoft (R) Build Engine version 16.3.0+0f4c62fea for .NET Core
Copyright (C) Microsoft Corporation. All rights reserved.

  Restore completed in 50.15 ms for /src/LunchUp.Backend/LunchUp.Core/LunchUp.Core.csproj.
  Restore completed in 50.38 ms for /src/LunchUp.Backend/LunchUp.Model/LunchUp.Model.csproj.
  Restore completed in 3.19 ms for /src/LunchUp.Backend/LunchUp.WebHost/LunchUp.WebHost.csproj.
  LunchUp.Model -> /app/build/LunchUp.Model.dll
  LunchUp.Core -> /app/build/LunchUp.Core.dll
DatabaseSettings.cs(4,18): warning CS1591: Missing XML comment for publicly visible type or member 'DatabaseSettings' [/src/LunchUp.Backend/LunchUp.WebHost/LunchUp.WebHost.csproj]
DatabaseSettings.cs(6,23): warning CS1591: Missing XML comment for publicly visible type or member 'DatabaseSettings.Database' [/src/LunchUp.Backend/LunchUp.WebHost/LunchUp.WebHost.csproj]
DatabaseSettings.cs(7,23): warning CS1591: Missing XML comment for publicly visible type or member 'DatabaseSettings.Host' [/src/LunchUp.Backend/LunchUp.WebHost/LunchUp.WebHost.csproj]
DatabaseSettings.cs(8,20): warning CS1591: Missing XML comment for publicly visible type or member 'DatabaseSettings.Port' [/src/LunchUp.Backend/LunchUp.WebHost/LunchUp.WebHost.csproj]
DatabaseSettings.cs(9,23): warning CS1591: Missing XML comment for publicly visible type or member 'DatabaseSettings.Username' [/src/LunchUp.Backend/LunchUp.WebHost/LunchUp.WebHost.csproj]
DatabaseSettings.cs(10,23): warning CS1591: Missing XML comment for publicly visible type or member 'DatabaseSettings.Password' [/src/LunchUp.Backend/LunchUp.WebHost/LunchUp.WebHost.csproj]
  LunchUp.WebHost -> /app/build/LunchUp.WebHost.dll

Build succeeded.

DatabaseSettings.cs(4,18): warning CS1591: Missing XML comment for publicly visible type or member 'DatabaseSettings' [/src/LunchUp.Backend/LunchUp.WebHost/LunchUp.WebHost.csproj]
DatabaseSettings.cs(6,23): warning CS1591: Missing XML comment for publicly visible type or member 'DatabaseSettings.Database' [/src/LunchUp.Backend/LunchUp.WebHost/LunchUp.WebHost.csproj]
DatabaseSettings.cs(7,23): warning CS1591: Missing XML comment for publicly visible type or member 'DatabaseSettings.Host' [/src/LunchUp.Backend/LunchUp.WebHost/LunchUp.WebHost.csproj]
DatabaseSettings.cs(8,20): warning CS1591: Missing XML comment for publicly visible type or member 'DatabaseSettings.Port' [/src/LunchUp.Backend/LunchUp.WebHost/LunchUp.WebHost.csproj]
DatabaseSettings.cs(9,23): warning CS1591: Missing XML comment for publicly visible type or member 'DatabaseSettings.Username' [/src/LunchUp.Backend/LunchUp.WebHost/LunchUp.WebHost.csproj]
DatabaseSettings.cs(10,23): warning CS1591: Missing XML comment for publicly visible type or member 'DatabaseSettings.Password' [/src/LunchUp.Backend/LunchUp.WebHost/LunchUp.WebHost.csproj]
    6 Warning(s)
    0 Error(s)

Time Elapsed 00:00:07.33
[36mINFO[0m[0100] Taking snapshot of full filesystem...        
[36mINFO[0m[0105] ignoring socket dotnet-diagnostic-92-47758-socket, not adding to tar 
[36mINFO[0m[0105] ignoring socket g+DM1dBf3hsd22AO8JuBabg4ChjyflqwMaiOYpIurSs, not adding to tar 
[36mINFO[0m[0105] ignoring socket dotnet-diagnostic-65-47539-socket, not adding to tar 
[36mINFO[0m[0106] Pushing layer gcr.io/deliverymachine/cache:00aa0b8b93806f0298884c7e23cbabcf9b3f9bace3d0eda31f2304f8eaed9d1f to cache now 
2019/11/06 14:58:25 pushed blob: sha256:eece43bdd3fec8f2bbc9c68492282dad21954b4bb27c1c25ef21afba5c82c429
2019/11/06 14:58:28 pushed blob: sha256:3c8993cbe17a2ae03b28bdcf04a921f795375dbe5c677756a3761904d06e56a6
2019/11/06 14:58:30 gcr.io/deliverymachine/cache:00aa0b8b93806f0298884c7e23cbabcf9b3f9bace3d0eda31f2304f8eaed9d1f: digest: sha256:31ac49f12511e45b551584f1fb78a0ca53fd1f32d805af40e4a4fa5c0fc259a5 size: 429
[36mINFO[0m[0114] Storing source image from stage 1 at path /kaniko/stages/1 
[36mINFO[0m[0184] Deleting filesystem...                       
[36mINFO[0m[0185] Base image from previous stage 1 found, using saved tar at path /kaniko/stages/1 
[36mINFO[0m[0188] Checking for cached layer gcr.io/deliverymachine/cache:6a89c1713ad80dd54c350671cfe07a349e85175bd1332f56ca2a006f4dd8920f... 
[36mINFO[0m[0188] No cached layer found for cmd RUN dotnet publish "LunchUp.WebHost/LunchUp.WebHost.csproj" -c Release -o /app/publish 
[36mINFO[0m[0188] Unpacking rootfs as cmd RUN dotnet publish "LunchUp.WebHost/LunchUp.WebHost.csproj" -c Release -o /app/publish requires it. 
[36mINFO[0m[0205] Taking snapshot of full filesystem...        
[36mINFO[0m[0219] RUN dotnet publish "LunchUp.WebHost/LunchUp.WebHost.csproj" -c Release -o /app/publish 
[36mINFO[0m[0219] cmd: /bin/sh                                 
[36mINFO[0m[0219] args: [-c dotnet publish "LunchUp.WebHost/LunchUp.WebHost.csproj" -c Release -o /app/publish] 
Microsoft (R) Build Engine version 16.3.0+0f4c62fea for .NET Core
Copyright (C) Microsoft Corporation. All rights reserved.

  Restore completed in 35.61 ms for /src/LunchUp.Backend/LunchUp.Core/LunchUp.Core.csproj.
  Restore completed in 35.61 ms for /src/LunchUp.Backend/LunchUp.Model/LunchUp.Model.csproj.
  Restore completed in 3.41 ms for /src/LunchUp.Backend/LunchUp.WebHost/LunchUp.WebHost.csproj.
  LunchUp.Model -> /src/LunchUp.Backend/LunchUp.Model/bin/Release/netcoreapp3.0/LunchUp.Model.dll
  LunchUp.Core -> /src/LunchUp.Backend/LunchUp.Core/bin/Release/netcoreapp3.0/LunchUp.Core.dll
  LunchUp.WebHost -> /src/LunchUp.Backend/LunchUp.WebHost/bin/Release/netcoreapp3.0/LunchUp.WebHost.dll
  LunchUp.WebHost -> /app/publish/
[36mINFO[0m[0226] Taking snapshot of full filesystem...        
[36mINFO[0m[0231] ignoring socket dotnet-diagnostic-160-60229-socket, not adding to tar 
[36mINFO[0m[0234] Pushing layer gcr.io/deliverymachine/cache:6a89c1713ad80dd54c350671cfe07a349e85175bd1332f56ca2a006f4dd8920f to cache now 
2019/11/06 15:00:33 pushed blob: sha256:b6e55b61a66501f71dab7ee9e0104b22c36a60645035448ece8874d546bf1132
2019/11/06 15:00:37 pushed blob: sha256:2fc36e0b9557860c270d0a871ba05c7d0324a65aeaeed5270d892363eb715826
2019/11/06 15:00:39 gcr.io/deliverymachine/cache:6a89c1713ad80dd54c350671cfe07a349e85175bd1332f56ca2a006f4dd8920f: digest: sha256:4c877448d72767074fc2eb17b161536fb38f08ff7323b411af77ac81d1623a8a size: 429
[36mINFO[0m[0243] Storing source image from stage 2 at path /kaniko/stages/2 
[36mINFO[0m[0268] Deleting filesystem...                       
[36mINFO[0m[0270] Base image from previous stage 0 found, using saved tar at path /kaniko/stages/0 
[36mINFO[0m[0272] Skipping unpacking as no commands require it. 
[36mINFO[0m[0272] Taking snapshot of full filesystem...        
[36mINFO[0m[0272] WORKDIR /app                                 
[36mINFO[0m[0272] cmd: workdir                                 
[36mINFO[0m[0272] Changed working directory to /app            
[36mINFO[0m[0272] Creating directory /app                      
[36mINFO[0m[0272] Taking snapshot of files...                  
[36mINFO[0m[0272] COPY --from=publish /app/publish .           
[36mINFO[0m[0272] Taking snapshot of files...                  
[36mINFO[0m[0273] ENTRYPOINT ["dotnet", "LunchUp.WebHost.dll"] 
[36mINFO[0m[0273] No files changed in this command, skipping snapshotting. 
2019/11/06 15:01:09 existing blob: sha256:7a6b64767b0b4ec3bb235712bc93f6cada4812dbfec432d98ca9c485f9ce2ea8
2019/11/06 15:01:09 existing blob: sha256:68f6aee67b9130df079abf2476334ad9474e116c69efedd19e272bbff3643971
2019/11/06 15:01:09 existing blob: sha256:a9e6ceefc5a08dc7b1b04a1105c47e00e9340349177009bc8926571ee8a39204
2019/11/06 15:01:09 existing blob: sha256:8d691f585fa8cec0eba196be460cfaffd69939782d6162986c3e0c5225d54f02
2019/11/06 15:01:09 existing blob: sha256:9526604e089d8d4aa947f34e52a14ac8793232dd181022932f3c15291c5cd3af
2019/11/06 15:01:13 pushed blob: sha256:cc9dd2fa39f325be74b96744293139ce06e01c01b753cac3995229c461a9cb54
2019/11/06 15:01:13 pushed blob: sha256:5ba6d7aa7f01af82e6e3c1f8daa7c0eb9ad2e07ec26b58f06f4fb1e99517c2cd
2019/11/06 15:01:13 pushed blob: sha256:735f590435728dc1c04dc920efa6841e1bc938a634c4f259aaa815822171fe3d
2019/11/06 15:01:15 pushed blob: sha256:fdf3d3e83e1386f1a05446ee713cb41305dc7aec7aaf51960eba8d879e519808
2019/11/06 15:01:17 gcr.io/deliverymachine/lunchup-backend:0.0.24: digest: sha256:356930700ff2d30cd3e50e749cbf3557a1f9dc2b8521257362de56e8c2f88907 size: 1572

Showing logs for build [32mdevopscamp2019-lunchup-backend-wzm94-25[0m stage [32mfrom-build-pack[0m and container [32mstep-build-post-build[0m
no CVE provider running in the current ** namespace so skip adding image to be analysed

Showing logs for build [32mdevopscamp2019-lunchup-backend-wzm94-25[0m stage [32mfrom-build-pack[0m and container [32mstep-promote-changelog[0m
Converted /workspace/source/charts/lunchup-backend to an unshallow repository
Generating change log from git ref 55a27252ad804ab5f91b04448923c47d1aeeaf49 => 2c2d69878dcd74d1eaccd556eee5ae553b83cfd7
WARNING: Failed to enrich commit c08005f28d217460fcb7fad4e7265cc6e4f4a8bc with issues: users.jenkins.io "x-0" already exists
WARNING: Failed to enrich commit c08005f28d217460fcb7fad4e7265cc6e4f4a8bc with issues: users.jenkins.io "x-0" already exists
Finding issues in commit messages using git format
WARNING: Failed to enrich commit 7f2942f694b92fa8c11d899fd47e8507f441e7b6 with issues: users.jenkins.io "x-0" already exists
WARNING: Failed to enrich commit 7f2942f694b92fa8c11d899fd47e8507f441e7b6 with issues: users.jenkins.io "x-0" already exists
WARNING: Failed to enrich commit 64d31fc3ca237772ffbd0dbaeac0508e6165c092 with issues: users.jenkins.io "x-0" already exists
WARNING: Failed to enrich commit 64d31fc3ca237772ffbd0dbaeac0508e6165c092 with issues: users.jenkins.io "x-0" already exists
WARNING: Failed to enrich commit 1aeccf05d25fcd78702aa4a0555cc591662f74e6 with issues: users.jenkins.io "x-0" already exists
WARNING: Failed to enrich commit 1aeccf05d25fcd78702aa4a0555cc591662f74e6 with issues: users.jenkins.io "x-0" already exists
WARNING: Failed to enrich commit ff9405fad8f60d08930f0ec4c74d7c2caae4ade3 with issues: users.jenkins.io "x-0" already exists
WARNING: Failed to enrich commit ff9405fad8f60d08930f0ec4c74d7c2caae4ade3 with issues: users.jenkins.io "x-0" already exists
WARNING: Failed to enrich commit ffee119baedf4ffa164314d16dba0740a1676fe2 with issues: users.jenkins.io "x-0" already exists
WARNING: Failed to enrich commit ffee119baedf4ffa164314d16dba0740a1676fe2 with issues: users.jenkins.io "x-0" already exists
WARNING: Failed to enrich commit fd1c1900f34b8b3f0ad48fe4aca438428d6c90d5 with issues: users.jenkins.io "x-0" already exists
WARNING: Failed to enrich commit fd1c1900f34b8b3f0ad48fe4aca438428d6c90d5 with issues: users.jenkins.io "x-0" already exists
WARNING: Failed to enrich commit fbb8fa16a7d2cb027a591bed92cf2823847af642 with issues: users.jenkins.io "x-0" already exists
WARNING: Failed to enrich commit fbb8fa16a7d2cb027a591bed92cf2823847af642 with issues: users.jenkins.io "x-0" already exists
Associating user valkyrjaa in users.jenkins.io with email tuana1998@hotmail.de to git GitProvider user with login -0 as emails match
Adding label jenkins.io/git-github-userid=-0 to user valkyrjaa in users.jenkins.io
WARNING: Failed to enrich commit ebe18029185bc3e29bb39698b9cca95f9ee6529b with issues: User.jenkins.io "valkyrjaa" is invalid: metadata.labels: Invalid value: "-0": a valid label must be an empty string or consist of alphanumeric characters, '-', '_' or '.', and must start and end with an alphanumeric character (e.g. 'MyValue',  or 'my_value',  or '12345', regex used for validation is '(([A-Za-z0-9][-A-Za-z0-9_.]*)?[A-Za-z0-9])?')
Associating user valkyrjaa in users.jenkins.io with email tuana1998@hotmail.de to git GitProvider user with login -0 as emails match
Adding label jenkins.io/git-github-userid=-0 to user valkyrjaa in users.jenkins.io
WARNING: Failed to enrich commit ebe18029185bc3e29bb39698b9cca95f9ee6529b with issues: User.jenkins.io "valkyrjaa" is invalid: metadata.labels: Invalid value: "-0": a valid label must be an empty string or consist of alphanumeric characters, '-', '_' or '.', and must start and end with an alphanumeric character (e.g. 'MyValue',  or 'my_value',  or '12345', regex used for validation is '(([A-Za-z0-9][-A-Za-z0-9_.]*)?[A-Za-z0-9])?')
WARNING: Failed to enrich commit 1e9d3720b14eb1e6ccf3ea690f69bae8c24f813c with issues: users.jenkins.io "x-0" already exists
WARNING: Failed to enrich commit 1e9d3720b14eb1e6ccf3ea690f69bae8c24f813c with issues: users.jenkins.io "x-0" already exists
WARNING: Failed to enrich commit 543f93489a688a24f41cee459172bbdd7b1474ea with issues: users.jenkins.io "x-0" already exists
WARNING: Failed to enrich commit 543f93489a688a24f41cee459172bbdd7b1474ea with issues: users.jenkins.io "x-0" already exists
WARNING: Failed to enrich commit 909bb77d60ac1f09d9a7cc185b41ab969f54b132 with issues: users.jenkins.io "x-0" already exists
WARNING: Failed to enrich commit 909bb77d60ac1f09d9a7cc185b41ab969f54b132 with issues: users.jenkins.io "x-0" already exists
WARNING: Failed to enrich commit d5f425e5843eacdb35304d309f1a9adf1a304a5e with issues: users.jenkins.io "x-0" already exists
WARNING: Failed to enrich commit d5f425e5843eacdb35304d309f1a9adf1a304a5e with issues: users.jenkins.io "x-0" already exists
WARNING: Failed to enrich commit 6961969a623ca93147de5dbe8c53b6158ada1ca5 with issues: users.jenkins.io "x-0" already exists
WARNING: Failed to enrich commit 6961969a623ca93147de5dbe8c53b6158ada1ca5 with issues: users.jenkins.io "x-0" already exists
WARNING: Failed to enrich commit 6a38d229369e1356f57a2a3085a4bf840c056537 with issues: users.jenkins.io "x-0" already exists
WARNING: Failed to enrich commit 6a38d229369e1356f57a2a3085a4bf840c056537 with issues: users.jenkins.io "x-0" already exists
WARNING: Failed to enrich commit 647292a2e3f563c330706feaff7ba16f22bdc067 with issues: users.jenkins.io "x-0" already exists
WARNING: Failed to enrich commit 647292a2e3f563c330706feaff7ba16f22bdc067 with issues: users.jenkins.io "x-0" already exists
WARNING: Failed to enrich commit 2ac134d28a9c080b716d13fae5d1640a15d5dc93 with issues: users.jenkins.io "x-0" already exists
WARNING: Failed to enrich commit 2ac134d28a9c080b716d13fae5d1640a15d5dc93 with issues: users.jenkins.io "x-0" already exists
WARNING: Failed to enrich commit 6d8a3b407010d4d6350eb7acda9da530b58120c4 with issues: users.jenkins.io "x-0" already exists
WARNING: Failed to enrich commit 6d8a3b407010d4d6350eb7acda9da530b58120c4 with issues: users.jenkins.io "x-0" already exists
WARNING: Failed to enrich commit 3f4dea1cacaa4260166b0321d8667c1c878db989 with issues: users.jenkins.io "x-0" already exists
WARNING: Failed to enrich commit 3f4dea1cacaa4260166b0321d8667c1c878db989 with issues: users.jenkins.io "x-0" already exists
WARNING: Failed to enrich commit cbaa5bbffe2014cba094d3873289783dbd1047eb with issues: users.jenkins.io "x-0" already exists
WARNING: Failed to enrich commit cbaa5bbffe2014cba094d3873289783dbd1047eb with issues: users.jenkins.io "x-0" already exists
Associating user valkyrjaa in users.jenkins.io with email tuana1998@hotmail.de to git GitProvider user with login -0 as emails match
Adding label jenkins.io/git-github-userid=-0 to user valkyrjaa in users.jenkins.io
WARNING: Failed to enrich commit 061fe59d054a8275496166d39ff95e399697ddd2 with issues: User.jenkins.io "valkyrjaa" is invalid: metadata.labels: Invalid value: "-0": a valid label must be an empty string or consist of alphanumeric characters, '-', '_' or '.', and must start and end with an alphanumeric character (e.g. 'MyValue',  or 'my_value',  or '12345', regex used for validation is '(([A-Za-z0-9][-A-Za-z0-9_.]*)?[A-Za-z0-9])?')
Associating user valkyrjaa in users.jenkins.io with email tuana1998@hotmail.de to git GitProvider user with login -0 as emails match
Adding label jenkins.io/git-github-userid=-0 to user valkyrjaa in users.jenkins.io
WARNING: Failed to enrich commit 061fe59d054a8275496166d39ff95e399697ddd2 with issues: User.jenkins.io "valkyrjaa" is invalid: metadata.labels: Invalid value: "-0": a valid label must be an empty string or consist of alphanumeric characters, '-', '_' or '.', and must start and end with an alphanumeric character (e.g. 'MyValue',  or 'my_value',  or '12345', regex used for validation is '(([A-Za-z0-9][-A-Za-z0-9_.]*)?[A-Za-z0-9])?')
Associating user valkyrjaa in users.jenkins.io with email tuana1998@hotmail.de to git GitProvider user with login -0 as emails match
Adding label jenkins.io/git-github-userid=-0 to user valkyrjaa in users.jenkins.io
WARNING: Failed to enrich commit a88e52ef756dbecd610df6cec16c15d9bf9b01a9 with issues: User.jenkins.io "valkyrjaa" is invalid: metadata.labels: Invalid value: "-0": a valid label must be an empty string or consist of alphanumeric characters, '-', '_' or '.', and must start and end with an alphanumeric character (e.g. 'MyValue',  or 'my_value',  or '12345', regex used for validation is '(([A-Za-z0-9][-A-Za-z0-9_.]*)?[A-Za-z0-9])?')
Associating user valkyrjaa in users.jenkins.io with email tuana1998@hotmail.de to git GitProvider user with login -0 as emails match
Adding label jenkins.io/git-github-userid=-0 to user valkyrjaa in users.jenkins.io
WARNING: Failed to enrich commit a88e52ef756dbecd610df6cec16c15d9bf9b01a9 with issues: User.jenkins.io "valkyrjaa" is invalid: metadata.labels: Invalid value: "-0": a valid label must be an empty string or consist of alphanumeric characters, '-', '_' or '.', and must start and end with an alphanumeric character (e.g. 'MyValue',  or 'my_value',  or '12345', regex used for validation is '(([A-Za-z0-9][-A-Za-z0-9_.]*)?[A-Za-z0-9])?')
Associating user valkyrjaa in users.jenkins.io with email tuana1998@hotmail.de to git GitProvider user with login -0 as emails match
Adding label jenkins.io/git-github-userid=-0 to user valkyrjaa in users.jenkins.io
WARNING: Failed to enrich commit 5bd1bc578b64bc8425e4607ba4c96759881a3725 with issues: User.jenkins.io "valkyrjaa" is invalid: metadata.labels: Invalid value: "-0": a valid label must be an empty string or consist of alphanumeric characters, '-', '_' or '.', and must start and end with an alphanumeric character (e.g. 'MyValue',  or 'my_value',  or '12345', regex used for validation is '(([A-Za-z0-9][-A-Za-z0-9_.]*)?[A-Za-z0-9])?')
Associating user valkyrjaa in users.jenkins.io with email tuana1998@hotmail.de to git GitProvider user with login -0 as emails match
Adding label jenkins.io/git-github-userid=-0 to user valkyrjaa in users.jenkins.io
WARNING: Failed to enrich commit 5bd1bc578b64bc8425e4607ba4c96759881a3725 with issues: User.jenkins.io "valkyrjaa" is invalid: metadata.labels: Invalid value: "-0": a valid label must be an empty string or consist of alphanumeric characters, '-', '_' or '.', and must start and end with an alphanumeric character (e.g. 'MyValue',  or 'my_value',  or '12345', regex used for validation is '(([A-Za-z0-9][-A-Za-z0-9_.]*)?[A-Za-z0-9])?')
Associating user valkyrjaa in users.jenkins.io with email tuana1998@hotmail.de to git GitProvider user with login -0 as emails match
Adding label jenkins.io/git-github-userid=-0 to user valkyrjaa in users.jenkins.io
WARNING: Failed to enrich commit bd95a7d2a7b585aeeb82b391b012ca3f5de61fa3 with issues: User.jenkins.io "valkyrjaa" is invalid: metadata.labels: Invalid value: "-0": a valid label must be an empty string or consist of alphanumeric characters, '-', '_' or '.', and must start and end with an alphanumeric character (e.g. 'MyValue',  or 'my_value',  or '12345', regex used for validation is '(([A-Za-z0-9][-A-Za-z0-9_.]*)?[A-Za-z0-9])?')
Associating user valkyrjaa in users.jenkins.io with email tuana1998@hotmail.de to git GitProvider user with login -0 as emails match
Adding label jenkins.io/git-github-userid=-0 to user valkyrjaa in users.jenkins.io
WARNING: Failed to enrich commit bd95a7d2a7b585aeeb82b391b012ca3f5de61fa3 with issues: User.jenkins.io "valkyrjaa" is invalid: metadata.labels: Invalid value: "-0": a valid label must be an empty string or consist of alphanumeric characters, '-', '_' or '.', and must start and end with an alphanumeric character (e.g. 'MyValue',  or 'my_value',  or '12345', regex used for validation is '(([A-Za-z0-9][-A-Za-z0-9_.]*)?[A-Za-z0-9])?')
Associating user valkyrjaa in users.jenkins.io with email tuana1998@hotmail.de to git GitProvider user with login -0 as emails match
Adding label jenkins.io/git-github-userid=-0 to user valkyrjaa in users.jenkins.io
WARNING: Failed to enrich commit 72c8eb739f97c548c4f2af3824f1dff73b929cec with issues: User.jenkins.io "valkyrjaa" is invalid: metadata.labels: Invalid value: "-0": a valid label must be an empty string or consist of alphanumeric characters, '-', '_' or '.', and must start and end with an alphanumeric character (e.g. 'MyValue',  or 'my_value',  or '12345', regex used for validation is '(([A-Za-z0-9][-A-Za-z0-9_.]*)?[A-Za-z0-9])?')
Associating user valkyrjaa in users.jenkins.io with email tuana1998@hotmail.de to git GitProvider user with login -0 as emails match
Adding label jenkins.io/git-github-userid=-0 to user valkyrjaa in users.jenkins.io
WARNING: Failed to enrich commit 72c8eb739f97c548c4f2af3824f1dff73b929cec with issues: User.jenkins.io "valkyrjaa" is invalid: metadata.labels: Invalid value: "-0": a valid label must be an empty string or consist of alphanumeric characters, '-', '_' or '.', and must start and end with an alphanumeric character (e.g. 'MyValue',  or 'my_value',  or '12345', regex used for validation is '(([A-Za-z0-9][-A-Za-z0-9_.]*)?[A-Za-z0-9])?')
Associating user valkyrjaa in users.jenkins.io with email tuana1998@hotmail.de to git GitProvider user with login -0 as emails match
Adding label jenkins.io/git-github-userid=-0 to user valkyrjaa in users.jenkins.io
WARNING: Failed to enrich commit c579c78ad163cd0eb6978470e94abf332db14479 with issues: User.jenkins.io "valkyrjaa" is invalid: metadata.labels: Invalid value: "-0": a valid label must be an empty string or consist of alphanumeric characters, '-', '_' or '.', and must start and end with an alphanumeric character (e.g. 'MyValue',  or 'my_value',  or '12345', regex used for validation is '(([A-Za-z0-9][-A-Za-z0-9_.]*)?[A-Za-z0-9])?')
Associating user valkyrjaa in users.jenkins.io with email tuana1998@hotmail.de to git GitProvider user with login -0 as emails match
Adding label jenkins.io/git-github-userid=-0 to user valkyrjaa in users.jenkins.io
WARNING: Failed to enrich commit c579c78ad163cd0eb6978470e94abf332db14479 with issues: User.jenkins.io "valkyrjaa" is invalid: metadata.labels: Invalid value: "-0": a valid label must be an empty string or consist of alphanumeric characters, '-', '_' or '.', and must start and end with an alphanumeric character (e.g. 'MyValue',  or 'my_value',  or '12345', regex used for validation is '(([A-Za-z0-9][-A-Za-z0-9_.]*)?[A-Za-z0-9])?')
Associating user valkyrjaa in users.jenkins.io with email tuana1998@hotmail.de to git GitProvider user with login -0 as emails match
Adding label jenkins.io/git-github-userid=-0 to user valkyrjaa in users.jenkins.io
WARNING: Failed to enrich commit c5c65d63bb4d8fdd1bc0ba412bed42d4bfd565b1 with issues: User.jenkins.io "valkyrjaa" is invalid: metadata.labels: Invalid value: "-0": a valid label must be an empty string or consist of alphanumeric characters, '-', '_' or '.', and must start and end with an alphanumeric character (e.g. 'MyValue',  or 'my_value',  or '12345', regex used for validation is '(([A-Za-z0-9][-A-Za-z0-9_.]*)?[A-Za-z0-9])?')
Associating user valkyrjaa in users.jenkins.io with email tuana1998@hotmail.de to git GitProvider user with login -0 as emails match
Adding label jenkins.io/git-github-userid=-0 to user valkyrjaa in users.jenkins.io
WARNING: Failed to enrich commit c5c65d63bb4d8fdd1bc0ba412bed42d4bfd565b1 with issues: User.jenkins.io "valkyrjaa" is invalid: metadata.labels: Invalid value: "-0": a valid label must be an empty string or consist of alphanumeric characters, '-', '_' or '.', and must start and end with an alphanumeric character (e.g. 'MyValue',  or 'my_value',  or '12345', regex used for validation is '(([A-Za-z0-9][-A-Za-z0-9_.]*)?[A-Za-z0-9])?')
Associating user valkyrjaa in users.jenkins.io with email tuana1998@hotmail.de to git GitProvider user with login -0 as emails match
Adding label jenkins.io/git-github-userid=-0 to user valkyrjaa in users.jenkins.io
WARNING: Failed to enrich commit 0b77589002f82cc6dbf9e015c0b19d4f6aee2a2f with issues: User.jenkins.io "valkyrjaa" is invalid: metadata.labels: Invalid value: "-0": a valid label must be an empty string or consist of alphanumeric characters, '-', '_' or '.', and must start and end with an alphanumeric character (e.g. 'MyValue',  or 'my_value',  or '12345', regex used for validation is '(([A-Za-z0-9][-A-Za-z0-9_.]*)?[A-Za-z0-9])?')
Associating user valkyrjaa in users.jenkins.io with email tuana1998@hotmail.de to git GitProvider user with login -0 as emails match
Adding label jenkins.io/git-github-userid=-0 to user valkyrjaa in users.jenkins.io
WARNING: Failed to enrich commit 0b77589002f82cc6dbf9e015c0b19d4f6aee2a2f with issues: User.jenkins.io "valkyrjaa" is invalid: metadata.labels: Invalid value: "-0": a valid label must be an empty string or consist of alphanumeric characters, '-', '_' or '.', and must start and end with an alphanumeric character (e.g. 'MyValue',  or 'my_value',  or '12345', regex used for validation is '(([A-Za-z0-9][-A-Za-z0-9_.]*)?[A-Za-z0-9])?')
Associating user valkyrjaa in users.jenkins.io with email tuana1998@hotmail.de to git GitProvider user with login -0 as emails match
Adding label jenkins.io/git-github-userid=-0 to user valkyrjaa in users.jenkins.io
WARNING: Failed to enrich commit 7f24541484a5880e8e11c7182ac035d7e42bd1fd with issues: User.jenkins.io "valkyrjaa" is invalid: metadata.labels: Invalid value: "-0": a valid label must be an empty string or consist of alphanumeric characters, '-', '_' or '.', and must start and end with an alphanumeric character (e.g. 'MyValue',  or 'my_value',  or '12345', regex used for validation is '(([A-Za-z0-9][-A-Za-z0-9_.]*)?[A-Za-z0-9])?')
Associating user valkyrjaa in users.jenkins.io with email tuana1998@hotmail.de to git GitProvider user with login -0 as emails match
Adding label jenkins.io/git-github-userid=-0 to user valkyrjaa in users.jenkins.io
WARNING: Failed to enrich commit 7f24541484a5880e8e11c7182ac035d7e42bd1fd with issues: User.jenkins.io "valkyrjaa" is invalid: metadata.labels: Invalid value: "-0": a valid label must be an empty string or consist of alphanumeric characters, '-', '_' or '.', and must start and end with an alphanumeric character (e.g. 'MyValue',  or 'my_value',  or '12345', regex used for validation is '(([A-Za-z0-9][-A-Za-z0-9_.]*)?[A-Za-z0-9])?')
WARNING: Failed to enrich commit eca9c2b657278617410fa160669a02f778f8934e with issues: users.jenkins.io "x-0" already exists
WARNING: Failed to enrich commit eca9c2b657278617410fa160669a02f778f8934e with issues: users.jenkins.io "x-0" already exists
Associating user valkyrjaa in users.jenkins.io with email tuana1998@hotmail.de to git GitProvider user with login -0 as emails match
Adding label jenkins.io/git-github-userid=-0 to user valkyrjaa in users.jenkins.io
WARNING: Failed to enrich commit 702317e90de7b6197ed115eff2237846d55b84aa with issues: User.jenkins.io "valkyrjaa" is invalid: metadata.labels: Invalid value: "-0": a valid label must be an empty string or consist of alphanumeric characters, '-', '_' or '.', and must start and end with an alphanumeric character (e.g. 'MyValue',  or 'my_value',  or '12345', regex used for validation is '(([A-Za-z0-9][-A-Za-z0-9_.]*)?[A-Za-z0-9])?')
Associating user valkyrjaa in users.jenkins.io with email tuana1998@hotmail.de to git GitProvider user with login -0 as emails match
Adding label jenkins.io/git-github-userid=-0 to user valkyrjaa in users.jenkins.io
WARNING: Failed to enrich commit 702317e90de7b6197ed115eff2237846d55b84aa with issues: User.jenkins.io "valkyrjaa" is invalid: metadata.labels: Invalid value: "-0": a valid label must be an empty string or consist of alphanumeric characters, '-', '_' or '.', and must start and end with an alphanumeric character (e.g. 'MyValue',  or 'my_value',  or '12345', regex used for validation is '(([A-Za-z0-9][-A-Za-z0-9_.]*)?[A-Za-z0-9])?')
WARNING: No release found for DevOpsCamp2019/LunchUp-Backend and tag v0.0.24 so creating a new release
Updated the release information at https://github.com/DevOpsCamp2019/LunchUp-Backend/releases/tag/v0.0.24
generated: /workspace/source/charts/lunchup-backend/templates/release.yaml
Created Release lunchup-backend-0-0-24 resource in namespace **
Updating PipelineActivity devopscamp2019-lunchup-backend-master-25 with version 0.0.24
Updated PipelineActivities devopscamp2019-lunchup-backend-master-25 with release notes URL: https://github.com/DevOpsCamp2019/LunchUp-Backend/releases/tag/v0.0.24

Showing logs for build [32mdevopscamp2019-lunchup-backend-wzm94-25[0m stage [32mfrom-build-pack[0m and container [32mstep-promote-helm-release[0m
WARNING: No $CHART_REPOSITORY defined so using the default value of: http://jenkins-x-chartmuseum:8080
Adding missing Helm repo: storage.googleapis.com https://storage.googleapis.com/chartmuseum.jenkins-x.io
Successfully added Helm repository storage.googleapis.com.
Adding missing Helm repo: jenkins-x-chartmuseum http://jenkins-x-chartmuseum:8080
Successfully added Helm repository jenkins-x-chartmuseum.
WARNING: No $CHART_REPOSITORY defined so using the default value of: http://jenkins-x-chartmuseum:8080
WARNING: No $CHART_REPOSITORY defined so using the default value of: http://jenkins-x-chartmuseum:8080
Uploading chart file lunchup-backend-0.0.24.tgz to http://jenkins-x-chartmuseum:8080/api/charts
Received 201 response: {"saved":true}

Showing logs for build [32mdevopscamp2019-lunchup-backend-wzm94-25[0m stage [32mfrom-build-pack[0m and container [32mstep-promote-jx-promote[0m
WARNING: prow based install so skip waiting for the merge of Pull Requests to go green as currently there is an issue with gettingstatuses from the PR, see https://github.com/jenkins-x/**/issues/2410
Promoting app lunchup-backend version 0.0.24 to namespace **-staging
Created Pull Request: https://github.com/DevOpsCamp2019/environment-deliverymachine-one-staging/pull/32
Added label updatebot to Pull Request https://github.com/DevOpsCamp2019/environment-deliverymachine-one-staging/pull/32
got git provider status pending from PR https://github.com/DevOpsCamp2019/environment-deliverymachine-one-staging/pull/32
got git provider status pending from PR https://github.com/DevOpsCamp2019/environment-deliverymachine-one-staging/pull/32
got git provider status pending from PR https://github.com/DevOpsCamp2019/environment-deliverymachine-one-staging/pull/32
got git provider status pending from PR https://github.com/DevOpsCamp2019/environment-deliverymachine-one-staging/pull/32
got git provider status pending from PR https://github.com/DevOpsCamp2019/environment-deliverymachine-one-staging/pull/32
got git provider status pending from PR https://github.com/DevOpsCamp2019/environment-deliverymachine-one-staging/pull/32
Pull Request https://github.com/DevOpsCamp2019/environment-deliverymachine-one-staging/pull/32 is merged at sha bbebbafd2714ec3982e2268dab2d9efceebf0bee
Pull Request merged but we are not waiting for the update pipeline to complete!
