
Showing logs for build [32mdevopscamp2019-lunchup-backend-r8kwv-32[0m stage [32mfrom-build-pack[0m and container [32mstep-credential-initializer-4bsw7[0m
{"level":"warn","ts":1573113215.41103,"logger":"fallback-logger","caller":"logging/config.go:69","msg":"Fetch GitHub commit ID from kodata failed: \"ref: refs/heads/master\" is not a valid GitHub commit ID"}
{"level":"info","ts":1573113215.4115942,"logger":"fallback-logger","caller":"creds-init/main.go:40","msg":"Credentials initialized."}

Showing logs for build [32mdevopscamp2019-lunchup-backend-r8kwv-32[0m stage [32mfrom-build-pack[0m and container [32mstep-working-dir-initializer-hn7mf[0m
{"level":"warn","ts":1573113216.2227917,"logger":"fallback-logger","caller":"logging/config.go:69","msg":"Fetch GitHub commit ID from kodata failed: open /var/run/ko/HEAD: no such file or directory"}
{"level":"info","ts":1573113216.224063,"logger":"fallback-logger","caller":"bash/main.go:65","msg":"Successfully executed command \"mkdir -p /workspace/source\""}

Showing logs for build [32mdevopscamp2019-lunchup-backend-r8kwv-32[0m stage [32mfrom-build-pack[0m and container [32mstep-place-tools[0m

Showing logs for build [32mdevopscamp2019-lunchup-backend-r8kwv-32[0m stage [32mfrom-build-pack[0m and container [32mstep-git-source-devopscamp2019-lunchup-backend-6nbsg[0m
{"level":"warn","ts":1573113228.3762975,"logger":"fallback-logger","caller":"logging/config.go:69","msg":"Fetch GitHub commit ID from kodata failed: \"ref: refs/heads/master\" is not a valid GitHub commit ID"}
{"level":"info","ts":1573113229.1843429,"logger":"fallback-logger","caller":"git/git.go:102","msg":"Successfully cloned https://github.com/DevOpsCamp2019/LunchUp-Backend.git @ v0.1.3 in path /workspace/source"}

Showing logs for build [32mdevopscamp2019-lunchup-backend-r8kwv-32[0m stage [32mfrom-build-pack[0m and container [32mstep-git-merge[0m
Using SHAs from PULL_REFS=master:45e6a1df34a9b4df395683f4fe72ec2c96bda418
WARNING: no SHAs to merge, falling back to initial cloned commit

Showing logs for build [32mdevopscamp2019-lunchup-backend-r8kwv-32[0m stage [32mfrom-build-pack[0m and container [32mstep-setup-jx-git-credentials[0m
Generated Git credentials file /workspace/xdg_config/git/credentials

Showing logs for build [32mdevopscamp2019-lunchup-backend-r8kwv-32[0m stage [32mfrom-build-pack[0m and container [32mstep-build-container-build[0m
[36mINFO[0m[0000] Downloading base image mcr.microsoft.com/dotnet/core/aspnet:3.0-buster-slim 
ERROR: logging before flag.Parse: E1107 07:53:50.249676      10 metadata.go:142] while reading 'google-dockercfg' metadata: http status code: 404 while fetching url http://metadata.google.internal./computeMetadata/v1/instance/attributes/google-dockercfg
ERROR: logging before flag.Parse: E1107 07:53:50.253668      10 metadata.go:159] while reading 'google-dockercfg-url' metadata: http status code: 404 while fetching url http://metadata.google.internal./computeMetadata/v1/instance/attributes/google-dockercfg-url
2019/11/07 07:53:50 No matching credentials were found, falling back on anonymous
[36mINFO[0m[0001] Error while retrieving image from cache: getting file info: stat /workspace/sha256:803b70d9de2c57a168af4cc7d44e77a9c0591b49ce2af73d50c344aa22048eda: no such file or directory 
[36mINFO[0m[0001] Downloading base image mcr.microsoft.com/dotnet/core/aspnet:3.0-buster-slim 
2019/11/07 07:53:51 No matching credentials were found, falling back on anonymous
[36mINFO[0m[0002] cmd: EXPOSE                                  
[36mINFO[0m[0002] Adding exposed port: 80/tcp                  
[36mINFO[0m[0002] cmd: EXPOSE                                  
[36mINFO[0m[0002] Adding exposed port: 443/tcp                 
[36mINFO[0m[0002] Skipping unpacking as no commands require it. 
[36mINFO[0m[0002] Taking snapshot of full filesystem...        
[36mINFO[0m[0002] ENV COMPlus_EnableDiagnostics=0              
[36mINFO[0m[0002] No files changed in this command, skipping snapshotting. 
[36mINFO[0m[0002] WORKDIR /app                                 
[36mINFO[0m[0002] cmd: workdir                                 
[36mINFO[0m[0002] Changed working directory to /app            
[36mINFO[0m[0002] Creating directory /app                      
[36mINFO[0m[0002] Taking snapshot of files...                  
[36mINFO[0m[0002] EXPOSE 80                                    
[36mINFO[0m[0002] cmd: EXPOSE                                  
[36mINFO[0m[0002] Adding exposed port: 80/tcp                  
[36mINFO[0m[0002] No files changed in this command, skipping snapshotting. 
[36mINFO[0m[0002] EXPOSE 443                                   
[36mINFO[0m[0002] cmd: EXPOSE                                  
[36mINFO[0m[0002] Adding exposed port: 443/tcp                 
[36mINFO[0m[0002] No files changed in this command, skipping snapshotting. 
[36mINFO[0m[0002] Storing source image from stage 0 at path /kaniko/stages/0 
[36mINFO[0m[0024] Deleting filesystem...                       
[36mINFO[0m[0024] Downloading base image mcr.microsoft.com/dotnet/core/sdk:3.0-buster 
2019/11/07 07:54:14 No matching credentials were found, falling back on anonymous
[36mINFO[0m[0025] Error while retrieving image from cache: getting file info: stat /workspace/sha256:65c0187e27b42bc45ea5ef98226c7ef37d1b706e10031ddce377bf6da3dcd9aa: no such file or directory 
[36mINFO[0m[0025] Downloading base image mcr.microsoft.com/dotnet/core/sdk:3.0-buster 
2019/11/07 07:54:15 No matching credentials were found, falling back on anonymous
[36mINFO[0m[0025] Using files from context: [/workspace/source/src/LunchUp.Backend] 
[36mINFO[0m[0025] Checking for cached layer gcr.io/deliverymachine/cache:49c9e2a415ea3ebf24fafe2dfe1c9df4e4a01b48ddefce3888f00aec16024c19... 
[36mINFO[0m[0026] No cached layer found for cmd RUN dotnet restore "LunchUp.Backend/LunchUp.Backend.sln" 
[36mINFO[0m[0026] Unpacking rootfs as cmd RUN dotnet restore "LunchUp.Backend/LunchUp.Backend.sln" requires it. 
[36mINFO[0m[0062] Taking snapshot of full filesystem...        
[36mINFO[0m[0069] ENV COMPlus_EnableDiagnostics=0              
[36mINFO[0m[0069] No files changed in this command, skipping snapshotting. 
[36mINFO[0m[0069] WORKDIR /src                                 
[36mINFO[0m[0069] cmd: workdir                                 
[36mINFO[0m[0069] Changed working directory to /src            
[36mINFO[0m[0069] Creating directory /src                      
[36mINFO[0m[0069] Taking snapshot of files...                  
[36mINFO[0m[0069] Using files from context: [/workspace/source/src/LunchUp.Backend] 
[36mINFO[0m[0069] COPY ["src/LunchUp.Backend/", "LunchUp.Backend/"] 
[36mINFO[0m[0069] Taking snapshot of files...                  
[36mINFO[0m[0069] RUN dotnet restore "LunchUp.Backend/LunchUp.Backend.sln" 
[36mINFO[0m[0069] cmd: /bin/sh                                 
[36mINFO[0m[0069] args: [-c dotnet restore "LunchUp.Backend/LunchUp.Backend.sln"] 
  Restore completed in 6.6 sec for /src/LunchUp.Backend/LunchUp.Model/LunchUp.Model.csproj.
  Restore completed in 6.6 sec for /src/LunchUp.Backend/LunchUp.Core/LunchUp.Core.csproj.
  Restore completed in 6.04 sec for /src/LunchUp.Backend/LunchUp.WebHost/LunchUp.WebHost.csproj.
[36mINFO[0m[0084] Taking snapshot of full filesystem...        
[36mINFO[0m[0091] ignoring socket dotnet-diagnostic-59-16256253-socket, not adding to tar 
[36mINFO[0m[0103] Using files from context: [/workspace/source] 
[36mINFO[0m[0103] COPY . .                                     
[36mINFO[0m[0103] Taking snapshot of files...                  
[36mINFO[0m[0103] WORKDIR "/src/LunchUp.Backend"               
[36mINFO[0m[0103] cmd: workdir                                 
[36mINFO[0m[0103] Changed working directory to /src/LunchUp.Backend 
[36mINFO[0m[0103] No files changed in this command, skipping snapshotting. 
[36mINFO[0m[0103] RUN dotnet build "LunchUp.WebHost/LunchUp.WebHost.csproj" -c Release -o /app/build 
[36mINFO[0m[0103] cmd: /bin/sh                                 
[36mINFO[0m[0103] args: [-c dotnet build "LunchUp.WebHost/LunchUp.WebHost.csproj" -c Release -o /app/build] 
Microsoft (R) Build Engine version 16.3.0+0f4c62fea for .NET Core
Copyright (C) Microsoft Corporation. All rights reserved.

[36mINFO[0m[0104] Pushing layer gcr.io/deliverymachine/cache:49c9e2a415ea3ebf24fafe2dfe1c9df4e4a01b48ddefce3888f00aec16024c19 to cache now 
  Restore completed in 39.49 ms for /src/LunchUp.Backend/LunchUp.Model/LunchUp.Model.csproj.
  Restore completed in 35.48 ms for /src/LunchUp.Backend/LunchUp.Core/LunchUp.Core.csproj.
  Restore completed in 5.14 ms for /src/LunchUp.Backend/LunchUp.WebHost/LunchUp.WebHost.csproj.
2019/11/07 07:55:38 pushed blob: sha256:40949535c64886cf9c299fd7b078955b15fed57807eb49401441be35c5cca211
  LunchUp.Model -> /app/build/LunchUp.Model.dll
  LunchUp.Core -> /app/build/LunchUp.Core.dll
Controller/IntegrationController.cs(21,34): warning CS0169: The field 'IntegrationController._mapper' is never used [/src/LunchUp.Backend/LunchUp.WebHost/LunchUp.WebHost.csproj]
DatabaseSettings.cs(4,18): warning CS1591: Missing XML comment for publicly visible type or member 'DatabaseSettings' [/src/LunchUp.Backend/LunchUp.WebHost/LunchUp.WebHost.csproj]
DatabaseSettings.cs(6,23): warning CS1591: Missing XML comment for publicly visible type or member 'DatabaseSettings.Database' [/src/LunchUp.Backend/LunchUp.WebHost/LunchUp.WebHost.csproj]
DatabaseSettings.cs(7,23): warning CS1591: Missing XML comment for publicly visible type or member 'DatabaseSettings.Host' [/src/LunchUp.Backend/LunchUp.WebHost/LunchUp.WebHost.csproj]
DatabaseSettings.cs(8,20): warning CS1591: Missing XML comment for publicly visible type or member 'DatabaseSettings.Port' [/src/LunchUp.Backend/LunchUp.WebHost/LunchUp.WebHost.csproj]
DatabaseSettings.cs(9,23): warning CS1591: Missing XML comment for publicly visible type or member 'DatabaseSettings.Username' [/src/LunchUp.Backend/LunchUp.WebHost/LunchUp.WebHost.csproj]
DatabaseSettings.cs(10,23): warning CS1591: Missing XML comment for publicly visible type or member 'DatabaseSettings.Password' [/src/LunchUp.Backend/LunchUp.WebHost/LunchUp.WebHost.csproj]
  LunchUp.WebHost -> /app/build/LunchUp.WebHost.dll

Build succeeded.

Controller/IntegrationController.cs(21,34): warning CS0169: The field 'IntegrationController._mapper' is never used [/src/LunchUp.Backend/LunchUp.WebHost/LunchUp.WebHost.csproj]
DatabaseSettings.cs(4,18): warning CS1591: Missing XML comment for publicly visible type or member 'DatabaseSettings' [/src/LunchUp.Backend/LunchUp.WebHost/LunchUp.WebHost.csproj]
DatabaseSettings.cs(6,23): warning CS1591: Missing XML comment for publicly visible type or member 'DatabaseSettings.Database' [/src/LunchUp.Backend/LunchUp.WebHost/LunchUp.WebHost.csproj]
DatabaseSettings.cs(7,23): warning CS1591: Missing XML comment for publicly visible type or member 'DatabaseSettings.Host' [/src/LunchUp.Backend/LunchUp.WebHost/LunchUp.WebHost.csproj]
DatabaseSettings.cs(8,20): warning CS1591: Missing XML comment for publicly visible type or member 'DatabaseSettings.Port' [/src/LunchUp.Backend/LunchUp.WebHost/LunchUp.WebHost.csproj]
DatabaseSettings.cs(9,23): warning CS1591: Missing XML comment for publicly visible type or member 'DatabaseSettings.Username' [/src/LunchUp.Backend/LunchUp.WebHost/LunchUp.WebHost.csproj]
DatabaseSettings.cs(10,23): warning CS1591: Missing XML comment for publicly visible type or member 'DatabaseSettings.Password' [/src/LunchUp.Backend/LunchUp.WebHost/LunchUp.WebHost.csproj]
    7 Warning(s)
    0 Error(s)

Time Elapsed 00:00:09.84
[36mINFO[0m[0114] Taking snapshot of full filesystem...        
[36mINFO[0m[0123] ignoring socket dotnet-diagnostic-130-16259704-socket, not adding to tar 
[36mINFO[0m[0123] ignoring socket dotnet-diagnostic-156-16259925-socket, not adding to tar 
[36mINFO[0m[0123] ignoring socket g+DM1dBf3hsd22AO8JuBabg4ChjyflqwMaiOYpIurSs, not adding to tar 
[36mINFO[0m[0125] Pushing layer gcr.io/deliverymachine/cache:a13ee454f407bbffa64b4ed83f9b98f8f724d0243b31b2c1f215f6694ee164e3 to cache now 
2019/11/07 07:55:59 pushed blob: sha256:a5085adf18de8c97b1ed0dad029ad8e243aac6db560037040c25013edd6974c7
2019/11/07 07:56:00 pushed blob: sha256:831542379253f2e8e89b044763d4684629b71fbaba31cdbe082ecc2aa1760bec
2019/11/07 07:56:02 gcr.io/deliverymachine/cache:49c9e2a415ea3ebf24fafe2dfe1c9df4e4a01b48ddefce3888f00aec16024c19: digest: sha256:88229c8be612d18350b101b5194a3009f4213af87b06bc1eb1c4d7291497ccf7 size: 430
2019/11/07 07:56:02 pushed blob: sha256:074957695cf32cfeb0c0ed4081853ae2e126942edd64eeab0701899c4a5d2379
2019/11/07 07:56:03 gcr.io/deliverymachine/cache:a13ee454f407bbffa64b4ed83f9b98f8f724d0243b31b2c1f215f6694ee164e3: digest: sha256:bd59b81c90baad497568614f63ed673b151c0abd7b6c9db9085aa0164a4d5c82 size: 429
[36mINFO[0m[0133] Storing source image from stage 1 at path /kaniko/stages/1 
[36mINFO[0m[0211] Deleting filesystem...                       
[36mINFO[0m[0212] Base image from previous stage 1 found, using saved tar at path /kaniko/stages/1 
[36mINFO[0m[0215] Checking for cached layer gcr.io/deliverymachine/cache:d2b0ac4e2aa94cc5bd314c53d6d5cd5b5b3656c6555d0b177a5ec4d2daef61c6... 
[36mINFO[0m[0215] No cached layer found for cmd RUN dotnet publish "LunchUp.WebHost/LunchUp.WebHost.csproj" -c Release -o /app/publish 
[36mINFO[0m[0215] Unpacking rootfs as cmd RUN dotnet publish "LunchUp.WebHost/LunchUp.WebHost.csproj" -c Release -o /app/publish requires it. 
[36mINFO[0m[0234] Taking snapshot of full filesystem...        
[36mINFO[0m[0249] RUN dotnet publish "LunchUp.WebHost/LunchUp.WebHost.csproj" -c Release -o /app/publish 
[36mINFO[0m[0249] cmd: /bin/sh                                 
[36mINFO[0m[0249] args: [-c dotnet publish "LunchUp.WebHost/LunchUp.WebHost.csproj" -c Release -o /app/publish] 
Microsoft (R) Build Engine version 16.3.0+0f4c62fea for .NET Core
Copyright (C) Microsoft Corporation. All rights reserved.

  Restore completed in 35.15 ms for /src/LunchUp.Backend/LunchUp.Core/LunchUp.Core.csproj.
  Restore completed in 34.19 ms for /src/LunchUp.Backend/LunchUp.Model/LunchUp.Model.csproj.
  Restore completed in 4.28 ms for /src/LunchUp.Backend/LunchUp.WebHost/LunchUp.WebHost.csproj.
  LunchUp.Model -> /src/LunchUp.Backend/LunchUp.Model/bin/Release/netcoreapp3.0/LunchUp.Model.dll
  LunchUp.Core -> /src/LunchUp.Backend/LunchUp.Core/bin/Release/netcoreapp3.0/LunchUp.Core.dll
  LunchUp.WebHost -> /src/LunchUp.Backend/LunchUp.WebHost/bin/Release/netcoreapp3.0/LunchUp.WebHost.dll
  LunchUp.WebHost -> /app/publish/
[36mINFO[0m[0253] Taking snapshot of full filesystem...        
[36mINFO[0m[0258] ignoring socket dotnet-diagnostic-232-16274234-socket, not adding to tar 
[36mINFO[0m[0261] Pushing layer gcr.io/deliverymachine/cache:d2b0ac4e2aa94cc5bd314c53d6d5cd5b5b3656c6555d0b177a5ec4d2daef61c6 to cache now 
2019/11/07 07:58:15 pushed blob: sha256:090c4775d2438b3e18d2279bd3df46f4b2f97d9a189fa727c87fc75541f6cfea
2019/11/07 07:58:18 pushed blob: sha256:ec00867c37584320fb337cfa2d0780cbb607122ea1df4a589bbfa2ccf28f26aa
2019/11/07 07:58:20 gcr.io/deliverymachine/cache:d2b0ac4e2aa94cc5bd314c53d6d5cd5b5b3656c6555d0b177a5ec4d2daef61c6: digest: sha256:50e92952123ff500f32c999639c8d0cdb6fb6230d975086cc7ca60ffd1389165 size: 429
[36mINFO[0m[0270] Storing source image from stage 2 at path /kaniko/stages/2 
[36mINFO[0m[0303] Deleting filesystem...                       
[36mINFO[0m[0305] Base image from previous stage 0 found, using saved tar at path /kaniko/stages/0 
[36mINFO[0m[0307] Skipping unpacking as no commands require it. 
[36mINFO[0m[0307] Taking snapshot of full filesystem...        
[36mINFO[0m[0307] WORKDIR /app                                 
[36mINFO[0m[0307] cmd: workdir                                 
[36mINFO[0m[0307] Changed working directory to /app            
[36mINFO[0m[0307] Creating directory /app                      
[36mINFO[0m[0307] Taking snapshot of files...                  
[36mINFO[0m[0307] COPY --from=publish /app/publish .           
[36mINFO[0m[0307] Taking snapshot of files...                  
[36mINFO[0m[0308] ENTRYPOINT ["dotnet", "LunchUp.WebHost.dll"] 
[36mINFO[0m[0308] No files changed in this command, skipping snapshotting. 
2019/11/07 07:59:00 existing blob: sha256:68f6aee67b9130df079abf2476334ad9474e116c69efedd19e272bbff3643971
2019/11/07 07:59:00 existing blob: sha256:8d691f585fa8cec0eba196be460cfaffd69939782d6162986c3e0c5225d54f02
2019/11/07 07:59:00 existing blob: sha256:7a6b64767b0b4ec3bb235712bc93f6cada4812dbfec432d98ca9c485f9ce2ea8
2019/11/07 07:59:00 existing blob: sha256:9526604e089d8d4aa947f34e52a14ac8793232dd181022932f3c15291c5cd3af
2019/11/07 07:59:00 existing blob: sha256:a9e6ceefc5a08dc7b1b04a1105c47e00e9340349177009bc8926571ee8a39204
2019/11/07 07:59:03 pushed blob: sha256:7692440d6d44c2aadd3b6cec8aa34d8fb8f77d9ee0a4209467934b73e1231f66
2019/11/07 07:59:03 pushed blob: sha256:14b6671bff41c52873c9457d9db360e167cdddc6ff2c57a31b942b54de9dc0a8
2019/11/07 07:59:04 pushed blob: sha256:c966049a1d15b63aea7bf3210b104cd1770720ebb2e478a0f36bf3837877c666
2019/11/07 07:59:06 pushed blob: sha256:f6a78a23f5171e56fdfd2f5ab707a4917649bb7e0ec2f31825e8f5b01f06f5ef
2019/11/07 07:59:08 gcr.io/deliverymachine/lunchup-backend:0.1.3: digest: sha256:2d501b9f27de72944aa25f1b9634d13301f2753ad0b9bc015678178c7afef1f2 size: 1572

Showing logs for build [32mdevopscamp2019-lunchup-backend-r8kwv-32[0m stage [32mfrom-build-pack[0m and container [32mstep-build-post-build[0m
no CVE provider running in the current ** namespace so skip adding image to be analysed

Showing logs for build [32mdevopscamp2019-lunchup-backend-r8kwv-32[0m stage [32mfrom-build-pack[0m and container [32mstep-promote-changelog[0m
Converted /workspace/source/charts/lunchup-backend to an unshallow repository
Generating change log from git ref 1eee37ca54d7e45f388d0e06d5e9ec1aa89ff176 => 17475178371601db9924040fe9fb04acea861fea
WARNING: Failed to enrich commit 45e6a1df34a9b4df395683f4fe72ec2c96bda418 with issues: users.jenkins.io "x-0" already exists
WARNING: Failed to enrich commit 45e6a1df34a9b4df395683f4fe72ec2c96bda418 with issues: users.jenkins.io "x-0" already exists
Finding issues in commit messages using git format
WARNING: Failed to enrich commit ebbab8c272a74938eb23d5076b545229430031d4 with issues: users.jenkins.io "x-0" already exists
WARNING: Failed to enrich commit ebbab8c272a74938eb23d5076b545229430031d4 with issues: users.jenkins.io "x-0" already exists
WARNING: No release found for DevOpsCamp2019/LunchUp-Backend and tag v0.1.3 so creating a new release
Updated the release information at https://github.com/DevOpsCamp2019/LunchUp-Backend/releases/tag/v0.1.3
generated: /workspace/source/charts/lunchup-backend/templates/release.yaml
Created Release lunchup-backend-0-1-3 resource in namespace **
Updating PipelineActivity devopscamp2019-lunchup-backend-master-32 with version 0.1.3
Updated PipelineActivities devopscamp2019-lunchup-backend-master-32 with release notes URL: https://github.com/DevOpsCamp2019/LunchUp-Backend/releases/tag/v0.1.3

Showing logs for build [32mdevopscamp2019-lunchup-backend-r8kwv-32[0m stage [32mfrom-build-pack[0m and container [32mstep-promote-helm-release[0m
WARNING: No $CHART_REPOSITORY defined so using the default value of: http://jenkins-x-chartmuseum:8080
Adding missing Helm repo: storage.googleapis.com https://storage.googleapis.com/chartmuseum.jenkins-x.io
Successfully added Helm repository storage.googleapis.com.
Adding missing Helm repo: jenkins-x-chartmuseum http://jenkins-x-chartmuseum:8080
Successfully added Helm repository jenkins-x-chartmuseum.
WARNING: No $CHART_REPOSITORY defined so using the default value of: http://jenkins-x-chartmuseum:8080
WARNING: No $CHART_REPOSITORY defined so using the default value of: http://jenkins-x-chartmuseum:8080
Uploading chart file lunchup-backend-0.1.3.tgz to http://jenkins-x-chartmuseum:8080/api/charts
Received 201 response: {"saved":true}

Showing logs for build [32mdevopscamp2019-lunchup-backend-r8kwv-32[0m stage [32mfrom-build-pack[0m and container [32mstep-promote-jx-promote[0m
WARNING: prow based install so skip waiting for the merge of Pull Requests to go green as currently there is an issue with gettingstatuses from the PR, see https://github.com/jenkins-x/**/issues/2410
Promoting app lunchup-backend version 0.1.3 to namespace **-staging
Created Pull Request: https://github.com/DevOpsCamp2019/environment-deliverymachine-one-staging/pull/44
Added label updatebot to Pull Request https://github.com/DevOpsCamp2019/environment-deliverymachine-one-staging/pull/44
got git provider status pending from PR https://github.com/DevOpsCamp2019/environment-deliverymachine-one-staging/pull/44
got git provider status pending from PR https://github.com/DevOpsCamp2019/environment-deliverymachine-one-staging/pull/44
got git provider status pending from PR https://github.com/DevOpsCamp2019/environment-deliverymachine-one-staging/pull/44
got git provider status pending from PR https://github.com/DevOpsCamp2019/environment-deliverymachine-one-staging/pull/44
got git provider status pending from PR https://github.com/DevOpsCamp2019/environment-deliverymachine-one-staging/pull/44
got git provider status pending from PR https://github.com/DevOpsCamp2019/environment-deliverymachine-one-staging/pull/44
got git provider status pending from PR https://github.com/DevOpsCamp2019/environment-deliverymachine-one-staging/pull/44
Pull Request https://github.com/DevOpsCamp2019/environment-deliverymachine-one-staging/pull/44 is merged at sha 2310d46033a572cfde9a26fbacb02ff2899e1c75
Pull Request merged but we are not waiting for the update pipeline to complete!
