
Showing logs for build [32mdevopscamp2019-lunchup-backend-lslvp-34[0m stage [32mfrom-build-pack[0m and container [32mstep-credential-initializer-mhpd8[0m
{"level":"warn","ts":1573116035.6881225,"logger":"fallback-logger","caller":"logging/config.go:69","msg":"Fetch GitHub commit ID from kodata failed: \"ref: refs/heads/master\" is not a valid GitHub commit ID"}
{"level":"info","ts":1573116035.6899948,"logger":"fallback-logger","caller":"creds-init/main.go:40","msg":"Credentials initialized."}

Showing logs for build [32mdevopscamp2019-lunchup-backend-lslvp-34[0m stage [32mfrom-build-pack[0m and container [32mstep-working-dir-initializer-t5nfq[0m
{"level":"warn","ts":1573116036.6654644,"logger":"fallback-logger","caller":"logging/config.go:69","msg":"Fetch GitHub commit ID from kodata failed: open /var/run/ko/HEAD: no such file or directory"}
{"level":"info","ts":1573116036.6668875,"logger":"fallback-logger","caller":"bash/main.go:65","msg":"Successfully executed command \"mkdir -p /workspace/source\""}

Showing logs for build [32mdevopscamp2019-lunchup-backend-lslvp-34[0m stage [32mfrom-build-pack[0m and container [32mstep-place-tools[0m

Showing logs for build [32mdevopscamp2019-lunchup-backend-lslvp-34[0m stage [32mfrom-build-pack[0m and container [32mstep-git-source-devopscamp2019-lunchup-backend-wcms9[0m
{"level":"warn","ts":1573116041.7927735,"logger":"fallback-logger","caller":"logging/config.go:69","msg":"Fetch GitHub commit ID from kodata failed: \"ref: refs/heads/master\" is not a valid GitHub commit ID"}
{"level":"info","ts":1573116043.0624473,"logger":"fallback-logger","caller":"git/git.go:102","msg":"Successfully cloned https://github.com/DevOpsCamp2019/LunchUp-Backend.git @ v0.1.5 in path /workspace/source"}

Showing logs for build [32mdevopscamp2019-lunchup-backend-lslvp-34[0m stage [32mfrom-build-pack[0m and container [32mstep-git-merge[0m
Using SHAs from PULL_REFS=master:34ec98cdde670dc74ec2cd35317c420ced2810a7
WARNING: no SHAs to merge, falling back to initial cloned commit

Showing logs for build [32mdevopscamp2019-lunchup-backend-lslvp-34[0m stage [32mfrom-build-pack[0m and container [32mstep-setup-jx-git-credentials[0m
Generated Git credentials file /workspace/xdg_config/git/credentials

Showing logs for build [32mdevopscamp2019-lunchup-backend-lslvp-34[0m stage [32mfrom-build-pack[0m and container [32mstep-build-container-build[0m
[36mINFO[0m[0000] Downloading base image mcr.microsoft.com/dotnet/core/aspnet:3.0-buster-slim 
ERROR: logging before flag.Parse: E1107 08:40:50.669956      10 metadata.go:142] while reading 'google-dockercfg' metadata: http status code: 404 while fetching url http://metadata.google.internal./computeMetadata/v1/instance/attributes/google-dockercfg
ERROR: logging before flag.Parse: E1107 08:40:50.673664      10 metadata.go:159] while reading 'google-dockercfg-url' metadata: http status code: 404 while fetching url http://metadata.google.internal./computeMetadata/v1/instance/attributes/google-dockercfg-url
2019/11/07 08:40:50 No matching credentials were found, falling back on anonymous
[36mINFO[0m[0001] Error while retrieving image from cache: getting file info: stat /workspace/sha256:803b70d9de2c57a168af4cc7d44e77a9c0591b49ce2af73d50c344aa22048eda: no such file or directory 
[36mINFO[0m[0001] Downloading base image mcr.microsoft.com/dotnet/core/aspnet:3.0-buster-slim 
2019/11/07 08:40:51 No matching credentials were found, falling back on anonymous
[36mINFO[0m[0002] cmd: EXPOSE                                  
[36mINFO[0m[0002] Adding exposed port: 80/tcp                  
[36mINFO[0m[0002] cmd: EXPOSE                                  
[36mINFO[0m[0002] Adding exposed port: 443/tcp                 
[36mINFO[0m[0002] Skipping unpacking as no commands require it. 
[36mINFO[0m[0002] Taking snapshot of full filesystem...        
[36mINFO[0m[0002] ENV COMPlus_EnableDiagnostics=0              
[36mINFO[0m[0002] No files changed in this command, skipping snapshotting. 
[36mINFO[0m[0002] WORKDIR /app                                 
[36mINFO[0m[0002] cmd: workdir                                 
[36mINFO[0m[0002] Changed working directory to /app            
[36mINFO[0m[0002] Creating directory /app                      
[36mINFO[0m[0002] Taking snapshot of files...                  
[36mINFO[0m[0002] EXPOSE 80                                    
[36mINFO[0m[0002] cmd: EXPOSE                                  
[36mINFO[0m[0002] Adding exposed port: 80/tcp                  
[36mINFO[0m[0002] No files changed in this command, skipping snapshotting. 
[36mINFO[0m[0002] EXPOSE 443                                   
[36mINFO[0m[0002] cmd: EXPOSE                                  
[36mINFO[0m[0002] Adding exposed port: 443/tcp                 
[36mINFO[0m[0002] No files changed in this command, skipping snapshotting. 
[36mINFO[0m[0002] Storing source image from stage 0 at path /kaniko/stages/0 
[36mINFO[0m[0016] Deleting filesystem...                       
[36mINFO[0m[0016] Downloading base image mcr.microsoft.com/dotnet/core/sdk:3.0-buster 
2019/11/07 08:41:06 No matching credentials were found, falling back on anonymous
[36mINFO[0m[0016] Error while retrieving image from cache: getting file info: stat /workspace/sha256:65c0187e27b42bc45ea5ef98226c7ef37d1b706e10031ddce377bf6da3dcd9aa: no such file or directory 
[36mINFO[0m[0016] Downloading base image mcr.microsoft.com/dotnet/core/sdk:3.0-buster 
2019/11/07 08:41:07 No matching credentials were found, falling back on anonymous
[36mINFO[0m[0017] Using files from context: [/workspace/source/src/LunchUp.Backend] 
[36mINFO[0m[0017] Checking for cached layer gcr.io/deliverymachine/cache:806c7487a7303288842cd1c7fb18f88d944d0b1a8be1023b660517b10b31f6fe... 
[36mINFO[0m[0018] No cached layer found for cmd RUN dotnet restore "LunchUp.Backend/LunchUp.Backend.sln" 
[36mINFO[0m[0018] Unpacking rootfs as cmd RUN dotnet restore "LunchUp.Backend/LunchUp.Backend.sln" requires it. 
[36mINFO[0m[0041] Taking snapshot of full filesystem...        
[36mINFO[0m[0047] ENV COMPlus_EnableDiagnostics=0              
[36mINFO[0m[0047] No files changed in this command, skipping snapshotting. 
[36mINFO[0m[0047] WORKDIR /src                                 
[36mINFO[0m[0047] cmd: workdir                                 
[36mINFO[0m[0047] Changed working directory to /src            
[36mINFO[0m[0047] Creating directory /src                      
[36mINFO[0m[0047] Taking snapshot of files...                  
[36mINFO[0m[0047] Using files from context: [/workspace/source/src/LunchUp.Backend] 
[36mINFO[0m[0047] COPY ["src/LunchUp.Backend/", "LunchUp.Backend/"] 
[36mINFO[0m[0047] Taking snapshot of files...                  
[36mINFO[0m[0047] RUN dotnet restore "LunchUp.Backend/LunchUp.Backend.sln" 
[36mINFO[0m[0047] cmd: /bin/sh                                 
[36mINFO[0m[0047] args: [-c dotnet restore "LunchUp.Backend/LunchUp.Backend.sln"] 
  Restore completed in 4.62 sec for /src/LunchUp.Backend/LunchUp.Model/LunchUp.Model.csproj.
  Restore completed in 4.62 sec for /src/LunchUp.Backend/LunchUp.Core/LunchUp.Core.csproj.
  Restore completed in 6.16 sec for /src/LunchUp.Backend/LunchUp.WebHost/LunchUp.WebHost.csproj.
[36mINFO[0m[0060] Taking snapshot of full filesystem...        
[36mINFO[0m[0068] ignoring socket dotnet-diagnostic-59-16536131-socket, not adding to tar 
[36mINFO[0m[0079] Pushing layer gcr.io/deliverymachine/cache:806c7487a7303288842cd1c7fb18f88d944d0b1a8be1023b660517b10b31f6fe to cache now 
[36mINFO[0m[0080] Using files from context: [/workspace/source] 
[36mINFO[0m[0080] COPY . .                                     
[36mINFO[0m[0080] Taking snapshot of files...                  
[36mINFO[0m[0080] WORKDIR "/src/LunchUp.Backend"               
[36mINFO[0m[0080] cmd: workdir                                 
[36mINFO[0m[0080] Changed working directory to /src/LunchUp.Backend 
[36mINFO[0m[0080] No files changed in this command, skipping snapshotting. 
[36mINFO[0m[0080] RUN dotnet build "LunchUp.WebHost/LunchUp.WebHost.csproj" -c Release -o /app/build 
[36mINFO[0m[0080] cmd: /bin/sh                                 
[36mINFO[0m[0080] args: [-c dotnet build "LunchUp.WebHost/LunchUp.WebHost.csproj" -c Release -o /app/build] 
Microsoft (R) Build Engine version 16.3.0+0f4c62fea for .NET Core
Copyright (C) Microsoft Corporation. All rights reserved.

  Restore completed in 63.07 ms for /src/LunchUp.Backend/LunchUp.Core/LunchUp.Core.csproj.
  Restore completed in 64.52 ms for /src/LunchUp.Backend/LunchUp.Model/LunchUp.Model.csproj.
  Restore completed in 5.63 ms for /src/LunchUp.Backend/LunchUp.WebHost/LunchUp.WebHost.csproj.
2019/11/07 08:42:14 pushed blob: sha256:72c3129faa12321b821c3c7fb287d6fdec59a9de107591af46576ebef2211b62
  LunchUp.Model -> /app/build/LunchUp.Model.dll
  LunchUp.Core -> /app/build/LunchUp.Core.dll
Controller/IntegrationController.cs(21,34): warning CS0649: Field 'IntegrationController._mapper' is never assigned to, and will always have its default value null [/src/LunchUp.Backend/LunchUp.WebHost/LunchUp.WebHost.csproj]
DatabaseSettings.cs(4,18): warning CS1591: Missing XML comment for publicly visible type or member 'DatabaseSettings' [/src/LunchUp.Backend/LunchUp.WebHost/LunchUp.WebHost.csproj]
DatabaseSettings.cs(6,23): warning CS1591: Missing XML comment for publicly visible type or member 'DatabaseSettings.Database' [/src/LunchUp.Backend/LunchUp.WebHost/LunchUp.WebHost.csproj]
DatabaseSettings.cs(7,23): warning CS1591: Missing XML comment for publicly visible type or member 'DatabaseSettings.Host' [/src/LunchUp.Backend/LunchUp.WebHost/LunchUp.WebHost.csproj]
DatabaseSettings.cs(8,20): warning CS1591: Missing XML comment for publicly visible type or member 'DatabaseSettings.Port' [/src/LunchUp.Backend/LunchUp.WebHost/LunchUp.WebHost.csproj]
DatabaseSettings.cs(9,23): warning CS1591: Missing XML comment for publicly visible type or member 'DatabaseSettings.Username' [/src/LunchUp.Backend/LunchUp.WebHost/LunchUp.WebHost.csproj]
DatabaseSettings.cs(10,23): warning CS1591: Missing XML comment for publicly visible type or member 'DatabaseSettings.Password' [/src/LunchUp.Backend/LunchUp.WebHost/LunchUp.WebHost.csproj]
  LunchUp.WebHost -> /app/build/LunchUp.WebHost.dll

Build succeeded.

Controller/IntegrationController.cs(21,34): warning CS0649: Field 'IntegrationController._mapper' is never assigned to, and will always have its default value null [/src/LunchUp.Backend/LunchUp.WebHost/LunchUp.WebHost.csproj]
DatabaseSettings.cs(4,18): warning CS1591: Missing XML comment for publicly visible type or member 'DatabaseSettings' [/src/LunchUp.Backend/LunchUp.WebHost/LunchUp.WebHost.csproj]
DatabaseSettings.cs(6,23): warning CS1591: Missing XML comment for publicly visible type or member 'DatabaseSettings.Database' [/src/LunchUp.Backend/LunchUp.WebHost/LunchUp.WebHost.csproj]
DatabaseSettings.cs(7,23): warning CS1591: Missing XML comment for publicly visible type or member 'DatabaseSettings.Host' [/src/LunchUp.Backend/LunchUp.WebHost/LunchUp.WebHost.csproj]
DatabaseSettings.cs(8,20): warning CS1591: Missing XML comment for publicly visible type or member 'DatabaseSettings.Port' [/src/LunchUp.Backend/LunchUp.WebHost/LunchUp.WebHost.csproj]
DatabaseSettings.cs(9,23): warning CS1591: Missing XML comment for publicly visible type or member 'DatabaseSettings.Username' [/src/LunchUp.Backend/LunchUp.WebHost/LunchUp.WebHost.csproj]
DatabaseSettings.cs(10,23): warning CS1591: Missing XML comment for publicly visible type or member 'DatabaseSettings.Password' [/src/LunchUp.Backend/LunchUp.WebHost/LunchUp.WebHost.csproj]
    7 Warning(s)
    0 Error(s)

Time Elapsed 00:00:11.24
[36mINFO[0m[0092] Taking snapshot of full filesystem...        
[36mINFO[0m[0101] ignoring socket dotnet-diagnostic-131-16539419-socket, not adding to tar 
[36mINFO[0m[0101] ignoring socket g+DM1dBf3hsd22AO8JuBabg4ChjyflqwMaiOYpIurSs, not adding to tar 
[36mINFO[0m[0101] ignoring socket dotnet-diagnostic-160-16539748-socket, not adding to tar 
[36mINFO[0m[0103] Pushing layer gcr.io/deliverymachine/cache:41b85d9fdcea757bead1b465c760a91f0b0ca442a49d0520c958b3bbd9ad0a1a to cache now 
2019/11/07 08:42:37 pushed blob: sha256:45fc4405d51ca52582fbd519d69ac05a9276c5808cb8b2de47199e255e9a9c6c
2019/11/07 08:42:38 pushed blob: sha256:08c8955e106b4c22c8024a4f3bffca8310fc38da086779d80a20b3ee02e1f517
2019/11/07 08:42:38 gcr.io/deliverymachine/cache:806c7487a7303288842cd1c7fb18f88d944d0b1a8be1023b660517b10b31f6fe: digest: sha256:5656234a205620e93d85e7a848b7ebf8c2b01ceca22780693f8dcf4d116aa892 size: 430
2019/11/07 08:42:40 pushed blob: sha256:430e65165baad431b5782b2ad12b37a30b1f0a444fcdf4c21eb4cb8737fd43de
2019/11/07 08:42:42 gcr.io/deliverymachine/cache:41b85d9fdcea757bead1b465c760a91f0b0ca442a49d0520c958b3bbd9ad0a1a: digest: sha256:f7f2c586ecb0b343fc5a759d661709841841d23b88b3c84f7e62444527b395a8 size: 429
[36mINFO[0m[0111] Storing source image from stage 1 at path /kaniko/stages/1 
[36mINFO[0m[0173] Deleting filesystem...                       
[36mINFO[0m[0175] Base image from previous stage 1 found, using saved tar at path /kaniko/stages/1 
[36mINFO[0m[0177] Checking for cached layer gcr.io/deliverymachine/cache:766b1153a46cf78eb2317809d82aaac27e17c21202214f5d937d0655fc3a2746... 
[36mINFO[0m[0178] No cached layer found for cmd RUN dotnet publish "LunchUp.WebHost/LunchUp.WebHost.csproj" -c Release -o /app/publish 
[36mINFO[0m[0178] Unpacking rootfs as cmd RUN dotnet publish "LunchUp.WebHost/LunchUp.WebHost.csproj" -c Release -o /app/publish requires it. 
[36mINFO[0m[0196] Taking snapshot of full filesystem...        
[36mINFO[0m[0207] RUN dotnet publish "LunchUp.WebHost/LunchUp.WebHost.csproj" -c Release -o /app/publish 
[36mINFO[0m[0207] cmd: /bin/sh                                 
[36mINFO[0m[0207] args: [-c dotnet publish "LunchUp.WebHost/LunchUp.WebHost.csproj" -c Release -o /app/publish] 
Microsoft (R) Build Engine version 16.3.0+0f4c62fea for .NET Core
Copyright (C) Microsoft Corporation. All rights reserved.

  Restore completed in 27.82 ms for /src/LunchUp.Backend/LunchUp.Model/LunchUp.Model.csproj.
  Restore completed in 30.75 ms for /src/LunchUp.Backend/LunchUp.Core/LunchUp.Core.csproj.
  Restore completed in 3.22 ms for /src/LunchUp.Backend/LunchUp.WebHost/LunchUp.WebHost.csproj.
  LunchUp.Model -> /src/LunchUp.Backend/LunchUp.Model/bin/Release/netcoreapp3.0/LunchUp.Model.dll
  LunchUp.Core -> /src/LunchUp.Backend/LunchUp.Core/bin/Release/netcoreapp3.0/LunchUp.Core.dll
  LunchUp.WebHost -> /src/LunchUp.Backend/LunchUp.WebHost/bin/Release/netcoreapp3.0/LunchUp.WebHost.dll
  LunchUp.WebHost -> /app/publish/
[36mINFO[0m[0212] Taking snapshot of full filesystem...        
[36mINFO[0m[0217] ignoring socket dotnet-diagnostic-235-16552131-socket, not adding to tar 
[36mINFO[0m[0217] ignoring socket CoreFxPipe_MSBuild235, not adding to tar 
[36mINFO[0m[0219] Pushing layer gcr.io/deliverymachine/cache:766b1153a46cf78eb2317809d82aaac27e17c21202214f5d937d0655fc3a2746 to cache now 
2019/11/07 08:44:34 pushed blob: sha256:d9bb5baa010c5246a850e41d09125329eca7eb91ebf567519fe6c93ee6b5b24a
2019/11/07 08:44:37 pushed blob: sha256:a9839df6d466df561265d1e1deea60a0e351c6d6983934065b078882bbcd26e2
2019/11/07 08:44:39 gcr.io/deliverymachine/cache:766b1153a46cf78eb2317809d82aaac27e17c21202214f5d937d0655fc3a2746: digest: sha256:6af47d8b7fee103b2fc25729c468f9aafb941ff2bbbaaa2061c79ef4efedcc87 size: 429
[36mINFO[0m[0228] Storing source image from stage 2 at path /kaniko/stages/2 
[36mINFO[0m[0261] Deleting filesystem...                       
[36mINFO[0m[0266] Base image from previous stage 0 found, using saved tar at path /kaniko/stages/0 
[36mINFO[0m[0267] Skipping unpacking as no commands require it. 
[36mINFO[0m[0267] Taking snapshot of full filesystem...        
[36mINFO[0m[0267] WORKDIR /app                                 
[36mINFO[0m[0267] cmd: workdir                                 
[36mINFO[0m[0267] Changed working directory to /app            
[36mINFO[0m[0267] Creating directory /app                      
[36mINFO[0m[0267] Taking snapshot of files...                  
[36mINFO[0m[0267] COPY --from=publish /app/publish .           
[36mINFO[0m[0267] Taking snapshot of files...                  
[36mINFO[0m[0269] ENTRYPOINT ["dotnet", "LunchUp.WebHost.dll"] 
[36mINFO[0m[0269] No files changed in this command, skipping snapshotting. 
2019/11/07 08:45:20 existing blob: sha256:a9e6ceefc5a08dc7b1b04a1105c47e00e9340349177009bc8926571ee8a39204
2019/11/07 08:45:20 existing blob: sha256:9526604e089d8d4aa947f34e52a14ac8793232dd181022932f3c15291c5cd3af
2019/11/07 08:45:20 existing blob: sha256:68f6aee67b9130df079abf2476334ad9474e116c69efedd19e272bbff3643971
2019/11/07 08:45:20 existing blob: sha256:7a6b64767b0b4ec3bb235712bc93f6cada4812dbfec432d98ca9c485f9ce2ea8
2019/11/07 08:45:20 existing blob: sha256:8d691f585fa8cec0eba196be460cfaffd69939782d6162986c3e0c5225d54f02
2019/11/07 08:45:23 pushed blob: sha256:1731640945b7a853f60b860b9caa8f14f0967cc3ffa0e6b188af1ce5878b7062
2019/11/07 08:45:23 pushed blob: sha256:f521a0cf220f52728a1168b82b655a756607fa5aed661c250d3ceb3cc2553017
2019/11/07 08:45:23 pushed blob: sha256:9932a20e5feeadecf4d131cc8abcbd4511112f70d4c96878998d170b187e3728
2019/11/07 08:45:26 pushed blob: sha256:bc36252908489574f7d4c17b9e4628580a0498733bd45f763f37368cc2f276bd
2019/11/07 08:45:27 gcr.io/deliverymachine/lunchup-backend:0.1.5: digest: sha256:4adb63d78aff90a31271bb5f3da7bab210a785db7f3edfa0cf8ed83dee2cf4d1 size: 1572

Showing logs for build [32mdevopscamp2019-lunchup-backend-lslvp-34[0m stage [32mfrom-build-pack[0m and container [32mstep-build-post-build[0m
no CVE provider running in the current ** namespace so skip adding image to be analysed

Showing logs for build [32mdevopscamp2019-lunchup-backend-lslvp-34[0m stage [32mfrom-build-pack[0m and container [32mstep-promote-changelog[0m
Converted /workspace/source/charts/lunchup-backend to an unshallow repository
Generating change log from git ref bb3e0ae58924e64847fbad37da1fb09d29f37a1a => 1cebb052826c75b8781850e041f844de6af2ff15
Associating user x-0 in users.jenkins.io with email Jonas.Gschwend@zuehlke.com to git GitProvider user with login -0 as emails match
Adding label jenkins.io/git-github-userid=-0 to user x-0 in users.jenkins.io
WARNING: Failed to enrich commit 34ec98cdde670dc74ec2cd35317c420ced2810a7 with issues: User.jenkins.io "x-0" is invalid: metadata.labels: Invalid value: "-0": a valid label must be an empty string or consist of alphanumeric characters, '-', '_' or '.', and must start and end with an alphanumeric character (e.g. 'MyValue',  or 'my_value',  or '12345', regex used for validation is '(([A-Za-z0-9][-A-Za-z0-9_.]*)?[A-Za-z0-9])?')
Associating user x-0 in users.jenkins.io with email Jonas.Gschwend@zuehlke.com to git GitProvider user with login -0 as emails match
Adding label jenkins.io/git-github-userid=-0 to user x-0 in users.jenkins.io
WARNING: Failed to enrich commit 34ec98cdde670dc74ec2cd35317c420ced2810a7 with issues: User.jenkins.io "x-0" is invalid: metadata.labels: Invalid value: "-0": a valid label must be an empty string or consist of alphanumeric characters, '-', '_' or '.', and must start and end with an alphanumeric character (e.g. 'MyValue',  or 'my_value',  or '12345', regex used for validation is '(([A-Za-z0-9][-A-Za-z0-9_.]*)?[A-Za-z0-9])?')
Finding issues in commit messages using git format
WARNING: No release found for DevOpsCamp2019/LunchUp-Backend and tag v0.1.5 so creating a new release
Updated the release information at https://github.com/DevOpsCamp2019/LunchUp-Backend/releases/tag/v0.1.5
generated: /workspace/source/charts/lunchup-backend/templates/release.yaml
Created Release lunchup-backend-0-1-5 resource in namespace **
Updating PipelineActivity devopscamp2019-lunchup-backend-master-34 with version 0.1.5
Updated PipelineActivities devopscamp2019-lunchup-backend-master-34 with release notes URL: https://github.com/DevOpsCamp2019/LunchUp-Backend/releases/tag/v0.1.5

Showing logs for build [32mdevopscamp2019-lunchup-backend-lslvp-34[0m stage [32mfrom-build-pack[0m and container [32mstep-promote-helm-release[0m
WARNING: No $CHART_REPOSITORY defined so using the default value of: http://jenkins-x-chartmuseum:8080
Adding missing Helm repo: storage.googleapis.com https://storage.googleapis.com/chartmuseum.jenkins-x.io
Successfully added Helm repository storage.googleapis.com.
Adding missing Helm repo: jenkins-x-chartmuseum http://jenkins-x-chartmuseum:8080
Successfully added Helm repository jenkins-x-chartmuseum.
WARNING: No $CHART_REPOSITORY defined so using the default value of: http://jenkins-x-chartmuseum:8080
WARNING: No $CHART_REPOSITORY defined so using the default value of: http://jenkins-x-chartmuseum:8080
Uploading chart file lunchup-backend-0.1.5.tgz to http://jenkins-x-chartmuseum:8080/api/charts
Received 201 response: {"saved":true}

Showing logs for build [32mdevopscamp2019-lunchup-backend-lslvp-34[0m stage [32mfrom-build-pack[0m and container [32mstep-promote-jx-promote[0m
WARNING: prow based install so skip waiting for the merge of Pull Requests to go green as currently there is an issue with gettingstatuses from the PR, see https://github.com/jenkins-x/**/issues/2410
Promoting app lunchup-backend version 0.1.5 to namespace **-staging
Created Pull Request: https://github.com/DevOpsCamp2019/environment-deliverymachine-one-staging/pull/45
Added label updatebot to Pull Request https://github.com/DevOpsCamp2019/environment-deliverymachine-one-staging/pull/45
got git provider status pending from PR https://github.com/DevOpsCamp2019/environment-deliverymachine-one-staging/pull/45
got git provider status pending from PR https://github.com/DevOpsCamp2019/environment-deliverymachine-one-staging/pull/45
got git provider status pending from PR https://github.com/DevOpsCamp2019/environment-deliverymachine-one-staging/pull/45
got git provider status pending from PR https://github.com/DevOpsCamp2019/environment-deliverymachine-one-staging/pull/45
got git provider status pending from PR https://github.com/DevOpsCamp2019/environment-deliverymachine-one-staging/pull/45
got git provider status pending from PR https://github.com/DevOpsCamp2019/environment-deliverymachine-one-staging/pull/45
got git provider status pending from PR https://github.com/DevOpsCamp2019/environment-deliverymachine-one-staging/pull/45
Pull Request https://github.com/DevOpsCamp2019/environment-deliverymachine-one-staging/pull/45 is merged at sha ec19706e5dee91cf100375d51b37875ac400e9b9
Pull Request merged but we are not waiting for the update pipeline to complete!
