
Showing logs for build [32mdevopscamp2019-lunchup-backend-b4v9x-4[0m stage [32mfrom-build-pack[0m and container [32mstep-credential-initializer-m2pm2[0m
{"level":"warn","ts":1573201689.920919,"logger":"fallback-logger","caller":"logging/config.go:69","msg":"Fetch GitHub commit ID from kodata failed: \"ref: refs/heads/master\" is not a valid GitHub commit ID"}
{"level":"info","ts":1573201689.9217224,"logger":"fallback-logger","caller":"creds-init/main.go:40","msg":"Credentials initialized."}

Showing logs for build [32mdevopscamp2019-lunchup-backend-b4v9x-4[0m stage [32mfrom-build-pack[0m and container [32mstep-working-dir-initializer-77wkc[0m
{"level":"warn","ts":1573201692.0152757,"logger":"fallback-logger","caller":"logging/config.go:69","msg":"Fetch GitHub commit ID from kodata failed: open /var/run/ko/HEAD: no such file or directory"}
{"level":"info","ts":1573201692.017523,"logger":"fallback-logger","caller":"bash/main.go:65","msg":"Successfully executed command \"mkdir -p /workspace/source\""}

Showing logs for build [32mdevopscamp2019-lunchup-backend-b4v9x-4[0m stage [32mfrom-build-pack[0m and container [32mstep-place-tools[0m

Showing logs for build [32mdevopscamp2019-lunchup-backend-b4v9x-4[0m stage [32mfrom-build-pack[0m and container [32mstep-git-source-devopscamp2019-lunchup-backend-7tfp6[0m
{"level":"warn","ts":1573201709.9126568,"logger":"fallback-logger","caller":"logging/config.go:69","msg":"Fetch GitHub commit ID from kodata failed: \"ref: refs/heads/master\" is not a valid GitHub commit ID"}
{"level":"info","ts":1573201711.1924376,"logger":"fallback-logger","caller":"git/git.go:102","msg":"Successfully cloned https://github.com/DevOpsCamp2019/LunchUp-Backend.git @ v0.1.28 in path /workspace/source"}

Showing logs for build [32mdevopscamp2019-lunchup-backend-b4v9x-4[0m stage [32mfrom-build-pack[0m and container [32mstep-git-merge[0m
Using SHAs from PULL_REFS=master:2928e9f351005c9d464fbe8ad202eecb29dfc5bc
WARNING: no SHAs to merge, falling back to initial cloned commit

Showing logs for build [32mdevopscamp2019-lunchup-backend-b4v9x-4[0m stage [32mfrom-build-pack[0m and container [32mstep-setup-jx-git-credentials[0m
Generated Git credentials file /workspace/xdg_config/git/credentials

Showing logs for build [32mdevopscamp2019-lunchup-backend-b4v9x-4[0m stage [32mfrom-build-pack[0m and container [32mstep-build-container-build[0m
[36mINFO[0m[0000] Downloading base image mcr.microsoft.com/dotnet/core/aspnet:3.0-buster-slim 
ERROR: logging before flag.Parse: E1108 08:28:32.783532       9 metadata.go:142] while reading 'google-dockercfg' metadata: http status code: 404 while fetching url http://metadata.google.internal./computeMetadata/v1/instance/attributes/google-dockercfg
ERROR: logging before flag.Parse: E1108 08:28:32.786075       9 metadata.go:159] while reading 'google-dockercfg-url' metadata: http status code: 404 while fetching url http://metadata.google.internal./computeMetadata/v1/instance/attributes/google-dockercfg-url
2019/11/08 08:28:32 No matching credentials were found, falling back on anonymous
[36mINFO[0m[0001] Error while retrieving image from cache: getting file info: stat /workspace/sha256:803b70d9de2c57a168af4cc7d44e77a9c0591b49ce2af73d50c344aa22048eda: no such file or directory 
[36mINFO[0m[0001] Downloading base image mcr.microsoft.com/dotnet/core/aspnet:3.0-buster-slim 
2019/11/08 08:28:33 No matching credentials were found, falling back on anonymous
[36mINFO[0m[0002] cmd: EXPOSE                                  
[36mINFO[0m[0002] Adding exposed port: 80/tcp                  
[36mINFO[0m[0002] cmd: EXPOSE                                  
[36mINFO[0m[0002] Adding exposed port: 443/tcp                 
[36mINFO[0m[0002] Skipping unpacking as no commands require it. 
[36mINFO[0m[0002] Taking snapshot of full filesystem...        
[36mINFO[0m[0002] ENV COMPlus_EnableDiagnostics=0              
[36mINFO[0m[0002] No files changed in this command, skipping snapshotting. 
[36mINFO[0m[0002] WORKDIR /app                                 
[36mINFO[0m[0002] cmd: workdir                                 
[36mINFO[0m[0002] Changed working directory to /app            
[36mINFO[0m[0002] Creating directory /app                      
[36mINFO[0m[0002] Taking snapshot of files...                  
[36mINFO[0m[0002] EXPOSE 80                                    
[36mINFO[0m[0002] cmd: EXPOSE                                  
[36mINFO[0m[0002] Adding exposed port: 80/tcp                  
[36mINFO[0m[0002] No files changed in this command, skipping snapshotting. 
[36mINFO[0m[0002] EXPOSE 443                                   
[36mINFO[0m[0002] cmd: EXPOSE                                  
[36mINFO[0m[0002] Adding exposed port: 443/tcp                 
[36mINFO[0m[0002] No files changed in this command, skipping snapshotting. 
[36mINFO[0m[0002] Storing source image from stage 0 at path /kaniko/stages/0 
[36mINFO[0m[0023] Deleting filesystem...                       
[36mINFO[0m[0023] Downloading base image mcr.microsoft.com/dotnet/core/sdk:3.0-buster 
2019/11/08 08:28:56 No matching credentials were found, falling back on anonymous
[36mINFO[0m[0024] Error while retrieving image from cache: getting file info: stat /workspace/sha256:65c0187e27b42bc45ea5ef98226c7ef37d1b706e10031ddce377bf6da3dcd9aa: no such file or directory 
[36mINFO[0m[0024] Downloading base image mcr.microsoft.com/dotnet/core/sdk:3.0-buster 
2019/11/08 08:28:57 No matching credentials were found, falling back on anonymous
[36mINFO[0m[0025] Using files from context: [/workspace/source/src/LunchUp.Backend] 
[36mINFO[0m[0025] Checking for cached layer gcr.io/deliverymachine/cache:cc2c46787e9abde65d4ddce9feed6c6ea8d841b94d57b417fb39bfbd63c7d558... 
[36mINFO[0m[0025] No cached layer found for cmd RUN dotnet restore "LunchUp.Backend/LunchUp.Backend.sln" 
[36mINFO[0m[0025] Unpacking rootfs as cmd RUN dotnet restore "LunchUp.Backend/LunchUp.Backend.sln" requires it. 
[36mINFO[0m[0059] Taking snapshot of full filesystem...        
[36mINFO[0m[0064] ENV COMPlus_EnableDiagnostics=0              
[36mINFO[0m[0064] No files changed in this command, skipping snapshotting. 
[36mINFO[0m[0064] WORKDIR /src                                 
[36mINFO[0m[0064] cmd: workdir                                 
[36mINFO[0m[0064] Changed working directory to /src            
[36mINFO[0m[0064] Creating directory /src                      
[36mINFO[0m[0064] Taking snapshot of files...                  
[36mINFO[0m[0064] Using files from context: [/workspace/source/src/LunchUp.Backend] 
[36mINFO[0m[0064] COPY ["src/LunchUp.Backend/", "LunchUp.Backend/"] 
[36mINFO[0m[0064] Taking snapshot of files...                  
[36mINFO[0m[0064] RUN dotnet restore "LunchUp.Backend/LunchUp.Backend.sln" 
[36mINFO[0m[0064] cmd: /bin/sh                                 
[36mINFO[0m[0064] args: [-c dotnet restore "LunchUp.Backend/LunchUp.Backend.sln"] 
  Restore completed in 7.27 sec for /src/LunchUp.Backend/LunchUp.Core/LunchUp.Core.csproj.
  Restore completed in 7.27 sec for /src/LunchUp.Backend/LunchUp.Model/LunchUp.Model.csproj.
  Restore completed in 8.54 sec for /src/LunchUp.Backend/LunchUp.WebHost/LunchUp.WebHost.csproj.
  Restore completed in 8.54 sec for /src/LunchUp.Backend/LunchUp.Test/LunchUp.Test.csproj.
[36mINFO[0m[0082] Taking snapshot of full filesystem...        
[36mINFO[0m[0089] ignoring socket dotnet-diagnostic-58-5303619-socket, not adding to tar 
[36mINFO[0m[0104] Using files from context: [/workspace/source] 
[36mINFO[0m[0104] Pushing layer gcr.io/deliverymachine/cache:cc2c46787e9abde65d4ddce9feed6c6ea8d841b94d57b417fb39bfbd63c7d558 to cache now 
[36mINFO[0m[0104] COPY . .                                     
[36mINFO[0m[0104] Taking snapshot of files...                  
[36mINFO[0m[0104] WORKDIR "/src/LunchUp.Backend"               
[36mINFO[0m[0104] cmd: workdir                                 
[36mINFO[0m[0104] Changed working directory to /src/LunchUp.Backend 
[36mINFO[0m[0104] No files changed in this command, skipping snapshotting. 
[36mINFO[0m[0104] RUN dotnet test                              
[36mINFO[0m[0104] cmd: /bin/sh                                 
[36mINFO[0m[0104] args: [-c dotnet test]                       
2019/11/08 08:30:21 pushed blob: sha256:19235c62210b18ad93b8a87911aae834979e523ec4ad4767ff5ebd1f35563518
Test run for /src/LunchUp.Backend/LunchUp.Test/bin/Debug/netcoreapp3.0/LunchUp.Test.dll(.NETCoreApp,Version=v3.0)
Microsoft (R) Test Execution Command Line Tool Version 16.3.0
Copyright (c) Microsoft Corporation.  All rights reserved.

Starting test execution, please wait...

A total of 1 test files matched the specified pattern.

Test Run Successful.
Total tests: 10
     Passed: 10
 Total time: 5.4383 Seconds
[36mINFO[0m[0125] Taking snapshot of full filesystem...        
[36mINFO[0m[0131] ignoring socket dotnet-diagnostic-125-5307568-socket, not adding to tar 
[36mINFO[0m[0131] ignoring socket g+DM1dBf3hsd22AO8JuBabg4ChjyflqwMaiOYpIurSs, not adding to tar 
[36mINFO[0m[0131] ignoring socket dotnet-diagnostic-153-5307930-socket, not adding to tar 
[36mINFO[0m[0134] RUN dotnet build "LunchUp.WebHost/LunchUp.WebHost.csproj" -c Release -o /app/build 
[36mINFO[0m[0134] cmd: /bin/sh                                 
[36mINFO[0m[0134] args: [-c dotnet build "LunchUp.WebHost/LunchUp.WebHost.csproj" -c Release -o /app/build] 
[36mINFO[0m[0134] Pushing layer gcr.io/deliverymachine/cache:08d54d40f8772d62a5431823735339f3b650199c5532c18dcea097b2f7520fa4 to cache now 
Microsoft (R) Build Engine version 16.3.0+0f4c62fea for .NET Core
Copyright (C) Microsoft Corporation. All rights reserved.

2019/11/08 08:30:48 pushed blob: sha256:bccd83babbaf799453997fa0cd3f764fa74a91285ce9f2e1fe1538f128ccbba9
2019/11/08 08:30:49 gcr.io/deliverymachine/cache:cc2c46787e9abde65d4ddce9feed6c6ea8d841b94d57b417fb39bfbd63c7d558: digest: sha256:c2870e9591d52f833c8c88020289a760801ba6109472290f778b0d3553ff2dbe size: 430
  Restore completed in 53.58 ms for /src/LunchUp.Backend/LunchUp.Model/LunchUp.Model.csproj.
  Restore completed in 63.66 ms for /src/LunchUp.Backend/LunchUp.Core/LunchUp.Core.csproj.
  Restore completed in 3.99 ms for /src/LunchUp.Backend/LunchUp.WebHost/LunchUp.WebHost.csproj.
2019/11/08 08:30:51 pushed blob: sha256:f917f2cf9bbb7b1fbc4b8e154673b3ee7668765b461ca4509d4a7298f5f59b78
  LunchUp.Model -> /app/build/LunchUp.Model.dll
  LunchUp.Core -> /app/build/LunchUp.Core.dll
2019/11/08 08:31:01 pushed blob: sha256:3353c873d2772fa9778750a5c01aab178cd8040a8caa44765b9a09c28001d20d
2019/11/08 08:31:02 gcr.io/deliverymachine/cache:08d54d40f8772d62a5431823735339f3b650199c5532c18dcea097b2f7520fa4: digest: sha256:9d6270fbd1e524b9a7f19ff0c8f0ede335fb2aa008f8f2708bce444bf14f2eea size: 429
  LunchUp.WebHost -> /app/build/LunchUp.WebHost.dll

Build succeeded.
    0 Warning(s)
    0 Error(s)

Time Elapsed 00:00:16.25
[36mINFO[0m[0151] Taking snapshot of full filesystem...        
[36mINFO[0m[0155] Adding whiteout for /tmp/.dotnet/shm/session1/46c9f741451e4e928dd21203177d874b 
[36mINFO[0m[0155] Adding whiteout for /tmp/VBCSCompiler/AnalyzerAssemblyLoader/46c9f741451e4e928dd21203177d874b 
[36mINFO[0m[0161] ignoring socket dotnet-diagnostic-294-5311231-socket, not adding to tar 
[36mINFO[0m[0161] ignoring socket g+DM1dBf3hsd22AO8JuBabg4ChjyflqwMaiOYpIurSs, not adding to tar 
[36mINFO[0m[0163] Pushing layer gcr.io/deliverymachine/cache:34527251f58a0f0b6a82b73ef969e67191e560074ca05898f2219b4f6a391802 to cache now 
2019/11/08 08:31:20 pushed blob: sha256:17fb729d37cd427354c660932adac04c52dc9c5b141cc917d258b9e40eb87824
2019/11/08 08:31:23 pushed blob: sha256:1ea69a903ba3ce22d494a2cc58a7860e2a3acb4f67cd9e14ece99cf9d42e8c9c
2019/11/08 08:31:24 gcr.io/deliverymachine/cache:34527251f58a0f0b6a82b73ef969e67191e560074ca05898f2219b4f6a391802: digest: sha256:4acf4c71d010388df38d0b8d585c21e1c3de9e88107da9c7293b744525becb3c size: 429
[36mINFO[0m[0171] Storing source image from stage 1 at path /kaniko/stages/1 
[36mINFO[0m[0287] Deleting filesystem...                       
[36mINFO[0m[0290] Base image from previous stage 1 found, using saved tar at path /kaniko/stages/1 
[36mINFO[0m[0306] Checking for cached layer gcr.io/deliverymachine/cache:56d64eb1973ef5755ebf2242ef709ab147a42bb25042dd1120fd563f8e098cad... 
[36mINFO[0m[0307] No cached layer found for cmd RUN dotnet publish "LunchUp.WebHost/LunchUp.WebHost.csproj" -c Release -o /app/publish 
[36mINFO[0m[0307] Unpacking rootfs as cmd RUN dotnet publish "LunchUp.WebHost/LunchUp.WebHost.csproj" -c Release -o /app/publish requires it. 
[36mINFO[0m[0368] Taking snapshot of full filesystem...        
[36mINFO[0m[0385] RUN dotnet publish "LunchUp.WebHost/LunchUp.WebHost.csproj" -c Release -o /app/publish 
[36mINFO[0m[0385] cmd: /bin/sh                                 
[36mINFO[0m[0385] args: [-c dotnet publish "LunchUp.WebHost/LunchUp.WebHost.csproj" -c Release -o /app/publish] 
Microsoft (R) Build Engine version 16.3.0+0f4c62fea for .NET Core
Copyright (C) Microsoft Corporation. All rights reserved.

  Restore completed in 51.8 ms for /src/LunchUp.Backend/LunchUp.Model/LunchUp.Model.csproj.
  Restore completed in 54.34 ms for /src/LunchUp.Backend/LunchUp.Core/LunchUp.Core.csproj.
  Restore completed in 3.07 ms for /src/LunchUp.Backend/LunchUp.WebHost/LunchUp.WebHost.csproj.
  LunchUp.Model -> /src/LunchUp.Backend/LunchUp.Model/bin/Release/netcoreapp3.0/LunchUp.Model.dll
  LunchUp.Core -> /src/LunchUp.Backend/LunchUp.Core/bin/Release/netcoreapp3.0/LunchUp.Core.dll
  LunchUp.WebHost -> /src/LunchUp.Backend/LunchUp.WebHost/bin/Release/netcoreapp3.0/LunchUp.WebHost.dll
  LunchUp.WebHost -> /app/publish/
[36mINFO[0m[0397] Taking snapshot of full filesystem...        
[36mINFO[0m[0403] ignoring socket dotnet-diagnostic-365-5335888-socket, not adding to tar 
[36mINFO[0m[0405] Pushing layer gcr.io/deliverymachine/cache:56d64eb1973ef5755ebf2242ef709ab147a42bb25042dd1120fd563f8e098cad to cache now 
2019/11/08 08:35:22 pushed blob: sha256:d505bdbb48c704a952a196625d276c9109ca4372cfe4325eab9db7e2daf21bc8
2019/11/08 08:35:26 pushed blob: sha256:032bee8dddfbd85c52a1948615dd933b5409fdbc1eae358aa27fb1619c368627
2019/11/08 08:35:27 gcr.io/deliverymachine/cache:56d64eb1973ef5755ebf2242ef709ab147a42bb25042dd1120fd563f8e098cad: digest: sha256:5c37caf51314ddd056ad93675c26fbfaa8c43389155f62e9156b1a3ae5274fb4 size: 429
[36mINFO[0m[0415] Storing source image from stage 2 at path /kaniko/stages/2 
[36mINFO[0m[0495] Deleting filesystem...                       
[36mINFO[0m[0497] Base image from previous stage 0 found, using saved tar at path /kaniko/stages/0 
[36mINFO[0m[0504] Skipping unpacking as no commands require it. 
[36mINFO[0m[0504] Taking snapshot of full filesystem...        
[36mINFO[0m[0504] WORKDIR /app                                 
[36mINFO[0m[0504] cmd: workdir                                 
[36mINFO[0m[0504] Changed working directory to /app            
[36mINFO[0m[0504] Creating directory /app                      
[36mINFO[0m[0504] Taking snapshot of files...                  
[36mINFO[0m[0504] COPY --from=publish /app/publish .           
[36mINFO[0m[0504] Taking snapshot of files...                  
[36mINFO[0m[0505] ENTRYPOINT ["dotnet", "LunchUp.WebHost.dll"] 
[36mINFO[0m[0505] No files changed in this command, skipping snapshotting. 
2019/11/08 08:36:59 existing blob: sha256:9526604e089d8d4aa947f34e52a14ac8793232dd181022932f3c15291c5cd3af
2019/11/08 08:36:59 existing blob: sha256:7a6b64767b0b4ec3bb235712bc93f6cada4812dbfec432d98ca9c485f9ce2ea8
2019/11/08 08:36:59 existing blob: sha256:68f6aee67b9130df079abf2476334ad9474e116c69efedd19e272bbff3643971
2019/11/08 08:36:59 existing blob: sha256:8d691f585fa8cec0eba196be460cfaffd69939782d6162986c3e0c5225d54f02
2019/11/08 08:36:59 existing blob: sha256:a9e6ceefc5a08dc7b1b04a1105c47e00e9340349177009bc8926571ee8a39204
2019/11/08 08:37:02 pushed blob: sha256:2799f97ef3421906aff8910e92f29ee879a2289e086c756da1b69dd3e440e26b
2019/11/08 08:37:02 pushed blob: sha256:75be2c4b47830a73421bbf3473cf690dd5e9240e24a9a3002f73ceef617451f3
2019/11/08 08:37:03 pushed blob: sha256:f64de1231f3f8acf245fffed1f09df0edd4158c06e91128093361b6a8fb8786d
2019/11/08 08:37:05 pushed blob: sha256:a8c86eecab034afead380e7ed9802400d7e98a9da7631d9373f4ba3a863a710c
2019/11/08 08:37:07 gcr.io/deliverymachine/lunchup-backend:0.1.28: digest: sha256:179cac8d5c134571136fca25c0c97f03926752390ecb7cd9ea7d7f2353a17619 size: 1572

Showing logs for build [32mdevopscamp2019-lunchup-backend-b4v9x-4[0m stage [32mfrom-build-pack[0m and container [32mstep-build-post-build[0m
no CVE provider running in the current ** namespace so skip adding image to be analysed

Showing logs for build [32mdevopscamp2019-lunchup-backend-b4v9x-4[0m stage [32mfrom-build-pack[0m and container [32mstep-promote-changelog[0m
Converted /workspace/source/charts/lunchup-backend to an unshallow repository
Generating change log from git ref f99b8462d5535bd45a80c18105a8a90649b5c6e9 => 29c4d0f95f7e6c0fd7bd9c6382256c9007504357
WARNING: Failed to enrich commit 2928e9f351005c9d464fbe8ad202eecb29dfc5bc with issues: users.jenkins.io "x-0" already exists
WARNING: Failed to enrich commit 2928e9f351005c9d464fbe8ad202eecb29dfc5bc with issues: users.jenkins.io "x-0" already exists
Finding issues in commit messages using git format
WARNING: Failed to enrich commit bb211f9e049efa351ae899ae34f2673a9fcf22f9 with issues: users.jenkins.io "x-0" already exists
WARNING: Failed to enrich commit bb211f9e049efa351ae899ae34f2673a9fcf22f9 with issues: users.jenkins.io "x-0" already exists
WARNING: No release found for DevOpsCamp2019/LunchUp-Backend and tag v0.1.28 so creating a new release
Updated the release information at https://github.com/DevOpsCamp2019/LunchUp-Backend/releases/tag/v0.1.28
generated: /workspace/source/charts/lunchup-backend/templates/release.yaml
Created Release lunchup-backend-0-1-28 resource in namespace **
Updating PipelineActivity devopscamp2019-lunchup-backend-master-4 with version 0.1.28
Updated PipelineActivities devopscamp2019-lunchup-backend-master-4 with release notes URL: https://github.com/DevOpsCamp2019/LunchUp-Backend/releases/tag/v0.1.28

Showing logs for build [32mdevopscamp2019-lunchup-backend-b4v9x-4[0m stage [32mfrom-build-pack[0m and container [32mstep-promote-helm-release[0m
WARNING: No $CHART_REPOSITORY defined so using the default value of: http://jenkins-x-chartmuseum:8080
Adding missing Helm repo: storage.googleapis.com https://storage.googleapis.com/chartmuseum.jenkins-x.io
Successfully added Helm repository storage.googleapis.com.
Adding missing Helm repo: jenkins-x-chartmuseum http://jenkins-x-chartmuseum:8080
Successfully added Helm repository jenkins-x-chartmuseum.
WARNING: No $CHART_REPOSITORY defined so using the default value of: http://jenkins-x-chartmuseum:8080
WARNING: No $CHART_REPOSITORY defined so using the default value of: http://jenkins-x-chartmuseum:8080
Uploading chart file lunchup-backend-0.1.28.tgz to http://jenkins-x-chartmuseum:8080/api/charts
Received 201 response: {"saved":true}

Showing logs for build [32mdevopscamp2019-lunchup-backend-b4v9x-4[0m stage [32mfrom-build-pack[0m and container [32mstep-promote-jx-promote[0m
WARNING: prow based install so skip waiting for the merge of Pull Requests to go green as currently there is an issue with gettingstatuses from the PR, see https://github.com/jenkins-x/**/issues/2410
WARNING: No $CHART_REPOSITORY defined so using the default value of: http://jenkins-x-chartmuseum:8080
Promoting app lunchup-backend version 0.1.28 to namespace **-staging
Created Pull Request: https://github.com/DevOpsCamp2019/environment-deliverymachine-one-staging/pull/70
Added label updatebot to Pull Request https://github.com/DevOpsCamp2019/environment-deliverymachine-one-staging/pull/70
got git provider status pending from PR https://github.com/DevOpsCamp2019/environment-deliverymachine-one-staging/pull/70
got git provider status pending from PR https://github.com/DevOpsCamp2019/environment-deliverymachine-one-staging/pull/70
got git provider status pending from PR https://github.com/DevOpsCamp2019/environment-deliverymachine-one-staging/pull/70
got git provider status pending from PR https://github.com/DevOpsCamp2019/environment-deliverymachine-one-staging/pull/70
got git provider status pending from PR https://github.com/DevOpsCamp2019/environment-deliverymachine-one-staging/pull/70
got git provider status pending from PR https://github.com/DevOpsCamp2019/environment-deliverymachine-one-staging/pull/70
got git provider status pending from PR https://github.com/DevOpsCamp2019/environment-deliverymachine-one-staging/pull/70
got git provider status pending from PR https://github.com/DevOpsCamp2019/environment-deliverymachine-one-staging/pull/70
Pull Request https://github.com/DevOpsCamp2019/environment-deliverymachine-one-staging/pull/70 is merged at sha 58414506f23b73ec43d0d8a3c9bfe7bd3398757f
Pull Request merged but we are not waiting for the update pipeline to complete!
