
Showing logs for build [32mdevopscamp2019-lunchup-backend-dgszm-6[0m stage [32mfrom-build-pack[0m and container [32mstep-credential-initializer-fxrgx[0m
{"level":"warn","ts":1573204378.1663747,"logger":"fallback-logger","caller":"logging/config.go:69","msg":"Fetch GitHub commit ID from kodata failed: \"ref: refs/heads/master\" is not a valid GitHub commit ID"}
{"level":"info","ts":1573204378.1670492,"logger":"fallback-logger","caller":"creds-init/main.go:40","msg":"Credentials initialized."}

Showing logs for build [32mdevopscamp2019-lunchup-backend-dgszm-6[0m stage [32mfrom-build-pack[0m and container [32mstep-working-dir-initializer-gkf9w[0m
{"level":"warn","ts":1573204379.3224578,"logger":"fallback-logger","caller":"logging/config.go:69","msg":"Fetch GitHub commit ID from kodata failed: open /var/run/ko/HEAD: no such file or directory"}
{"level":"info","ts":1573204379.3236954,"logger":"fallback-logger","caller":"bash/main.go:65","msg":"Successfully executed command \"mkdir -p /workspace/source\""}

Showing logs for build [32mdevopscamp2019-lunchup-backend-dgszm-6[0m stage [32mfrom-build-pack[0m and container [32mstep-place-tools[0m

Showing logs for build [32mdevopscamp2019-lunchup-backend-dgszm-6[0m stage [32mfrom-build-pack[0m and container [32mstep-git-source-devopscamp2019-lunchup-backend-b89rg[0m
{"level":"warn","ts":1573204388.478924,"logger":"fallback-logger","caller":"logging/config.go:69","msg":"Fetch GitHub commit ID from kodata failed: \"ref: refs/heads/master\" is not a valid GitHub commit ID"}
{"level":"info","ts":1573204389.7720656,"logger":"fallback-logger","caller":"git/git.go:102","msg":"Successfully cloned https://github.com/DevOpsCamp2019/LunchUp-Backend.git @ v0.1.30 in path /workspace/source"}

Showing logs for build [32mdevopscamp2019-lunchup-backend-dgszm-6[0m stage [32mfrom-build-pack[0m and container [32mstep-git-merge[0m
Using SHAs from PULL_REFS=master:3a68da939dbfca7d1c8d0a2e552b0d6cd12e1359
WARNING: no SHAs to merge, falling back to initial cloned commit

Showing logs for build [32mdevopscamp2019-lunchup-backend-dgszm-6[0m stage [32mfrom-build-pack[0m and container [32mstep-setup-jx-git-credentials[0m
Generated Git credentials file /workspace/xdg_config/git/credentials

Showing logs for build [32mdevopscamp2019-lunchup-backend-dgszm-6[0m stage [32mfrom-build-pack[0m and container [32mstep-build-container-build[0m
[36mINFO[0m[0000] Downloading base image mcr.microsoft.com/dotnet/core/aspnet:3.0-buster-slim 
ERROR: logging before flag.Parse: E1108 09:13:11.576862       9 metadata.go:142] while reading 'google-dockercfg' metadata: http status code: 404 while fetching url http://metadata.google.internal./computeMetadata/v1/instance/attributes/google-dockercfg
ERROR: logging before flag.Parse: E1108 09:13:11.579808       9 metadata.go:159] while reading 'google-dockercfg-url' metadata: http status code: 404 while fetching url http://metadata.google.internal./computeMetadata/v1/instance/attributes/google-dockercfg-url
2019/11/08 09:13:11 No matching credentials were found, falling back on anonymous
[36mINFO[0m[0001] Error while retrieving image from cache: getting file info: stat /workspace/sha256:803b70d9de2c57a168af4cc7d44e77a9c0591b49ce2af73d50c344aa22048eda: no such file or directory 
[36mINFO[0m[0001] Downloading base image mcr.microsoft.com/dotnet/core/aspnet:3.0-buster-slim 
2019/11/08 09:13:12 No matching credentials were found, falling back on anonymous
[36mINFO[0m[0002] cmd: EXPOSE                                  
[36mINFO[0m[0002] Adding exposed port: 80/tcp                  
[36mINFO[0m[0002] cmd: EXPOSE                                  
[36mINFO[0m[0002] Adding exposed port: 443/tcp                 
[36mINFO[0m[0002] Skipping unpacking as no commands require it. 
[36mINFO[0m[0002] Taking snapshot of full filesystem...        
[36mINFO[0m[0002] ENV COMPlus_EnableDiagnostics=0              
[36mINFO[0m[0002] No files changed in this command, skipping snapshotting. 
[36mINFO[0m[0002] WORKDIR /app                                 
[36mINFO[0m[0002] cmd: workdir                                 
[36mINFO[0m[0002] Changed working directory to /app            
[36mINFO[0m[0002] Creating directory /app                      
[36mINFO[0m[0002] Taking snapshot of files...                  
[36mINFO[0m[0002] EXPOSE 80                                    
[36mINFO[0m[0002] cmd: EXPOSE                                  
[36mINFO[0m[0002] Adding exposed port: 80/tcp                  
[36mINFO[0m[0002] No files changed in this command, skipping snapshotting. 
[36mINFO[0m[0002] EXPOSE 443                                   
[36mINFO[0m[0002] cmd: EXPOSE                                  
[36mINFO[0m[0002] Adding exposed port: 443/tcp                 
[36mINFO[0m[0002] No files changed in this command, skipping snapshotting. 
[36mINFO[0m[0002] Storing source image from stage 0 at path /kaniko/stages/0 
[36mINFO[0m[0016] Deleting filesystem...                       
[36mINFO[0m[0016] Downloading base image mcr.microsoft.com/dotnet/core/sdk:3.0-buster 
2019/11/08 09:13:27 No matching credentials were found, falling back on anonymous
[36mINFO[0m[0016] Error while retrieving image from cache: getting file info: stat /workspace/sha256:65c0187e27b42bc45ea5ef98226c7ef37d1b706e10031ddce377bf6da3dcd9aa: no such file or directory 
[36mINFO[0m[0016] Downloading base image mcr.microsoft.com/dotnet/core/sdk:3.0-buster 
2019/11/08 09:13:28 No matching credentials were found, falling back on anonymous
[36mINFO[0m[0017] Using files from context: [/workspace/source/src/LunchUp.Backend] 
[36mINFO[0m[0017] Checking for cached layer gcr.io/deliverymachine/cache:d0ffa5f8d1a9ccb9b2cb3bbce018b65834989daef04bba437d70eb1def9e5fb0... 
[36mINFO[0m[0018] Using caching version of cmd: RUN dotnet restore "LunchUp.Backend/LunchUp.Backend.sln" 
[36mINFO[0m[0018] Using files from context: [/workspace/source] 
[36mINFO[0m[0018] Checking for cached layer gcr.io/deliverymachine/cache:1581a586bd44d48b121b44aceb5ea4e235ac2ffeb2c39db1c2564cecfc13384e... 
[36mINFO[0m[0019] No cached layer found for cmd RUN dotnet test 
[36mINFO[0m[0019] Unpacking rootfs as cmd RUN dotnet test requires it. 
[36mINFO[0m[0047] Taking snapshot of full filesystem...        
[36mINFO[0m[0053] ENV COMPlus_EnableDiagnostics=0              
[36mINFO[0m[0053] No files changed in this command, skipping snapshotting. 
[36mINFO[0m[0053] WORKDIR /src                                 
[36mINFO[0m[0053] cmd: workdir                                 
[36mINFO[0m[0053] Changed working directory to /src            
[36mINFO[0m[0053] Creating directory /src                      
[36mINFO[0m[0053] Taking snapshot of files...                  
[36mINFO[0m[0053] Using files from context: [/workspace/source/src/LunchUp.Backend] 
[36mINFO[0m[0053] COPY ["src/LunchUp.Backend/", "LunchUp.Backend/"] 
[36mINFO[0m[0053] Taking snapshot of files...                  
[36mINFO[0m[0053] RUN dotnet restore "LunchUp.Backend/LunchUp.Backend.sln" 
[36mINFO[0m[0053] Found cached layer, extracting to filesystem 
[36mINFO[0m[0068] Taking snapshot of files...                  
[36mINFO[0m[0084] Using files from context: [/workspace/source] 
[36mINFO[0m[0085] COPY . .                                     
[36mINFO[0m[0085] Taking snapshot of files...                  
[36mINFO[0m[0085] WORKDIR "/src/LunchUp.Backend"               
[36mINFO[0m[0085] cmd: workdir                                 
[36mINFO[0m[0085] Changed working directory to /src/LunchUp.Backend 
[36mINFO[0m[0085] No files changed in this command, skipping snapshotting. 
[36mINFO[0m[0085] RUN dotnet test                              
[36mINFO[0m[0085] cmd: /bin/sh                                 
[36mINFO[0m[0085] args: [-c dotnet test]                       
Test run for /src/LunchUp.Backend/LunchUp.Test/bin/Debug/netcoreapp3.0/LunchUp.Test.dll(.NETCoreApp,Version=v3.0)
Microsoft (R) Test Execution Command Line Tool Version 16.3.0
Copyright (c) Microsoft Corporation.  All rights reserved.

Starting test execution, please wait...

A total of 1 test files matched the specified pattern.

Test Run Successful.
Total tests: 10
     Passed: 10
 Total time: 7.4740 Seconds
[36mINFO[0m[0107] Taking snapshot of full filesystem...        
[36mINFO[0m[0178] ignoring socket g+DM1dBf3hsd22AO8JuBabg4ChjyflqwMaiOYpIurSs, not adding to tar 
[36mINFO[0m[0178] ignoring socket dotnet-diagnostic-92-5573817-socket, not adding to tar 
[36mINFO[0m[0178] ignoring socket dotnet-diagnostic-65-5573448-socket, not adding to tar 
[36mINFO[0m[0181] RUN dotnet build "LunchUp.WebHost/LunchUp.WebHost.csproj" -c Release -o /app/build 
[36mINFO[0m[0181] cmd: /bin/sh                                 
[36mINFO[0m[0181] args: [-c dotnet build "LunchUp.WebHost/LunchUp.WebHost.csproj" -c Release -o /app/build] 
[36mINFO[0m[0181] Pushing layer gcr.io/deliverymachine/cache:1581a586bd44d48b121b44aceb5ea4e235ac2ffeb2c39db1c2564cecfc13384e to cache now 
Microsoft (R) Build Engine version 16.3.0+0f4c62fea for .NET Core
Copyright (C) Microsoft Corporation. All rights reserved.

2019/11/08 09:16:19 pushed blob: sha256:f73b4b4f31a422ed3e52c4c5abe35807e9da375500183aeb14487a39b0387c4f
  Restore completed in 35.21 ms for /src/LunchUp.Backend/LunchUp.Core/LunchUp.Core.csproj.
  Restore completed in 47.43 ms for /src/LunchUp.Backend/LunchUp.Model/LunchUp.Model.csproj.
  Restore completed in 21.85 ms for /src/LunchUp.Backend/LunchUp.WebHost/LunchUp.WebHost.csproj.
2019/11/08 09:16:26 pushed blob: sha256:adc5769a68589f1e2de3a4abc9d0e127658257b9aa3badebedd24ce739676358
2019/11/08 09:16:27 gcr.io/deliverymachine/cache:1581a586bd44d48b121b44aceb5ea4e235ac2ffeb2c39db1c2564cecfc13384e: digest: sha256:408f1b9ef9a248f8291053eb0c30d6747df3cc0b2b17e4df8ada3a4f31e9217d size: 429
  LunchUp.Model -> /app/build/LunchUp.Model.dll
  LunchUp.Core -> /app/build/LunchUp.Core.dll
  LunchUp.WebHost -> /app/build/LunchUp.WebHost.dll

Build succeeded.
    0 Warning(s)
    0 Error(s)

Time Elapsed 00:00:23.54
[36mINFO[0m[0207] Taking snapshot of full filesystem...        
[36mINFO[0m[0207] Adding whiteout for /tmp/.dotnet/shm/session1/86992a7a2e1e446a98078d63e9fb35fb 
[36mINFO[0m[0207] Adding whiteout for /tmp/VBCSCompiler/AnalyzerAssemblyLoader/86992a7a2e1e446a98078d63e9fb35fb 
[36mINFO[0m[0240] ignoring socket dotnet-diagnostic-237-5584377-socket, not adding to tar 
[36mINFO[0m[0240] ignoring socket g+DM1dBf3hsd22AO8JuBabg4ChjyflqwMaiOYpIurSs, not adding to tar 
[36mINFO[0m[0241] ignoring socket dotnet-diagnostic-211-5583578-socket, not adding to tar 
[36mINFO[0m[0243] Pushing layer gcr.io/deliverymachine/cache:08a93ef981ac5796d49bd278d83cacac75773e70cbf56c56a2102c5785139aeb to cache now 
2019/11/08 09:17:20 pushed blob: sha256:c8fcc8199aec7d1b986832017da2c594fbe43e44ebfc2de3c46979f94df0d318
2019/11/08 09:17:23 pushed blob: sha256:8f7363fbe006d41e87e3e12b559bc284de70525cd4d00b3f63853e6d725e1401
2019/11/08 09:17:25 gcr.io/deliverymachine/cache:08a93ef981ac5796d49bd278d83cacac75773e70cbf56c56a2102c5785139aeb: digest: sha256:aee2e2f85fa35ffde6a04cd1587790e02907b6d0825199a370c572909b6d1bb3 size: 429
[36mINFO[0m[0253] Storing source image from stage 1 at path /kaniko/stages/1 
[36mINFO[0m[0454] Deleting filesystem...                       
[36mINFO[0m[0456] Base image from previous stage 1 found, using saved tar at path /kaniko/stages/1 
[36mINFO[0m[0480] Checking for cached layer gcr.io/deliverymachine/cache:269e9a353574347341c6084e3e795a67c00c5556f0578a76460fb84b8567d2bf... 
[36mINFO[0m[0480] No cached layer found for cmd RUN dotnet publish "LunchUp.WebHost/LunchUp.WebHost.csproj" -c Release -o /app/publish 
[36mINFO[0m[0480] Unpacking rootfs as cmd RUN dotnet publish "LunchUp.WebHost/LunchUp.WebHost.csproj" -c Release -o /app/publish requires it. 
[36mINFO[0m[0552] Taking snapshot of full filesystem...        
[36mINFO[0m[0566] RUN dotnet publish "LunchUp.WebHost/LunchUp.WebHost.csproj" -c Release -o /app/publish 
[36mINFO[0m[0566] cmd: /bin/sh                                 
[36mINFO[0m[0566] args: [-c dotnet publish "LunchUp.WebHost/LunchUp.WebHost.csproj" -c Release -o /app/publish] 
Microsoft (R) Build Engine version 16.3.0+0f4c62fea for .NET Core
Copyright (C) Microsoft Corporation. All rights reserved.

  Restore completed in 31.59 ms for /src/LunchUp.Backend/LunchUp.Model/LunchUp.Model.csproj.
  Restore completed in 47.66 ms for /src/LunchUp.Backend/LunchUp.Core/LunchUp.Core.csproj.
  Restore completed in 4.96 ms for /src/LunchUp.Backend/LunchUp.WebHost/LunchUp.WebHost.csproj.
  LunchUp.Model -> /src/LunchUp.Backend/LunchUp.Model/bin/Release/netcoreapp3.0/LunchUp.Model.dll
  LunchUp.Core -> /src/LunchUp.Backend/LunchUp.Core/bin/Release/netcoreapp3.0/LunchUp.Core.dll
  LunchUp.WebHost -> /src/LunchUp.Backend/LunchUp.WebHost/bin/Release/netcoreapp3.0/LunchUp.WebHost.dll
  LunchUp.WebHost -> /app/publish/
[36mINFO[0m[0575] Taking snapshot of full filesystem...        
[36mINFO[0m[0581] ignoring socket dotnet-diagnostic-314-5621852-socket, not adding to tar 
[36mINFO[0m[0584] Pushing layer gcr.io/deliverymachine/cache:269e9a353574347341c6084e3e795a67c00c5556f0578a76460fb84b8567d2bf to cache now 
2019/11/08 09:23:00 pushed blob: sha256:77ac7ff45ffadf4454aec00270693fd13ea7d99f5afa4c1fe939b595132e20a2
2019/11/08 09:23:04 pushed blob: sha256:416b525548e44312621bb94e45e9ca823ec777cf1baa3a528a73c38f9b5fb9b6
2019/11/08 09:23:06 gcr.io/deliverymachine/cache:269e9a353574347341c6084e3e795a67c00c5556f0578a76460fb84b8567d2bf: digest: sha256:13a0de81ae62a649582e85a846d0de9a1310312e1883487e17285d060c42f8cb size: 429
[36mINFO[0m[0594] Storing source image from stage 2 at path /kaniko/stages/2 
[36mINFO[0m[0696] Deleting filesystem...                       
[36mINFO[0m[0698] Base image from previous stage 0 found, using saved tar at path /kaniko/stages/0 
[36mINFO[0m[0700] Skipping unpacking as no commands require it. 
[36mINFO[0m[0700] Taking snapshot of full filesystem...        
[36mINFO[0m[0704] WORKDIR /app                                 
[36mINFO[0m[0704] cmd: workdir                                 
[36mINFO[0m[0704] Changed working directory to /app            
[36mINFO[0m[0704] Creating directory /app                      
[36mINFO[0m[0704] Taking snapshot of files...                  
[36mINFO[0m[0704] COPY --from=publish /app/publish .           
[36mINFO[0m[0704] Taking snapshot of files...                  
[36mINFO[0m[0706] ENTRYPOINT ["dotnet", "LunchUp.WebHost.dll"] 
[36mINFO[0m[0706] No files changed in this command, skipping snapshotting. 
2019/11/08 09:24:58 existing blob: sha256:a9e6ceefc5a08dc7b1b04a1105c47e00e9340349177009bc8926571ee8a39204
2019/11/08 09:24:58 existing blob: sha256:8d691f585fa8cec0eba196be460cfaffd69939782d6162986c3e0c5225d54f02
2019/11/08 09:24:58 existing blob: sha256:9526604e089d8d4aa947f34e52a14ac8793232dd181022932f3c15291c5cd3af
2019/11/08 09:24:58 existing blob: sha256:68f6aee67b9130df079abf2476334ad9474e116c69efedd19e272bbff3643971
2019/11/08 09:24:58 existing blob: sha256:7a6b64767b0b4ec3bb235712bc93f6cada4812dbfec432d98ca9c485f9ce2ea8
2019/11/08 09:25:02 pushed blob: sha256:209e7504b284bf153cebb403abee789cbd68c56253f0b1c06fd37d63e4d71e7f
2019/11/08 09:25:02 pushed blob: sha256:b3aaa1a8de131d815192a1d1d7e0b03c85e09463dc07f8a4f0c422876d0b0197
2019/11/08 09:25:02 pushed blob: sha256:308bf656debee34e1d5da2755f2bdd148f3be3e8991648fc48d74cc31be33662
2019/11/08 09:25:06 pushed blob: sha256:4105d82b7d0b81775ad5d8ced49849755267afa7e672a76836890bf0f44f79a5
2019/11/08 09:25:08 gcr.io/deliverymachine/lunchup-backend:0.1.30: digest: sha256:a23ce6d9d0248b15e289e03304654e9f79ab37a78d23165db31f30c3e91feba3 size: 1572

Showing logs for build [32mdevopscamp2019-lunchup-backend-dgszm-6[0m stage [32mfrom-build-pack[0m and container [32mstep-build-post-build[0m
no CVE provider running in the current ** namespace so skip adding image to be analysed

Showing logs for build [32mdevopscamp2019-lunchup-backend-dgszm-6[0m stage [32mfrom-build-pack[0m and container [32mstep-promote-changelog[0m
Converted /workspace/source/charts/lunchup-backend to an unshallow repository
Generating change log from git ref 3bf9e331662becbdad0dff3899160e7ef92059b3 => acb69faac43d9e6112823bfcc2636d8fa858a206
WARNING: Failed to enrich commit 3a68da939dbfca7d1c8d0a2e552b0d6cd12e1359 with issues: users.jenkins.io "x-0" already exists
WARNING: Failed to enrich commit 3a68da939dbfca7d1c8d0a2e552b0d6cd12e1359 with issues: users.jenkins.io "x-0" already exists
Finding issues in commit messages using git format
WARNING: No release found for DevOpsCamp2019/LunchUp-Backend and tag v0.1.30 so creating a new release
Updated the release information at https://github.com/DevOpsCamp2019/LunchUp-Backend/releases/tag/v0.1.30
generated: /workspace/source/charts/lunchup-backend/templates/release.yaml
Created Release lunchup-backend-0-1-30 resource in namespace **
Updating PipelineActivity devopscamp2019-lunchup-backend-master-6 with version 0.1.30
Updated PipelineActivities devopscamp2019-lunchup-backend-master-6 with release notes URL: https://github.com/DevOpsCamp2019/LunchUp-Backend/releases/tag/v0.1.30

Showing logs for build [32mdevopscamp2019-lunchup-backend-dgszm-6[0m stage [32mfrom-build-pack[0m and container [32mstep-promote-helm-release[0m
WARNING: No $CHART_REPOSITORY defined so using the default value of: http://jenkins-x-chartmuseum:8080
Adding missing Helm repo: storage.googleapis.com https://storage.googleapis.com/chartmuseum.jenkins-x.io
Successfully added Helm repository storage.googleapis.com.
Adding missing Helm repo: jenkins-x-chartmuseum http://jenkins-x-chartmuseum:8080
Successfully added Helm repository jenkins-x-chartmuseum.
WARNING: No $CHART_REPOSITORY defined so using the default value of: http://jenkins-x-chartmuseum:8080
WARNING: No $CHART_REPOSITORY defined so using the default value of: http://jenkins-x-chartmuseum:8080
Uploading chart file lunchup-backend-0.1.30.tgz to http://jenkins-x-chartmuseum:8080/api/charts
Received 201 response: {"saved":true}

Showing logs for build [32mdevopscamp2019-lunchup-backend-dgszm-6[0m stage [32mfrom-build-pack[0m and container [32mstep-promote-jx-promote[0m
WARNING: prow based install so skip waiting for the merge of Pull Requests to go green as currently there is an issue with gettingstatuses from the PR, see https://github.com/jenkins-x/**/issues/2410
WARNING: No $CHART_REPOSITORY defined so using the default value of: http://jenkins-x-chartmuseum:8080
Promoting app lunchup-backend version 0.1.30 to namespace **-staging
Created Pull Request: https://github.com/DevOpsCamp2019/environment-deliverymachine-one-staging/pull/72
Added label updatebot to Pull Request https://github.com/DevOpsCamp2019/environment-deliverymachine-one-staging/pull/72
got git provider status pending from PR https://github.com/DevOpsCamp2019/environment-deliverymachine-one-staging/pull/72
got git provider status pending from PR https://github.com/DevOpsCamp2019/environment-deliverymachine-one-staging/pull/72
got git provider status pending from PR https://github.com/DevOpsCamp2019/environment-deliverymachine-one-staging/pull/72
got git provider status pending from PR https://github.com/DevOpsCamp2019/environment-deliverymachine-one-staging/pull/72
Pull Request https://github.com/DevOpsCamp2019/environment-deliverymachine-one-staging/pull/72 is merged at sha 65e40a6d6bc63deaa1c3f5e1fefd39a07c5ed370
Pull Request merged but we are not waiting for the update pipeline to complete!
