
Showing logs for build [32mdevopscamp2019-lunchup-backend-gmrj4-1[0m stage [32mfrom-build-pack[0m and container [32mstep-credential-initializer-tzkdt[0m
{"level":"warn","ts":1573201897.7512312,"logger":"fallback-logger","caller":"logging/config.go:69","msg":"Fetch GitHub commit ID from kodata failed: \"ref: refs/heads/master\" is not a valid GitHub commit ID"}
{"level":"info","ts":1573201897.751794,"logger":"fallback-logger","caller":"creds-init/main.go:40","msg":"Credentials initialized."}

Showing logs for build [32mdevopscamp2019-lunchup-backend-gmrj4-1[0m stage [32mfrom-build-pack[0m and container [32mstep-working-dir-initializer-mf5wl[0m
{"level":"warn","ts":1573201898.4495134,"logger":"fallback-logger","caller":"logging/config.go:69","msg":"Fetch GitHub commit ID from kodata failed: open /var/run/ko/HEAD: no such file or directory"}
{"level":"info","ts":1573201898.451731,"logger":"fallback-logger","caller":"bash/main.go:65","msg":"Successfully executed command \"mkdir -p /workspace/source\""}

Showing logs for build [32mdevopscamp2019-lunchup-backend-gmrj4-1[0m stage [32mfrom-build-pack[0m and container [32mstep-place-tools[0m

Showing logs for build [32mdevopscamp2019-lunchup-backend-gmrj4-1[0m stage [32mfrom-build-pack[0m and container [32mstep-git-source-devopscamp2019-lunchup-backend-mdcvc[0m
{"level":"warn","ts":1573201903.6133657,"logger":"fallback-logger","caller":"logging/config.go:69","msg":"Fetch GitHub commit ID from kodata failed: \"ref: refs/heads/master\" is not a valid GitHub commit ID"}
{"level":"info","ts":1573201904.8834662,"logger":"fallback-logger","caller":"git/git.go:102","msg":"Successfully cloned https://github.com/DevOpsCamp2019/LunchUp-Backend.git @ master in path /workspace/source"}

Showing logs for build [32mdevopscamp2019-lunchup-backend-gmrj4-1[0m stage [32mfrom-build-pack[0m and container [32mstep-git-merge[0m
Using SHAs from PULL_REFS=master:2928e9f351005c9d464fbe8ad202eecb29dfc5bc,7:346be46cba383f22de5fb5b010c1f1a7a5bd4f13
DEBUG: ran git fetch --unshallow origin 346be46cba383f22de5fb5b010c1f1a7a5bd4f13: 2928e9f351005c9d464fbe8ad202eecb29dfc5bc: in 
DEBUG: ran git checkout master in 
DEBUG: ran git reset --hard 2928e9f351005c9d464fbe8ad202eecb29dfc5bc in 
DEBUG: ran clean --force -d . in 
DEBUG: ran git merge 346be46cba383f22de5fb5b010c1f1a7a5bd4f13 in 
Merged SHA 54f8322bfcf621de7cf996481d803705fa67fdde with commit message 'Merge commit '346be46cba383f22de5fb5b010c1f1a7a5bd4f13'' into base branch master
Merged SHA 346be46cba383f22de5fb5b010c1f1a7a5bd4f13 with commit message 'change entrypoint of backend' into base branch master
Merged SHA 84f50517b85383f6355a10bd16a77892ede1416b with commit message 'try something reaaaally weird..' into base branch master
Merged SHA 7a7ef9e05896a90f4b6612ba61d605b298e8ece8 with commit message 'log password in dockerfile' into base branch master
Merged SHA bf800454ad8032d6a319f910a4bf3111712ca2b1 with commit message 'remove custom secret' into base branch master
Merged SHA 82f65e066f134353bdf62d27a2ea1843e949d3f7 with commit message 'add space to deployment.yaml' into base branch master
Merged SHA 6dcadd6fd593530acb1b553cf92cc9c2080a8234 with commit message 'try again with self created secret' into base branch master
Merged SHA fb1d4d95362534477756a3374232f2494095a992 with commit message 'remove db-password from deployment.yaml' into base branch master
Merged SHA afcaf4aa9e26a4a1d8b47b903ec3fc624ae81496 with commit message 'fix mistake in values.yaml' into base branch master
Merged SHA d42f4f398f1fbc11d7827964cac0e80c93a1a0eb with commit message 'try again with generated secret' into base branch master
Merged SHA 0d5a3a0539e94e54372cdacfeb98684fb862c35f with commit message 'read secert in values.yaml' into base branch master
Merged SHA 87ab7b4c6f80b8af7fd30d682df1cdc282ee054b with commit message 'add secret.yaml' into base branch master
Merged SHA 55586109ce5fb7a1d27314e99edfc7d9d4e9beb8 with commit message 'add new secret and try to read from it' into base branch master
Merged SHA 9850ff39dc52d1f46557c6cb96a7722a9945a805 with commit message 'Change wrong name' into base branch master
Merged SHA 1dd933d953a114fa8f4ce245c34cb8f3cbb27205 with commit message 'Add postgresql password to deployment.yaml' into base branch master
Merged SHA 8eaf04724065941d5087e06aa231f7879ff12875 with commit message 'add host' into base branch master
Merged SHA 7940f6f7f575c143346f54f8cac08e6452be981d with commit message 'get db password from secret (again 2x)' into base branch master

Showing logs for build [32mdevopscamp2019-lunchup-backend-gmrj4-1[0m stage [32mfrom-build-pack[0m and container [32mstep-build-container-build[0m
[36mINFO[0m[0000] Downloading base image mcr.microsoft.com/dotnet/core/aspnet:3.0-buster-slim 
ERROR: logging before flag.Parse: E1108 08:31:48.198881       9 metadata.go:142] while reading 'google-dockercfg' metadata: http status code: 404 while fetching url http://metadata.google.internal./computeMetadata/v1/instance/attributes/google-dockercfg
ERROR: logging before flag.Parse: E1108 08:31:48.201846       9 metadata.go:159] while reading 'google-dockercfg-url' metadata: http status code: 404 while fetching url http://metadata.google.internal./computeMetadata/v1/instance/attributes/google-dockercfg-url
2019/11/08 08:31:48 No matching credentials were found, falling back on anonymous
[36mINFO[0m[0000] Error while retrieving image from cache: getting file info: stat /workspace/sha256:803b70d9de2c57a168af4cc7d44e77a9c0591b49ce2af73d50c344aa22048eda: no such file or directory 
[36mINFO[0m[0000] Downloading base image mcr.microsoft.com/dotnet/core/aspnet:3.0-buster-slim 
2019/11/08 08:31:49 No matching credentials were found, falling back on anonymous
[36mINFO[0m[0002] cmd: EXPOSE                                  
[36mINFO[0m[0002] Adding exposed port: 80/tcp                  
[36mINFO[0m[0002] cmd: EXPOSE                                  
[36mINFO[0m[0002] Adding exposed port: 443/tcp                 
[36mINFO[0m[0002] Skipping unpacking as no commands require it. 
[36mINFO[0m[0002] Taking snapshot of full filesystem...        
[36mINFO[0m[0002] ENV COMPlus_EnableDiagnostics=0              
[36mINFO[0m[0002] No files changed in this command, skipping snapshotting. 
[36mINFO[0m[0002] WORKDIR /app                                 
[36mINFO[0m[0002] cmd: workdir                                 
[36mINFO[0m[0002] Changed working directory to /app            
[36mINFO[0m[0002] Creating directory /app                      
[36mINFO[0m[0002] Taking snapshot of files...                  
[36mINFO[0m[0002] EXPOSE 80                                    
[36mINFO[0m[0002] cmd: EXPOSE                                  
[36mINFO[0m[0002] Adding exposed port: 80/tcp                  
[36mINFO[0m[0002] No files changed in this command, skipping snapshotting. 
[36mINFO[0m[0002] EXPOSE 443                                   
[36mINFO[0m[0002] cmd: EXPOSE                                  
[36mINFO[0m[0002] Adding exposed port: 443/tcp                 
[36mINFO[0m[0002] No files changed in this command, skipping snapshotting. 
[36mINFO[0m[0002] Storing source image from stage 0 at path /kaniko/stages/0 
[36mINFO[0m[0024] Deleting filesystem...                       
[36mINFO[0m[0024] Downloading base image mcr.microsoft.com/dotnet/core/sdk:3.0-buster 
2019/11/08 08:32:12 No matching credentials were found, falling back on anonymous
[36mINFO[0m[0025] Error while retrieving image from cache: getting file info: stat /workspace/sha256:65c0187e27b42bc45ea5ef98226c7ef37d1b706e10031ddce377bf6da3dcd9aa: no such file or directory 
[36mINFO[0m[0025] Downloading base image mcr.microsoft.com/dotnet/core/sdk:3.0-buster 
2019/11/08 08:32:13 No matching credentials were found, falling back on anonymous
[36mINFO[0m[0025] Using files from context: [/workspace/source/src/LunchUp.Backend] 
[36mINFO[0m[0026] Checking for cached layer gcr.io/deliverymachine/cache:cc2c46787e9abde65d4ddce9feed6c6ea8d841b94d57b417fb39bfbd63c7d558... 
[36mINFO[0m[0027] Using caching version of cmd: RUN dotnet restore "LunchUp.Backend/LunchUp.Backend.sln" 
[36mINFO[0m[0027] Using files from context: [/workspace/source] 
[36mINFO[0m[0028] Checking for cached layer gcr.io/deliverymachine/cache:c4fd218ebdea4284e0596eb0f39039b73f8767174fa41e56476bfbbc98cbcf79... 
[36mINFO[0m[0028] No cached layer found for cmd RUN dotnet test 
[36mINFO[0m[0028] Unpacking rootfs as cmd RUN dotnet test requires it. 
[36mINFO[0m[0056] Taking snapshot of full filesystem...        
[36mINFO[0m[0065] ENV COMPlus_EnableDiagnostics=0              
[36mINFO[0m[0065] No files changed in this command, skipping snapshotting. 
[36mINFO[0m[0065] WORKDIR /src                                 
[36mINFO[0m[0065] cmd: workdir                                 
[36mINFO[0m[0065] Changed working directory to /src            
[36mINFO[0m[0065] Creating directory /src                      
[36mINFO[0m[0065] Taking snapshot of files...                  
[36mINFO[0m[0065] Using files from context: [/workspace/source/src/LunchUp.Backend] 
[36mINFO[0m[0065] COPY ["src/LunchUp.Backend/", "LunchUp.Backend/"] 
[36mINFO[0m[0065] Taking snapshot of files...                  
[36mINFO[0m[0065] RUN dotnet restore "LunchUp.Backend/LunchUp.Backend.sln" 
[36mINFO[0m[0065] Found cached layer, extracting to filesystem 
[36mINFO[0m[0093] Taking snapshot of files...                  
[36mINFO[0m[0107] Using files from context: [/workspace/source] 
[36mINFO[0m[0108] COPY . .                                     
[36mINFO[0m[0108] Taking snapshot of files...                  
[36mINFO[0m[0108] WORKDIR "/src/LunchUp.Backend"               
[36mINFO[0m[0108] cmd: workdir                                 
[36mINFO[0m[0108] Changed working directory to /src/LunchUp.Backend 
[36mINFO[0m[0108] No files changed in this command, skipping snapshotting. 
[36mINFO[0m[0108] RUN dotnet test                              
[36mINFO[0m[0108] cmd: /bin/sh                                 
[36mINFO[0m[0108] args: [-c dotnet test]                       
Test run for /src/LunchUp.Backend/LunchUp.Test/bin/Debug/netcoreapp3.0/LunchUp.Test.dll(.NETCoreApp,Version=v3.0)
Microsoft (R) Test Execution Command Line Tool Version 16.3.0
Copyright (c) Microsoft Corporation.  All rights reserved.

Starting test execution, please wait...

A total of 1 test files matched the specified pattern.

Test Run Successful.
Total tests: 10
     Passed: 10
 Total time: 10.0204 Seconds
[36mINFO[0m[0139] Taking snapshot of full filesystem...        
[36mINFO[0m[0351] ignoring socket g+DM1dBf3hsd22AO8JuBabg4ChjyflqwMaiOYpIurSs, not adding to tar 
[36mINFO[0m[0351] ignoring socket dotnet-diagnostic-94-5327989-socket, not adding to tar 
[36mINFO[0m[0354] RUN dotnet build "LunchUp.WebHost/LunchUp.WebHost.csproj" -c Release -o /app/build 
[36mINFO[0m[0354] cmd: /bin/sh                                 
[36mINFO[0m[0354] args: [-c dotnet build "LunchUp.WebHost/LunchUp.WebHost.csproj" -c Release -o /app/build] 
[36mINFO[0m[0354] Pushing layer gcr.io/deliverymachine/cache:c4fd218ebdea4284e0596eb0f39039b73f8767174fa41e56476bfbbc98cbcf79 to cache now 
Microsoft (R) Build Engine version 16.3.0+0f4c62fea for .NET Core
Copyright (C) Microsoft Corporation. All rights reserved.

  Restore completed in 47.95 ms for /src/LunchUp.Backend/LunchUp.Core/LunchUp.Core.csproj.
  Restore completed in 40.03 ms for /src/LunchUp.Backend/LunchUp.Model/LunchUp.Model.csproj.
  Restore completed in 5.78 ms for /src/LunchUp.Backend/LunchUp.WebHost/LunchUp.WebHost.csproj.
2019/11/08 08:37:47 pushed blob: sha256:50a2a7e59285fd6c3f9f1f21e40256cfb2e387d25571c9296a05e11cb74d1736
  LunchUp.Model -> /app/build/LunchUp.Model.dll
  LunchUp.Core -> /app/build/LunchUp.Core.dll
2019/11/08 08:37:52 pushed blob: sha256:c60c93358bb0d2e85d0e094292e53478e8fce0c9adc69946d740e0c05527ec0d
  LunchUp.WebHost -> /app/build/LunchUp.WebHost.dll

Build succeeded.
    0 Warning(s)
    0 Error(s)

Time Elapsed 00:00:09.60
[36mINFO[0m[0365] Taking snapshot of full filesystem...        
[36mINFO[0m[0365] Adding whiteout for /tmp/VBCSCompiler/AnalyzerAssemblyLoader/627135553a424fc0b4ac0c2107b2bee8 
[36mINFO[0m[0365] Adding whiteout for /tmp/.dotnet/shm/session1/627135553a424fc0b4ac0c2107b2bee8 
2019/11/08 08:37:54 gcr.io/deliverymachine/cache:c4fd218ebdea4284e0596eb0f39039b73f8767174fa41e56476bfbbc98cbcf79: digest: sha256:eec27487e934e6c6a6f4d3721e6e976011f6dd58199b410d5c6da50b5d648893 size: 429
[36mINFO[0m[0412] ignoring socket dotnet-diagnostic-205-5352180-socket, not adding to tar 
[36mINFO[0m[0412] ignoring socket g+DM1dBf3hsd22AO8JuBabg4ChjyflqwMaiOYpIurSs, not adding to tar 
[36mINFO[0m[0412] ignoring socket dotnet-diagnostic-231-5352536-socket, not adding to tar 
[36mINFO[0m[0415] Pushing layer gcr.io/deliverymachine/cache:fa1b34b5aa6e986d1c039d62de435763deac24aa06b1b41ffa0d1a8d51cd401d to cache now 
2019/11/08 08:38:47 pushed blob: sha256:99a593c6496219c6cceaa71a0817dcd01287cb0515dc63dba215a0d3cb10537c
2019/11/08 08:38:51 pushed blob: sha256:0369a30b14be28c2cf77a6ce6ffa2f459f901aa0cbb6171a7c5f81ce182d58fb
2019/11/08 08:38:52 gcr.io/deliverymachine/cache:fa1b34b5aa6e986d1c039d62de435763deac24aa06b1b41ffa0d1a8d51cd401d: digest: sha256:5546790639ed1a89a0cf6e6fff2dded4e138fac26039a25d33e71497bff033cd size: 429
[36mINFO[0m[0424] Storing source image from stage 1 at path /kaniko/stages/1 
[36mINFO[0m[0503] Deleting filesystem...                       
[36mINFO[0m[0508] Base image from previous stage 1 found, using saved tar at path /kaniko/stages/1 
[36mINFO[0m[0511] Checking for cached layer gcr.io/deliverymachine/cache:485a5544a5ad1e3d0565322cc571c0c23f0dc292d322a0c3c8f154d86862176b... 
[36mINFO[0m[0511] No cached layer found for cmd RUN dotnet publish "LunchUp.WebHost/LunchUp.WebHost.csproj" -c Release -o /app/publish 
[36mINFO[0m[0511] Unpacking rootfs as cmd RUN dotnet publish "LunchUp.WebHost/LunchUp.WebHost.csproj" -c Release -o /app/publish requires it. 
[36mINFO[0m[0531] Taking snapshot of full filesystem...        
[36mINFO[0m[0545] RUN dotnet publish "LunchUp.WebHost/LunchUp.WebHost.csproj" -c Release -o /app/publish 
[36mINFO[0m[0545] cmd: /bin/sh                                 
[36mINFO[0m[0545] args: [-c dotnet publish "LunchUp.WebHost/LunchUp.WebHost.csproj" -c Release -o /app/publish] 
Microsoft (R) Build Engine version 16.3.0+0f4c62fea for .NET Core
Copyright (C) Microsoft Corporation. All rights reserved.

  Restore completed in 27.53 ms for /src/LunchUp.Backend/LunchUp.Model/LunchUp.Model.csproj.
  Restore completed in 28.92 ms for /src/LunchUp.Backend/LunchUp.Core/LunchUp.Core.csproj.
  Restore completed in 3.89 ms for /src/LunchUp.Backend/LunchUp.WebHost/LunchUp.WebHost.csproj.
  LunchUp.Model -> /src/LunchUp.Backend/LunchUp.Model/bin/Release/netcoreapp3.0/LunchUp.Model.dll
  LunchUp.Core -> /src/LunchUp.Backend/LunchUp.Core/bin/Release/netcoreapp3.0/LunchUp.Core.dll
  LunchUp.WebHost -> /src/LunchUp.Backend/LunchUp.WebHost/bin/Release/netcoreapp3.0/LunchUp.WebHost.dll
  LunchUp.WebHost -> /app/publish/
[36mINFO[0m[0550] Taking snapshot of full filesystem...        
[36mINFO[0m[0556] ignoring socket dotnet-diagnostic-303-5371267-socket, not adding to tar 
[36mINFO[0m[0558] Pushing layer gcr.io/deliverymachine/cache:485a5544a5ad1e3d0565322cc571c0c23f0dc292d322a0c3c8f154d86862176b to cache now 
2019/11/08 08:41:10 pushed blob: sha256:6f1f5988c0829a40e10d183f2bc5ff2e0c165ab1d7cc1bac5c59b61bd8dc885b
2019/11/08 08:41:14 pushed blob: sha256:0c3d2c6cb770910e6f9322b8b5dd078c809f6d161ad073621d3a3a069b4a5437
2019/11/08 08:41:15 gcr.io/deliverymachine/cache:485a5544a5ad1e3d0565322cc571c0c23f0dc292d322a0c3c8f154d86862176b: digest: sha256:48ba45dfce582f03380110299cc0c03b783a526fb5c41302a89cfaf7f5d6d937 size: 429
[36mINFO[0m[0567] Storing source image from stage 2 at path /kaniko/stages/2 
[36mINFO[0m[0608] Deleting filesystem...                       
[36mINFO[0m[0611] Base image from previous stage 0 found, using saved tar at path /kaniko/stages/0 
[36mINFO[0m[0612] Skipping unpacking as no commands require it. 
[36mINFO[0m[0612] Taking snapshot of full filesystem...        
[36mINFO[0m[0612] WORKDIR /app                                 
[36mINFO[0m[0612] cmd: workdir                                 
[36mINFO[0m[0612] Changed working directory to /app            
[36mINFO[0m[0612] Creating directory /app                      
[36mINFO[0m[0612] Taking snapshot of files...                  
[36mINFO[0m[0612] COPY --from=publish /app/publish .           
[36mINFO[0m[0613] Taking snapshot of files...                  
[36mINFO[0m[0614] ENTRYPOINT ["env"]                           
[36mINFO[0m[0614] No files changed in this command, skipping snapshotting. 
2019/11/08 08:42:02 existing blob: sha256:8d691f585fa8cec0eba196be460cfaffd69939782d6162986c3e0c5225d54f02
2019/11/08 08:42:02 existing blob: sha256:7a6b64767b0b4ec3bb235712bc93f6cada4812dbfec432d98ca9c485f9ce2ea8
2019/11/08 08:42:02 existing blob: sha256:a9e6ceefc5a08dc7b1b04a1105c47e00e9340349177009bc8926571ee8a39204
2019/11/08 08:42:02 existing blob: sha256:68f6aee67b9130df079abf2476334ad9474e116c69efedd19e272bbff3643971
2019/11/08 08:42:02 existing blob: sha256:9526604e089d8d4aa947f34e52a14ac8793232dd181022932f3c15291c5cd3af
2019/11/08 08:42:06 pushed blob: sha256:5d81d6c2079c2b4df82fdcb19e6db4a1971c506691aa67b32aeabaad18a8dd69
2019/11/08 08:42:06 pushed blob: sha256:cae7d44735eafc0d7f5721eab2927e98b138ef5971e59e38f63111f6cdebc3a5
2019/11/08 08:42:06 pushed blob: sha256:b053d8aa3f74cc6ef529c799815f5140edb633770f6014a119e33353d8a12147
2019/11/08 08:42:08 pushed blob: sha256:f1014d10c9648ad0441b1a828bcaf2926dd54b420feab3a174cb3729c506ea48
2019/11/08 08:42:10 gcr.io/deliverymachine/lunchup-backend:0.0.0-SNAPSHOT-PR-7-1: digest: sha256:cd3439c1070d558be0a9ec762c16d89396f54e8bb6412bea758c4e6c79a2993e size: 1572

Showing logs for build [32mdevopscamp2019-lunchup-backend-gmrj4-1[0m stage [32mfrom-build-pack[0m and container [32mstep-postbuild-post-build[0m
no CVE provider running in the current ** namespace so skip adding image to be analysed

Showing logs for build [32mdevopscamp2019-lunchup-backend-gmrj4-1[0m stage [32mfrom-build-pack[0m and container [32mstep-promote-make-preview[0m
sed -i -e "s/version:.*/version: 0.0.0-SNAPSHOT-PR-7-1/" Chart.yaml
sed -i -e "s/version:.*/version: 0.0.0-SNAPSHOT-PR-7-1/" ../*/Chart.yaml
sed -i -e "s|repository:.*|repository: gcr.io\/deliverymachine\/lunchup-backend|" values.yaml
sed -i -e "s/tag:.*/tag: 0.0.0-SNAPSHOT-PR-7-1/" values.yaml
sed -i -e "s/tag:.*/tag: 0.0.0-SNAPSHOT-PR-7-1/" values.yaml
pwd
/workspace/source/charts/preview
ls
Chart.yaml
Makefile
requirements.yaml
templates
values.yaml
ls ..
lunchup-backend
preview
echo "  version: 0.0.0-SNAPSHOT-PR-7-1" >> requirements.yaml
** step helm build
WARNING: No $CHART_REPOSITORY defined so using the default value of: http://jenkins-x-chartmuseum:8080
Adding missing Helm repo: storage.googleapis.com https://storage.googleapis.com/chartmuseum.jenkins-x.io
Successfully added Helm repository storage.googleapis.com.
Adding missing Helm repo: jenkins-x-chartmuseum http://jenkins-x-chartmuseum:8080
Successfully added Helm repository jenkins-x-chartmuseum.
WARNING: No $CHART_REPOSITORY defined so using the default value of: http://jenkins-x-chartmuseum:8080
Adding missing Helm repo: chartmuseum.jenkins-x.io http://chartmuseum.jenkins-x.io
Successfully added Helm repository chartmuseum.jenkins-x.io.

Showing logs for build [32mdevopscamp2019-lunchup-backend-gmrj4-1[0m stage [32mfrom-build-pack[0m and container [32mstep-promote-jx-preview[0m
Creating a preview
Commit author email is empty for: 7940f6f7f575c143346f54f8cac08e6452be981d
Looking for commits in: /workspace/source/
Commit author email is empty for: 8eaf04724065941d5087e06aa231f7879ff12875
Looking for commits in: /workspace/source/
Commit author email is empty for: 1dd933d953a114fa8f4ce245c34cb8f3cbb27205
Looking for commits in: /workspace/source/
Commit author email is empty for: 9850ff39dc52d1f46557c6cb96a7722a9945a805
Looking for commits in: /workspace/source/
Commit author email is empty for: 55586109ce5fb7a1d27314e99edfc7d9d4e9beb8
Looking for commits in: /workspace/source/
Commit author email is empty for: 87ab7b4c6f80b8af7fd30d682df1cdc282ee054b
Looking for commits in: /workspace/source/
Commit author email is empty for: 0d5a3a0539e94e54372cdacfeb98684fb862c35f
Looking for commits in: /workspace/source/
Commit author email is empty for: d42f4f398f1fbc11d7827964cac0e80c93a1a0eb
Looking for commits in: /workspace/source/
Commit author email is empty for: afcaf4aa9e26a4a1d8b47b903ec3fc624ae81496
Looking for commits in: /workspace/source/
Commit author email is empty for: fb1d4d95362534477756a3374232f2494095a992
Looking for commits in: /workspace/source/
Commit author email is empty for: 6dcadd6fd593530acb1b553cf92cc9c2080a8234
Looking for commits in: /workspace/source/
Commit author email is empty for: 82f65e066f134353bdf62d27a2ea1843e949d3f7
Looking for commits in: /workspace/source/
Commit author email is empty for: bf800454ad8032d6a319f910a4bf3111712ca2b1
Looking for commits in: /workspace/source/
Commit author email is empty for: 7a7ef9e05896a90f4b6612ba61d605b298e8ece8
Looking for commits in: /workspace/source/
Commit author email is empty for: 84f50517b85383f6355a10bd16a77892ede1416b
Looking for commits in: /workspace/source/
Commit author email is empty for: 346be46cba383f22de5fb5b010c1f1a7a5bd4f13
Looking for commits in: /workspace/source/
Found commit author match for: valkyrjaa with email address: tuana1998@hotmail.de
Created environment devopscamp2019-lunchup-backend-pr-7
Namespace **-devopscamp2019-lunchup-backend-pr-7 created 
expose:
  Annotations:
    helm.sh/hook: post-install,post-upgrade
    helm.sh/hook-delete-policy: hook-succeeded
  config:
    domain: 34.65.159.81.nip.io
    exposer: Ingress
    http: "true"
preview:
  image:
    repository: gcr.io/deliverymachine/LunchUp-Backend
    tag: 0.0.0-SNAPSHOT-PR-7-1
Cloning the Jenkins X versions repo https://github.com/jenkins-x/jenkins-x-versions.git with ref refs/heads/master to /builder/home/.**/jenkins-x-versions


WARNING: Could not find the service URL in namespace **-devopscamp2019-lunchup-backend-pr-7 for names LunchUp-Backend, preview, **-devopscamp2019-lunchup-backend-pr-7-preview, preview-LunchUp-Backend: the server could not find the requested resource (get services.serving.knative.dev preview-LunchUp-Backend)
Updating PipelineActivities devopscamp2019-lunchup-backend-pr-7-1 which has status Running
WARNING: Failed to find the service LunchUp-Backend : failed to find service LunchUp-Backend in namespace **-devopscamp2019-lunchup-backend-pr-7: services "LunchUp-Backend" not found
