
Showing logs for build [32mdevopscamp2019-lunchup-backend-gc6fg-2[0m stage [32mfrom-build-pack[0m and container [32mstep-credential-initializer-wjcqb[0m
{"level":"warn","ts":1573203151.3526056,"logger":"fallback-logger","caller":"logging/config.go:69","msg":"Fetch GitHub commit ID from kodata failed: \"ref: refs/heads/master\" is not a valid GitHub commit ID"}
{"level":"info","ts":1573203151.3533356,"logger":"fallback-logger","caller":"creds-init/main.go:40","msg":"Credentials initialized."}

Showing logs for build [32mdevopscamp2019-lunchup-backend-gc6fg-2[0m stage [32mfrom-build-pack[0m and container [32mstep-working-dir-initializer-hjw74[0m
{"level":"warn","ts":1573203153.5329185,"logger":"fallback-logger","caller":"logging/config.go:69","msg":"Fetch GitHub commit ID from kodata failed: open /var/run/ko/HEAD: no such file or directory"}
{"level":"info","ts":1573203153.5375297,"logger":"fallback-logger","caller":"bash/main.go:65","msg":"Successfully executed command \"mkdir -p /workspace/source\""}

Showing logs for build [32mdevopscamp2019-lunchup-backend-gc6fg-2[0m stage [32mfrom-build-pack[0m and container [32mstep-place-tools[0m

Showing logs for build [32mdevopscamp2019-lunchup-backend-gc6fg-2[0m stage [32mfrom-build-pack[0m and container [32mstep-git-source-devopscamp2019-lunchup-backend-46wsl[0m
{"level":"warn","ts":1573203162.764115,"logger":"fallback-logger","caller":"logging/config.go:69","msg":"Fetch GitHub commit ID from kodata failed: \"ref: refs/heads/master\" is not a valid GitHub commit ID"}
{"level":"info","ts":1573203164.153503,"logger":"fallback-logger","caller":"git/git.go:102","msg":"Successfully cloned https://github.com/DevOpsCamp2019/LunchUp-Backend.git @ master in path /workspace/source"}

Showing logs for build [32mdevopscamp2019-lunchup-backend-gc6fg-2[0m stage [32mfrom-build-pack[0m and container [32mstep-git-merge[0m
Using SHAs from PULL_REFS=master:2928e9f351005c9d464fbe8ad202eecb29dfc5bc,7:555f9c37738a30af3895bfced84c9c949c7eb428
DEBUG: ran git fetch --unshallow origin 555f9c37738a30af3895bfced84c9c949c7eb428: 2928e9f351005c9d464fbe8ad202eecb29dfc5bc: in 
DEBUG: ran git checkout master in 
DEBUG: ran git reset --hard 2928e9f351005c9d464fbe8ad202eecb29dfc5bc in 
DEBUG: ran clean --force -d . in 
DEBUG: ran git merge 555f9c37738a30af3895bfced84c9c949c7eb428 in 
Merged SHA 6462f6fc60bc002ecfa3888c2e9b594fbc122e3b with commit message 'Merge commit '555f9c37738a30af3895bfced84c9c949c7eb428'' into base branch master
Merged SHA 555f9c37738a30af3895bfced84c9c949c7eb428 with commit message 'read password from secret' into base branch master
Merged SHA 346be46cba383f22de5fb5b010c1f1a7a5bd4f13 with commit message 'change entrypoint of backend' into base branch master
Merged SHA 84f50517b85383f6355a10bd16a77892ede1416b with commit message 'try something reaaaally weird..' into base branch master
Merged SHA 7a7ef9e05896a90f4b6612ba61d605b298e8ece8 with commit message 'log password in dockerfile' into base branch master
Merged SHA bf800454ad8032d6a319f910a4bf3111712ca2b1 with commit message 'remove custom secret' into base branch master
Merged SHA 82f65e066f134353bdf62d27a2ea1843e949d3f7 with commit message 'add space to deployment.yaml' into base branch master
Merged SHA 6dcadd6fd593530acb1b553cf92cc9c2080a8234 with commit message 'try again with self created secret' into base branch master
Merged SHA fb1d4d95362534477756a3374232f2494095a992 with commit message 'remove db-password from deployment.yaml' into base branch master
Merged SHA afcaf4aa9e26a4a1d8b47b903ec3fc624ae81496 with commit message 'fix mistake in values.yaml' into base branch master
Merged SHA d42f4f398f1fbc11d7827964cac0e80c93a1a0eb with commit message 'try again with generated secret' into base branch master
Merged SHA 0d5a3a0539e94e54372cdacfeb98684fb862c35f with commit message 'read secert in values.yaml' into base branch master
Merged SHA 87ab7b4c6f80b8af7fd30d682df1cdc282ee054b with commit message 'add secret.yaml' into base branch master
Merged SHA 55586109ce5fb7a1d27314e99edfc7d9d4e9beb8 with commit message 'add new secret and try to read from it' into base branch master
Merged SHA 9850ff39dc52d1f46557c6cb96a7722a9945a805 with commit message 'Change wrong name' into base branch master
Merged SHA 1dd933d953a114fa8f4ce245c34cb8f3cbb27205 with commit message 'Add postgresql password to deployment.yaml' into base branch master
Merged SHA 8eaf04724065941d5087e06aa231f7879ff12875 with commit message 'add host' into base branch master
Merged SHA 7940f6f7f575c143346f54f8cac08e6452be981d with commit message 'get db password from secret (again 2x)' into base branch master

Showing logs for build [32mdevopscamp2019-lunchup-backend-gc6fg-2[0m stage [32mfrom-build-pack[0m and container [32mstep-build-container-build[0m
[36mINFO[0m[0000] Downloading base image mcr.microsoft.com/dotnet/core/aspnet:3.0-buster-slim 
ERROR: logging before flag.Parse: E1108 08:52:51.070624      10 metadata.go:142] while reading 'google-dockercfg' metadata: http status code: 404 while fetching url http://metadata.google.internal./computeMetadata/v1/instance/attributes/google-dockercfg
ERROR: logging before flag.Parse: E1108 08:52:51.074253      10 metadata.go:159] while reading 'google-dockercfg-url' metadata: http status code: 404 while fetching url http://metadata.google.internal./computeMetadata/v1/instance/attributes/google-dockercfg-url
2019/11/08 08:52:51 No matching credentials were found, falling back on anonymous
[36mINFO[0m[0001] Error while retrieving image from cache: getting file info: stat /workspace/sha256:803b70d9de2c57a168af4cc7d44e77a9c0591b49ce2af73d50c344aa22048eda: no such file or directory 
[36mINFO[0m[0001] Downloading base image mcr.microsoft.com/dotnet/core/aspnet:3.0-buster-slim 
2019/11/08 08:52:52 No matching credentials were found, falling back on anonymous
[36mINFO[0m[0002] cmd: EXPOSE                                  
[36mINFO[0m[0002] Adding exposed port: 80/tcp                  
[36mINFO[0m[0002] cmd: EXPOSE                                  
[36mINFO[0m[0002] Adding exposed port: 443/tcp                 
[36mINFO[0m[0002] Skipping unpacking as no commands require it. 
[36mINFO[0m[0002] Taking snapshot of full filesystem...        
[36mINFO[0m[0003] ENV COMPlus_EnableDiagnostics=0              
[36mINFO[0m[0003] No files changed in this command, skipping snapshotting. 
[36mINFO[0m[0003] WORKDIR /app                                 
[36mINFO[0m[0003] cmd: workdir                                 
[36mINFO[0m[0003] Changed working directory to /app            
[36mINFO[0m[0003] Creating directory /app                      
[36mINFO[0m[0003] Taking snapshot of files...                  
[36mINFO[0m[0003] EXPOSE 80                                    
[36mINFO[0m[0003] cmd: EXPOSE                                  
[36mINFO[0m[0003] Adding exposed port: 80/tcp                  
[36mINFO[0m[0003] No files changed in this command, skipping snapshotting. 
[36mINFO[0m[0003] EXPOSE 443                                   
[36mINFO[0m[0003] cmd: EXPOSE                                  
[36mINFO[0m[0003] Adding exposed port: 443/tcp                 
[36mINFO[0m[0003] No files changed in this command, skipping snapshotting. 
[36mINFO[0m[0003] Storing source image from stage 0 at path /kaniko/stages/0 
[36mINFO[0m[0036] Deleting filesystem...                       
[36mINFO[0m[0036] Downloading base image mcr.microsoft.com/dotnet/core/sdk:3.0-buster 
2019/11/08 08:53:27 No matching credentials were found, falling back on anonymous
[36mINFO[0m[0037] Error while retrieving image from cache: getting file info: stat /workspace/sha256:65c0187e27b42bc45ea5ef98226c7ef37d1b706e10031ddce377bf6da3dcd9aa: no such file or directory 
[36mINFO[0m[0037] Downloading base image mcr.microsoft.com/dotnet/core/sdk:3.0-buster 
2019/11/08 08:53:28 No matching credentials were found, falling back on anonymous
[36mINFO[0m[0038] Using files from context: [/workspace/source/src/LunchUp.Backend] 
[36mINFO[0m[0038] Checking for cached layer gcr.io/deliverymachine/cache:cc2c46787e9abde65d4ddce9feed6c6ea8d841b94d57b417fb39bfbd63c7d558... 
[36mINFO[0m[0038] Using caching version of cmd: RUN dotnet restore "LunchUp.Backend/LunchUp.Backend.sln" 
[36mINFO[0m[0038] Using files from context: [/workspace/source] 
[36mINFO[0m[0039] Checking for cached layer gcr.io/deliverymachine/cache:bf416cc5540ea31e59c21b4cf7f132e7850cd0cb7c79cdc7fb9f0e2b8923ea25... 
[36mINFO[0m[0039] No cached layer found for cmd RUN dotnet test 
[36mINFO[0m[0039] Unpacking rootfs as cmd RUN dotnet test requires it. 
[36mINFO[0m[0135] Taking snapshot of full filesystem...        
[36mINFO[0m[0253] ENV COMPlus_EnableDiagnostics=0              
[36mINFO[0m[0253] No files changed in this command, skipping snapshotting. 
[36mINFO[0m[0253] WORKDIR /src                                 
[36mINFO[0m[0253] cmd: workdir                                 
[36mINFO[0m[0253] Changed working directory to /src            
[36mINFO[0m[0253] Creating directory /src                      
[36mINFO[0m[0253] Taking snapshot of files...                  
[36mINFO[0m[0253] Using files from context: [/workspace/source/src/LunchUp.Backend] 
[36mINFO[0m[0254] COPY ["src/LunchUp.Backend/", "LunchUp.Backend/"] 
[36mINFO[0m[0254] Taking snapshot of files...                  
[36mINFO[0m[0254] RUN dotnet restore "LunchUp.Backend/LunchUp.Backend.sln" 
[36mINFO[0m[0254] Found cached layer, extracting to filesystem 
[36mINFO[0m[0283] Taking snapshot of files...                  
[36mINFO[0m[0354] Using files from context: [/workspace/source] 
[36mINFO[0m[0354] COPY . .                                     
[36mINFO[0m[0354] Taking snapshot of files...                  
[36mINFO[0m[0354] WORKDIR "/src/LunchUp.Backend"               
[36mINFO[0m[0354] cmd: workdir                                 
[36mINFO[0m[0354] Changed working directory to /src/LunchUp.Backend 
[36mINFO[0m[0354] No files changed in this command, skipping snapshotting. 
[36mINFO[0m[0354] RUN dotnet test                              
[36mINFO[0m[0354] cmd: /bin/sh                                 
[36mINFO[0m[0354] args: [-c dotnet test]                       
Test run for /src/LunchUp.Backend/LunchUp.Test/bin/Debug/netcoreapp3.0/LunchUp.Test.dll(.NETCoreApp,Version=v3.0)
Microsoft (R) Test Execution Command Line Tool Version 16.3.0
Copyright (c) Microsoft Corporation.  All rights reserved.

Starting test execution, please wait...

A total of 1 test files matched the specified pattern.

Test Run Successful.
Total tests: 10
     Passed: 10
 Total time: 8.7943 Seconds
[36mINFO[0m[0399] Taking snapshot of full filesystem...        
[36mINFO[0m[0520] ignoring socket g+DM1dBf3hsd22AO8JuBabg4ChjyflqwMaiOYpIurSs, not adding to tar 
[36mINFO[0m[0522] ignoring socket dotnet-diagnostic-103-5480022-socket, not adding to tar 
[36mINFO[0m[0522] ignoring socket dotnet-diagnostic-69-5479128-socket, not adding to tar 
[36mINFO[0m[0526] Pushing layer gcr.io/deliverymachine/cache:bf416cc5540ea31e59c21b4cf7f132e7850cd0cb7c79cdc7fb9f0e2b8923ea25 to cache now 
[36mINFO[0m[0527] RUN dotnet build "LunchUp.WebHost/LunchUp.WebHost.csproj" -c Release -o /app/build 
[36mINFO[0m[0527] cmd: /bin/sh                                 
[36mINFO[0m[0527] args: [-c dotnet build "LunchUp.WebHost/LunchUp.WebHost.csproj" -c Release -o /app/build] 
Microsoft (R) Build Engine version 16.3.0+0f4c62fea for .NET Core
Copyright (C) Microsoft Corporation. All rights reserved.

  Restore completed in 51.81 ms for /src/LunchUp.Backend/LunchUp.Core/LunchUp.Core.csproj.
  Restore completed in 46.45 ms for /src/LunchUp.Backend/LunchUp.Model/LunchUp.Model.csproj.
  Restore completed in 5.78 ms for /src/LunchUp.Backend/LunchUp.WebHost/LunchUp.WebHost.csproj.
2019/11/08 09:01:42 pushed blob: sha256:e08c8f05fa70279cdda825a474e68ff50c8debcdc84fdab586b13b0668d9eceb
  LunchUp.Model -> /app/build/LunchUp.Model.dll
  LunchUp.Core -> /app/build/LunchUp.Core.dll
2019/11/08 09:01:49 pushed blob: sha256:204e7faa16b2ff549428ee2bf800b413af9068971e089302b2f2abb07d59d424
2019/11/08 09:01:50 gcr.io/deliverymachine/cache:bf416cc5540ea31e59c21b4cf7f132e7850cd0cb7c79cdc7fb9f0e2b8923ea25: digest: sha256:b42c6cba8a9816fb2f767f89b3af03eb45b063f3d1fd9c8b2feaf1df7841e2ca size: 429
  LunchUp.WebHost -> /app/build/LunchUp.WebHost.dll

Build succeeded.
    0 Warning(s)
    0 Error(s)

Time Elapsed 00:00:15.27
[36mINFO[0m[0543] Taking snapshot of full filesystem...        
[36mINFO[0m[0543] Adding whiteout for /tmp/VBCSCompiler/AnalyzerAssemblyLoader/f7b3735c758445cb996d2c1d27509ec4 
[36mINFO[0m[0543] Adding whiteout for /tmp/.dotnet/shm/session1/f7b3735c758445cb996d2c1d27509ec4 
[36mINFO[0m[0604] ignoring socket g+DM1dBf3hsd22AO8JuBabg4ChjyflqwMaiOYpIurSs, not adding to tar 
[36mINFO[0m[0604] ignoring socket dotnet-diagnostic-245-5495941-socket, not adding to tar 
[36mINFO[0m[0605] Pushing layer gcr.io/deliverymachine/cache:ccdb434c7e5e62d2431f3ee88bfc966b07727d5049e8aec4c7c1241e723df034 to cache now 
2019/11/08 09:03:00 pushed blob: sha256:d689ced3057a02f5dcc6661b8278c976f5c2178cdd2802dc077bd4863164aa7c
2019/11/08 09:03:04 pushed blob: sha256:fac06d43949ec960f54cb02ac14888b7db2fd0202b79ee45495a8c62d21574a2
2019/11/08 09:03:05 gcr.io/deliverymachine/cache:ccdb434c7e5e62d2431f3ee88bfc966b07727d5049e8aec4c7c1241e723df034: digest: sha256:423e8696ba421ced2eb6b251cc019403775c9700c1f1be51a80be9bf631a6efd size: 429
[36mINFO[0m[0614] Storing source image from stage 1 at path /kaniko/stages/1 
[36mINFO[0m[0783] Deleting filesystem...                       
[36mINFO[0m[0784] Base image from previous stage 1 found, using saved tar at path /kaniko/stages/1 
[36mINFO[0m[0795] Checking for cached layer gcr.io/deliverymachine/cache:0e43a709a703d5a2f615d28e7e798f3ab9764a1d28a13e97ba50de8fe72db7b4... 
[36mINFO[0m[0796] No cached layer found for cmd RUN dotnet publish "LunchUp.WebHost/LunchUp.WebHost.csproj" -c Release -o /app/publish 
[36mINFO[0m[0796] Unpacking rootfs as cmd RUN dotnet publish "LunchUp.WebHost/LunchUp.WebHost.csproj" -c Release -o /app/publish requires it. 
[36mINFO[0m[0856] Taking snapshot of full filesystem...        
[36mINFO[0m[0870] RUN dotnet publish "LunchUp.WebHost/LunchUp.WebHost.csproj" -c Release -o /app/publish 
[36mINFO[0m[0870] cmd: /bin/sh                                 
[36mINFO[0m[0870] args: [-c dotnet publish "LunchUp.WebHost/LunchUp.WebHost.csproj" -c Release -o /app/publish] 
Microsoft (R) Build Engine version 16.3.0+0f4c62fea for .NET Core
Copyright (C) Microsoft Corporation. All rights reserved.

  Restore completed in 50.54 ms for /src/LunchUp.Backend/LunchUp.Model/LunchUp.Model.csproj.
  Restore completed in 50.54 ms for /src/LunchUp.Backend/LunchUp.Core/LunchUp.Core.csproj.
  Restore completed in 6.57 ms for /src/LunchUp.Backend/LunchUp.WebHost/LunchUp.WebHost.csproj.
  LunchUp.Model -> /src/LunchUp.Backend/LunchUp.Model/bin/Release/netcoreapp3.0/LunchUp.Model.dll
  LunchUp.Core -> /src/LunchUp.Backend/LunchUp.Core/bin/Release/netcoreapp3.0/LunchUp.Core.dll
  LunchUp.WebHost -> /src/LunchUp.Backend/LunchUp.WebHost/bin/Release/netcoreapp3.0/LunchUp.WebHost.dll
  LunchUp.WebHost -> /app/publish/
[36mINFO[0m[0890] Taking snapshot of full filesystem...        
[36mINFO[0m[0897] ignoring socket dotnet-diagnostic-326-5530323-socket, not adding to tar 
[36mINFO[0m[0903] Pushing layer gcr.io/deliverymachine/cache:0e43a709a703d5a2f615d28e7e798f3ab9764a1d28a13e97ba50de8fe72db7b4 to cache now 
2019/11/08 09:07:59 pushed blob: sha256:a87f969284edca98395075f5926b721b0857dd53f408b4491eae0039781e5a8c
2019/11/08 09:08:04 pushed blob: sha256:c85554be62caf9c9bce85ba6df6bbb2eb78fa85fc96185ec7c31fb7a9ef152a8
2019/11/08 09:08:05 gcr.io/deliverymachine/cache:0e43a709a703d5a2f615d28e7e798f3ab9764a1d28a13e97ba50de8fe72db7b4: digest: sha256:e080d6f10fc5a0067ee8f544a055ff50025a102ba45710717e20c99381ff4aaa size: 429
[36mINFO[0m[0914] Storing source image from stage 2 at path /kaniko/stages/2 
[36mINFO[0m[1022] Deleting filesystem...                       
[36mINFO[0m[1025] Base image from previous stage 0 found, using saved tar at path /kaniko/stages/0 
[36mINFO[0m[1027] Skipping unpacking as no commands require it. 
[36mINFO[0m[1027] Taking snapshot of full filesystem...        
[36mINFO[0m[1028] WORKDIR /app                                 
[36mINFO[0m[1028] cmd: workdir                                 
[36mINFO[0m[1028] Changed working directory to /app            
[36mINFO[0m[1028] Creating directory /app                      
[36mINFO[0m[1028] Taking snapshot of files...                  
[36mINFO[0m[1028] COPY --from=publish /app/publish .           
[36mINFO[0m[1028] Taking snapshot of files...                  
[36mINFO[0m[1030] ENTRYPOINT ["env", "&&", "dotnet", "LunchUp.WebHost.dll"] 
[36mINFO[0m[1030] No files changed in this command, skipping snapshotting. 
2019/11/08 09:10:01 existing blob: sha256:8d691f585fa8cec0eba196be460cfaffd69939782d6162986c3e0c5225d54f02
2019/11/08 09:10:01 existing blob: sha256:9526604e089d8d4aa947f34e52a14ac8793232dd181022932f3c15291c5cd3af
2019/11/08 09:10:01 existing blob: sha256:68f6aee67b9130df079abf2476334ad9474e116c69efedd19e272bbff3643971
2019/11/08 09:10:01 existing blob: sha256:7a6b64767b0b4ec3bb235712bc93f6cada4812dbfec432d98ca9c485f9ce2ea8
2019/11/08 09:10:01 existing blob: sha256:a9e6ceefc5a08dc7b1b04a1105c47e00e9340349177009bc8926571ee8a39204
2019/11/08 09:10:05 pushed blob: sha256:676ab80f4ed2e83c907d744008301a0106a42247bb8d501adb27fabbddcb8dce
2019/11/08 09:10:05 pushed blob: sha256:a7c0e7be26d9dd919470dbf7096bef7f428823fdcafde7306f46dd46e002ed31
2019/11/08 09:10:05 pushed blob: sha256:cc6c9e376fc9c8523c8cfc14f4ab070c0a1db1af8d3d651bce9abdfcb7438302
2019/11/08 09:10:08 pushed blob: sha256:e30eedfb640f29fd9802b208b12a720357453a4183d037eb3a51cd4baa0deab5
2019/11/08 09:10:10 gcr.io/deliverymachine/lunchup-backend:0.0.0-SNAPSHOT-PR-7-2: digest: sha256:70ccbe200a946dcb212a600a85420ed5bd82f8f71a278fe3f57602c6abe5ce06 size: 1572

Showing logs for build [32mdevopscamp2019-lunchup-backend-gc6fg-2[0m stage [32mfrom-build-pack[0m and container [32mstep-postbuild-post-build[0m
no CVE provider running in the current ** namespace so skip adding image to be analysed

Showing logs for build [32mdevopscamp2019-lunchup-backend-gc6fg-2[0m stage [32mfrom-build-pack[0m and container [32mstep-promote-make-preview[0m
sed -i -e "s/version:.*/version: 0.0.0-SNAPSHOT-PR-7-2/" Chart.yaml
sed -i -e "s/version:.*/version: 0.0.0-SNAPSHOT-PR-7-2/" ../*/Chart.yaml
sed -i -e "s|repository:.*|repository: gcr.io\/deliverymachine\/lunchup-backend|" values.yaml
sed -i -e "s/tag:.*/tag: 0.0.0-SNAPSHOT-PR-7-2/" values.yaml
sed -i -e "s/tag:.*/tag: 0.0.0-SNAPSHOT-PR-7-2/" values.yaml
pwd
/workspace/source/charts/preview
ls
Chart.yaml
Makefile
requirements.yaml
templates
values.yaml
ls ..
lunchup-backend
preview
echo "  version: 0.0.0-SNAPSHOT-PR-7-2" >> requirements.yaml
** step helm build
WARNING: No $CHART_REPOSITORY defined so using the default value of: http://jenkins-x-chartmuseum:8080
Adding missing Helm repo: storage.googleapis.com https://storage.googleapis.com/chartmuseum.jenkins-x.io
Successfully added Helm repository storage.googleapis.com.
Adding missing Helm repo: jenkins-x-chartmuseum http://jenkins-x-chartmuseum:8080
Successfully added Helm repository jenkins-x-chartmuseum.
WARNING: No $CHART_REPOSITORY defined so using the default value of: http://jenkins-x-chartmuseum:8080
Adding missing Helm repo: chartmuseum.jenkins-x.io http://chartmuseum.jenkins-x.io
Successfully added Helm repository chartmuseum.jenkins-x.io.

Showing logs for build [32mdevopscamp2019-lunchup-backend-gc6fg-2[0m stage [32mfrom-build-pack[0m and container [32mstep-promote-jx-preview[0m
Creating a preview
Commit author email is empty for: 7940f6f7f575c143346f54f8cac08e6452be981d
Looking for commits in: /workspace/source/
Commit author email is empty for: 8eaf04724065941d5087e06aa231f7879ff12875
Looking for commits in: /workspace/source/
Commit author email is empty for: 1dd933d953a114fa8f4ce245c34cb8f3cbb27205
Looking for commits in: /workspace/source/
Commit author email is empty for: 9850ff39dc52d1f46557c6cb96a7722a9945a805
Looking for commits in: /workspace/source/
Commit author email is empty for: 55586109ce5fb7a1d27314e99edfc7d9d4e9beb8
Looking for commits in: /workspace/source/
Commit author email is empty for: 87ab7b4c6f80b8af7fd30d682df1cdc282ee054b
Looking for commits in: /workspace/source/
Commit author email is empty for: 0d5a3a0539e94e54372cdacfeb98684fb862c35f
Looking for commits in: /workspace/source/
Commit author email is empty for: d42f4f398f1fbc11d7827964cac0e80c93a1a0eb
Looking for commits in: /workspace/source/
Commit author email is empty for: afcaf4aa9e26a4a1d8b47b903ec3fc624ae81496
Looking for commits in: /workspace/source/
Commit author email is empty for: fb1d4d95362534477756a3374232f2494095a992
Looking for commits in: /workspace/source/
Commit author email is empty for: 6dcadd6fd593530acb1b553cf92cc9c2080a8234
Looking for commits in: /workspace/source/
Commit author email is empty for: 82f65e066f134353bdf62d27a2ea1843e949d3f7
Looking for commits in: /workspace/source/
Commit author email is empty for: bf800454ad8032d6a319f910a4bf3111712ca2b1
Looking for commits in: /workspace/source/
Commit author email is empty for: 7a7ef9e05896a90f4b6612ba61d605b298e8ece8
Looking for commits in: /workspace/source/
Commit author email is empty for: 84f50517b85383f6355a10bd16a77892ede1416b
Looking for commits in: /workspace/source/
Commit author email is empty for: 346be46cba383f22de5fb5b010c1f1a7a5bd4f13
Looking for commits in: /workspace/source/
Commit author email is empty for: 555f9c37738a30af3895bfced84c9c949c7eb428
Looking for commits in: /workspace/source/
Found commit author match for: valkyrjaa with email address: tuana1998@hotmail.de
expose:
  Annotations:
    helm.sh/hook: post-install,post-upgrade
    helm.sh/hook-delete-policy: hook-succeeded
  config:
    domain: 34.65.159.81.nip.io
    exposer: Ingress
    http: "true"
preview:
  image:
    repository: gcr.io/deliverymachine/LunchUp-Backend
    tag: 0.0.0-SNAPSHOT-PR-7-2
Cloning the Jenkins X versions repo https://github.com/jenkins-x/jenkins-x-versions.git with ref refs/heads/master to /builder/home/.**/jenkins-x-versions


WARNING: Could not find the service URL in namespace **-devopscamp2019-lunchup-backend-pr-7 for names LunchUp-Backend, preview, **-devopscamp2019-lunchup-backend-pr-7-preview, preview-LunchUp-Backend: the server could not find the requested resource (get services.serving.knative.dev preview-LunchUp-Backend)
Updating PipelineActivities devopscamp2019-lunchup-backend-pr-7-2 which has status Running
WARNING: Failed to find the service LunchUp-Backend : failed to find service LunchUp-Backend in namespace **-devopscamp2019-lunchup-backend-pr-7: services "LunchUp-Backend" not found
