
Showing logs for build [32mdevopscamp2019-lunchup-backend-tdcht-4[0m stage [32mfrom-build-pack[0m and container [32mstep-credential-initializer-b5bn8[0m
{"level":"warn","ts":1573209549.9384172,"logger":"fallback-logger","caller":"logging/config.go:69","msg":"Fetch GitHub commit ID from kodata failed: \"ref: refs/heads/master\" is not a valid GitHub commit ID"}
{"level":"info","ts":1573209549.9404638,"logger":"fallback-logger","caller":"creds-init/main.go:40","msg":"Credentials initialized."}

Showing logs for build [32mdevopscamp2019-lunchup-backend-tdcht-4[0m stage [32mfrom-build-pack[0m and container [32mstep-working-dir-initializer-qw7st[0m
{"level":"warn","ts":1573209550.6417677,"logger":"fallback-logger","caller":"logging/config.go:69","msg":"Fetch GitHub commit ID from kodata failed: open /var/run/ko/HEAD: no such file or directory"}
{"level":"info","ts":1573209550.6519763,"logger":"fallback-logger","caller":"bash/main.go:65","msg":"Successfully executed command \"mkdir -p /workspace/source\""}

Showing logs for build [32mdevopscamp2019-lunchup-backend-tdcht-4[0m stage [32mfrom-build-pack[0m and container [32mstep-place-tools[0m

Showing logs for build [32mdevopscamp2019-lunchup-backend-tdcht-4[0m stage [32mfrom-build-pack[0m and container [32mstep-git-source-devopscamp2019-lunchup-backend-zdgsk[0m
{"level":"warn","ts":1573209556.798646,"logger":"fallback-logger","caller":"logging/config.go:69","msg":"Fetch GitHub commit ID from kodata failed: \"ref: refs/heads/master\" is not a valid GitHub commit ID"}
{"level":"info","ts":1573209558.059179,"logger":"fallback-logger","caller":"git/git.go:102","msg":"Successfully cloned https://github.com/DevOpsCamp2019/LunchUp-Backend.git @ master in path /workspace/source"}

Showing logs for build [32mdevopscamp2019-lunchup-backend-tdcht-4[0m stage [32mfrom-build-pack[0m and container [32mstep-git-merge[0m
Using SHAs from PULL_REFS=master:de5d8ffe1fc81e70351fcda131ff6c5d600eb610,7:7566e16347f17ea4b504135f0ecfcc70dfd223c0
DEBUG: ran git fetch --unshallow origin 7566e16347f17ea4b504135f0ecfcc70dfd223c0: de5d8ffe1fc81e70351fcda131ff6c5d600eb610: in 
DEBUG: ran git checkout master in 
DEBUG: ran git reset --hard de5d8ffe1fc81e70351fcda131ff6c5d600eb610 in 
DEBUG: ran clean --force -d . in 
DEBUG: ran git merge 7566e16347f17ea4b504135f0ecfcc70dfd223c0 in 
Merged SHA 1748a3be43ae507e853acbe834d5f3e979a5bd89 with commit message 'Merge commit '7566e16347f17ea4b504135f0ecfcc70dfd223c0'' into base branch master
Merged SHA 7566e16347f17ea4b504135f0ecfcc70dfd223c0 with commit message 'remove other entrypoints' into base branch master
Merged SHA 47e5ecd11d4308feb91e902ed8f8bb98caa96d90 with commit message 'remove invalid character' into base branch master
Merged SHA 555f9c37738a30af3895bfced84c9c949c7eb428 with commit message 'read password from secret' into base branch master
Merged SHA 346be46cba383f22de5fb5b010c1f1a7a5bd4f13 with commit message 'change entrypoint of backend' into base branch master
Merged SHA 84f50517b85383f6355a10bd16a77892ede1416b with commit message 'try something reaaaally weird..' into base branch master
Merged SHA 7a7ef9e05896a90f4b6612ba61d605b298e8ece8 with commit message 'log password in dockerfile' into base branch master
Merged SHA bf800454ad8032d6a319f910a4bf3111712ca2b1 with commit message 'remove custom secret' into base branch master
Merged SHA 82f65e066f134353bdf62d27a2ea1843e949d3f7 with commit message 'add space to deployment.yaml' into base branch master
Merged SHA 6dcadd6fd593530acb1b553cf92cc9c2080a8234 with commit message 'try again with self created secret' into base branch master
Merged SHA fb1d4d95362534477756a3374232f2494095a992 with commit message 'remove db-password from deployment.yaml' into base branch master
Merged SHA afcaf4aa9e26a4a1d8b47b903ec3fc624ae81496 with commit message 'fix mistake in values.yaml' into base branch master
Merged SHA d42f4f398f1fbc11d7827964cac0e80c93a1a0eb with commit message 'try again with generated secret' into base branch master
Merged SHA 0d5a3a0539e94e54372cdacfeb98684fb862c35f with commit message 'read secert in values.yaml' into base branch master
Merged SHA 87ab7b4c6f80b8af7fd30d682df1cdc282ee054b with commit message 'add secret.yaml' into base branch master
Merged SHA 55586109ce5fb7a1d27314e99edfc7d9d4e9beb8 with commit message 'add new secret and try to read from it' into base branch master
Merged SHA 9850ff39dc52d1f46557c6cb96a7722a9945a805 with commit message 'Change wrong name' into base branch master
Merged SHA 1dd933d953a114fa8f4ce245c34cb8f3cbb27205 with commit message 'Add postgresql password to deployment.yaml' into base branch master
Merged SHA 8eaf04724065941d5087e06aa231f7879ff12875 with commit message 'add host' into base branch master
Merged SHA 7940f6f7f575c143346f54f8cac08e6452be981d with commit message 'get db password from secret (again 2x)' into base branch master

Showing logs for build [32mdevopscamp2019-lunchup-backend-tdcht-4[0m stage [32mfrom-build-pack[0m and container [32mstep-build-container-build[0m
[36mINFO[0m[0000] Downloading base image mcr.microsoft.com/dotnet/core/aspnet:3.0-buster-slim 
ERROR: logging before flag.Parse: E1108 10:39:23.554014       9 metadata.go:142] while reading 'google-dockercfg' metadata: http status code: 404 while fetching url http://metadata.google.internal./computeMetadata/v1/instance/attributes/google-dockercfg
ERROR: logging before flag.Parse: E1108 10:39:23.556496       9 metadata.go:159] while reading 'google-dockercfg-url' metadata: http status code: 404 while fetching url http://metadata.google.internal./computeMetadata/v1/instance/attributes/google-dockercfg-url
2019/11/08 10:39:23 No matching credentials were found, falling back on anonymous
[36mINFO[0m[0001] Error while retrieving image from cache: getting file info: stat /workspace/sha256:803b70d9de2c57a168af4cc7d44e77a9c0591b49ce2af73d50c344aa22048eda: no such file or directory 
[36mINFO[0m[0001] Downloading base image mcr.microsoft.com/dotnet/core/aspnet:3.0-buster-slim 
2019/11/08 10:39:24 No matching credentials were found, falling back on anonymous
[36mINFO[0m[0002] cmd: EXPOSE                                  
[36mINFO[0m[0002] Adding exposed port: 80/tcp                  
[36mINFO[0m[0002] cmd: EXPOSE                                  
[36mINFO[0m[0002] Adding exposed port: 443/tcp                 
[36mINFO[0m[0002] Skipping unpacking as no commands require it. 
[36mINFO[0m[0002] Taking snapshot of full filesystem...        
[36mINFO[0m[0002] ENV COMPlus_EnableDiagnostics=0              
[36mINFO[0m[0002] No files changed in this command, skipping snapshotting. 
[36mINFO[0m[0002] WORKDIR /app                                 
[36mINFO[0m[0002] cmd: workdir                                 
[36mINFO[0m[0002] Changed working directory to /app            
[36mINFO[0m[0002] Creating directory /app                      
[36mINFO[0m[0002] Taking snapshot of files...                  
[36mINFO[0m[0002] EXPOSE 80                                    
[36mINFO[0m[0002] cmd: EXPOSE                                  
[36mINFO[0m[0002] Adding exposed port: 80/tcp                  
[36mINFO[0m[0002] No files changed in this command, skipping snapshotting. 
[36mINFO[0m[0002] EXPOSE 443                                   
[36mINFO[0m[0002] cmd: EXPOSE                                  
[36mINFO[0m[0002] Adding exposed port: 443/tcp                 
[36mINFO[0m[0002] No files changed in this command, skipping snapshotting. 
[36mINFO[0m[0002] Storing source image from stage 0 at path /kaniko/stages/0 
[36mINFO[0m[0022] Deleting filesystem...                       
[36mINFO[0m[0022] Downloading base image mcr.microsoft.com/dotnet/core/sdk:3.0-buster 
2019/11/08 10:39:46 No matching credentials were found, falling back on anonymous
[36mINFO[0m[0023] Error while retrieving image from cache: getting file info: stat /workspace/sha256:65c0187e27b42bc45ea5ef98226c7ef37d1b706e10031ddce377bf6da3dcd9aa: no such file or directory 
[36mINFO[0m[0023] Downloading base image mcr.microsoft.com/dotnet/core/sdk:3.0-buster 
2019/11/08 10:39:46 No matching credentials were found, falling back on anonymous
[36mINFO[0m[0023] Using files from context: [/workspace/source/src/LunchUp.Backend] 
[36mINFO[0m[0023] Checking for cached layer gcr.io/deliverymachine/cache:e9fe0c574fdc79ae0b6718a7cdb56f1760fcf875cc7129fc4d790e7e9daa75ad... 
[36mINFO[0m[0024] Using caching version of cmd: RUN dotnet restore "LunchUp.Backend/LunchUp.Backend.sln" 
[36mINFO[0m[0024] Using files from context: [/workspace/source] 
[36mINFO[0m[0024] Checking for cached layer gcr.io/deliverymachine/cache:53957d48b434f3efd382c3c2504f752d6a2d11b59d4e3a03f51a11c64a5aeee6... 
[36mINFO[0m[0025] No cached layer found for cmd RUN dotnet test 
[36mINFO[0m[0025] Unpacking rootfs as cmd RUN dotnet test requires it. 
[36mINFO[0m[0052] Taking snapshot of full filesystem...        
[36mINFO[0m[0059] ENV COMPlus_EnableDiagnostics=0              
[36mINFO[0m[0059] No files changed in this command, skipping snapshotting. 
[36mINFO[0m[0059] WORKDIR /src                                 
[36mINFO[0m[0059] cmd: workdir                                 
[36mINFO[0m[0059] Changed working directory to /src            
[36mINFO[0m[0059] Creating directory /src                      
[36mINFO[0m[0059] Taking snapshot of files...                  
[36mINFO[0m[0059] Using files from context: [/workspace/source/src/LunchUp.Backend] 
[36mINFO[0m[0059] COPY ["src/LunchUp.Backend/", "LunchUp.Backend/"] 
[36mINFO[0m[0059] Taking snapshot of files...                  
[36mINFO[0m[0059] RUN dotnet restore "LunchUp.Backend/LunchUp.Backend.sln" 
[36mINFO[0m[0059] Found cached layer, extracting to filesystem 
[36mINFO[0m[0069] Taking snapshot of files...                  
[36mINFO[0m[0083] Using files from context: [/workspace/source] 
[36mINFO[0m[0086] COPY . .                                     
[36mINFO[0m[0086] Taking snapshot of files...                  
[36mINFO[0m[0086] WORKDIR "/src/LunchUp.Backend"               
[36mINFO[0m[0086] cmd: workdir                                 
[36mINFO[0m[0086] Changed working directory to /src/LunchUp.Backend 
[36mINFO[0m[0086] No files changed in this command, skipping snapshotting. 
[36mINFO[0m[0086] RUN dotnet test                              
[36mINFO[0m[0086] cmd: /bin/sh                                 
[36mINFO[0m[0086] args: [-c dotnet test]                       
Test run for /src/LunchUp.Backend/LunchUp.Test/bin/Debug/netcoreapp3.0/LunchUp.Test.dll(.NETCoreApp,Version=v3.0)
Microsoft (R) Test Execution Command Line Tool Version 16.3.0
Copyright (c) Microsoft Corporation.  All rights reserved.

Starting test execution, please wait...

A total of 1 test files matched the specified pattern.

Test Run Successful.
Total tests: 10
     Passed: 10
 Total time: 4.1088 Seconds
[36mINFO[0m[0100] Taking snapshot of full filesystem...        
[36mINFO[0m[0105] ignoring socket g+DM1dBf3hsd22AO8JuBabg4ChjyflqwMaiOYpIurSs, not adding to tar 
[36mINFO[0m[0105] ignoring socket dotnet-diagnostic-66-6090797-socket, not adding to tar 
[36mINFO[0m[0105] ignoring socket dotnet-diagnostic-95-6091028-socket, not adding to tar 
[36mINFO[0m[0108] Pushing layer gcr.io/deliverymachine/cache:53957d48b434f3efd382c3c2504f752d6a2d11b59d4e3a03f51a11c64a5aeee6 to cache now 
[36mINFO[0m[0108] RUN dotnet build "LunchUp.WebHost/LunchUp.WebHost.csproj" -c Release -o /app/build 
[36mINFO[0m[0108] cmd: /bin/sh                                 
[36mINFO[0m[0108] args: [-c dotnet build "LunchUp.WebHost/LunchUp.WebHost.csproj" -c Release -o /app/build] 
Microsoft (R) Build Engine version 16.3.0+0f4c62fea for .NET Core
Copyright (C) Microsoft Corporation. All rights reserved.

  Restore completed in 46.44 ms for /src/LunchUp.Backend/LunchUp.Core/LunchUp.Core.csproj.
  Restore completed in 51.76 ms for /src/LunchUp.Backend/LunchUp.Model/LunchUp.Model.csproj.
  Restore completed in 4.49 ms for /src/LunchUp.Backend/LunchUp.WebHost/LunchUp.WebHost.csproj.
2019/11/08 10:41:16 pushed blob: sha256:182a82ba6db067adf3c678a2e1ed8b08af7e0efca3cfc44e0c5481646688c76f
  LunchUp.Model -> /app/build/LunchUp.Model.dll
  LunchUp.Core -> /app/build/LunchUp.Core.dll
2019/11/08 10:41:21 pushed blob: sha256:35ebcc32ec7ad7d87807a2ebf183fe07429f6344be274063a240fdd6ac74c1cd
  LunchUp.WebHost -> /app/build/LunchUp.WebHost.dll

Build succeeded.
    0 Warning(s)
    0 Error(s)

Time Elapsed 00:00:09.77
[36mINFO[0m[0119] Taking snapshot of full filesystem...        
[36mINFO[0m[0119] Adding whiteout for /tmp/VBCSCompiler/AnalyzerAssemblyLoader/0845aa13c6f24696814f9921bf11a6f2 
[36mINFO[0m[0119] Adding whiteout for /tmp/.dotnet/shm/session1/0845aa13c6f24696814f9921bf11a6f2 
2019/11/08 10:41:23 gcr.io/deliverymachine/cache:53957d48b434f3efd382c3c2504f752d6a2d11b59d4e3a03f51a11c64a5aeee6: digest: sha256:162ab6a6f11cec733a3df5fed744e1e003b811c8c8f5e0c93eec7e62bf5dc066 size: 429
[36mINFO[0m[0124] ignoring socket dotnet-diagnostic-196-6093029-socket, not adding to tar 
[36mINFO[0m[0124] ignoring socket dotnet-diagnostic-225-6093403-socket, not adding to tar 
[36mINFO[0m[0124] ignoring socket g+DM1dBf3hsd22AO8JuBabg4ChjyflqwMaiOYpIurSs, not adding to tar 
[36mINFO[0m[0126] Pushing layer gcr.io/deliverymachine/cache:dcf569e02fe104661680543fe4c0837d5a460e35aeaad07e96c22000b7810ef9 to cache now 
2019/11/08 10:41:34 pushed blob: sha256:e6bef798020908e8e7235ddf07c07983d7bdf35658d4254eced7d67a131a7830
2019/11/08 10:41:36 pushed blob: sha256:b54d26b38274abb39537b1bb5c39a5d906bf20019ba04f4c8e488c5c3e1c10cf
2019/11/08 10:41:37 gcr.io/deliverymachine/cache:dcf569e02fe104661680543fe4c0837d5a460e35aeaad07e96c22000b7810ef9: digest: sha256:5b95d87b8a7e8e061756efe4c109b287764e3282785e0ef8f6b9550a92daaa97 size: 429
[36mINFO[0m[0134] Storing source image from stage 1 at path /kaniko/stages/1 
[36mINFO[0m[0225] Deleting filesystem...                       
[36mINFO[0m[0231] Base image from previous stage 1 found, using saved tar at path /kaniko/stages/1 
[36mINFO[0m[0234] Checking for cached layer gcr.io/deliverymachine/cache:b2028b8cb6821bbb788f9e1f36ec65f499341d2708ad234d9d632428ebd3ab74... 
[36mINFO[0m[0235] No cached layer found for cmd RUN dotnet publish "LunchUp.WebHost/LunchUp.WebHost.csproj" -c Release -o /app/publish 
[36mINFO[0m[0235] Unpacking rootfs as cmd RUN dotnet publish "LunchUp.WebHost/LunchUp.WebHost.csproj" -c Release -o /app/publish requires it. 
[36mINFO[0m[0255] Taking snapshot of full filesystem...        
[36mINFO[0m[0268] RUN dotnet publish "LunchUp.WebHost/LunchUp.WebHost.csproj" -c Release -o /app/publish 
[36mINFO[0m[0268] cmd: /bin/sh                                 
[36mINFO[0m[0268] args: [-c dotnet publish "LunchUp.WebHost/LunchUp.WebHost.csproj" -c Release -o /app/publish] 
Microsoft (R) Build Engine version 16.3.0+0f4c62fea for .NET Core
Copyright (C) Microsoft Corporation. All rights reserved.

  Restore completed in 40.08 ms for /src/LunchUp.Backend/LunchUp.Model/LunchUp.Model.csproj.
  Restore completed in 39.05 ms for /src/LunchUp.Backend/LunchUp.Core/LunchUp.Core.csproj.
  Restore completed in 2.84 ms for /src/LunchUp.Backend/LunchUp.WebHost/LunchUp.WebHost.csproj.
  LunchUp.Model -> /src/LunchUp.Backend/LunchUp.Model/bin/Release/netcoreapp3.0/LunchUp.Model.dll
  LunchUp.Core -> /src/LunchUp.Backend/LunchUp.Core/bin/Release/netcoreapp3.0/LunchUp.Core.dll
  LunchUp.WebHost -> /src/LunchUp.Backend/LunchUp.WebHost/bin/Release/netcoreapp3.0/LunchUp.WebHost.dll
  LunchUp.WebHost -> /app/publish/
[36mINFO[0m[0278] Taking snapshot of full filesystem...        
[36mINFO[0m[0284] ignoring socket dotnet-diagnostic-299-6109085-socket, not adding to tar 
[36mINFO[0m[0286] Pushing layer gcr.io/deliverymachine/cache:b2028b8cb6821bbb788f9e1f36ec65f499341d2708ad234d9d632428ebd3ab74 to cache now 
2019/11/08 10:44:14 pushed blob: sha256:981f3f5dec7bce005c26f1baed098cf5fbb59b577ecee242753484cdf3678cd5
2019/11/08 10:44:18 pushed blob: sha256:23e757c2486448bc3abceb9302eef9ea40fb046272b08471a9d38607abf55658
2019/11/08 10:44:20 gcr.io/deliverymachine/cache:b2028b8cb6821bbb788f9e1f36ec65f499341d2708ad234d9d632428ebd3ab74: digest: sha256:7317c67a4c86dc9301aa17746b17dc44341768d7245c9fda5a378591cf3530a8 size: 429
[36mINFO[0m[0296] Storing source image from stage 2 at path /kaniko/stages/2 
[36mINFO[0m[0381] Deleting filesystem...                       
[36mINFO[0m[0386] Base image from previous stage 0 found, using saved tar at path /kaniko/stages/0 
[36mINFO[0m[0387] Skipping unpacking as no commands require it. 
[36mINFO[0m[0387] Taking snapshot of full filesystem...        
[36mINFO[0m[0389] WORKDIR /app                                 
[36mINFO[0m[0389] cmd: workdir                                 
[36mINFO[0m[0389] Changed working directory to /app            
[36mINFO[0m[0389] Creating directory /app                      
[36mINFO[0m[0389] Taking snapshot of files...                  
[36mINFO[0m[0389] COPY --from=publish /app/publish .           
[36mINFO[0m[0389] Taking snapshot of files...                  
[36mINFO[0m[0390] ENTRYPOINT ["env"]                           
[36mINFO[0m[0390] No files changed in this command, skipping snapshotting. 
2019/11/08 10:45:55 existing blob: sha256:7a6b64767b0b4ec3bb235712bc93f6cada4812dbfec432d98ca9c485f9ce2ea8
2019/11/08 10:45:55 existing blob: sha256:9526604e089d8d4aa947f34e52a14ac8793232dd181022932f3c15291c5cd3af
2019/11/08 10:45:55 existing blob: sha256:a9e6ceefc5a08dc7b1b04a1105c47e00e9340349177009bc8926571ee8a39204
2019/11/08 10:45:55 existing blob: sha256:68f6aee67b9130df079abf2476334ad9474e116c69efedd19e272bbff3643971
2019/11/08 10:45:55 existing blob: sha256:8d691f585fa8cec0eba196be460cfaffd69939782d6162986c3e0c5225d54f02
2019/11/08 10:45:58 pushed blob: sha256:a1c1e67585c69251dfd1b81ef7dfd3234fe6cdc0e77d379c796281150fae0e65
2019/11/08 10:45:58 pushed blob: sha256:3908ce2c5926fd098688a223f8c391c7d16da2bcaf93dfc4b663f3ea48cc34d5
2019/11/08 10:45:59 pushed blob: sha256:560c2c3622b8dbe3fd4e2715cb5cf5fef3734742592714db4cfedd9e14db624c
2019/11/08 10:46:01 pushed blob: sha256:f34d987c020b7a8a233db1b05b81de825e6be7cbf22ccbcc788b00755b4c5454
2019/11/08 10:46:03 gcr.io/deliverymachine/lunchup-backend:0.0.0-SNAPSHOT-PR-7-4: digest: sha256:6a81360527470a730ee62b0e07494f74d2b13ec144042e5ca5b640c0fb94d568 size: 1572

Showing logs for build [32mdevopscamp2019-lunchup-backend-tdcht-4[0m stage [32mfrom-build-pack[0m and container [32mstep-postbuild-post-build[0m
no CVE provider running in the current ** namespace so skip adding image to be analysed

Showing logs for build [32mdevopscamp2019-lunchup-backend-tdcht-4[0m stage [32mfrom-build-pack[0m and container [32mstep-promote-make-preview[0m
sed -i -e "s/version:.*/version: 0.0.0-SNAPSHOT-PR-7-4/" Chart.yaml
sed -i -e "s/version:.*/version: 0.0.0-SNAPSHOT-PR-7-4/" ../*/Chart.yaml
sed -i -e "s|repository:.*|repository: gcr.io\/deliverymachine\/lunchup-backend|" values.yaml
sed -i -e "s/tag:.*/tag: 0.0.0-SNAPSHOT-PR-7-4/" values.yaml
sed -i -e "s/tag:.*/tag: 0.0.0-SNAPSHOT-PR-7-4/" values.yaml
pwd
/workspace/source/charts/preview
ls
Chart.yaml
Makefile
requirements.yaml
templates
values.yaml
ls ..
lunchup-backend
preview
echo "  version: 0.0.0-SNAPSHOT-PR-7-4" >> requirements.yaml
** step helm build
WARNING: No $CHART_REPOSITORY defined so using the default value of: http://jenkins-x-chartmuseum:8080
Adding missing Helm repo: storage.googleapis.com https://storage.googleapis.com/chartmuseum.jenkins-x.io
Successfully added Helm repository storage.googleapis.com.
Adding missing Helm repo: jenkins-x-chartmuseum http://jenkins-x-chartmuseum:8080
Successfully added Helm repository jenkins-x-chartmuseum.
WARNING: No $CHART_REPOSITORY defined so using the default value of: http://jenkins-x-chartmuseum:8080
Adding missing Helm repo: chartmuseum.jenkins-x.io http://chartmuseum.jenkins-x.io
Successfully added Helm repository chartmuseum.jenkins-x.io.

Showing logs for build [32mdevopscamp2019-lunchup-backend-tdcht-4[0m stage [32mfrom-build-pack[0m and container [32mstep-promote-jx-preview[0m
Creating a preview
Commit author email is empty for: 7940f6f7f575c143346f54f8cac08e6452be981d
Looking for commits in: /workspace/source/
Commit author email is empty for: 8eaf04724065941d5087e06aa231f7879ff12875
Looking for commits in: /workspace/source/
Commit author email is empty for: 1dd933d953a114fa8f4ce245c34cb8f3cbb27205
Looking for commits in: /workspace/source/
Commit author email is empty for: 9850ff39dc52d1f46557c6cb96a7722a9945a805
Looking for commits in: /workspace/source/
Commit author email is empty for: 55586109ce5fb7a1d27314e99edfc7d9d4e9beb8
Looking for commits in: /workspace/source/
Commit author email is empty for: 87ab7b4c6f80b8af7fd30d682df1cdc282ee054b
Looking for commits in: /workspace/source/
Commit author email is empty for: 0d5a3a0539e94e54372cdacfeb98684fb862c35f
Looking for commits in: /workspace/source/
Commit author email is empty for: d42f4f398f1fbc11d7827964cac0e80c93a1a0eb
Looking for commits in: /workspace/source/
Commit author email is empty for: afcaf4aa9e26a4a1d8b47b903ec3fc624ae81496
Looking for commits in: /workspace/source/
Commit author email is empty for: fb1d4d95362534477756a3374232f2494095a992
Looking for commits in: /workspace/source/
Commit author email is empty for: 6dcadd6fd593530acb1b553cf92cc9c2080a8234
Looking for commits in: /workspace/source/
Commit author email is empty for: 82f65e066f134353bdf62d27a2ea1843e949d3f7
Looking for commits in: /workspace/source/
Commit author email is empty for: bf800454ad8032d6a319f910a4bf3111712ca2b1
Looking for commits in: /workspace/source/
Commit author email is empty for: 7a7ef9e05896a90f4b6612ba61d605b298e8ece8
Looking for commits in: /workspace/source/
Commit author email is empty for: 84f50517b85383f6355a10bd16a77892ede1416b
Looking for commits in: /workspace/source/
Commit author email is empty for: 346be46cba383f22de5fb5b010c1f1a7a5bd4f13
Looking for commits in: /workspace/source/
Commit author email is empty for: 555f9c37738a30af3895bfced84c9c949c7eb428
Looking for commits in: /workspace/source/
Commit author email is empty for: 47e5ecd11d4308feb91e902ed8f8bb98caa96d90
Looking for commits in: /workspace/source/
Commit author email is empty for: 7566e16347f17ea4b504135f0ecfcc70dfd223c0
Looking for commits in: /workspace/source/
Found commit author match for: valkyrjaa with email address: tuana1998@hotmail.de
expose:
  Annotations:
    helm.sh/hook: post-install,post-upgrade
    helm.sh/hook-delete-policy: hook-succeeded
  config:
    domain: 34.65.159.81.nip.io
    exposer: Ingress
    http: "true"
preview:
  image:
    repository: gcr.io/deliverymachine/LunchUp-Backend
    tag: 0.0.0-SNAPSHOT-PR-7-4
Cloning the Jenkins X versions repo https://github.com/jenkins-x/jenkins-x-versions.git with ref refs/heads/master to /builder/home/.**/jenkins-x-versions


WARNING: Could not find the service URL in namespace **-devopscamp2019-lunchup-backend-pr-7 for names LunchUp-Backend, preview, **-devopscamp2019-lunchup-backend-pr-7-preview, preview-LunchUp-Backend: the server could not find the requested resource (get services.serving.knative.dev preview-LunchUp-Backend)
Updating PipelineActivities devopscamp2019-lunchup-backend-pr-7-4 which has status Running
WARNING: Failed to find the service LunchUp-Backend : failed to find service LunchUp-Backend in namespace **-devopscamp2019-lunchup-backend-pr-7: services "LunchUp-Backend" not found
